24-Mar-2019 16:15:56.028 INFO [main] org.apache.catalina.startup.VersionLoggerListener.log Server version name:   Apache Tomcat/9.0.16
24-Mar-2019 16:15:56.043 INFO [main] org.apache.catalina.startup.VersionLoggerListener.log Server built:          Feb 4 2019 16:30:29 UTC
24-Mar-2019 16:15:56.043 INFO [main] org.apache.catalina.startup.VersionLoggerListener.log Server version number: 9.0.16.0
24-Mar-2019 16:15:56.059 INFO [main] org.apache.catalina.startup.VersionLoggerListener.log OS Name:               Windows 10
24-Mar-2019 16:15:56.059 INFO [main] org.apache.catalina.startup.VersionLoggerListener.log OS Version:            10.0
24-Mar-2019 16:15:56.059 INFO [main] org.apache.catalina.startup.VersionLoggerListener.log Architecture:          amd64
24-Mar-2019 16:15:56.075 INFO [main] org.apache.catalina.startup.VersionLoggerListener.log Java Home:             C:\Program Files\Java\jdk1.8.0_191\jre
24-Mar-2019 16:15:56.075 INFO [main] org.apache.catalina.startup.VersionLoggerListener.log JVM Version:           1.8.0_191-b12
24-Mar-2019 16:15:56.075 INFO [main] org.apache.catalina.startup.VersionLoggerListener.log JVM Vendor:            Oracle Corporation
24-Mar-2019 16:15:56.075 INFO [main] org.apache.catalina.startup.VersionLoggerListener.log CATALINA_BASE:         D:\GIT\task05_Lambdas_Streams\apache-tomcat-9.0.16[configured for deployment]
24-Mar-2019 16:15:56.075 INFO [main] org.apache.catalina.startup.VersionLoggerListener.log CATALINA_HOME:         D:\GIT\task05_Lambdas_Streams\apache-tomcat-9.0.16[configured for deployment]
24-Mar-2019 16:15:56.075 INFO [main] org.apache.catalina.startup.VersionLoggerListener.log Command line argument: -Djava.util.logging.config.file=D:\GIT\task05_Lambdas_Streams\apache-tomcat-9.0.16[configured for deployment]\conf\logging.properties
24-Mar-2019 16:15:56.075 INFO [main] org.apache.catalina.startup.VersionLoggerListener.log Command line argument: -Djava.util.logging.manager=org.apache.juli.ClassLoaderLogManager
24-Mar-2019 16:15:56.075 INFO [main] org.apache.catalina.startup.VersionLoggerListener.log Command line argument: -Djdk.tls.ephemeralDHKeySize=2048
24-Mar-2019 16:15:56.075 INFO [main] org.apache.catalina.startup.VersionLoggerListener.log Command line argument: -Djava.protocol.handler.pkgs=org.apache.catalina.webresources
24-Mar-2019 16:15:56.075 INFO [main] org.apache.catalina.startup.VersionLoggerListener.log Command line argument: -Dignore.endorsed.dirs=
24-Mar-2019 16:15:56.090 INFO [main] org.apache.catalina.startup.VersionLoggerListener.log Command line argument: -Dcatalina.base=D:\GIT\task05_Lambdas_Streams\apache-tomcat-9.0.16[configured for deployment]
24-Mar-2019 16:15:56.100 INFO [main] org.apache.catalina.startup.VersionLoggerListener.log Command line argument: -Dcatalina.home=D:\GIT\task05_Lambdas_Streams\apache-tomcat-9.0.16[configured for deployment]
24-Mar-2019 16:15:56.104 INFO [main] org.apache.catalina.startup.VersionLoggerListener.log Command line argument: -Djava.io.tmpdir=D:\GIT\task05_Lambdas_Streams\apache-tomcat-9.0.16[configured for deployment]\temp
24-Mar-2019 16:15:56.104 INFO [main] org.apache.catalina.core.AprLifecycleListener.lifecycleEvent Loaded APR based Apache Tomcat Native library [1.2.21] using APR version [1.6.5].
24-Mar-2019 16:15:56.108 INFO [main] org.apache.catalina.core.AprLifecycleListener.lifecycleEvent APR capabilities: IPv6 [true], sendfile [true], accept filters [false], random [true].
24-Mar-2019 16:15:56.108 INFO [main] org.apache.catalina.core.AprLifecycleListener.lifecycleEvent APR/OpenSSL configuration: useAprConnector [false], useOpenSSL [true]
24-Mar-2019 16:15:56.164 INFO [main] org.apache.catalina.core.AprLifecycleListener.initializeSSL OpenSSL successfully initialized [OpenSSL 1.1.1a  20 Nov 2018]
24-Mar-2019 16:15:57.057 INFO [main] org.apache.coyote.AbstractProtocol.init Initializing ProtocolHandler ["http-nio-8080"]
24-Mar-2019 16:15:59.713 INFO [main] org.apache.coyote.AbstractProtocol.init Initializing ProtocolHandler ["ajp-nio-8009"]
24-Mar-2019 16:15:59.729 INFO [main] org.apache.catalina.startup.Catalina.load Server initialization in [5,917] milliseconds
24-Mar-2019 16:16:00.826 INFO [main] org.apache.catalina.core.StandardService.startInternal Starting service [Catalina]
24-Mar-2019 16:16:00.826 INFO [main] org.apache.catalina.core.StandardEngine.startInternal Starting Servlet engine: [Apache Tomcat/9.0.16]
24-Mar-2019 16:16:00.992 INFO [main] org.apache.catalina.startup.HostConfig.deployDirectory Deploying web application directory [D:\GIT\task05_Lambdas_Streams\apache-tomcat-9.0.16[configured for deployment]\webapps\docs]
24-Mar-2019 16:16:05.506 INFO [main] org.apache.catalina.startup.HostConfig.deployDirectory Deployment of web application directory [D:\GIT\task05_Lambdas_Streams\apache-tomcat-9.0.16[configured for deployment]\webapps\docs] has finished in [4,514] ms
24-Mar-2019 16:16:05.510 INFO [main] org.apache.catalina.startup.HostConfig.deployDirectory Deploying web application directory [D:\GIT\task05_Lambdas_Streams\apache-tomcat-9.0.16[configured for deployment]\webapps\examples]
24-Mar-2019 16:16:10.590 INFO [main] org.apache.catalina.startup.HostConfig.deployDirectory Deployment of web application directory [D:\GIT\task05_Lambdas_Streams\apache-tomcat-9.0.16[configured for deployment]\webapps\examples] has finished in [5,084] ms
24-Mar-2019 16:16:10.619 INFO [main] org.apache.catalina.startup.HostConfig.deployDirectory Deploying web application directory [D:\GIT\task05_Lambdas_Streams\apache-tomcat-9.0.16[configured for deployment]\webapps\host-manager]
24-Mar-2019 16:16:10.855 INFO [main] org.apache.catalina.startup.HostConfig.deployDirectory Deployment of web application directory [D:\GIT\task05_Lambdas_Streams\apache-tomcat-9.0.16[configured for deployment]\webapps\host-manager] has finished in [236] ms
24-Mar-2019 16:16:10.863 INFO [main] org.apache.catalina.startup.HostConfig.deployDirectory Deploying web application directory [D:\GIT\task05_Lambdas_Streams\apache-tomcat-9.0.16[configured for deployment]\webapps\manager]
24-Mar-2019 16:16:11.047 INFO [main] org.apache.catalina.startup.HostConfig.deployDirectory Deployment of web application directory [D:\GIT\task05_Lambdas_Streams\apache-tomcat-9.0.16[configured for deployment]\webapps\manager] has finished in [184] ms
24-Mar-2019 16:16:11.047 INFO [main] org.apache.catalina.startup.HostConfig.deployDirectory Deploying web application directory [D:\GIT\task05_Lambdas_Streams\apache-tomcat-9.0.16[configured for deployment]\webapps\ROOT]
24-Mar-2019 16:16:12.019 INFO [main] org.apache.catalina.startup.HostConfig.deployDirectory Deployment of web application directory [D:\GIT\task05_Lambdas_Streams\apache-tomcat-9.0.16[configured for deployment]\webapps\ROOT] has finished in [972] ms
24-Mar-2019 16:16:12.029 INFO [main] org.apache.coyote.AbstractProtocol.start Starting ProtocolHandler ["http-nio-8080"]
24-Mar-2019 16:16:12.060 INFO [main] org.apache.coyote.AbstractProtocol.start Starting ProtocolHandler ["ajp-nio-8009"]
24-Mar-2019 16:16:12.076 INFO [main] org.apache.catalina.startup.Catalina.start Server startup in [12,350] milliseconds
24-Mar-2019 17:03:36.528 INFO [Thread-5] org.apache.coyote.AbstractProtocol.pause Pausing ProtocolHandler ["http-nio-8080"]
24-Mar-2019 17:03:36.882 INFO [Thread-5] org.apache.coyote.AbstractProtocol.pause Pausing ProtocolHandler ["ajp-nio-8009"]
24-Mar-2019 17:03:37.295 INFO [Thread-5] org.apache.catalina.core.StandardService.stopInternal Stopping service [Catalina]
24-Mar-2019 17:03:37.624 INFO [Thread-5] org.apache.coyote.AbstractProtocol.stop Stopping ProtocolHandler ["http-nio-8080"]
24-Mar-2019 17:03:37.640 INFO [Thread-5] org.apache.coyote.AbstractProtocol.stop Stopping ProtocolHandler ["ajp-nio-8009"]
24-Mar-2019 17:03:37.660 INFO [Thread-5] org.apache.coyote.AbstractProtocol.destroy Destroying ProtocolHandler ["http-nio-8080"]
24-Mar-2019 17:03:37.664 INFO [Thread-5] org.apache.coyote.AbstractProtocol.destroy Destroying ProtocolHandler ["ajp-nio-8009"]
