28-Mar-2019 22:10:44.401 INFO [main] org.apache.catalina.startup.VersionLoggerListener.log Server version name:   Apache Tomcat/9.0.16
28-Mar-2019 22:10:44.548 INFO [main] org.apache.catalina.startup.VersionLoggerListener.log Server built:          Feb 4 2019 16:30:29 UTC
28-Mar-2019 22:10:44.548 INFO [main] org.apache.catalina.startup.VersionLoggerListener.log Server version number: 9.0.16.0
28-Mar-2019 22:10:44.564 INFO [main] org.apache.catalina.startup.VersionLoggerListener.log OS Name:               Windows 10
28-Mar-2019 22:10:44.564 INFO [main] org.apache.catalina.startup.VersionLoggerListener.log OS Version:            10.0
28-Mar-2019 22:10:44.564 INFO [main] org.apache.catalina.startup.VersionLoggerListener.log Architecture:          amd64
28-Mar-2019 22:10:44.564 INFO [main] org.apache.catalina.startup.VersionLoggerListener.log Java Home:             C:\Program Files\Java\jdk1.8.0_191\jre
28-Mar-2019 22:10:44.564 INFO [main] org.apache.catalina.startup.VersionLoggerListener.log JVM Version:           1.8.0_191-b12
28-Mar-2019 22:10:44.564 INFO [main] org.apache.catalina.startup.VersionLoggerListener.log JVM Vendor:            Oracle Corporation
28-Mar-2019 22:10:44.564 INFO [main] org.apache.catalina.startup.VersionLoggerListener.log CATALINA_BASE:         D:\GIT\task05_Lambdas_Streams\apache-tomcat-9.0.16[configured for deployment]
28-Mar-2019 22:10:44.564 INFO [main] org.apache.catalina.startup.VersionLoggerListener.log CATALINA_HOME:         D:\GIT\task05_Lambdas_Streams\apache-tomcat-9.0.16[configured for deployment]
28-Mar-2019 22:10:44.564 INFO [main] org.apache.catalina.startup.VersionLoggerListener.log Command line argument: -Djava.util.logging.config.file=D:\GIT\task05_Lambdas_Streams\apache-tomcat-9.0.16[configured for deployment]\conf\logging.properties
28-Mar-2019 22:10:44.564 INFO [main] org.apache.catalina.startup.VersionLoggerListener.log Command line argument: -Djava.util.logging.manager=org.apache.juli.ClassLoaderLogManager
28-Mar-2019 22:10:44.564 INFO [main] org.apache.catalina.startup.VersionLoggerListener.log Command line argument: -Djdk.tls.ephemeralDHKeySize=2048
28-Mar-2019 22:10:44.579 INFO [main] org.apache.catalina.startup.VersionLoggerListener.log Command line argument: -Djava.protocol.handler.pkgs=org.apache.catalina.webresources
28-Mar-2019 22:10:44.579 INFO [main] org.apache.catalina.startup.VersionLoggerListener.log Command line argument: -Dignore.endorsed.dirs=
28-Mar-2019 22:10:44.579 INFO [main] org.apache.catalina.startup.VersionLoggerListener.log Command line argument: -Dcatalina.base=D:\GIT\task05_Lambdas_Streams\apache-tomcat-9.0.16[configured for deployment]
28-Mar-2019 22:10:44.595 INFO [main] org.apache.catalina.startup.VersionLoggerListener.log Command line argument: -Dcatalina.home=D:\GIT\task05_Lambdas_Streams\apache-tomcat-9.0.16[configured for deployment]
28-Mar-2019 22:10:44.595 INFO [main] org.apache.catalina.startup.VersionLoggerListener.log Command line argument: -Djava.io.tmpdir=D:\GIT\task05_Lambdas_Streams\apache-tomcat-9.0.16[configured for deployment]\temp
28-Mar-2019 22:10:44.595 INFO [main] org.apache.catalina.core.AprLifecycleListener.lifecycleEvent Loaded APR based Apache Tomcat Native library [1.2.21] using APR version [1.6.5].
28-Mar-2019 22:10:44.595 INFO [main] org.apache.catalina.core.AprLifecycleListener.lifecycleEvent APR capabilities: IPv6 [true], sendfile [true], accept filters [false], random [true].
28-Mar-2019 22:10:44.595 INFO [main] org.apache.catalina.core.AprLifecycleListener.lifecycleEvent APR/OpenSSL configuration: useAprConnector [false], useOpenSSL [true]
28-Mar-2019 22:10:44.658 INFO [main] org.apache.catalina.core.AprLifecycleListener.initializeSSL OpenSSL successfully initialized [OpenSSL 1.1.1a  20 Nov 2018]
28-Mar-2019 22:10:52.841 INFO [main] org.apache.coyote.AbstractProtocol.init Initializing ProtocolHandler ["http-nio-8080"]
28-Mar-2019 22:10:53.882 INFO [main] org.apache.coyote.AbstractProtocol.init Initializing ProtocolHandler ["ajp-nio-8009"]
28-Mar-2019 22:10:54.009 INFO [main] org.apache.catalina.startup.Catalina.load Server initialization in [12,225] milliseconds
28-Mar-2019 22:10:54.246 INFO [main] org.apache.catalina.core.StandardService.startInternal Starting service [Catalina]
28-Mar-2019 22:10:54.248 INFO [main] org.apache.catalina.core.StandardEngine.startInternal Starting Servlet engine: [Apache Tomcat/9.0.16]
28-Mar-2019 22:10:54.294 INFO [main] org.apache.catalina.startup.HostConfig.deployDirectory Deploying web application directory [D:\GIT\task05_Lambdas_Streams\apache-tomcat-9.0.16[configured for deployment]\webapps\docs]
28-Mar-2019 22:10:56.814 INFO [main] org.apache.catalina.startup.HostConfig.deployDirectory Deployment of web application directory [D:\GIT\task05_Lambdas_Streams\apache-tomcat-9.0.16[configured for deployment]\webapps\docs] has finished in [2,521] ms
28-Mar-2019 22:10:56.838 INFO [main] org.apache.catalina.startup.HostConfig.deployDirectory Deploying web application directory [D:\GIT\task05_Lambdas_Streams\apache-tomcat-9.0.16[configured for deployment]\webapps\examples]
28-Mar-2019 22:11:04.928 INFO [main] org.apache.catalina.startup.HostConfig.deployDirectory Deployment of web application directory [D:\GIT\task05_Lambdas_Streams\apache-tomcat-9.0.16[configured for deployment]\webapps\examples] has finished in [8,088] ms
28-Mar-2019 22:11:04.957 INFO [main] org.apache.catalina.startup.HostConfig.deployDirectory Deploying web application directory [D:\GIT\task05_Lambdas_Streams\apache-tomcat-9.0.16[configured for deployment]\webapps\host-manager]
28-Mar-2019 22:11:05.280 INFO [main] org.apache.catalina.startup.HostConfig.deployDirectory Deployment of web application directory [D:\GIT\task05_Lambdas_Streams\apache-tomcat-9.0.16[configured for deployment]\webapps\host-manager] has finished in [323] ms
28-Mar-2019 22:11:05.289 INFO [main] org.apache.catalina.startup.HostConfig.deployDirectory Deploying web application directory [D:\GIT\task05_Lambdas_Streams\apache-tomcat-9.0.16[configured for deployment]\webapps\manager]
28-Mar-2019 22:11:05.602 INFO [main] org.apache.catalina.startup.HostConfig.deployDirectory Deployment of web application directory [D:\GIT\task05_Lambdas_Streams\apache-tomcat-9.0.16[configured for deployment]\webapps\manager] has finished in [311] ms
28-Mar-2019 22:11:05.606 INFO [main] org.apache.catalina.startup.HostConfig.deployDirectory Deploying web application directory [D:\GIT\task05_Lambdas_Streams\apache-tomcat-9.0.16[configured for deployment]\webapps\ROOT]
28-Mar-2019 22:11:06.615 INFO [main] org.apache.catalina.startup.HostConfig.deployDirectory Deployment of web application directory [D:\GIT\task05_Lambdas_Streams\apache-tomcat-9.0.16[configured for deployment]\webapps\ROOT] has finished in [1,010] ms
28-Mar-2019 22:11:06.632 INFO [main] org.apache.coyote.AbstractProtocol.start Starting ProtocolHandler ["http-nio-8080"]
28-Mar-2019 22:11:06.675 INFO [main] org.apache.coyote.AbstractProtocol.start Starting ProtocolHandler ["ajp-nio-8009"]
28-Mar-2019 22:11:06.700 INFO [main] org.apache.catalina.startup.Catalina.start Server startup in [12,664] milliseconds
28-Mar-2019 23:07:08.977 INFO [main] org.apache.catalina.startup.VersionLoggerListener.log Server version name:   Apache Tomcat/9.0.16
28-Mar-2019 23:07:08.991 INFO [main] org.apache.catalina.startup.VersionLoggerListener.log Server built:          Feb 4 2019 16:30:29 UTC
28-Mar-2019 23:07:09.007 INFO [main] org.apache.catalina.startup.VersionLoggerListener.log Server version number: 9.0.16.0
28-Mar-2019 23:07:09.008 INFO [main] org.apache.catalina.startup.VersionLoggerListener.log OS Name:               Windows 10
28-Mar-2019 23:07:09.008 INFO [main] org.apache.catalina.startup.VersionLoggerListener.log OS Version:            10.0
28-Mar-2019 23:07:09.009 INFO [main] org.apache.catalina.startup.VersionLoggerListener.log Architecture:          amd64
28-Mar-2019 23:07:09.009 INFO [main] org.apache.catalina.startup.VersionLoggerListener.log Java Home:             C:\Program Files\Java\jdk1.8.0_191\jre
28-Mar-2019 23:07:09.011 INFO [main] org.apache.catalina.startup.VersionLoggerListener.log JVM Version:           1.8.0_191-b12
28-Mar-2019 23:07:09.015 INFO [main] org.apache.catalina.startup.VersionLoggerListener.log JVM Vendor:            Oracle Corporation
28-Mar-2019 23:07:09.016 INFO [main] org.apache.catalina.startup.VersionLoggerListener.log CATALINA_BASE:         D:\GIT\task05_Lambdas_Streams\apache-tomcat-9.0.16[configured for deployment]
28-Mar-2019 23:07:09.016 INFO [main] org.apache.catalina.startup.VersionLoggerListener.log CATALINA_HOME:         D:\GIT\task05_Lambdas_Streams\apache-tomcat-9.0.16[configured for deployment]
28-Mar-2019 23:07:09.017 INFO [main] org.apache.catalina.startup.VersionLoggerListener.log Command line argument: -Djava.util.logging.config.file=D:\GIT\task05_Lambdas_Streams\apache-tomcat-9.0.16[configured for deployment]\conf\logging.properties
28-Mar-2019 23:07:09.018 INFO [main] org.apache.catalina.startup.VersionLoggerListener.log Command line argument: -Djava.util.logging.manager=org.apache.juli.ClassLoaderLogManager
28-Mar-2019 23:07:09.020 INFO [main] org.apache.catalina.startup.VersionLoggerListener.log Command line argument: -Djdk.tls.ephemeralDHKeySize=2048
28-Mar-2019 23:07:09.020 INFO [main] org.apache.catalina.startup.VersionLoggerListener.log Command line argument: -Djava.protocol.handler.pkgs=org.apache.catalina.webresources
28-Mar-2019 23:07:09.021 INFO [main] org.apache.catalina.startup.VersionLoggerListener.log Command line argument: -Dignore.endorsed.dirs=
28-Mar-2019 23:07:09.021 INFO [main] org.apache.catalina.startup.VersionLoggerListener.log Command line argument: -Dcatalina.base=D:\GIT\task05_Lambdas_Streams\apache-tomcat-9.0.16[configured for deployment]
28-Mar-2019 23:07:09.022 INFO [main] org.apache.catalina.startup.VersionLoggerListener.log Command line argument: -Dcatalina.home=D:\GIT\task05_Lambdas_Streams\apache-tomcat-9.0.16[configured for deployment]
28-Mar-2019 23:07:09.024 INFO [main] org.apache.catalina.startup.VersionLoggerListener.log Command line argument: -Djava.io.tmpdir=D:\GIT\task05_Lambdas_Streams\apache-tomcat-9.0.16[configured for deployment]\temp
28-Mar-2019 23:07:09.039 INFO [main] org.apache.catalina.core.AprLifecycleListener.lifecycleEvent Loaded APR based Apache Tomcat Native library [1.2.21] using APR version [1.6.5].
28-Mar-2019 23:07:09.043 INFO [main] org.apache.catalina.core.AprLifecycleListener.lifecycleEvent APR capabilities: IPv6 [true], sendfile [true], accept filters [false], random [true].
28-Mar-2019 23:07:09.045 INFO [main] org.apache.catalina.core.AprLifecycleListener.lifecycleEvent APR/OpenSSL configuration: useAprConnector [false], useOpenSSL [true]
28-Mar-2019 23:07:09.070 INFO [main] org.apache.catalina.core.AprLifecycleListener.initializeSSL OpenSSL successfully initialized [OpenSSL 1.1.1a  20 Nov 2018]
28-Mar-2019 23:07:10.019 INFO [main] org.apache.coyote.AbstractProtocol.init Initializing ProtocolHandler ["http-nio-8080"]
28-Mar-2019 23:07:10.773 SEVERE [main] org.apache.catalina.util.LifecycleBase.handleSubClassException Failed to initialize component [Connector[HTTP/1.1-8080]]
 org.apache.catalina.LifecycleException: Protocol handler initialization failed
	at org.apache.catalina.connector.Connector.initInternal(Connector.java:983)
	at org.apache.catalina.util.LifecycleBase.init(LifecycleBase.java:136)
	at org.apache.catalina.core.StandardService.initInternal(StandardService.java:535)
	at org.apache.catalina.util.LifecycleBase.init(LifecycleBase.java:136)
	at org.apache.catalina.core.StandardServer.initInternal(StandardServer.java:1055)
	at org.apache.catalina.util.LifecycleBase.init(LifecycleBase.java:136)
	at org.apache.catalina.startup.Catalina.load(Catalina.java:589)
	at org.apache.catalina.startup.Catalina.load(Catalina.java:612)
	at sun.reflect.NativeMethodAccessorImpl.invoke0(Native Method)
	at sun.reflect.NativeMethodAccessorImpl.invoke(NativeMethodAccessorImpl.java:62)
	at sun.reflect.DelegatingMethodAccessorImpl.invoke(DelegatingMethodAccessorImpl.java:43)
	at java.lang.reflect.Method.invoke(Method.java:498)
	at org.apache.catalina.startup.Bootstrap.load(Bootstrap.java:306)
	at org.apache.catalina.startup.Bootstrap.main(Bootstrap.java:491)
Caused by: java.net.BindException: Address already in use: bind
	at sun.nio.ch.Net.bind0(Native Method)
	at sun.nio.ch.Net.bind(Net.java:433)
	at sun.nio.ch.Net.bind(Net.java:425)
	at sun.nio.ch.ServerSocketChannelImpl.bind(ServerSocketChannelImpl.java:223)
	at sun.nio.ch.ServerSocketAdaptor.bind(ServerSocketAdaptor.java:74)
	at org.apache.tomcat.util.net.NioEndpoint.initServerSocket(NioEndpoint.java:236)
	at org.apache.tomcat.util.net.NioEndpoint.bind(NioEndpoint.java:210)
	at org.apache.tomcat.util.net.AbstractEndpoint.bindWithCleanup(AbstractEndpoint.java:1085)
	at org.apache.tomcat.util.net.AbstractEndpoint.init(AbstractEndpoint.java:1098)
	at org.apache.coyote.AbstractProtocol.init(AbstractProtocol.java:557)
	at org.apache.coyote.http11.AbstractHttp11Protocol.init(AbstractHttp11Protocol.java:74)
	at org.apache.catalina.connector.Connector.initInternal(Connector.java:980)
	... 13 more

28-Mar-2019 23:07:10.783 INFO [main] org.apache.coyote.AbstractProtocol.init Initializing ProtocolHandler ["ajp-nio-8009"]
28-Mar-2019 23:07:10.804 SEVERE [main] org.apache.catalina.util.LifecycleBase.handleSubClassException Failed to initialize component [Connector[AJP/1.3-8009]]
 org.apache.catalina.LifecycleException: Protocol handler initialization failed
	at org.apache.catalina.connector.Connector.initInternal(Connector.java:983)
	at org.apache.catalina.util.LifecycleBase.init(LifecycleBase.java:136)
	at org.apache.catalina.core.StandardService.initInternal(StandardService.java:535)
	at org.apache.catalina.util.LifecycleBase.init(LifecycleBase.java:136)
	at org.apache.catalina.core.StandardServer.initInternal(StandardServer.java:1055)
	at org.apache.catalina.util.LifecycleBase.init(LifecycleBase.java:136)
	at org.apache.catalina.startup.Catalina.load(Catalina.java:589)
	at org.apache.catalina.startup.Catalina.load(Catalina.java:612)
	at sun.reflect.NativeMethodAccessorImpl.invoke0(Native Method)
	at sun.reflect.NativeMethodAccessorImpl.invoke(NativeMethodAccessorImpl.java:62)
	at sun.reflect.DelegatingMethodAccessorImpl.invoke(DelegatingMethodAccessorImpl.java:43)
	at java.lang.reflect.Method.invoke(Method.java:498)
	at org.apache.catalina.startup.Bootstrap.load(Bootstrap.java:306)
	at org.apache.catalina.startup.Bootstrap.main(Bootstrap.java:491)
Caused by: java.net.BindException: Address already in use: bind
	at sun.nio.ch.Net.bind0(Native Method)
	at sun.nio.ch.Net.bind(Net.java:433)
	at sun.nio.ch.Net.bind(Net.java:425)
	at sun.nio.ch.ServerSocketChannelImpl.bind(ServerSocketChannelImpl.java:223)
	at sun.nio.ch.ServerSocketAdaptor.bind(ServerSocketAdaptor.java:74)
	at org.apache.tomcat.util.net.NioEndpoint.initServerSocket(NioEndpoint.java:236)
	at org.apache.tomcat.util.net.NioEndpoint.bind(NioEndpoint.java:210)
	at org.apache.tomcat.util.net.AbstractEndpoint.bindWithCleanup(AbstractEndpoint.java:1085)
	at org.apache.tomcat.util.net.AbstractEndpoint.init(AbstractEndpoint.java:1098)
	at org.apache.coyote.AbstractProtocol.init(AbstractProtocol.java:557)
	at org.apache.catalina.connector.Connector.initInternal(Connector.java:980)
	... 13 more

28-Mar-2019 23:07:10.812 INFO [main] org.apache.catalina.startup.Catalina.load Server initialization in [3,972] milliseconds
28-Mar-2019 23:07:10.921 INFO [main] org.apache.catalina.core.StandardService.startInternal Starting service [Catalina]
28-Mar-2019 23:07:10.926 INFO [main] org.apache.catalina.core.StandardEngine.startInternal Starting Servlet engine: [Apache Tomcat/9.0.16]
28-Mar-2019 23:07:10.967 INFO [main] org.apache.catalina.startup.HostConfig.deployDirectory Deploying web application directory [D:\GIT\task05_Lambdas_Streams\apache-tomcat-9.0.16[configured for deployment]\webapps\docs]
28-Mar-2019 23:07:12.244 INFO [main] org.apache.catalina.startup.HostConfig.deployDirectory Deployment of web application directory [D:\GIT\task05_Lambdas_Streams\apache-tomcat-9.0.16[configured for deployment]\webapps\docs] has finished in [1,276] ms
28-Mar-2019 23:07:12.246 INFO [main] org.apache.catalina.startup.HostConfig.deployDirectory Deploying web application directory [D:\GIT\task05_Lambdas_Streams\apache-tomcat-9.0.16[configured for deployment]\webapps\examples]
28-Mar-2019 23:07:13.856 INFO [main] org.apache.catalina.startup.HostConfig.deployDirectory Deployment of web application directory [D:\GIT\task05_Lambdas_Streams\apache-tomcat-9.0.16[configured for deployment]\webapps\examples] has finished in [1,609] ms
28-Mar-2019 23:07:13.862 INFO [main] org.apache.catalina.startup.HostConfig.deployDirectory Deploying web application directory [D:\GIT\task05_Lambdas_Streams\apache-tomcat-9.0.16[configured for deployment]\webapps\host-manager]
28-Mar-2019 23:07:14.028 INFO [main] org.apache.catalina.startup.HostConfig.deployDirectory Deployment of web application directory [D:\GIT\task05_Lambdas_Streams\apache-tomcat-9.0.16[configured for deployment]\webapps\host-manager] has finished in [165] ms
28-Mar-2019 23:07:14.030 INFO [main] org.apache.catalina.startup.HostConfig.deployDirectory Deploying web application directory [D:\GIT\task05_Lambdas_Streams\apache-tomcat-9.0.16[configured for deployment]\webapps\manager]
28-Mar-2019 23:07:14.143 INFO [main] org.apache.catalina.startup.HostConfig.deployDirectory Deployment of web application directory [D:\GIT\task05_Lambdas_Streams\apache-tomcat-9.0.16[configured for deployment]\webapps\manager] has finished in [113] ms
28-Mar-2019 23:07:14.155 INFO [main] org.apache.catalina.startup.HostConfig.deployDirectory Deploying web application directory [D:\GIT\task05_Lambdas_Streams\apache-tomcat-9.0.16[configured for deployment]\webapps\ROOT]
28-Mar-2019 23:07:14.452 INFO [main] org.apache.catalina.startup.HostConfig.deployDirectory Deployment of web application directory [D:\GIT\task05_Lambdas_Streams\apache-tomcat-9.0.16[configured for deployment]\webapps\ROOT] has finished in [297] ms
28-Mar-2019 23:07:14.484 INFO [main] org.apache.catalina.startup.Catalina.start Server startup in [3,671] milliseconds
28-Mar-2019 23:07:14.508 SEVERE [main] org.apache.catalina.core.StandardServer.await Failed to create server shutdown socket on address [localhost] and port [8005] (base port [8005] and offset [0])
 java.net.BindException: Address already in use: JVM_Bind
	at java.net.DualStackPlainSocketImpl.bind0(Native Method)
	at java.net.DualStackPlainSocketImpl.socketBind(DualStackPlainSocketImpl.java:106)
	at java.net.AbstractPlainSocketImpl.bind(AbstractPlainSocketImpl.java:387)
	at java.net.PlainSocketImpl.bind(PlainSocketImpl.java:190)
	at java.net.ServerSocket.bind(ServerSocket.java:375)
	at java.net.ServerSocket.<init>(ServerSocket.java:237)
	at org.apache.catalina.core.StandardServer.await(StandardServer.java:582)
	at org.apache.catalina.startup.Catalina.await(Catalina.java:726)
	at org.apache.catalina.startup.Catalina.start(Catalina.java:672)
	at sun.reflect.NativeMethodAccessorImpl.invoke0(Native Method)
	at sun.reflect.NativeMethodAccessorImpl.invoke(NativeMethodAccessorImpl.java:62)
	at sun.reflect.DelegatingMethodAccessorImpl.invoke(DelegatingMethodAccessorImpl.java:43)
	at java.lang.reflect.Method.invoke(Method.java:498)
	at org.apache.catalina.startup.Bootstrap.start(Bootstrap.java:350)
	at org.apache.catalina.startup.Bootstrap.main(Bootstrap.java:492)

28-Mar-2019 23:07:14.524 INFO [main] org.apache.coyote.AbstractProtocol.pause Pausing ProtocolHandler ["http-nio-8080"]
28-Mar-2019 23:07:14.527 INFO [main] org.apache.coyote.AbstractProtocol.pause Pausing ProtocolHandler ["ajp-nio-8009"]
28-Mar-2019 23:07:14.534 INFO [main] org.apache.catalina.core.StandardService.stopInternal Stopping service [Catalina]
28-Mar-2019 23:07:14.665 INFO [main] org.apache.coyote.AbstractProtocol.stop Stopping ProtocolHandler ["http-nio-8080"]
28-Mar-2019 23:07:14.669 INFO [main] org.apache.coyote.AbstractProtocol.destroy Destroying ProtocolHandler ["http-nio-8080"]
28-Mar-2019 23:07:14.673 INFO [main] org.apache.coyote.AbstractProtocol.stop Stopping ProtocolHandler ["ajp-nio-8009"]
28-Mar-2019 23:07:14.680 INFO [main] org.apache.coyote.AbstractProtocol.destroy Destroying ProtocolHandler ["ajp-nio-8009"]
28-Mar-2019 23:07:21.726 INFO [Thread-5] org.apache.coyote.AbstractProtocol.pause Pausing ProtocolHandler ["http-nio-8080"]
28-Mar-2019 23:07:22.504 INFO [Thread-5] org.apache.coyote.AbstractProtocol.pause Pausing ProtocolHandler ["ajp-nio-8009"]
28-Mar-2019 23:07:22.874 INFO [Thread-5] org.apache.catalina.core.StandardService.stopInternal Stopping service [Catalina]
28-Mar-2019 23:07:23.041 INFO [Thread-5] org.apache.coyote.AbstractProtocol.stop Stopping ProtocolHandler ["http-nio-8080"]
28-Mar-2019 23:07:23.052 INFO [Thread-5] org.apache.coyote.AbstractProtocol.stop Stopping ProtocolHandler ["ajp-nio-8009"]
28-Mar-2019 23:07:23.089 INFO [Thread-5] org.apache.coyote.AbstractProtocol.destroy Destroying ProtocolHandler ["http-nio-8080"]
28-Mar-2019 23:07:23.097 INFO [Thread-5] org.apache.coyote.AbstractProtocol.destroy Destroying ProtocolHandler ["ajp-nio-8009"]
28-Mar-2019 23:07:30.299 INFO [main] org.apache.catalina.startup.VersionLoggerListener.log Server version name:   Apache Tomcat/9.0.16
28-Mar-2019 23:07:30.308 INFO [main] org.apache.catalina.startup.VersionLoggerListener.log Server built:          Feb 4 2019 16:30:29 UTC
28-Mar-2019 23:07:30.309 INFO [main] org.apache.catalina.startup.VersionLoggerListener.log Server version number: 9.0.16.0
28-Mar-2019 23:07:30.325 INFO [main] org.apache.catalina.startup.VersionLoggerListener.log OS Name:               Windows 10
28-Mar-2019 23:07:30.326 INFO [main] org.apache.catalina.startup.VersionLoggerListener.log OS Version:            10.0
28-Mar-2019 23:07:30.326 INFO [main] org.apache.catalina.startup.VersionLoggerListener.log Architecture:          amd64
28-Mar-2019 23:07:30.327 INFO [main] org.apache.catalina.startup.VersionLoggerListener.log Java Home:             C:\Program Files\Java\jdk1.8.0_191\jre
28-Mar-2019 23:07:30.327 INFO [main] org.apache.catalina.startup.VersionLoggerListener.log JVM Version:           1.8.0_191-b12
28-Mar-2019 23:07:30.328 INFO [main] org.apache.catalina.startup.VersionLoggerListener.log JVM Vendor:            Oracle Corporation
28-Mar-2019 23:07:30.332 INFO [main] org.apache.catalina.startup.VersionLoggerListener.log CATALINA_BASE:         D:\GIT\task05_Lambdas_Streams\apache-tomcat-9.0.16[configured for deployment]
28-Mar-2019 23:07:30.332 INFO [main] org.apache.catalina.startup.VersionLoggerListener.log CATALINA_HOME:         D:\GIT\task05_Lambdas_Streams\apache-tomcat-9.0.16[configured for deployment]
28-Mar-2019 23:07:30.333 INFO [main] org.apache.catalina.startup.VersionLoggerListener.log Command line argument: -Djava.util.logging.config.file=D:\GIT\task05_Lambdas_Streams\apache-tomcat-9.0.16[configured for deployment]\conf\logging.properties
28-Mar-2019 23:07:30.333 INFO [main] org.apache.catalina.startup.VersionLoggerListener.log Command line argument: -Djava.util.logging.manager=org.apache.juli.ClassLoaderLogManager
28-Mar-2019 23:07:30.334 INFO [main] org.apache.catalina.startup.VersionLoggerListener.log Command line argument: -Djdk.tls.ephemeralDHKeySize=2048
28-Mar-2019 23:07:30.335 INFO [main] org.apache.catalina.startup.VersionLoggerListener.log Command line argument: -Djava.protocol.handler.pkgs=org.apache.catalina.webresources
28-Mar-2019 23:07:30.335 INFO [main] org.apache.catalina.startup.VersionLoggerListener.log Command line argument: -Dignore.endorsed.dirs=
28-Mar-2019 23:07:30.336 INFO [main] org.apache.catalina.startup.VersionLoggerListener.log Command line argument: -Dcatalina.base=D:\GIT\task05_Lambdas_Streams\apache-tomcat-9.0.16[configured for deployment]
28-Mar-2019 23:07:30.338 INFO [main] org.apache.catalina.startup.VersionLoggerListener.log Command line argument: -Dcatalina.home=D:\GIT\task05_Lambdas_Streams\apache-tomcat-9.0.16[configured for deployment]
28-Mar-2019 23:07:30.340 INFO [main] org.apache.catalina.startup.VersionLoggerListener.log Command line argument: -Djava.io.tmpdir=D:\GIT\task05_Lambdas_Streams\apache-tomcat-9.0.16[configured for deployment]\temp
28-Mar-2019 23:07:30.352 INFO [main] org.apache.catalina.core.AprLifecycleListener.lifecycleEvent Loaded APR based Apache Tomcat Native library [1.2.21] using APR version [1.6.5].
28-Mar-2019 23:07:30.353 INFO [main] org.apache.catalina.core.AprLifecycleListener.lifecycleEvent APR capabilities: IPv6 [true], sendfile [true], accept filters [false], random [true].
28-Mar-2019 23:07:30.355 INFO [main] org.apache.catalina.core.AprLifecycleListener.lifecycleEvent APR/OpenSSL configuration: useAprConnector [false], useOpenSSL [true]
28-Mar-2019 23:07:30.484 INFO [main] org.apache.catalina.core.AprLifecycleListener.initializeSSL OpenSSL successfully initialized [OpenSSL 1.1.1a  20 Nov 2018]
28-Mar-2019 23:07:31.101 INFO [main] org.apache.coyote.AbstractProtocol.init Initializing ProtocolHandler ["http-nio-8080"]
28-Mar-2019 23:07:31.746 INFO [main] org.apache.coyote.AbstractProtocol.init Initializing ProtocolHandler ["ajp-nio-8009"]
28-Mar-2019 23:07:31.767 INFO [main] org.apache.catalina.startup.Catalina.load Server initialization in [3,935] milliseconds
28-Mar-2019 23:07:31.916 INFO [main] org.apache.catalina.core.StandardService.startInternal Starting service [Catalina]
28-Mar-2019 23:07:31.916 INFO [main] org.apache.catalina.core.StandardEngine.startInternal Starting Servlet engine: [Apache Tomcat/9.0.16]
28-Mar-2019 23:07:31.957 INFO [main] org.apache.catalina.startup.HostConfig.deployDirectory Deploying web application directory [D:\GIT\task05_Lambdas_Streams\apache-tomcat-9.0.16[configured for deployment]\webapps\docs]
28-Mar-2019 23:07:33.317 INFO [main] org.apache.catalina.startup.HostConfig.deployDirectory Deployment of web application directory [D:\GIT\task05_Lambdas_Streams\apache-tomcat-9.0.16[configured for deployment]\webapps\docs] has finished in [1,360] ms
28-Mar-2019 23:07:33.319 INFO [main] org.apache.catalina.startup.HostConfig.deployDirectory Deploying web application directory [D:\GIT\task05_Lambdas_Streams\apache-tomcat-9.0.16[configured for deployment]\webapps\examples]
28-Mar-2019 23:07:35.667 INFO [main] org.apache.catalina.startup.HostConfig.deployDirectory Deployment of web application directory [D:\GIT\task05_Lambdas_Streams\apache-tomcat-9.0.16[configured for deployment]\webapps\examples] has finished in [2,347] ms
28-Mar-2019 23:07:35.681 INFO [main] org.apache.catalina.startup.HostConfig.deployDirectory Deploying web application directory [D:\GIT\task05_Lambdas_Streams\apache-tomcat-9.0.16[configured for deployment]\webapps\host-manager]
28-Mar-2019 23:07:35.903 INFO [main] org.apache.catalina.startup.HostConfig.deployDirectory Deployment of web application directory [D:\GIT\task05_Lambdas_Streams\apache-tomcat-9.0.16[configured for deployment]\webapps\host-manager] has finished in [222] ms
28-Mar-2019 23:07:35.906 INFO [main] org.apache.catalina.startup.HostConfig.deployDirectory Deploying web application directory [D:\GIT\task05_Lambdas_Streams\apache-tomcat-9.0.16[configured for deployment]\webapps\manager]
28-Mar-2019 23:07:36.119 INFO [main] org.apache.catalina.startup.HostConfig.deployDirectory Deployment of web application directory [D:\GIT\task05_Lambdas_Streams\apache-tomcat-9.0.16[configured for deployment]\webapps\manager] has finished in [212] ms
28-Mar-2019 23:07:36.148 INFO [main] org.apache.catalina.startup.HostConfig.deployDirectory Deploying web application directory [D:\GIT\task05_Lambdas_Streams\apache-tomcat-9.0.16[configured for deployment]\webapps\ROOT]
28-Mar-2019 23:07:36.493 INFO [main] org.apache.catalina.startup.HostConfig.deployDirectory Deployment of web application directory [D:\GIT\task05_Lambdas_Streams\apache-tomcat-9.0.16[configured for deployment]\webapps\ROOT] has finished in [345] ms
28-Mar-2019 23:07:36.509 INFO [main] org.apache.coyote.AbstractProtocol.start Starting ProtocolHandler ["http-nio-8080"]
28-Mar-2019 23:07:36.544 INFO [main] org.apache.coyote.AbstractProtocol.start Starting ProtocolHandler ["ajp-nio-8009"]
28-Mar-2019 23:07:36.562 INFO [main] org.apache.catalina.startup.Catalina.start Server startup in [4,785] milliseconds
