26-Mar-2019 19:59:13.517 INFO [main] org.apache.catalina.startup.VersionLoggerListener.log Server version name:   Apache Tomcat/9.0.16
26-Mar-2019 19:59:13.685 INFO [main] org.apache.catalina.startup.VersionLoggerListener.log Server built:          Feb 4 2019 16:30:29 UTC
26-Mar-2019 19:59:13.692 INFO [main] org.apache.catalina.startup.VersionLoggerListener.log Server version number: 9.0.16.0
26-Mar-2019 19:59:13.692 INFO [main] org.apache.catalina.startup.VersionLoggerListener.log OS Name:               Windows 10
26-Mar-2019 19:59:13.693 INFO [main] org.apache.catalina.startup.VersionLoggerListener.log OS Version:            10.0
26-Mar-2019 19:59:13.693 INFO [main] org.apache.catalina.startup.VersionLoggerListener.log Architecture:          amd64
26-Mar-2019 19:59:13.694 INFO [main] org.apache.catalina.startup.VersionLoggerListener.log Java Home:             C:\Program Files\Java\jdk1.8.0_191\jre
26-Mar-2019 19:59:13.695 INFO [main] org.apache.catalina.startup.VersionLoggerListener.log JVM Version:           1.8.0_191-b12
26-Mar-2019 19:59:13.695 INFO [main] org.apache.catalina.startup.VersionLoggerListener.log JVM Vendor:            Oracle Corporation
26-Mar-2019 19:59:13.696 INFO [main] org.apache.catalina.startup.VersionLoggerListener.log CATALINA_BASE:         D:\GIT\task05_Lambdas_Streams\apache-tomcat-9.0.16[configured for deployment]
26-Mar-2019 19:59:13.696 INFO [main] org.apache.catalina.startup.VersionLoggerListener.log CATALINA_HOME:         D:\GIT\task05_Lambdas_Streams\apache-tomcat-9.0.16[configured for deployment]
26-Mar-2019 19:59:13.697 INFO [main] org.apache.catalina.startup.VersionLoggerListener.log Command line argument: -Djava.util.logging.config.file=D:\GIT\task05_Lambdas_Streams\apache-tomcat-9.0.16[configured for deployment]\conf\logging.properties
26-Mar-2019 19:59:13.698 INFO [main] org.apache.catalina.startup.VersionLoggerListener.log Command line argument: -Djava.util.logging.manager=org.apache.juli.ClassLoaderLogManager
26-Mar-2019 19:59:13.698 INFO [main] org.apache.catalina.startup.VersionLoggerListener.log Command line argument: -Djdk.tls.ephemeralDHKeySize=2048
26-Mar-2019 19:59:13.699 INFO [main] org.apache.catalina.startup.VersionLoggerListener.log Command line argument: -Djava.protocol.handler.pkgs=org.apache.catalina.webresources
26-Mar-2019 19:59:13.699 INFO [main] org.apache.catalina.startup.VersionLoggerListener.log Command line argument: -Dignore.endorsed.dirs=
26-Mar-2019 19:59:13.700 INFO [main] org.apache.catalina.startup.VersionLoggerListener.log Command line argument: -Dcatalina.base=D:\GIT\task05_Lambdas_Streams\apache-tomcat-9.0.16[configured for deployment]
26-Mar-2019 19:59:13.717 INFO [main] org.apache.catalina.startup.VersionLoggerListener.log Command line argument: -Dcatalina.home=D:\GIT\task05_Lambdas_Streams\apache-tomcat-9.0.16[configured for deployment]
26-Mar-2019 19:59:13.719 INFO [main] org.apache.catalina.startup.VersionLoggerListener.log Command line argument: -Djava.io.tmpdir=D:\GIT\task05_Lambdas_Streams\apache-tomcat-9.0.16[configured for deployment]\temp
26-Mar-2019 19:59:13.722 INFO [main] org.apache.catalina.core.AprLifecycleListener.lifecycleEvent Loaded APR based Apache Tomcat Native library [1.2.21] using APR version [1.6.5].
26-Mar-2019 19:59:13.724 INFO [main] org.apache.catalina.core.AprLifecycleListener.lifecycleEvent APR capabilities: IPv6 [true], sendfile [true], accept filters [false], random [true].
26-Mar-2019 19:59:13.726 INFO [main] org.apache.catalina.core.AprLifecycleListener.lifecycleEvent APR/OpenSSL configuration: useAprConnector [false], useOpenSSL [true]
26-Mar-2019 19:59:13.799 INFO [main] org.apache.catalina.core.AprLifecycleListener.initializeSSL OpenSSL successfully initialized [OpenSSL 1.1.1a  20 Nov 2018]
26-Mar-2019 19:59:24.334 INFO [main] org.apache.coyote.AbstractProtocol.init Initializing ProtocolHandler ["http-nio-8080"]
26-Mar-2019 19:59:25.421 INFO [main] org.apache.coyote.AbstractProtocol.init Initializing ProtocolHandler ["ajp-nio-8009"]
26-Mar-2019 19:59:25.466 INFO [main] org.apache.catalina.startup.Catalina.load Server initialization in [15,257] milliseconds
26-Mar-2019 19:59:25.692 INFO [main] org.apache.catalina.core.StandardService.startInternal Starting service [Catalina]
26-Mar-2019 19:59:25.701 INFO [main] org.apache.catalina.core.StandardEngine.startInternal Starting Servlet engine: [Apache Tomcat/9.0.16]
26-Mar-2019 19:59:25.755 INFO [main] org.apache.catalina.startup.HostConfig.deployDirectory Deploying web application directory [D:\GIT\task05_Lambdas_Streams\apache-tomcat-9.0.16[configured for deployment]\webapps\docs]
26-Mar-2019 19:59:28.348 INFO [main] org.apache.catalina.startup.HostConfig.deployDirectory Deployment of web application directory [D:\GIT\task05_Lambdas_Streams\apache-tomcat-9.0.16[configured for deployment]\webapps\docs] has finished in [2,593] ms
26-Mar-2019 19:59:28.348 INFO [main] org.apache.catalina.startup.HostConfig.deployDirectory Deploying web application directory [D:\GIT\task05_Lambdas_Streams\apache-tomcat-9.0.16[configured for deployment]\webapps\examples]
26-Mar-2019 19:59:34.587 INFO [main] org.apache.catalina.startup.HostConfig.deployDirectory Deployment of web application directory [D:\GIT\task05_Lambdas_Streams\apache-tomcat-9.0.16[configured for deployment]\webapps\examples] has finished in [6,239] ms
26-Mar-2019 19:59:34.603 INFO [main] org.apache.catalina.startup.HostConfig.deployDirectory Deploying web application directory [D:\GIT\task05_Lambdas_Streams\apache-tomcat-9.0.16[configured for deployment]\webapps\host-manager]
26-Mar-2019 19:59:34.908 INFO [main] org.apache.catalina.startup.HostConfig.deployDirectory Deployment of web application directory [D:\GIT\task05_Lambdas_Streams\apache-tomcat-9.0.16[configured for deployment]\webapps\host-manager] has finished in [290] ms
26-Mar-2019 19:59:34.908 INFO [main] org.apache.catalina.startup.HostConfig.deployDirectory Deploying web application directory [D:\GIT\task05_Lambdas_Streams\apache-tomcat-9.0.16[configured for deployment]\webapps\manager]
26-Mar-2019 19:59:35.143 INFO [main] org.apache.catalina.startup.HostConfig.deployDirectory Deployment of web application directory [D:\GIT\task05_Lambdas_Streams\apache-tomcat-9.0.16[configured for deployment]\webapps\manager] has finished in [235] ms
26-Mar-2019 19:59:35.174 INFO [main] org.apache.catalina.startup.HostConfig.deployDirectory Deploying web application directory [D:\GIT\task05_Lambdas_Streams\apache-tomcat-9.0.16[configured for deployment]\webapps\ROOT]
26-Mar-2019 19:59:36.190 INFO [main] org.apache.catalina.startup.HostConfig.deployDirectory Deployment of web application directory [D:\GIT\task05_Lambdas_Streams\apache-tomcat-9.0.16[configured for deployment]\webapps\ROOT] has finished in [1,016] ms
26-Mar-2019 19:59:36.207 INFO [main] org.apache.coyote.AbstractProtocol.start Starting ProtocolHandler ["http-nio-8080"]
26-Mar-2019 19:59:36.250 INFO [main] org.apache.coyote.AbstractProtocol.start Starting ProtocolHandler ["ajp-nio-8009"]
26-Mar-2019 19:59:36.263 INFO [main] org.apache.catalina.startup.Catalina.start Server startup in [10,783] milliseconds
26-Mar-2019 20:29:01.980 INFO [Thread-5] org.apache.coyote.AbstractProtocol.pause Pausing ProtocolHandler ["http-nio-8080"]
26-Mar-2019 20:29:02.329 INFO [Thread-5] org.apache.coyote.AbstractProtocol.pause Pausing ProtocolHandler ["ajp-nio-8009"]
26-Mar-2019 20:29:02.687 INFO [Thread-5] org.apache.catalina.core.StandardService.stopInternal Stopping service [Catalina]
26-Mar-2019 20:29:02.859 INFO [Thread-5] org.apache.coyote.AbstractProtocol.stop Stopping ProtocolHandler ["http-nio-8080"]
26-Mar-2019 20:29:02.891 INFO [Thread-5] org.apache.coyote.AbstractProtocol.stop Stopping ProtocolHandler ["ajp-nio-8009"]
26-Mar-2019 20:29:02.891 INFO [Thread-5] org.apache.coyote.AbstractProtocol.destroy Destroying ProtocolHandler ["http-nio-8080"]
26-Mar-2019 20:29:02.906 INFO [Thread-5] org.apache.coyote.AbstractProtocol.destroy Destroying ProtocolHandler ["ajp-nio-8009"]
26-Mar-2019 22:15:57.202 INFO [main] org.apache.catalina.startup.VersionLoggerListener.log Server version name:   Apache Tomcat/9.0.16
26-Mar-2019 22:15:57.217 INFO [main] org.apache.catalina.startup.VersionLoggerListener.log Server built:          Feb 4 2019 16:30:29 UTC
26-Mar-2019 22:15:57.217 INFO [main] org.apache.catalina.startup.VersionLoggerListener.log Server version number: 9.0.16.0
26-Mar-2019 22:15:57.217 INFO [main] org.apache.catalina.startup.VersionLoggerListener.log OS Name:               Windows 10
26-Mar-2019 22:15:57.217 INFO [main] org.apache.catalina.startup.VersionLoggerListener.log OS Version:            10.0
26-Mar-2019 22:15:57.217 INFO [main] org.apache.catalina.startup.VersionLoggerListener.log Architecture:          amd64
26-Mar-2019 22:15:57.217 INFO [main] org.apache.catalina.startup.VersionLoggerListener.log Java Home:             C:\Program Files\Java\jdk1.8.0_191\jre
26-Mar-2019 22:15:57.217 INFO [main] org.apache.catalina.startup.VersionLoggerListener.log JVM Version:           1.8.0_191-b12
26-Mar-2019 22:15:57.217 INFO [main] org.apache.catalina.startup.VersionLoggerListener.log JVM Vendor:            Oracle Corporation
26-Mar-2019 22:15:57.217 INFO [main] org.apache.catalina.startup.VersionLoggerListener.log CATALINA_BASE:         D:\GIT\task05_Lambdas_Streams\apache-tomcat-9.0.16[configured for deployment]
26-Mar-2019 22:15:57.217 INFO [main] org.apache.catalina.startup.VersionLoggerListener.log CATALINA_HOME:         D:\GIT\task05_Lambdas_Streams\apache-tomcat-9.0.16[configured for deployment]
26-Mar-2019 22:15:57.217 INFO [main] org.apache.catalina.startup.VersionLoggerListener.log Command line argument: -Djava.util.logging.config.file=D:\GIT\task05_Lambdas_Streams\apache-tomcat-9.0.16[configured for deployment]\conf\logging.properties
26-Mar-2019 22:15:57.217 INFO [main] org.apache.catalina.startup.VersionLoggerListener.log Command line argument: -Djava.util.logging.manager=org.apache.juli.ClassLoaderLogManager
26-Mar-2019 22:15:57.217 INFO [main] org.apache.catalina.startup.VersionLoggerListener.log Command line argument: -Djdk.tls.ephemeralDHKeySize=2048
26-Mar-2019 22:15:57.233 INFO [main] org.apache.catalina.startup.VersionLoggerListener.log Command line argument: -Djava.protocol.handler.pkgs=org.apache.catalina.webresources
26-Mar-2019 22:15:57.248 INFO [main] org.apache.catalina.startup.VersionLoggerListener.log Command line argument: -Dignore.endorsed.dirs=
26-Mar-2019 22:15:57.248 INFO [main] org.apache.catalina.startup.VersionLoggerListener.log Command line argument: -Dcatalina.base=D:\GIT\task05_Lambdas_Streams\apache-tomcat-9.0.16[configured for deployment]
26-Mar-2019 22:15:57.248 INFO [main] org.apache.catalina.startup.VersionLoggerListener.log Command line argument: -Dcatalina.home=D:\GIT\task05_Lambdas_Streams\apache-tomcat-9.0.16[configured for deployment]
26-Mar-2019 22:15:57.248 INFO [main] org.apache.catalina.startup.VersionLoggerListener.log Command line argument: -Djava.io.tmpdir=D:\GIT\task05_Lambdas_Streams\apache-tomcat-9.0.16[configured for deployment]\temp
26-Mar-2019 22:15:57.248 INFO [main] org.apache.catalina.core.AprLifecycleListener.lifecycleEvent Loaded APR based Apache Tomcat Native library [1.2.21] using APR version [1.6.5].
26-Mar-2019 22:15:57.248 INFO [main] org.apache.catalina.core.AprLifecycleListener.lifecycleEvent APR capabilities: IPv6 [true], sendfile [true], accept filters [false], random [true].
26-Mar-2019 22:15:57.248 INFO [main] org.apache.catalina.core.AprLifecycleListener.lifecycleEvent APR/OpenSSL configuration: useAprConnector [false], useOpenSSL [true]
26-Mar-2019 22:15:57.280 INFO [main] org.apache.catalina.core.AprLifecycleListener.initializeSSL OpenSSL successfully initialized [OpenSSL 1.1.1a  20 Nov 2018]
26-Mar-2019 22:15:57.998 INFO [main] org.apache.coyote.AbstractProtocol.init Initializing ProtocolHandler ["http-nio-8080"]
26-Mar-2019 22:15:58.498 INFO [main] org.apache.coyote.AbstractProtocol.init Initializing ProtocolHandler ["ajp-nio-8009"]
26-Mar-2019 22:15:58.545 INFO [main] org.apache.catalina.startup.Catalina.load Server initialization in [3,132] milliseconds
26-Mar-2019 22:15:58.795 INFO [main] org.apache.catalina.core.StandardService.startInternal Starting service [Catalina]
26-Mar-2019 22:15:58.811 INFO [main] org.apache.catalina.core.StandardEngine.startInternal Starting Servlet engine: [Apache Tomcat/9.0.16]
26-Mar-2019 22:15:58.873 INFO [main] org.apache.catalina.startup.HostConfig.deployDirectory Deploying web application directory [D:\GIT\task05_Lambdas_Streams\apache-tomcat-9.0.16[configured for deployment]\webapps\docs]
26-Mar-2019 22:16:00.671 INFO [main] org.apache.catalina.startup.HostConfig.deployDirectory Deployment of web application directory [D:\GIT\task05_Lambdas_Streams\apache-tomcat-9.0.16[configured for deployment]\webapps\docs] has finished in [1,798] ms
26-Mar-2019 22:16:00.671 INFO [main] org.apache.catalina.startup.HostConfig.deployDirectory Deploying web application directory [D:\GIT\task05_Lambdas_Streams\apache-tomcat-9.0.16[configured for deployment]\webapps\examples]
26-Mar-2019 22:16:02.421 INFO [main] org.apache.catalina.startup.HostConfig.deployDirectory Deployment of web application directory [D:\GIT\task05_Lambdas_Streams\apache-tomcat-9.0.16[configured for deployment]\webapps\examples] has finished in [1,750] ms
26-Mar-2019 22:16:02.436 INFO [main] org.apache.catalina.startup.HostConfig.deployDirectory Deploying web application directory [D:\GIT\task05_Lambdas_Streams\apache-tomcat-9.0.16[configured for deployment]\webapps\host-manager]
26-Mar-2019 22:16:02.577 INFO [main] org.apache.catalina.startup.HostConfig.deployDirectory Deployment of web application directory [D:\GIT\task05_Lambdas_Streams\apache-tomcat-9.0.16[configured for deployment]\webapps\host-manager] has finished in [156] ms
26-Mar-2019 22:16:02.577 INFO [main] org.apache.catalina.startup.HostConfig.deployDirectory Deploying web application directory [D:\GIT\task05_Lambdas_Streams\apache-tomcat-9.0.16[configured for deployment]\webapps\manager]
26-Mar-2019 22:16:02.718 INFO [main] org.apache.catalina.startup.HostConfig.deployDirectory Deployment of web application directory [D:\GIT\task05_Lambdas_Streams\apache-tomcat-9.0.16[configured for deployment]\webapps\manager] has finished in [141] ms
26-Mar-2019 22:16:02.733 INFO [main] org.apache.catalina.startup.HostConfig.deployDirectory Deploying web application directory [D:\GIT\task05_Lambdas_Streams\apache-tomcat-9.0.16[configured for deployment]\webapps\ROOT]
26-Mar-2019 22:16:02.968 INFO [main] org.apache.catalina.startup.HostConfig.deployDirectory Deployment of web application directory [D:\GIT\task05_Lambdas_Streams\apache-tomcat-9.0.16[configured for deployment]\webapps\ROOT] has finished in [235] ms
26-Mar-2019 22:16:02.983 INFO [main] org.apache.coyote.AbstractProtocol.start Starting ProtocolHandler ["http-nio-8080"]
26-Mar-2019 22:16:03.030 INFO [main] org.apache.coyote.AbstractProtocol.start Starting ProtocolHandler ["ajp-nio-8009"]
26-Mar-2019 22:16:03.061 INFO [main] org.apache.catalina.startup.Catalina.start Server startup in [4,471] milliseconds
