05-Apr-2019 17:36:08.083 INFO [main] org.apache.catalina.startup.VersionLoggerListener.log Server version name:   Apache Tomcat/9.0.16
05-Apr-2019 17:36:08.098 INFO [main] org.apache.catalina.startup.VersionLoggerListener.log Server built:          Feb 4 2019 16:30:29 UTC
05-Apr-2019 17:36:08.098 INFO [main] org.apache.catalina.startup.VersionLoggerListener.log Server version number: 9.0.16.0
05-Apr-2019 17:36:08.098 INFO [main] org.apache.catalina.startup.VersionLoggerListener.log OS Name:               Windows 10
05-Apr-2019 17:36:08.098 INFO [main] org.apache.catalina.startup.VersionLoggerListener.log OS Version:            10.0
05-Apr-2019 17:36:08.098 INFO [main] org.apache.catalina.startup.VersionLoggerListener.log Architecture:          amd64
05-Apr-2019 17:36:08.098 INFO [main] org.apache.catalina.startup.VersionLoggerListener.log Java Home:             C:\Program Files\Java\jdk1.8.0_201\jre
05-Apr-2019 17:36:08.098 INFO [main] org.apache.catalina.startup.VersionLoggerListener.log JVM Version:           1.8.0_201-b09
05-Apr-2019 17:36:08.098 INFO [main] org.apache.catalina.startup.VersionLoggerListener.log JVM Vendor:            Oracle Corporation
05-Apr-2019 17:36:08.098 INFO [main] org.apache.catalina.startup.VersionLoggerListener.log CATALINA_BASE:         C:\My\item_analyzer_web_app\apache-tomcat-9.0.16[configured for deployment]
05-Apr-2019 17:36:08.098 INFO [main] org.apache.catalina.startup.VersionLoggerListener.log CATALINA_HOME:         C:\My\item_analyzer_web_app\apache-tomcat-9.0.16[configured for deployment]
05-Apr-2019 17:36:08.098 INFO [main] org.apache.catalina.startup.VersionLoggerListener.log Command line argument: -Djava.util.logging.config.file=C:\My\item_analyzer_web_app\apache-tomcat-9.0.16[configured for deployment]\conf\logging.properties
05-Apr-2019 17:36:08.098 INFO [main] org.apache.catalina.startup.VersionLoggerListener.log Command line argument: -Djava.util.logging.manager=org.apache.juli.ClassLoaderLogManager
05-Apr-2019 17:36:08.098 INFO [main] org.apache.catalina.startup.VersionLoggerListener.log Command line argument: -Djdk.tls.ephemeralDHKeySize=2048
05-Apr-2019 17:36:08.098 INFO [main] org.apache.catalina.startup.VersionLoggerListener.log Command line argument: -Djava.protocol.handler.pkgs=org.apache.catalina.webresources
05-Apr-2019 17:36:08.098 INFO [main] org.apache.catalina.startup.VersionLoggerListener.log Command line argument: -Dignore.endorsed.dirs=
05-Apr-2019 17:36:08.098 INFO [main] org.apache.catalina.startup.VersionLoggerListener.log Command line argument: -Dcatalina.base=C:\My\item_analyzer_web_app\apache-tomcat-9.0.16[configured for deployment]
05-Apr-2019 17:36:08.098 INFO [main] org.apache.catalina.startup.VersionLoggerListener.log Command line argument: -Dcatalina.home=C:\My\item_analyzer_web_app\apache-tomcat-9.0.16[configured for deployment]
05-Apr-2019 17:36:08.098 INFO [main] org.apache.catalina.startup.VersionLoggerListener.log Command line argument: -Djava.io.tmpdir=C:\My\item_analyzer_web_app\apache-tomcat-9.0.16[configured for deployment]\temp
05-Apr-2019 17:36:08.098 INFO [main] org.apache.catalina.core.AprLifecycleListener.lifecycleEvent Loaded APR based Apache Tomcat Native library [1.2.21] using APR version [1.6.5].
05-Apr-2019 17:36:08.098 INFO [main] org.apache.catalina.core.AprLifecycleListener.lifecycleEvent APR capabilities: IPv6 [true], sendfile [true], accept filters [false], random [true].
05-Apr-2019 17:36:08.098 INFO [main] org.apache.catalina.core.AprLifecycleListener.lifecycleEvent APR/OpenSSL configuration: useAprConnector [false], useOpenSSL [true]
05-Apr-2019 17:36:08.114 INFO [main] org.apache.catalina.core.AprLifecycleListener.initializeSSL OpenSSL successfully initialized [OpenSSL 1.1.1a  20 Nov 2018]
05-Apr-2019 17:36:08.299 INFO [main] org.apache.coyote.AbstractProtocol.init Initializing ProtocolHandler ["http-nio-8080"]
05-Apr-2019 17:36:08.399 INFO [main] org.apache.coyote.AbstractProtocol.init Initializing ProtocolHandler ["ajp-nio-8009"]
05-Apr-2019 17:36:08.415 INFO [main] org.apache.catalina.startup.Catalina.load Server initialization in [588] milliseconds
05-Apr-2019 17:36:08.453 INFO [main] org.apache.catalina.core.StandardService.startInternal Starting service [Catalina]
05-Apr-2019 17:36:08.453 INFO [main] org.apache.catalina.core.StandardEngine.startInternal Starting Servlet engine: [Apache Tomcat/9.0.16]
05-Apr-2019 17:36:08.468 INFO [main] org.apache.catalina.startup.HostConfig.deployDirectory Deploying web application directory [C:\My\item_analyzer_web_app\apache-tomcat-9.0.16[configured for deployment]\webapps\docs]
05-Apr-2019 17:36:11.041 INFO [main] org.apache.jasper.servlet.TldScanner.scanJars At least one JAR was scanned for TLDs yet contained no TLDs. Enable debug logging for this logger for a complete list of JARs that were scanned but no TLDs were found in them. Skipping unneeded JARs during scanning can improve startup time and JSP compilation time.
05-Apr-2019 17:36:11.142 INFO [main] com.sun.faces.config.ConfigureListener.contextInitialized Initializing Mojarra 2.2.10 ( 20150205-0906 https://svn.java.net/svn/mojarra~svn/tags/2.2.10@14334) for context '/docs'
05-Apr-2019 17:36:11.315 INFO [main] com.sun.faces.spi.InjectionProviderFactory.createInstance JSF1048: PostConstruct/PreDestroy annotations present.  ManagedBeans methods marked with these annotations will have said annotations processed.
05-Apr-2019 17:36:11.973 INFO [main] org.apache.catalina.startup.HostConfig.deployDirectory Deployment of web application directory [C:\My\item_analyzer_web_app\apache-tomcat-9.0.16[configured for deployment]\webapps\docs] has finished in [3,505] ms
05-Apr-2019 17:36:11.973 INFO [main] org.apache.catalina.startup.HostConfig.deployDirectory Deploying web application directory [C:\My\item_analyzer_web_app\apache-tomcat-9.0.16[configured for deployment]\webapps\examples]
05-Apr-2019 17:36:14.189 INFO [main] org.apache.jasper.servlet.TldScanner.scanJars At least one JAR was scanned for TLDs yet contained no TLDs. Enable debug logging for this logger for a complete list of JARs that were scanned but no TLDs were found in them. Skipping unneeded JARs during scanning can improve startup time and JSP compilation time.
05-Apr-2019 17:36:14.237 INFO [main] com.sun.faces.config.ConfigureListener.contextInitialized Initializing Mojarra 2.2.10 ( 20150205-0906 https://svn.java.net/svn/mojarra~svn/tags/2.2.10@14334) for context '/examples'
05-Apr-2019 17:36:14.320 INFO [main] com.sun.faces.spi.InjectionProviderFactory.createInstance JSF1048: PostConstruct/PreDestroy annotations present.  ManagedBeans methods marked with these annotations will have said annotations processed.
05-Apr-2019 17:36:14.602 INFO [main] org.apache.catalina.startup.HostConfig.deployDirectory Deployment of web application directory [C:\My\item_analyzer_web_app\apache-tomcat-9.0.16[configured for deployment]\webapps\examples] has finished in [2,629] ms
05-Apr-2019 17:36:14.602 INFO [main] org.apache.catalina.startup.HostConfig.deployDirectory Deploying web application directory [C:\My\item_analyzer_web_app\apache-tomcat-9.0.16[configured for deployment]\webapps\host-manager]
05-Apr-2019 17:36:16.354 INFO [main] org.apache.jasper.servlet.TldScanner.scanJars At least one JAR was scanned for TLDs yet contained no TLDs. Enable debug logging for this logger for a complete list of JARs that were scanned but no TLDs were found in them. Skipping unneeded JARs during scanning can improve startup time and JSP compilation time.
05-Apr-2019 17:36:16.370 INFO [main] com.sun.faces.config.ConfigureListener.contextInitialized Initializing Mojarra 2.2.10 ( 20150205-0906 https://svn.java.net/svn/mojarra~svn/tags/2.2.10@14334) for context '/host-manager'
05-Apr-2019 17:36:16.470 INFO [main] com.sun.faces.spi.InjectionProviderFactory.createInstance JSF1048: PostConstruct/PreDestroy annotations present.  ManagedBeans methods marked with these annotations will have said annotations processed.
05-Apr-2019 17:36:16.635 INFO [main] org.apache.catalina.startup.HostConfig.deployDirectory Deployment of web application directory [C:\My\item_analyzer_web_app\apache-tomcat-9.0.16[configured for deployment]\webapps\host-manager] has finished in [2,033] ms
05-Apr-2019 17:36:16.635 INFO [main] org.apache.catalina.startup.HostConfig.deployDirectory Deploying web application directory [C:\My\item_analyzer_web_app\apache-tomcat-9.0.16[configured for deployment]\webapps\manager]
05-Apr-2019 17:36:18.022 INFO [main] org.apache.jasper.servlet.TldScanner.scanJars At least one JAR was scanned for TLDs yet contained no TLDs. Enable debug logging for this logger for a complete list of JARs that were scanned but no TLDs were found in them. Skipping unneeded JARs during scanning can improve startup time and JSP compilation time.
05-Apr-2019 17:36:18.024 INFO [main] com.sun.faces.config.ConfigureListener.contextInitialized Initializing Mojarra 2.2.10 ( 20150205-0906 https://svn.java.net/svn/mojarra~svn/tags/2.2.10@14334) for context '/manager'
05-Apr-2019 17:36:18.064 INFO [main] com.sun.faces.spi.InjectionProviderFactory.createInstance JSF1048: PostConstruct/PreDestroy annotations present.  ManagedBeans methods marked with these annotations will have said annotations processed.
05-Apr-2019 17:36:18.135 INFO [main] org.apache.catalina.startup.HostConfig.deployDirectory Deployment of web application directory [C:\My\item_analyzer_web_app\apache-tomcat-9.0.16[configured for deployment]\webapps\manager] has finished in [1,500] ms
05-Apr-2019 17:36:18.135 INFO [main] org.apache.catalina.startup.HostConfig.deployDirectory Deploying web application directory [C:\My\item_analyzer_web_app\apache-tomcat-9.0.16[configured for deployment]\webapps\ROOT]
05-Apr-2019 17:36:19.342 INFO [main] org.apache.jasper.servlet.TldScanner.scanJars At least one JAR was scanned for TLDs yet contained no TLDs. Enable debug logging for this logger for a complete list of JARs that were scanned but no TLDs were found in them. Skipping unneeded JARs during scanning can improve startup time and JSP compilation time.
05-Apr-2019 17:36:19.352 INFO [main] com.sun.faces.config.ConfigureListener.contextInitialized Initializing Mojarra 2.2.10 ( 20150205-0906 https://svn.java.net/svn/mojarra~svn/tags/2.2.10@14334) for context ''
05-Apr-2019 17:36:19.399 INFO [main] com.sun.faces.spi.InjectionProviderFactory.createInstance JSF1048: PostConstruct/PreDestroy annotations present.  ManagedBeans methods marked with these annotations will have said annotations processed.
05-Apr-2019 17:36:19.399 SEVERE [main] com.sun.faces.config.JavaClassScanningAnnotationScanner$ConstantPoolInfo.containsAnnotation Unknow type constant pool 18 at position 7
05-Apr-2019 17:36:19.399 SEVERE [main] com.sun.faces.config.JavaClassScanningAnnotationScanner$ConstantPoolInfo.containsAnnotation Unknow type constant pool 0 at position 8
05-Apr-2019 17:36:19.399 SEVERE [main] com.sun.faces.config.JavaClassScanningAnnotationScanner$ConstantPoolInfo.containsAnnotation Unknow type constant pool 0 at position 9
05-Apr-2019 17:36:19.399 SEVERE [main] com.sun.faces.config.JavaClassScanningAnnotationScanner$ConstantPoolInfo.containsAnnotation Unknow type constant pool 0 at position 10
05-Apr-2019 17:36:19.399 SEVERE [main] com.sun.faces.config.JavaClassScanningAnnotationScanner$ConstantPoolInfo.containsAnnotation Unknow type constant pool 69 at position 11
05-Apr-2019 17:36:19.399 SEVERE [main] com.sun.faces.config.JavaClassScanningAnnotationScanner$ConstantPoolInfo.containsAnnotation Unknow type constant pool 15 at position 69
05-Apr-2019 17:36:19.399 SEVERE [main] com.sun.faces.config.JavaClassScanningAnnotationScanner$ConstantPoolInfo.containsAnnotation Unknow type constant pool 95 at position 72
05-Apr-2019 17:36:19.399 SEVERE [main] com.sun.faces.config.JavaClassScanningAnnotationScanner$ConstantPoolInfo.containsAnnotation Unknow type constant pool 16 at position 73
05-Apr-2019 17:36:19.399 SEVERE [main] com.sun.faces.config.JavaClassScanningAnnotationScanner$ConstantPoolInfo.containsAnnotation Unknow type constant pool 0 at position 74
05-Apr-2019 17:36:19.399 SEVERE [main] com.sun.faces.config.JavaClassScanningAnnotationScanner$ConstantPoolInfo.containsAnnotation Unknow type constant pool 45 at position 75
05-Apr-2019 17:36:19.415 SEVERE [main] com.sun.faces.config.JavaClassScanningAnnotationScanner$ConstantPoolInfo.containsAnnotation Unknow type constant pool 18 at position 8
05-Apr-2019 17:36:19.415 SEVERE [main] com.sun.faces.config.JavaClassScanningAnnotationScanner$ConstantPoolInfo.containsAnnotation Unknow type constant pool 0 at position 9
05-Apr-2019 17:36:19.415 SEVERE [main] com.sun.faces.config.JavaClassScanningAnnotationScanner$ConstantPoolInfo.containsAnnotation Unknow type constant pool 0 at position 10
05-Apr-2019 17:36:19.415 SEVERE [main] com.sun.faces.config.JavaClassScanningAnnotationScanner$ConstantPoolInfo.containsAnnotation Unknow type constant pool 0 at position 11
05-Apr-2019 17:36:19.415 SEVERE [main] com.sun.faces.config.JavaClassScanningAnnotationScanner$ConstantPoolInfo.containsAnnotation Unknow type constant pool 82 at position 12
05-Apr-2019 17:36:19.415 SEVERE [main] com.sun.faces.config.JavaClassScanningAnnotationScanner$ConstantPoolInfo.containsAnnotation Unknow type constant pool 15 at position 82
05-Apr-2019 17:36:19.415 SEVERE [main] com.sun.faces.config.JavaClassScanningAnnotationScanner$ConstantPoolInfo.containsAnnotation Unknow type constant pool 119 at position 85
05-Apr-2019 17:36:19.415 SEVERE [main] com.sun.faces.config.JavaClassScanningAnnotationScanner$ConstantPoolInfo.containsAnnotation Unknow type constant pool 16 at position 86
05-Apr-2019 17:36:19.415 SEVERE [main] com.sun.faces.config.JavaClassScanningAnnotationScanner$ConstantPoolInfo.containsAnnotation Unknow type constant pool 0 at position 87
05-Apr-2019 17:36:19.415 SEVERE [main] com.sun.faces.config.JavaClassScanningAnnotationScanner$ConstantPoolInfo.containsAnnotation Unknow type constant pool 58 at position 88
05-Apr-2019 17:36:19.415 SEVERE [main] com.sun.faces.config.JavaClassScanningAnnotationScanner$ConstantPoolInfo.containsAnnotation Unknow type constant pool 18 at position 8
05-Apr-2019 17:36:19.415 SEVERE [main] com.sun.faces.config.JavaClassScanningAnnotationScanner$ConstantPoolInfo.containsAnnotation Unknow type constant pool 0 at position 9
05-Apr-2019 17:36:19.415 SEVERE [main] com.sun.faces.config.JavaClassScanningAnnotationScanner$ConstantPoolInfo.containsAnnotation Unknow type constant pool 0 at position 10
05-Apr-2019 17:36:19.415 SEVERE [main] com.sun.faces.config.JavaClassScanningAnnotationScanner$ConstantPoolInfo.containsAnnotation Unknow type constant pool 0 at position 11
05-Apr-2019 17:36:19.415 SEVERE [main] com.sun.faces.config.JavaClassScanningAnnotationScanner$ConstantPoolInfo.containsAnnotation Unknow type constant pool 87 at position 12
05-Apr-2019 17:36:19.415 SEVERE [main] com.sun.faces.config.JavaClassScanningAnnotationScanner$ConstantPoolInfo.containsAnnotation Unknow type constant pool 15 at position 87
05-Apr-2019 17:36:19.415 SEVERE [main] com.sun.faces.config.JavaClassScanningAnnotationScanner$ConstantPoolInfo.containsAnnotation Unknow type constant pool 120 at position 90
05-Apr-2019 17:36:19.415 SEVERE [main] com.sun.faces.config.JavaClassScanningAnnotationScanner$ConstantPoolInfo.containsAnnotation Unknow type constant pool 16 at position 91
05-Apr-2019 17:36:19.415 SEVERE [main] com.sun.faces.config.JavaClassScanningAnnotationScanner$ConstantPoolInfo.containsAnnotation Unknow type constant pool 0 at position 92
05-Apr-2019 17:36:19.415 SEVERE [main] com.sun.faces.config.JavaClassScanningAnnotationScanner$ConstantPoolInfo.containsAnnotation Unknow type constant pool 62 at position 93
05-Apr-2019 17:36:19.415 SEVERE [main] com.sun.faces.config.JavaClassScanningAnnotationScanner$ConstantPoolInfo.containsAnnotation Unknow type constant pool 18 at position 3
05-Apr-2019 17:36:19.415 SEVERE [main] com.sun.faces.config.JavaClassScanningAnnotationScanner$ConstantPoolInfo.containsAnnotation Unknow type constant pool 0 at position 4
05-Apr-2019 17:36:19.415 SEVERE [main] com.sun.faces.config.JavaClassScanningAnnotationScanner$ConstantPoolInfo.containsAnnotation Unknow type constant pool 0 at position 5
05-Apr-2019 17:36:19.415 SEVERE [main] com.sun.faces.config.JavaClassScanningAnnotationScanner$ConstantPoolInfo.containsAnnotation Unknow type constant pool 0 at position 6
05-Apr-2019 17:36:19.415 SEVERE [main] com.sun.faces.config.JavaClassScanningAnnotationScanner$ConstantPoolInfo.containsAnnotation Unknow type constant pool 48 at position 7
05-Apr-2019 17:36:19.415 SEVERE [main] com.sun.faces.config.JavaClassScanningAnnotationScanner$ConstantPoolInfo.containsAnnotation Unknow type constant pool 15 at position 48
05-Apr-2019 17:36:19.415 SEVERE [main] com.sun.faces.config.JavaClassScanningAnnotationScanner$ConstantPoolInfo.containsAnnotation Unknow type constant pool 67 at position 51
05-Apr-2019 17:36:19.415 SEVERE [main] com.sun.faces.config.JavaClassScanningAnnotationScanner$ConstantPoolInfo.containsAnnotation Unknow type constant pool 16 at position 52
05-Apr-2019 17:36:19.415 SEVERE [main] com.sun.faces.config.JavaClassScanningAnnotationScanner$ConstantPoolInfo.containsAnnotation Unknow type constant pool 0 at position 53
05-Apr-2019 17:36:19.415 SEVERE [main] com.sun.faces.config.JavaClassScanningAnnotationScanner$ConstantPoolInfo.containsAnnotation Unknow type constant pool 35 at position 54
05-Apr-2019 17:36:19.432 SEVERE [main] com.sun.faces.config.JavaClassScanningAnnotationScanner$ConstantPoolInfo.containsAnnotation Unknow type constant pool 18 at position 25
05-Apr-2019 17:36:19.432 SEVERE [main] com.sun.faces.config.JavaClassScanningAnnotationScanner$ConstantPoolInfo.containsAnnotation Unknow type constant pool 0 at position 26
05-Apr-2019 17:36:19.433 SEVERE [main] com.sun.faces.config.JavaClassScanningAnnotationScanner$ConstantPoolInfo.containsAnnotation Unknow type constant pool 0 at position 27
05-Apr-2019 17:36:19.434 SEVERE [main] com.sun.faces.config.JavaClassScanningAnnotationScanner$ConstantPoolInfo.containsAnnotation Unknow type constant pool 0 at position 28
05-Apr-2019 17:36:19.434 SEVERE [main] com.sun.faces.config.JavaClassScanningAnnotationScanner$ConstantPoolInfo.containsAnnotation Unknow type constant pool -101 at position 29
05-Apr-2019 17:36:19.435 SEVERE [main] com.sun.faces.config.JavaClassScanningAnnotationScanner$ConstantPoolInfo.containsAnnotation Unknow type constant pool 18 at position 36
05-Apr-2019 17:36:19.435 SEVERE [main] com.sun.faces.config.JavaClassScanningAnnotationScanner$ConstantPoolInfo.containsAnnotation Unknow type constant pool 0 at position 37
05-Apr-2019 17:36:19.435 SEVERE [main] com.sun.faces.config.JavaClassScanningAnnotationScanner$ConstantPoolInfo.containsAnnotation Unknow type constant pool 0 at position 39
05-Apr-2019 17:36:19.436 SEVERE [main] com.sun.faces.config.JavaClassScanningAnnotationScanner$ConstantPoolInfo.containsAnnotation Unknow type constant pool 15 at position 128
05-Apr-2019 17:36:19.436 SEVERE [main] com.sun.faces.config.JavaClassScanningAnnotationScanner$ConstantPoolInfo.containsAnnotation Unknow type constant pool -34 at position 131
05-Apr-2019 17:36:19.437 SEVERE [main] com.sun.faces.config.JavaClassScanningAnnotationScanner$ConstantPoolInfo.containsAnnotation Unknow type constant pool 16 at position 132
05-Apr-2019 17:36:19.437 SEVERE [main] com.sun.faces.config.JavaClassScanningAnnotationScanner$ConstantPoolInfo.containsAnnotation Unknow type constant pool 0 at position 133
05-Apr-2019 17:36:19.438 SEVERE [main] com.sun.faces.config.JavaClassScanningAnnotationScanner$ConstantPoolInfo.containsAnnotation Unknow type constant pool -33 at position 134
05-Apr-2019 17:36:19.438 SEVERE [main] com.sun.faces.config.JavaClassScanningAnnotationScanner$ConstantPoolInfo.containsAnnotation Unknow type constant pool 16 at position 143
05-Apr-2019 17:36:19.438 SEVERE [main] com.sun.faces.config.JavaClassScanningAnnotationScanner$ConstantPoolInfo.containsAnnotation Unknow type constant pool 0 at position 144
05-Apr-2019 17:36:19.439 SEVERE [main] com.sun.faces.config.JavaClassScanningAnnotationScanner$ConstantPoolInfo.containsAnnotation Unknow type constant pool -22 at position 145
05-Apr-2019 17:36:19.439 SEVERE [main] com.sun.faces.config.JavaClassScanningAnnotationScanner$ConstantPoolInfo.containsAnnotation Unknow type constant pool 15 at position 146
05-Apr-2019 17:36:19.440 SEVERE [main] com.sun.faces.config.JavaClassScanningAnnotationScanner$ConstantPoolInfo.containsAnnotation Unknow type constant pool 0 at position 149
05-Apr-2019 17:36:19.440 SEVERE [main] com.sun.faces.config.JavaClassScanningAnnotationScanner$ConstantPoolInfo.containsAnnotation Unknow type constant pool -18 at position 150
05-Apr-2019 17:36:19.440 SEVERE [main] com.sun.faces.config.JavaClassScanningAnnotationScanner$ConstantPoolInfo.containsAnnotation Unknow type constant pool 16 at position 152
05-Apr-2019 17:36:19.442 SEVERE [main] com.sun.faces.config.JavaClassScanningAnnotationScanner$ConstantPoolInfo.containsAnnotation Unknow type constant pool 0 at position 153
05-Apr-2019 17:36:19.443 SEVERE [main] com.sun.faces.config.JavaClassScanningAnnotationScanner$ConstantPoolInfo.containsAnnotation Unknow type constant pool -15 at position 154
05-Apr-2019 17:36:19.443 SEVERE [main] com.sun.faces.config.JavaClassScanningAnnotationScanner$ConstantPoolInfo.containsAnnotation Unknow type constant pool 15 at position 155
05-Apr-2019 17:36:19.444 SEVERE [main] com.sun.faces.config.JavaClassScanningAnnotationScanner$ConstantPoolInfo.containsAnnotation Unknow type constant pool 0 at position 158
05-Apr-2019 17:36:19.444 SEVERE [main] com.sun.faces.config.JavaClassScanningAnnotationScanner$ConstantPoolInfo.containsAnnotation Unknow type constant pool -12 at position 159
05-Apr-2019 17:36:19.445 SEVERE [main] com.sun.faces.config.JavaClassScanningAnnotationScanner$ConstantPoolInfo.containsAnnotation Unknow type constant pool 16 at position 165
05-Apr-2019 17:36:19.445 SEVERE [main] com.sun.faces.config.JavaClassScanningAnnotationScanner$ConstantPoolInfo.containsAnnotation Unknow type constant pool 0 at position 166
05-Apr-2019 17:36:19.446 SEVERE [main] com.sun.faces.config.JavaClassScanningAnnotationScanner$ConstantPoolInfo.containsAnnotation Unknow type constant pool -5 at position 167
05-Apr-2019 17:36:19.446 SEVERE [main] com.sun.faces.config.JavaClassScanningAnnotationScanner$ConstantPoolInfo.containsAnnotation Unknow type constant pool 15 at position 168
05-Apr-2019 17:36:19.446 SEVERE [main] com.sun.faces.config.JavaClassScanningAnnotationScanner$ConstantPoolInfo.containsAnnotation Unknow type constant pool 0 at position 171
05-Apr-2019 17:36:19.447 SEVERE [main] com.sun.faces.config.JavaClassScanningAnnotationScanner$ConstantPoolInfo.containsAnnotation Unknow type constant pool -2 at position 172
05-Apr-2019 17:36:19.447 SEVERE [main] com.sun.faces.config.JavaClassScanningAnnotationScanner$ConstantPoolInfo.containsAnnotation Unknow type constant pool 15 at position 182
05-Apr-2019 17:36:19.447 SEVERE [main] com.sun.faces.config.JavaClassScanningAnnotationScanner$ConstantPoolInfo.containsAnnotation Unknow type constant pool 0 at position 185
05-Apr-2019 17:36:19.447 SEVERE [main] com.sun.faces.config.JavaClassScanningAnnotationScanner$ConstantPoolInfo.containsAnnotation Unknow type constant pool 20 at position 186
05-Apr-2019 17:36:19.447 SEVERE [main] com.sun.faces.config.JavaClassScanningAnnotationScanner$ConstantPoolInfo.containsAnnotation Unknow type constant pool 106 at position 187
05-Apr-2019 17:36:19.447 SEVERE [main] com.sun.faces.config.JavaClassScanningAnnotationScanner$ConstantPoolInfo.containsAnnotation Unknow type constant pool 97 at position 188
05-Apr-2019 17:36:19.447 SEVERE [main] com.sun.faces.config.JavaClassScanningAnnotationScanner$ConstantPoolInfo.containsAnnotation Unknow type constant pool 118 at position 189
05-Apr-2019 17:36:19.447 SEVERE [main] com.sun.faces.config.JavaClassScanningAnnotationScanner$ConstantPoolInfo.containsAnnotation Unknow type constant pool 97 at position 190
05-Apr-2019 17:36:19.447 SEVERE [main] com.sun.faces.config.JavaClassScanningAnnotationScanner$ConstantPoolInfo.containsAnnotation Unknow type constant pool 47 at position 191
05-Apr-2019 17:36:19.447 SEVERE [main] com.sun.faces.config.JavaClassScanningAnnotationScanner$ConstantPoolInfo.containsAnnotation Unknow type constant pool 109 at position 192
05-Apr-2019 17:36:19.447 SEVERE [main] com.sun.faces.config.JavaClassScanningAnnotationScanner$ConstantPoolInfo.containsAnnotation Unknow type constant pool 97 at position 193
05-Apr-2019 17:36:19.452 SEVERE [main] com.sun.faces.config.JavaClassScanningAnnotationScanner$ConstantPoolInfo.containsAnnotation Unknow type constant pool 116 at position 194
05-Apr-2019 17:36:19.452 SEVERE [main] com.sun.faces.config.JavaClassScanningAnnotationScanner$ConstantPoolInfo.containsAnnotation Unknow type constant pool 104 at position 195
05-Apr-2019 17:36:19.452 SEVERE [main] com.sun.faces.config.JavaClassScanningAnnotationScanner$ConstantPoolInfo.containsAnnotation Unknow type constant pool 47 at position 196
05-Apr-2019 17:36:19.452 SEVERE [main] com.sun.faces.config.JavaClassScanningAnnotationScanner$ConstantPoolInfo.containsAnnotation Unknow type constant pool 66 at position 197
05-Apr-2019 17:36:19.452 SEVERE [main] com.sun.faces.config.JavaClassScanningAnnotationScanner$ConstantPoolInfo.containsAnnotation Unknow type constant pool 105 at position 198
05-Apr-2019 17:36:19.452 SEVERE [main] com.sun.faces.config.JavaClassScanningAnnotationScanner$ConstantPoolInfo.containsAnnotation Unknow type constant pool 103 at position 199
05-Apr-2019 17:36:19.452 SEVERE [main] com.sun.faces.config.JavaClassScanningAnnotationScanner$ConstantPoolInfo.containsAnnotation Unknow type constant pool 68 at position 200
05-Apr-2019 17:36:19.452 SEVERE [main] com.sun.faces.config.JavaClassScanningAnnotationScanner$ConstantPoolInfo.containsAnnotation Unknow type constant pool 101 at position 201
05-Apr-2019 17:36:19.452 SEVERE [main] com.sun.faces.config.JavaClassScanningAnnotationScanner$ConstantPoolInfo.containsAnnotation Unknow type constant pool 99 at position 202
05-Apr-2019 17:36:19.452 SEVERE [main] com.sun.faces.config.JavaClassScanningAnnotationScanner$ConstantPoolInfo.containsAnnotation Unknow type constant pool 105 at position 203
05-Apr-2019 17:36:19.452 SEVERE [main] com.sun.faces.config.JavaClassScanningAnnotationScanner$ConstantPoolInfo.containsAnnotation Unknow type constant pool 109 at position 204
05-Apr-2019 17:36:19.452 SEVERE [main] com.sun.faces.config.JavaClassScanningAnnotationScanner$ConstantPoolInfo.containsAnnotation Unknow type constant pool 97 at position 205
05-Apr-2019 17:36:19.452 SEVERE [main] com.sun.faces.config.JavaClassScanningAnnotationScanner$ConstantPoolInfo.containsAnnotation Unknow type constant pool 108 at position 206
05-Apr-2019 17:36:19.452 SEVERE [main] com.sun.faces.config.JavaClassScanningAnnotationScanner$ConstantPoolInfo.containsAnnotation Unknow type constant pool 18 at position 39
05-Apr-2019 17:36:19.452 SEVERE [main] com.sun.faces.config.JavaClassScanningAnnotationScanner$ConstantPoolInfo.containsAnnotation Unknow type constant pool 0 at position 40
05-Apr-2019 17:36:19.452 SEVERE [main] com.sun.faces.config.JavaClassScanningAnnotationScanner$ConstantPoolInfo.containsAnnotation Unknow type constant pool 0 at position 41
05-Apr-2019 17:36:19.452 SEVERE [main] com.sun.faces.config.JavaClassScanningAnnotationScanner$ConstantPoolInfo.containsAnnotation Unknow type constant pool 0 at position 42
05-Apr-2019 17:36:19.452 SEVERE [main] com.sun.faces.config.JavaClassScanningAnnotationScanner$ConstantPoolInfo.containsAnnotation Unknow type constant pool -17 at position 43
05-Apr-2019 17:36:19.452 SEVERE [main] com.sun.faces.config.JavaClassScanningAnnotationScanner$ConstantPoolInfo.containsAnnotation Unknow type constant pool 18 at position 45
05-Apr-2019 17:36:19.452 SEVERE [main] com.sun.faces.config.JavaClassScanningAnnotationScanner$ConstantPoolInfo.containsAnnotation Unknow type constant pool 0 at position 46
05-Apr-2019 17:36:19.452 SEVERE [main] com.sun.faces.config.JavaClassScanningAnnotationScanner$ConstantPoolInfo.containsAnnotation Unknow type constant pool 46 at position 48
05-Apr-2019 17:36:19.452 SEVERE [main] com.sun.faces.config.JavaClassScanningAnnotationScanner$ConstantPoolInfo.containsAnnotation Unknow type constant pool 15 at position 184
05-Apr-2019 17:36:19.452 SEVERE [main] com.sun.faces.config.JavaClassScanningAnnotationScanner$ConstantPoolInfo.containsAnnotation Unknow type constant pool 98 at position 187
05-Apr-2019 17:36:19.452 SEVERE [main] com.sun.faces.config.JavaClassScanningAnnotationScanner$ConstantPoolInfo.containsAnnotation Unknow type constant pool 16 at position 188
05-Apr-2019 17:36:19.452 SEVERE [main] com.sun.faces.config.JavaClassScanningAnnotationScanner$ConstantPoolInfo.containsAnnotation Unknow type constant pool 0 at position 189
05-Apr-2019 17:36:19.452 SEVERE [main] com.sun.faces.config.JavaClassScanningAnnotationScanner$ConstantPoolInfo.containsAnnotation Unknow type constant pool -62 at position 190
05-Apr-2019 17:36:19.452 SEVERE [main] com.sun.faces.config.JavaClassScanningAnnotationScanner$ConstantPoolInfo.containsAnnotation Unknow type constant pool 16 at position 193
05-Apr-2019 17:36:19.452 SEVERE [main] com.sun.faces.config.JavaClassScanningAnnotationScanner$ConstantPoolInfo.containsAnnotation Unknow type constant pool 0 at position 194
05-Apr-2019 17:36:19.452 SEVERE [main] com.sun.faces.config.JavaClassScanningAnnotationScanner$ConstantPoolInfo.containsAnnotation Unknow type constant pool -67 at position 195
05-Apr-2019 17:36:19.452 SEVERE [main] com.sun.faces.config.JavaClassScanningAnnotationScanner$ConstantPoolInfo.containsAnnotation Unknow type constant pool 15 at position 196
05-Apr-2019 17:36:19.552 INFO [main] org.apache.catalina.startup.HostConfig.deployDirectory Deployment of web application directory [C:\My\item_analyzer_web_app\apache-tomcat-9.0.16[configured for deployment]\webapps\ROOT] has finished in [1,417] ms
05-Apr-2019 17:36:19.552 INFO [main] org.apache.coyote.AbstractProtocol.start Starting ProtocolHandler ["http-nio-8080"]
05-Apr-2019 17:36:19.552 INFO [main] org.apache.coyote.AbstractProtocol.start Starting ProtocolHandler ["ajp-nio-8009"]
05-Apr-2019 17:36:19.568 INFO [main] org.apache.catalina.startup.Catalina.start Server startup in [11,151] milliseconds
05-Apr-2019 17:36:29.892 INFO [http-nio-8080-exec-1] org.apache.tomcat.util.http.parser.Cookie.logInvalidHeader A cookie header was received [necessaryCookies":["cookie-notification"],"optionalCookies":{},"initialState":{"type":"closed"},"statement":{},"consentDate":1552665427362,"consentExpiry":30,"interactedWith":true,"user":"63B6324F-36A9-4482-BE7C-6CAEFE09EFF7"}] that contained an invalid cookie. That cookie will be ignored.
 Note: further occurrences of this error will be logged at DEBUG level.
05-Apr-2019 17:36:30.249 INFO [http-nio-8080-exec-1] org.springframework.integration.config.DefaultConfiguringBeanFactoryPostProcessor.registerErrorChannel No bean named 'errorChannel' has been explicitly defined. Therefore, a default PublishSubscribeChannel will be created.
05-Apr-2019 17:36:30.255 INFO [http-nio-8080-exec-1] org.springframework.integration.config.DefaultConfiguringBeanFactoryPostProcessor.registerTaskScheduler No bean named 'taskScheduler' has been explicitly defined. Therefore, a default ThreadPoolTaskScheduler will be created.
05-Apr-2019 17:36:30.267 INFO [http-nio-8080-exec-1] org.springframework.integration.config.DefaultConfiguringBeanFactoryPostProcessor.registerHeaderChannelRegistry No bean named 'integrationHeaderChannelRegistry' has been explicitly defined. Therefore, a default DefaultHeaderChannelRegistry will be created.
05-Apr-2019 17:36:30.712 INFO [http-nio-8080-exec-1] org.springframework.scheduling.concurrent.ExecutorConfigurationSupport.initialize Initializing ExecutorService 'taskScheduler'
05-Apr-2019 17:36:30.744 INFO [http-nio-8080-exec-1] org.springframework.integration.endpoint.EventDrivenConsumer.logComponentSubscriptionEvent Adding {service-activator} as a subscriber to the 'filesIn' channel
05-Apr-2019 17:36:30.745 INFO [http-nio-8080-exec-1] org.springframework.integration.channel.AbstractSubscribableChannel.adjustCounterIfNecessary Channel 'org.springframework.context.support.ClassPathXmlApplicationContext@73678e.filesIn' has 1 subscriber(s).
05-Apr-2019 17:36:30.745 INFO [http-nio-8080-exec-1] org.springframework.integration.endpoint.AbstractEndpoint.start started org.springframework.integration.config.ConsumerEndpointFactoryBean#0
05-Apr-2019 17:36:30.745 INFO [http-nio-8080-exec-1] org.springframework.integration.endpoint.EventDrivenConsumer.logComponentSubscriptionEvent Adding {message-handler:filesOut.adapter} as a subscriber to the 'filesOut' channel
05-Apr-2019 17:36:30.746 INFO [http-nio-8080-exec-1] org.springframework.integration.channel.AbstractSubscribableChannel.adjustCounterIfNecessary Channel 'org.springframework.context.support.ClassPathXmlApplicationContext@73678e.filesOut' has 1 subscriber(s).
05-Apr-2019 17:36:30.747 INFO [http-nio-8080-exec-1] org.springframework.integration.endpoint.AbstractEndpoint.start started filesOut.adapter
05-Apr-2019 17:36:30.747 INFO [http-nio-8080-exec-1] org.springframework.integration.endpoint.EventDrivenConsumer.logComponentSubscriptionEvent Adding {logging-channel-adapter:_org.springframework.integration.errorLogger} as a subscriber to the 'errorChannel' channel
05-Apr-2019 17:36:30.747 INFO [http-nio-8080-exec-1] org.springframework.integration.channel.AbstractSubscribableChannel.adjustCounterIfNecessary Channel 'org.springframework.context.support.ClassPathXmlApplicationContext@73678e.errorChannel' has 1 subscriber(s).
05-Apr-2019 17:36:30.748 INFO [http-nio-8080-exec-1] org.springframework.integration.endpoint.AbstractEndpoint.start started _org.springframework.integration.errorLogger
05-Apr-2019 17:36:30.752 INFO [http-nio-8080-exec-1] org.springframework.integration.endpoint.AbstractEndpoint.start started filesIn.adapter
05-Apr-2019 17:45:32.482 INFO [Thread-5] org.apache.coyote.AbstractProtocol.pause Pausing ProtocolHandler ["http-nio-8080"]
05-Apr-2019 17:45:32.521 INFO [Thread-5] org.apache.coyote.AbstractProtocol.pause Pausing ProtocolHandler ["ajp-nio-8009"]
05-Apr-2019 17:45:32.551 INFO [Thread-5] org.apache.catalina.core.StandardService.stopInternal Stopping service [Catalina]
05-Apr-2019 17:45:32.551 SEVERE [Thread-5] com.sun.faces.config.ConfigureListener.contextDestroyed Unexpected state during contextDestroyed: no ConfigManager instance in current ServletContext but one is expected to exist.
05-Apr-2019 17:45:32.567 WARNING [Thread-5] org.apache.catalina.loader.WebappClassLoaderBase.clearReferencesThreads The web application [ROOT] appears to have started a thread named [task-scheduler-1] but has failed to stop it. This is very likely to create a memory leak. Stack trace of thread:
 sun.misc.Unsafe.park(Native Method)
 java.util.concurrent.locks.LockSupport.park(LockSupport.java:175)
 java.util.concurrent.locks.AbstractQueuedSynchronizer$ConditionObject.await(AbstractQueuedSynchronizer.java:2039)
 java.util.concurrent.ScheduledThreadPoolExecutor$DelayedWorkQueue.take(ScheduledThreadPoolExecutor.java:1088)
 java.util.concurrent.ScheduledThreadPoolExecutor$DelayedWorkQueue.take(ScheduledThreadPoolExecutor.java:809)
 java.util.concurrent.ThreadPoolExecutor.getTask(ThreadPoolExecutor.java:1074)
 java.util.concurrent.ThreadPoolExecutor.runWorker(ThreadPoolExecutor.java:1134)
 java.util.concurrent.ThreadPoolExecutor$Worker.run(ThreadPoolExecutor.java:624)
 java.lang.Thread.run(Thread.java:748)
05-Apr-2019 17:45:32.567 WARNING [Thread-5] org.apache.catalina.loader.WebappClassLoaderBase.clearReferencesThreads The web application [ROOT] appears to have started a thread named [task-scheduler-2] but has failed to stop it. This is very likely to create a memory leak. Stack trace of thread:
 sun.misc.Unsafe.park(Native Method)
 java.util.concurrent.locks.LockSupport.park(LockSupport.java:175)
 java.util.concurrent.locks.AbstractQueuedSynchronizer$ConditionObject.await(AbstractQueuedSynchronizer.java:2039)
 java.util.concurrent.ScheduledThreadPoolExecutor$DelayedWorkQueue.take(ScheduledThreadPoolExecutor.java:1088)
 java.util.concurrent.ScheduledThreadPoolExecutor$DelayedWorkQueue.take(ScheduledThreadPoolExecutor.java:809)
 java.util.concurrent.ThreadPoolExecutor.getTask(ThreadPoolExecutor.java:1074)
 java.util.concurrent.ThreadPoolExecutor.runWorker(ThreadPoolExecutor.java:1134)
 java.util.concurrent.ThreadPoolExecutor$Worker.run(ThreadPoolExecutor.java:624)
 java.lang.Thread.run(Thread.java:748)
05-Apr-2019 17:45:32.567 WARNING [Thread-5] org.apache.catalina.loader.WebappClassLoaderBase.clearReferencesThreads The web application [ROOT] appears to have started a thread named [Java Sound Event Dispatcher] but has failed to stop it. This is very likely to create a memory leak. Stack trace of thread:
 java.lang.Object.wait(Native Method)
 java.lang.Object.wait(Object.java:502)
 com.sun.media.sound.EventDispatcher.dispatchEvents(EventDispatcher.java:182)
 com.sun.media.sound.EventDispatcher.run(EventDispatcher.java:222)
 java.lang.Thread.run(Thread.java:748)
05-Apr-2019 17:45:32.567 WARNING [Thread-5] org.apache.catalina.loader.WebappClassLoaderBase.clearReferencesThreads The web application [ROOT] appears to have started a thread named [task-scheduler-3] but has failed to stop it. This is very likely to create a memory leak. Stack trace of thread:
 sun.misc.Unsafe.park(Native Method)
 java.util.concurrent.locks.LockSupport.parkNanos(LockSupport.java:215)
 java.util.concurrent.locks.AbstractQueuedSynchronizer$ConditionObject.awaitNanos(AbstractQueuedSynchronizer.java:2078)
 java.util.concurrent.ScheduledThreadPoolExecutor$DelayedWorkQueue.take(ScheduledThreadPoolExecutor.java:1093)
 java.util.concurrent.ScheduledThreadPoolExecutor$DelayedWorkQueue.take(ScheduledThreadPoolExecutor.java:809)
 java.util.concurrent.ThreadPoolExecutor.getTask(ThreadPoolExecutor.java:1074)
 java.util.concurrent.ThreadPoolExecutor.runWorker(ThreadPoolExecutor.java:1134)
 java.util.concurrent.ThreadPoolExecutor$Worker.run(ThreadPoolExecutor.java:624)
 java.lang.Thread.run(Thread.java:748)
05-Apr-2019 17:45:32.567 WARNING [Thread-5] org.apache.catalina.loader.WebappClassLoaderBase.clearReferencesThreads The web application [ROOT] appears to have started a thread named [task-scheduler-4] but has failed to stop it. This is very likely to create a memory leak. Stack trace of thread:
 sun.misc.Unsafe.park(Native Method)
 java.util.concurrent.locks.LockSupport.park(LockSupport.java:175)
 java.util.concurrent.locks.AbstractQueuedSynchronizer$ConditionObject.await(AbstractQueuedSynchronizer.java:2039)
 java.util.concurrent.ScheduledThreadPoolExecutor$DelayedWorkQueue.take(ScheduledThreadPoolExecutor.java:1088)
 java.util.concurrent.ScheduledThreadPoolExecutor$DelayedWorkQueue.take(ScheduledThreadPoolExecutor.java:809)
 java.util.concurrent.ThreadPoolExecutor.getTask(ThreadPoolExecutor.java:1074)
 java.util.concurrent.ThreadPoolExecutor.runWorker(ThreadPoolExecutor.java:1134)
 java.util.concurrent.ThreadPoolExecutor$Worker.run(ThreadPoolExecutor.java:624)
 java.lang.Thread.run(Thread.java:748)
05-Apr-2019 17:45:32.567 WARNING [Thread-5] org.apache.catalina.loader.WebappClassLoaderBase.clearReferencesThreads The web application [ROOT] appears to have started a thread named [task-scheduler-5] but has failed to stop it. This is very likely to create a memory leak. Stack trace of thread:
 sun.misc.Unsafe.park(Native Method)
 java.util.concurrent.locks.LockSupport.park(LockSupport.java:175)
 java.util.concurrent.locks.AbstractQueuedSynchronizer$ConditionObject.await(AbstractQueuedSynchronizer.java:2039)
 java.util.concurrent.ScheduledThreadPoolExecutor$DelayedWorkQueue.take(ScheduledThreadPoolExecutor.java:1088)
 java.util.concurrent.ScheduledThreadPoolExecutor$DelayedWorkQueue.take(ScheduledThreadPoolExecutor.java:809)
 java.util.concurrent.ThreadPoolExecutor.getTask(ThreadPoolExecutor.java:1074)
 java.util.concurrent.ThreadPoolExecutor.runWorker(ThreadPoolExecutor.java:1134)
 java.util.concurrent.ThreadPoolExecutor$Worker.run(ThreadPoolExecutor.java:624)
 java.lang.Thread.run(Thread.java:748)
05-Apr-2019 17:45:32.567 WARNING [Thread-5] org.apache.catalina.loader.WebappClassLoaderBase.clearReferencesThreads The web application [ROOT] appears to have started a thread named [task-scheduler-6] but has failed to stop it. This is very likely to create a memory leak. Stack trace of thread:
 sun.misc.Unsafe.park(Native Method)
 java.util.concurrent.locks.LockSupport.park(LockSupport.java:175)
 java.util.concurrent.locks.AbstractQueuedSynchronizer$ConditionObject.await(AbstractQueuedSynchronizer.java:2039)
 java.util.concurrent.ScheduledThreadPoolExecutor$DelayedWorkQueue.take(ScheduledThreadPoolExecutor.java:1088)
 java.util.concurrent.ScheduledThreadPoolExecutor$DelayedWorkQueue.take(ScheduledThreadPoolExecutor.java:809)
 java.util.concurrent.ThreadPoolExecutor.getTask(ThreadPoolExecutor.java:1074)
 java.util.concurrent.ThreadPoolExecutor.runWorker(ThreadPoolExecutor.java:1134)
 java.util.concurrent.ThreadPoolExecutor$Worker.run(ThreadPoolExecutor.java:624)
 java.lang.Thread.run(Thread.java:748)
05-Apr-2019 17:45:32.567 WARNING [Thread-5] org.apache.catalina.loader.WebappClassLoaderBase.clearReferencesThreads The web application [ROOT] appears to have started a thread named [task-scheduler-7] but has failed to stop it. This is very likely to create a memory leak. Stack trace of thread:
 sun.misc.Unsafe.park(Native Method)
 java.util.concurrent.locks.LockSupport.park(LockSupport.java:175)
 java.util.concurrent.locks.AbstractQueuedSynchronizer$ConditionObject.await(AbstractQueuedSynchronizer.java:2039)
 java.util.concurrent.ScheduledThreadPoolExecutor$DelayedWorkQueue.take(ScheduledThreadPoolExecutor.java:1088)
 java.util.concurrent.ScheduledThreadPoolExecutor$DelayedWorkQueue.take(ScheduledThreadPoolExecutor.java:809)
 java.util.concurrent.ThreadPoolExecutor.getTask(ThreadPoolExecutor.java:1074)
 java.util.concurrent.ThreadPoolExecutor.runWorker(ThreadPoolExecutor.java:1134)
 java.util.concurrent.ThreadPoolExecutor$Worker.run(ThreadPoolExecutor.java:624)
 java.lang.Thread.run(Thread.java:748)
05-Apr-2019 17:45:32.567 WARNING [Thread-5] org.apache.catalina.loader.WebappClassLoaderBase.clearReferencesThreads The web application [ROOT] appears to have started a thread named [task-scheduler-8] but has failed to stop it. This is very likely to create a memory leak. Stack trace of thread:
 sun.misc.Unsafe.park(Native Method)
 java.util.concurrent.locks.LockSupport.park(LockSupport.java:175)
 java.util.concurrent.locks.AbstractQueuedSynchronizer$ConditionObject.await(AbstractQueuedSynchronizer.java:2039)
 java.util.concurrent.ScheduledThreadPoolExecutor$DelayedWorkQueue.take(ScheduledThreadPoolExecutor.java:1088)
 java.util.concurrent.ScheduledThreadPoolExecutor$DelayedWorkQueue.take(ScheduledThreadPoolExecutor.java:809)
 java.util.concurrent.ThreadPoolExecutor.getTask(ThreadPoolExecutor.java:1074)
 java.util.concurrent.ThreadPoolExecutor.runWorker(ThreadPoolExecutor.java:1134)
 java.util.concurrent.ThreadPoolExecutor$Worker.run(ThreadPoolExecutor.java:624)
 java.lang.Thread.run(Thread.java:748)
05-Apr-2019 17:45:32.567 WARNING [Thread-5] org.apache.catalina.loader.WebappClassLoaderBase.clearReferencesThreads The web application [ROOT] appears to have started a thread named [task-scheduler-9] but has failed to stop it. This is very likely to create a memory leak. Stack trace of thread:
 sun.misc.Unsafe.park(Native Method)
 java.util.concurrent.locks.LockSupport.park(LockSupport.java:175)
 java.util.concurrent.locks.AbstractQueuedSynchronizer$ConditionObject.await(AbstractQueuedSynchronizer.java:2039)
 java.util.concurrent.ScheduledThreadPoolExecutor$DelayedWorkQueue.take(ScheduledThreadPoolExecutor.java:1088)
 java.util.concurrent.ScheduledThreadPoolExecutor$DelayedWorkQueue.take(ScheduledThreadPoolExecutor.java:809)
 java.util.concurrent.ThreadPoolExecutor.getTask(ThreadPoolExecutor.java:1074)
 java.util.concurrent.ThreadPoolExecutor.runWorker(ThreadPoolExecutor.java:1134)
 java.util.concurrent.ThreadPoolExecutor$Worker.run(ThreadPoolExecutor.java:624)
 java.lang.Thread.run(Thread.java:748)
05-Apr-2019 17:45:32.567 WARNING [Thread-5] org.apache.catalina.loader.WebappClassLoaderBase.clearReferencesThreads The web application [ROOT] appears to have started a thread named [task-scheduler-10] but has failed to stop it. This is very likely to create a memory leak. Stack trace of thread:
 sun.misc.Unsafe.park(Native Method)
 java.util.concurrent.locks.LockSupport.park(LockSupport.java:175)
 java.util.concurrent.locks.AbstractQueuedSynchronizer$ConditionObject.await(AbstractQueuedSynchronizer.java:2039)
 java.util.concurrent.ScheduledThreadPoolExecutor$DelayedWorkQueue.take(ScheduledThreadPoolExecutor.java:1088)
 java.util.concurrent.ScheduledThreadPoolExecutor$DelayedWorkQueue.take(ScheduledThreadPoolExecutor.java:809)
 java.util.concurrent.ThreadPoolExecutor.getTask(ThreadPoolExecutor.java:1074)
 java.util.concurrent.ThreadPoolExecutor.runWorker(ThreadPoolExecutor.java:1134)
 java.util.concurrent.ThreadPoolExecutor$Worker.run(ThreadPoolExecutor.java:624)
 java.lang.Thread.run(Thread.java:748)
05-Apr-2019 17:45:32.582 SEVERE [Thread-5] com.sun.faces.config.ConfigureListener.contextDestroyed Unexpected state during contextDestroyed: no ConfigManager instance in current ServletContext but one is expected to exist.
05-Apr-2019 17:45:32.582 SEVERE [Thread-5] com.sun.faces.config.ConfigureListener.contextDestroyed Unexpected state during contextDestroyed: no ConfigManager instance in current ServletContext but one is expected to exist.
05-Apr-2019 17:45:32.601 SEVERE [Thread-5] com.sun.faces.config.ConfigureListener.contextDestroyed Unexpected state during contextDestroyed: no ConfigManager instance in current ServletContext but one is expected to exist.
05-Apr-2019 17:45:32.604 SEVERE [Thread-5] com.sun.faces.config.ConfigureListener.contextDestroyed Unexpected state during contextDestroyed: no ConfigManager instance in current ServletContext but one is expected to exist.
05-Apr-2019 17:45:32.604 INFO [Thread-5] org.apache.coyote.AbstractProtocol.stop Stopping ProtocolHandler ["http-nio-8080"]
05-Apr-2019 17:45:32.604 INFO [Thread-5] org.apache.coyote.AbstractProtocol.stop Stopping ProtocolHandler ["ajp-nio-8009"]
05-Apr-2019 17:45:32.604 INFO [Thread-5] org.apache.coyote.AbstractProtocol.destroy Destroying ProtocolHandler ["http-nio-8080"]
05-Apr-2019 17:45:32.604 INFO [Thread-5] org.apache.coyote.AbstractProtocol.destroy Destroying ProtocolHandler ["ajp-nio-8009"]
05-Apr-2019 17:46:19.327 INFO [main] org.apache.catalina.startup.VersionLoggerListener.log Server version name:   Apache Tomcat/9.0.16
05-Apr-2019 17:46:19.327 INFO [main] org.apache.catalina.startup.VersionLoggerListener.log Server built:          Feb 4 2019 16:30:29 UTC
05-Apr-2019 17:46:19.327 INFO [main] org.apache.catalina.startup.VersionLoggerListener.log Server version number: 9.0.16.0
05-Apr-2019 17:46:19.327 INFO [main] org.apache.catalina.startup.VersionLoggerListener.log OS Name:               Windows 10
05-Apr-2019 17:46:19.327 INFO [main] org.apache.catalina.startup.VersionLoggerListener.log OS Version:            10.0
05-Apr-2019 17:46:19.327 INFO [main] org.apache.catalina.startup.VersionLoggerListener.log Architecture:          amd64
05-Apr-2019 17:46:19.327 INFO [main] org.apache.catalina.startup.VersionLoggerListener.log Java Home:             C:\Program Files\Java\jdk1.8.0_201\jre
05-Apr-2019 17:46:19.327 INFO [main] org.apache.catalina.startup.VersionLoggerListener.log JVM Version:           1.8.0_201-b09
05-Apr-2019 17:46:19.327 INFO [main] org.apache.catalina.startup.VersionLoggerListener.log JVM Vendor:            Oracle Corporation
05-Apr-2019 17:46:19.327 INFO [main] org.apache.catalina.startup.VersionLoggerListener.log CATALINA_BASE:         C:\My\item_analyzer_web_app\apache-tomcat-9.0.16[configured for deployment]
05-Apr-2019 17:46:19.327 INFO [main] org.apache.catalina.startup.VersionLoggerListener.log CATALINA_HOME:         C:\My\item_analyzer_web_app\apache-tomcat-9.0.16[configured for deployment]
05-Apr-2019 17:46:19.327 INFO [main] org.apache.catalina.startup.VersionLoggerListener.log Command line argument: -Djava.util.logging.config.file=C:\My\item_analyzer_web_app\apache-tomcat-9.0.16[configured for deployment]\conf\logging.properties
05-Apr-2019 17:46:19.327 INFO [main] org.apache.catalina.startup.VersionLoggerListener.log Command line argument: -Djava.util.logging.manager=org.apache.juli.ClassLoaderLogManager
05-Apr-2019 17:46:19.327 INFO [main] org.apache.catalina.startup.VersionLoggerListener.log Command line argument: -Djdk.tls.ephemeralDHKeySize=2048
05-Apr-2019 17:46:19.327 INFO [main] org.apache.catalina.startup.VersionLoggerListener.log Command line argument: -Djava.protocol.handler.pkgs=org.apache.catalina.webresources
05-Apr-2019 17:46:19.327 INFO [main] org.apache.catalina.startup.VersionLoggerListener.log Command line argument: -Dignore.endorsed.dirs=
05-Apr-2019 17:46:19.327 INFO [main] org.apache.catalina.startup.VersionLoggerListener.log Command line argument: -Dcatalina.base=C:\My\item_analyzer_web_app\apache-tomcat-9.0.16[configured for deployment]
05-Apr-2019 17:46:19.327 INFO [main] org.apache.catalina.startup.VersionLoggerListener.log Command line argument: -Dcatalina.home=C:\My\item_analyzer_web_app\apache-tomcat-9.0.16[configured for deployment]
05-Apr-2019 17:46:19.327 INFO [main] org.apache.catalina.startup.VersionLoggerListener.log Command line argument: -Djava.io.tmpdir=C:\My\item_analyzer_web_app\apache-tomcat-9.0.16[configured for deployment]\temp
05-Apr-2019 17:46:19.327 INFO [main] org.apache.catalina.core.AprLifecycleListener.lifecycleEvent Loaded APR based Apache Tomcat Native library [1.2.21] using APR version [1.6.5].
05-Apr-2019 17:46:19.327 INFO [main] org.apache.catalina.core.AprLifecycleListener.lifecycleEvent APR capabilities: IPv6 [true], sendfile [true], accept filters [false], random [true].
05-Apr-2019 17:46:19.327 INFO [main] org.apache.catalina.core.AprLifecycleListener.lifecycleEvent APR/OpenSSL configuration: useAprConnector [false], useOpenSSL [true]
05-Apr-2019 17:46:19.343 INFO [main] org.apache.catalina.core.AprLifecycleListener.initializeSSL OpenSSL successfully initialized [OpenSSL 1.1.1a  20 Nov 2018]
05-Apr-2019 17:46:19.500 INFO [main] org.apache.coyote.AbstractProtocol.init Initializing ProtocolHandler ["http-nio-8080"]
05-Apr-2019 17:46:19.600 INFO [main] org.apache.coyote.AbstractProtocol.init Initializing ProtocolHandler ["ajp-nio-8009"]
05-Apr-2019 17:46:19.608 INFO [main] org.apache.catalina.startup.Catalina.load Server initialization in [593] milliseconds
05-Apr-2019 17:46:19.631 INFO [main] org.apache.catalina.core.StandardService.startInternal Starting service [Catalina]
05-Apr-2019 17:46:19.631 INFO [main] org.apache.catalina.core.StandardEngine.startInternal Starting Servlet engine: [Apache Tomcat/9.0.16]
05-Apr-2019 17:46:19.641 INFO [main] org.apache.catalina.startup.HostConfig.deployDirectory Deploying web application directory [C:\My\item_analyzer_web_app\apache-tomcat-9.0.16[configured for deployment]\webapps\docs]
05-Apr-2019 17:46:21.586 INFO [main] org.apache.jasper.servlet.TldScanner.scanJars At least one JAR was scanned for TLDs yet contained no TLDs. Enable debug logging for this logger for a complete list of JARs that were scanned but no TLDs were found in them. Skipping unneeded JARs during scanning can improve startup time and JSP compilation time.
05-Apr-2019 17:46:21.654 INFO [main] com.sun.faces.config.ConfigureListener.contextInitialized Initializing Mojarra 2.2.10 ( 20150205-0906 https://svn.java.net/svn/mojarra~svn/tags/2.2.10@14334) for context '/docs'
05-Apr-2019 17:46:21.825 INFO [main] com.sun.faces.spi.InjectionProviderFactory.createInstance JSF1048: PostConstruct/PreDestroy annotations present.  ManagedBeans methods marked with these annotations will have said annotations processed.
05-Apr-2019 17:46:22.288 INFO [main] org.apache.catalina.startup.HostConfig.deployDirectory Deployment of web application directory [C:\My\item_analyzer_web_app\apache-tomcat-9.0.16[configured for deployment]\webapps\docs] has finished in [2,647] ms
05-Apr-2019 17:46:22.288 INFO [main] org.apache.catalina.startup.HostConfig.deployDirectory Deploying web application directory [C:\My\item_analyzer_web_app\apache-tomcat-9.0.16[configured for deployment]\webapps\examples]
05-Apr-2019 17:46:24.170 INFO [main] org.apache.jasper.servlet.TldScanner.scanJars At least one JAR was scanned for TLDs yet contained no TLDs. Enable debug logging for this logger for a complete list of JARs that were scanned but no TLDs were found in them. Skipping unneeded JARs during scanning can improve startup time and JSP compilation time.
05-Apr-2019 17:46:24.210 INFO [main] com.sun.faces.config.ConfigureListener.contextInitialized Initializing Mojarra 2.2.10 ( 20150205-0906 https://svn.java.net/svn/mojarra~svn/tags/2.2.10@14334) for context '/examples'
05-Apr-2019 17:46:24.301 INFO [main] com.sun.faces.spi.InjectionProviderFactory.createInstance JSF1048: PostConstruct/PreDestroy annotations present.  ManagedBeans methods marked with these annotations will have said annotations processed.
05-Apr-2019 17:46:24.472 INFO [main] org.apache.catalina.startup.HostConfig.deployDirectory Deployment of web application directory [C:\My\item_analyzer_web_app\apache-tomcat-9.0.16[configured for deployment]\webapps\examples] has finished in [2,184] ms
05-Apr-2019 17:46:24.472 INFO [main] org.apache.catalina.startup.HostConfig.deployDirectory Deploying web application directory [C:\My\item_analyzer_web_app\apache-tomcat-9.0.16[configured for deployment]\webapps\host-manager]
05-Apr-2019 17:46:26.102 INFO [main] org.apache.jasper.servlet.TldScanner.scanJars At least one JAR was scanned for TLDs yet contained no TLDs. Enable debug logging for this logger for a complete list of JARs that were scanned but no TLDs were found in them. Skipping unneeded JARs during scanning can improve startup time and JSP compilation time.
05-Apr-2019 17:46:26.112 INFO [main] com.sun.faces.config.ConfigureListener.contextInitialized Initializing Mojarra 2.2.10 ( 20150205-0906 https://svn.java.net/svn/mojarra~svn/tags/2.2.10@14334) for context '/host-manager'
05-Apr-2019 17:46:26.193 INFO [main] com.sun.faces.spi.InjectionProviderFactory.createInstance JSF1048: PostConstruct/PreDestroy annotations present.  ManagedBeans methods marked with these annotations will have said annotations processed.
05-Apr-2019 17:46:26.332 INFO [main] org.apache.catalina.startup.HostConfig.deployDirectory Deployment of web application directory [C:\My\item_analyzer_web_app\apache-tomcat-9.0.16[configured for deployment]\webapps\host-manager] has finished in [1,860] ms
05-Apr-2019 17:46:26.334 INFO [main] org.apache.catalina.startup.HostConfig.deployDirectory Deploying web application directory [C:\My\item_analyzer_web_app\apache-tomcat-9.0.16[configured for deployment]\webapps\manager]
05-Apr-2019 17:46:27.875 INFO [main] org.apache.jasper.servlet.TldScanner.scanJars At least one JAR was scanned for TLDs yet contained no TLDs. Enable debug logging for this logger for a complete list of JARs that were scanned but no TLDs were found in them. Skipping unneeded JARs during scanning can improve startup time and JSP compilation time.
05-Apr-2019 17:46:27.885 INFO [main] com.sun.faces.config.ConfigureListener.contextInitialized Initializing Mojarra 2.2.10 ( 20150205-0906 https://svn.java.net/svn/mojarra~svn/tags/2.2.10@14334) for context '/manager'
05-Apr-2019 17:46:27.964 INFO [main] com.sun.faces.spi.InjectionProviderFactory.createInstance JSF1048: PostConstruct/PreDestroy annotations present.  ManagedBeans methods marked with these annotations will have said annotations processed.
05-Apr-2019 17:46:28.085 INFO [main] org.apache.catalina.startup.HostConfig.deployDirectory Deployment of web application directory [C:\My\item_analyzer_web_app\apache-tomcat-9.0.16[configured for deployment]\webapps\manager] has finished in [1,751] ms
05-Apr-2019 17:46:28.085 INFO [main] org.apache.catalina.startup.HostConfig.deployDirectory Deploying web application directory [C:\My\item_analyzer_web_app\apache-tomcat-9.0.16[configured for deployment]\webapps\ROOT]
05-Apr-2019 17:46:29.398 INFO [main] org.apache.jasper.servlet.TldScanner.scanJars At least one JAR was scanned for TLDs yet contained no TLDs. Enable debug logging for this logger for a complete list of JARs that were scanned but no TLDs were found in them. Skipping unneeded JARs during scanning can improve startup time and JSP compilation time.
05-Apr-2019 17:46:29.408 INFO [main] com.sun.faces.config.ConfigureListener.contextInitialized Initializing Mojarra 2.2.10 ( 20150205-0906 https://svn.java.net/svn/mojarra~svn/tags/2.2.10@14334) for context ''
05-Apr-2019 17:46:29.459 INFO [main] com.sun.faces.spi.InjectionProviderFactory.createInstance JSF1048: PostConstruct/PreDestroy annotations present.  ManagedBeans methods marked with these annotations will have said annotations processed.
05-Apr-2019 17:46:29.469 SEVERE [main] com.sun.faces.config.JavaClassScanningAnnotationScanner$ConstantPoolInfo.containsAnnotation Unknow type constant pool 18 at position 7
05-Apr-2019 17:46:29.469 SEVERE [main] com.sun.faces.config.JavaClassScanningAnnotationScanner$ConstantPoolInfo.containsAnnotation Unknow type constant pool 0 at position 8
05-Apr-2019 17:46:29.469 SEVERE [main] com.sun.faces.config.JavaClassScanningAnnotationScanner$ConstantPoolInfo.containsAnnotation Unknow type constant pool 0 at position 9
05-Apr-2019 17:46:29.477 SEVERE [main] com.sun.faces.config.JavaClassScanningAnnotationScanner$ConstantPoolInfo.containsAnnotation Unknow type constant pool 0 at position 10
05-Apr-2019 17:46:29.477 SEVERE [main] com.sun.faces.config.JavaClassScanningAnnotationScanner$ConstantPoolInfo.containsAnnotation Unknow type constant pool 69 at position 11
05-Apr-2019 17:46:29.477 SEVERE [main] com.sun.faces.config.JavaClassScanningAnnotationScanner$ConstantPoolInfo.containsAnnotation Unknow type constant pool 15 at position 69
05-Apr-2019 17:46:29.477 SEVERE [main] com.sun.faces.config.JavaClassScanningAnnotationScanner$ConstantPoolInfo.containsAnnotation Unknow type constant pool 95 at position 72
05-Apr-2019 17:46:29.479 SEVERE [main] com.sun.faces.config.JavaClassScanningAnnotationScanner$ConstantPoolInfo.containsAnnotation Unknow type constant pool 16 at position 73
05-Apr-2019 17:46:29.479 SEVERE [main] com.sun.faces.config.JavaClassScanningAnnotationScanner$ConstantPoolInfo.containsAnnotation Unknow type constant pool 0 at position 74
05-Apr-2019 17:46:29.479 SEVERE [main] com.sun.faces.config.JavaClassScanningAnnotationScanner$ConstantPoolInfo.containsAnnotation Unknow type constant pool 45 at position 75
05-Apr-2019 17:46:29.479 SEVERE [main] com.sun.faces.config.JavaClassScanningAnnotationScanner$ConstantPoolInfo.containsAnnotation Unknow type constant pool 18 at position 8
05-Apr-2019 17:46:29.479 SEVERE [main] com.sun.faces.config.JavaClassScanningAnnotationScanner$ConstantPoolInfo.containsAnnotation Unknow type constant pool 0 at position 9
05-Apr-2019 17:46:29.479 SEVERE [main] com.sun.faces.config.JavaClassScanningAnnotationScanner$ConstantPoolInfo.containsAnnotation Unknow type constant pool 0 at position 10
05-Apr-2019 17:46:29.479 SEVERE [main] com.sun.faces.config.JavaClassScanningAnnotationScanner$ConstantPoolInfo.containsAnnotation Unknow type constant pool 0 at position 11
05-Apr-2019 17:46:29.479 SEVERE [main] com.sun.faces.config.JavaClassScanningAnnotationScanner$ConstantPoolInfo.containsAnnotation Unknow type constant pool 82 at position 12
05-Apr-2019 17:46:29.479 SEVERE [main] com.sun.faces.config.JavaClassScanningAnnotationScanner$ConstantPoolInfo.containsAnnotation Unknow type constant pool 15 at position 82
05-Apr-2019 17:46:29.487 SEVERE [main] com.sun.faces.config.JavaClassScanningAnnotationScanner$ConstantPoolInfo.containsAnnotation Unknow type constant pool 119 at position 85
05-Apr-2019 17:46:29.489 SEVERE [main] com.sun.faces.config.JavaClassScanningAnnotationScanner$ConstantPoolInfo.containsAnnotation Unknow type constant pool 16 at position 86
05-Apr-2019 17:46:29.489 SEVERE [main] com.sun.faces.config.JavaClassScanningAnnotationScanner$ConstantPoolInfo.containsAnnotation Unknow type constant pool 0 at position 87
05-Apr-2019 17:46:29.489 SEVERE [main] com.sun.faces.config.JavaClassScanningAnnotationScanner$ConstantPoolInfo.containsAnnotation Unknow type constant pool 58 at position 88
05-Apr-2019 17:46:29.489 SEVERE [main] com.sun.faces.config.JavaClassScanningAnnotationScanner$ConstantPoolInfo.containsAnnotation Unknow type constant pool 18 at position 8
05-Apr-2019 17:46:29.489 SEVERE [main] com.sun.faces.config.JavaClassScanningAnnotationScanner$ConstantPoolInfo.containsAnnotation Unknow type constant pool 0 at position 9
05-Apr-2019 17:46:29.489 SEVERE [main] com.sun.faces.config.JavaClassScanningAnnotationScanner$ConstantPoolInfo.containsAnnotation Unknow type constant pool 0 at position 10
05-Apr-2019 17:46:29.489 SEVERE [main] com.sun.faces.config.JavaClassScanningAnnotationScanner$ConstantPoolInfo.containsAnnotation Unknow type constant pool 0 at position 11
05-Apr-2019 17:46:29.489 SEVERE [main] com.sun.faces.config.JavaClassScanningAnnotationScanner$ConstantPoolInfo.containsAnnotation Unknow type constant pool 87 at position 12
05-Apr-2019 17:46:29.489 SEVERE [main] com.sun.faces.config.JavaClassScanningAnnotationScanner$ConstantPoolInfo.containsAnnotation Unknow type constant pool 15 at position 87
05-Apr-2019 17:46:29.497 SEVERE [main] com.sun.faces.config.JavaClassScanningAnnotationScanner$ConstantPoolInfo.containsAnnotation Unknow type constant pool 120 at position 90
05-Apr-2019 17:46:29.497 SEVERE [main] com.sun.faces.config.JavaClassScanningAnnotationScanner$ConstantPoolInfo.containsAnnotation Unknow type constant pool 16 at position 91
05-Apr-2019 17:46:29.497 SEVERE [main] com.sun.faces.config.JavaClassScanningAnnotationScanner$ConstantPoolInfo.containsAnnotation Unknow type constant pool 0 at position 92
05-Apr-2019 17:46:29.497 SEVERE [main] com.sun.faces.config.JavaClassScanningAnnotationScanner$ConstantPoolInfo.containsAnnotation Unknow type constant pool 62 at position 93
05-Apr-2019 17:46:29.499 SEVERE [main] com.sun.faces.config.JavaClassScanningAnnotationScanner$ConstantPoolInfo.containsAnnotation Unknow type constant pool 18 at position 3
05-Apr-2019 17:46:29.499 SEVERE [main] com.sun.faces.config.JavaClassScanningAnnotationScanner$ConstantPoolInfo.containsAnnotation Unknow type constant pool 0 at position 4
05-Apr-2019 17:46:29.499 SEVERE [main] com.sun.faces.config.JavaClassScanningAnnotationScanner$ConstantPoolInfo.containsAnnotation Unknow type constant pool 0 at position 5
05-Apr-2019 17:46:29.499 SEVERE [main] com.sun.faces.config.JavaClassScanningAnnotationScanner$ConstantPoolInfo.containsAnnotation Unknow type constant pool 0 at position 6
05-Apr-2019 17:46:29.499 SEVERE [main] com.sun.faces.config.JavaClassScanningAnnotationScanner$ConstantPoolInfo.containsAnnotation Unknow type constant pool 48 at position 7
05-Apr-2019 17:46:29.499 SEVERE [main] com.sun.faces.config.JavaClassScanningAnnotationScanner$ConstantPoolInfo.containsAnnotation Unknow type constant pool 15 at position 48
05-Apr-2019 17:46:29.499 SEVERE [main] com.sun.faces.config.JavaClassScanningAnnotationScanner$ConstantPoolInfo.containsAnnotation Unknow type constant pool 67 at position 51
05-Apr-2019 17:46:29.499 SEVERE [main] com.sun.faces.config.JavaClassScanningAnnotationScanner$ConstantPoolInfo.containsAnnotation Unknow type constant pool 16 at position 52
05-Apr-2019 17:46:29.499 SEVERE [main] com.sun.faces.config.JavaClassScanningAnnotationScanner$ConstantPoolInfo.containsAnnotation Unknow type constant pool 0 at position 53
05-Apr-2019 17:46:29.499 SEVERE [main] com.sun.faces.config.JavaClassScanningAnnotationScanner$ConstantPoolInfo.containsAnnotation Unknow type constant pool 35 at position 54
05-Apr-2019 17:46:29.507 SEVERE [main] com.sun.faces.config.JavaClassScanningAnnotationScanner$ConstantPoolInfo.containsAnnotation Unknow type constant pool 18 at position 25
05-Apr-2019 17:46:29.507 SEVERE [main] com.sun.faces.config.JavaClassScanningAnnotationScanner$ConstantPoolInfo.containsAnnotation Unknow type constant pool 0 at position 26
05-Apr-2019 17:46:29.507 SEVERE [main] com.sun.faces.config.JavaClassScanningAnnotationScanner$ConstantPoolInfo.containsAnnotation Unknow type constant pool 0 at position 27
05-Apr-2019 17:46:29.507 SEVERE [main] com.sun.faces.config.JavaClassScanningAnnotationScanner$ConstantPoolInfo.containsAnnotation Unknow type constant pool 0 at position 28
05-Apr-2019 17:46:29.507 SEVERE [main] com.sun.faces.config.JavaClassScanningAnnotationScanner$ConstantPoolInfo.containsAnnotation Unknow type constant pool -101 at position 29
05-Apr-2019 17:46:29.507 SEVERE [main] com.sun.faces.config.JavaClassScanningAnnotationScanner$ConstantPoolInfo.containsAnnotation Unknow type constant pool 18 at position 36
05-Apr-2019 17:46:29.507 SEVERE [main] com.sun.faces.config.JavaClassScanningAnnotationScanner$ConstantPoolInfo.containsAnnotation Unknow type constant pool 0 at position 37
05-Apr-2019 17:46:29.507 SEVERE [main] com.sun.faces.config.JavaClassScanningAnnotationScanner$ConstantPoolInfo.containsAnnotation Unknow type constant pool 0 at position 39
05-Apr-2019 17:46:29.507 SEVERE [main] com.sun.faces.config.JavaClassScanningAnnotationScanner$ConstantPoolInfo.containsAnnotation Unknow type constant pool 15 at position 128
05-Apr-2019 17:46:29.507 SEVERE [main] com.sun.faces.config.JavaClassScanningAnnotationScanner$ConstantPoolInfo.containsAnnotation Unknow type constant pool -34 at position 131
05-Apr-2019 17:46:29.507 SEVERE [main] com.sun.faces.config.JavaClassScanningAnnotationScanner$ConstantPoolInfo.containsAnnotation Unknow type constant pool 16 at position 132
05-Apr-2019 17:46:29.507 SEVERE [main] com.sun.faces.config.JavaClassScanningAnnotationScanner$ConstantPoolInfo.containsAnnotation Unknow type constant pool 0 at position 133
05-Apr-2019 17:46:29.507 SEVERE [main] com.sun.faces.config.JavaClassScanningAnnotationScanner$ConstantPoolInfo.containsAnnotation Unknow type constant pool -33 at position 134
05-Apr-2019 17:46:29.507 SEVERE [main] com.sun.faces.config.JavaClassScanningAnnotationScanner$ConstantPoolInfo.containsAnnotation Unknow type constant pool 16 at position 143
05-Apr-2019 17:46:29.507 SEVERE [main] com.sun.faces.config.JavaClassScanningAnnotationScanner$ConstantPoolInfo.containsAnnotation Unknow type constant pool 0 at position 144
05-Apr-2019 17:46:29.507 SEVERE [main] com.sun.faces.config.JavaClassScanningAnnotationScanner$ConstantPoolInfo.containsAnnotation Unknow type constant pool -22 at position 145
05-Apr-2019 17:46:29.517 SEVERE [main] com.sun.faces.config.JavaClassScanningAnnotationScanner$ConstantPoolInfo.containsAnnotation Unknow type constant pool 15 at position 146
05-Apr-2019 17:46:29.517 SEVERE [main] com.sun.faces.config.JavaClassScanningAnnotationScanner$ConstantPoolInfo.containsAnnotation Unknow type constant pool 0 at position 149
05-Apr-2019 17:46:29.517 SEVERE [main] com.sun.faces.config.JavaClassScanningAnnotationScanner$ConstantPoolInfo.containsAnnotation Unknow type constant pool -18 at position 150
05-Apr-2019 17:46:29.519 SEVERE [main] com.sun.faces.config.JavaClassScanningAnnotationScanner$ConstantPoolInfo.containsAnnotation Unknow type constant pool 16 at position 152
05-Apr-2019 17:46:29.519 SEVERE [main] com.sun.faces.config.JavaClassScanningAnnotationScanner$ConstantPoolInfo.containsAnnotation Unknow type constant pool 0 at position 153
05-Apr-2019 17:46:29.519 SEVERE [main] com.sun.faces.config.JavaClassScanningAnnotationScanner$ConstantPoolInfo.containsAnnotation Unknow type constant pool -15 at position 154
05-Apr-2019 17:46:29.519 SEVERE [main] com.sun.faces.config.JavaClassScanningAnnotationScanner$ConstantPoolInfo.containsAnnotation Unknow type constant pool 15 at position 155
05-Apr-2019 17:46:29.519 SEVERE [main] com.sun.faces.config.JavaClassScanningAnnotationScanner$ConstantPoolInfo.containsAnnotation Unknow type constant pool 0 at position 158
05-Apr-2019 17:46:29.519 SEVERE [main] com.sun.faces.config.JavaClassScanningAnnotationScanner$ConstantPoolInfo.containsAnnotation Unknow type constant pool -12 at position 159
05-Apr-2019 17:46:29.519 SEVERE [main] com.sun.faces.config.JavaClassScanningAnnotationScanner$ConstantPoolInfo.containsAnnotation Unknow type constant pool 16 at position 165
05-Apr-2019 17:46:29.519 SEVERE [main] com.sun.faces.config.JavaClassScanningAnnotationScanner$ConstantPoolInfo.containsAnnotation Unknow type constant pool 0 at position 166
05-Apr-2019 17:46:29.519 SEVERE [main] com.sun.faces.config.JavaClassScanningAnnotationScanner$ConstantPoolInfo.containsAnnotation Unknow type constant pool -5 at position 167
05-Apr-2019 17:46:29.519 SEVERE [main] com.sun.faces.config.JavaClassScanningAnnotationScanner$ConstantPoolInfo.containsAnnotation Unknow type constant pool 15 at position 168
05-Apr-2019 17:46:29.519 SEVERE [main] com.sun.faces.config.JavaClassScanningAnnotationScanner$ConstantPoolInfo.containsAnnotation Unknow type constant pool 0 at position 171
05-Apr-2019 17:46:29.519 SEVERE [main] com.sun.faces.config.JavaClassScanningAnnotationScanner$ConstantPoolInfo.containsAnnotation Unknow type constant pool -2 at position 172
05-Apr-2019 17:46:29.519 SEVERE [main] com.sun.faces.config.JavaClassScanningAnnotationScanner$ConstantPoolInfo.containsAnnotation Unknow type constant pool 15 at position 182
05-Apr-2019 17:46:29.519 SEVERE [main] com.sun.faces.config.JavaClassScanningAnnotationScanner$ConstantPoolInfo.containsAnnotation Unknow type constant pool 0 at position 185
05-Apr-2019 17:46:29.519 SEVERE [main] com.sun.faces.config.JavaClassScanningAnnotationScanner$ConstantPoolInfo.containsAnnotation Unknow type constant pool 20 at position 186
05-Apr-2019 17:46:29.519 SEVERE [main] com.sun.faces.config.JavaClassScanningAnnotationScanner$ConstantPoolInfo.containsAnnotation Unknow type constant pool 106 at position 187
05-Apr-2019 17:46:29.519 SEVERE [main] com.sun.faces.config.JavaClassScanningAnnotationScanner$ConstantPoolInfo.containsAnnotation Unknow type constant pool 97 at position 188
05-Apr-2019 17:46:29.519 SEVERE [main] com.sun.faces.config.JavaClassScanningAnnotationScanner$ConstantPoolInfo.containsAnnotation Unknow type constant pool 118 at position 189
05-Apr-2019 17:46:29.519 SEVERE [main] com.sun.faces.config.JavaClassScanningAnnotationScanner$ConstantPoolInfo.containsAnnotation Unknow type constant pool 97 at position 190
05-Apr-2019 17:46:29.527 SEVERE [main] com.sun.faces.config.JavaClassScanningAnnotationScanner$ConstantPoolInfo.containsAnnotation Unknow type constant pool 47 at position 191
05-Apr-2019 17:46:29.529 SEVERE [main] com.sun.faces.config.JavaClassScanningAnnotationScanner$ConstantPoolInfo.containsAnnotation Unknow type constant pool 109 at position 192
05-Apr-2019 17:46:29.529 SEVERE [main] com.sun.faces.config.JavaClassScanningAnnotationScanner$ConstantPoolInfo.containsAnnotation Unknow type constant pool 97 at position 193
05-Apr-2019 17:46:29.529 SEVERE [main] com.sun.faces.config.JavaClassScanningAnnotationScanner$ConstantPoolInfo.containsAnnotation Unknow type constant pool 116 at position 194
05-Apr-2019 17:46:29.529 SEVERE [main] com.sun.faces.config.JavaClassScanningAnnotationScanner$ConstantPoolInfo.containsAnnotation Unknow type constant pool 104 at position 195
05-Apr-2019 17:46:29.529 SEVERE [main] com.sun.faces.config.JavaClassScanningAnnotationScanner$ConstantPoolInfo.containsAnnotation Unknow type constant pool 47 at position 196
05-Apr-2019 17:46:29.529 SEVERE [main] com.sun.faces.config.JavaClassScanningAnnotationScanner$ConstantPoolInfo.containsAnnotation Unknow type constant pool 66 at position 197
05-Apr-2019 17:46:29.529 SEVERE [main] com.sun.faces.config.JavaClassScanningAnnotationScanner$ConstantPoolInfo.containsAnnotation Unknow type constant pool 105 at position 198
05-Apr-2019 17:46:29.529 SEVERE [main] com.sun.faces.config.JavaClassScanningAnnotationScanner$ConstantPoolInfo.containsAnnotation Unknow type constant pool 103 at position 199
05-Apr-2019 17:46:29.529 SEVERE [main] com.sun.faces.config.JavaClassScanningAnnotationScanner$ConstantPoolInfo.containsAnnotation Unknow type constant pool 68 at position 200
05-Apr-2019 17:46:29.529 SEVERE [main] com.sun.faces.config.JavaClassScanningAnnotationScanner$ConstantPoolInfo.containsAnnotation Unknow type constant pool 101 at position 201
05-Apr-2019 17:46:29.529 SEVERE [main] com.sun.faces.config.JavaClassScanningAnnotationScanner$ConstantPoolInfo.containsAnnotation Unknow type constant pool 99 at position 202
05-Apr-2019 17:46:29.529 SEVERE [main] com.sun.faces.config.JavaClassScanningAnnotationScanner$ConstantPoolInfo.containsAnnotation Unknow type constant pool 105 at position 203
05-Apr-2019 17:46:29.529 SEVERE [main] com.sun.faces.config.JavaClassScanningAnnotationScanner$ConstantPoolInfo.containsAnnotation Unknow type constant pool 109 at position 204
05-Apr-2019 17:46:29.529 SEVERE [main] com.sun.faces.config.JavaClassScanningAnnotationScanner$ConstantPoolInfo.containsAnnotation Unknow type constant pool 97 at position 205
05-Apr-2019 17:46:29.529 SEVERE [main] com.sun.faces.config.JavaClassScanningAnnotationScanner$ConstantPoolInfo.containsAnnotation Unknow type constant pool 108 at position 206
05-Apr-2019 17:46:29.537 SEVERE [main] com.sun.faces.config.JavaClassScanningAnnotationScanner$ConstantPoolInfo.containsAnnotation Unknow type constant pool 18 at position 39
05-Apr-2019 17:46:29.537 SEVERE [main] com.sun.faces.config.JavaClassScanningAnnotationScanner$ConstantPoolInfo.containsAnnotation Unknow type constant pool 0 at position 40
05-Apr-2019 17:46:29.537 SEVERE [main] com.sun.faces.config.JavaClassScanningAnnotationScanner$ConstantPoolInfo.containsAnnotation Unknow type constant pool 0 at position 41
05-Apr-2019 17:46:29.537 SEVERE [main] com.sun.faces.config.JavaClassScanningAnnotationScanner$ConstantPoolInfo.containsAnnotation Unknow type constant pool 0 at position 42
05-Apr-2019 17:46:29.537 SEVERE [main] com.sun.faces.config.JavaClassScanningAnnotationScanner$ConstantPoolInfo.containsAnnotation Unknow type constant pool -17 at position 43
05-Apr-2019 17:46:29.537 SEVERE [main] com.sun.faces.config.JavaClassScanningAnnotationScanner$ConstantPoolInfo.containsAnnotation Unknow type constant pool 18 at position 45
05-Apr-2019 17:46:29.537 SEVERE [main] com.sun.faces.config.JavaClassScanningAnnotationScanner$ConstantPoolInfo.containsAnnotation Unknow type constant pool 0 at position 46
05-Apr-2019 17:46:29.537 SEVERE [main] com.sun.faces.config.JavaClassScanningAnnotationScanner$ConstantPoolInfo.containsAnnotation Unknow type constant pool 46 at position 48
05-Apr-2019 17:46:29.537 SEVERE [main] com.sun.faces.config.JavaClassScanningAnnotationScanner$ConstantPoolInfo.containsAnnotation Unknow type constant pool 15 at position 184
05-Apr-2019 17:46:29.537 SEVERE [main] com.sun.faces.config.JavaClassScanningAnnotationScanner$ConstantPoolInfo.containsAnnotation Unknow type constant pool 98 at position 187
05-Apr-2019 17:46:29.537 SEVERE [main] com.sun.faces.config.JavaClassScanningAnnotationScanner$ConstantPoolInfo.containsAnnotation Unknow type constant pool 16 at position 188
05-Apr-2019 17:46:29.537 SEVERE [main] com.sun.faces.config.JavaClassScanningAnnotationScanner$ConstantPoolInfo.containsAnnotation Unknow type constant pool 0 at position 189
05-Apr-2019 17:46:29.537 SEVERE [main] com.sun.faces.config.JavaClassScanningAnnotationScanner$ConstantPoolInfo.containsAnnotation Unknow type constant pool -62 at position 190
05-Apr-2019 17:46:29.537 SEVERE [main] com.sun.faces.config.JavaClassScanningAnnotationScanner$ConstantPoolInfo.containsAnnotation Unknow type constant pool 16 at position 193
05-Apr-2019 17:46:29.537 SEVERE [main] com.sun.faces.config.JavaClassScanningAnnotationScanner$ConstantPoolInfo.containsAnnotation Unknow type constant pool 0 at position 194
05-Apr-2019 17:46:29.537 SEVERE [main] com.sun.faces.config.JavaClassScanningAnnotationScanner$ConstantPoolInfo.containsAnnotation Unknow type constant pool -67 at position 195
05-Apr-2019 17:46:29.537 SEVERE [main] com.sun.faces.config.JavaClassScanningAnnotationScanner$ConstantPoolInfo.containsAnnotation Unknow type constant pool 15 at position 196
05-Apr-2019 17:46:29.640 INFO [main] org.apache.catalina.startup.HostConfig.deployDirectory Deployment of web application directory [C:\My\item_analyzer_web_app\apache-tomcat-9.0.16[configured for deployment]\webapps\ROOT] has finished in [1,555] ms
05-Apr-2019 17:46:29.640 INFO [main] org.apache.coyote.AbstractProtocol.start Starting ProtocolHandler ["http-nio-8080"]
05-Apr-2019 17:46:29.650 INFO [main] org.apache.coyote.AbstractProtocol.start Starting ProtocolHandler ["ajp-nio-8009"]
05-Apr-2019 17:46:29.650 INFO [main] org.apache.catalina.startup.Catalina.start Server startup in [10,043] milliseconds
05-Apr-2019 17:46:41.957 INFO [http-nio-8080-exec-1] org.apache.tomcat.util.http.parser.Cookie.logInvalidHeader A cookie header was received [necessaryCookies":["cookie-notification"],"optionalCookies":{},"initialState":{"type":"closed"},"statement":{},"consentDate":1552665427362,"consentExpiry":30,"interactedWith":true,"user":"63B6324F-36A9-4482-BE7C-6CAEFE09EFF7"}] that contained an invalid cookie. That cookie will be ignored.
 Note: further occurrences of this error will be logged at DEBUG level.
05-Apr-2019 17:46:42.294 INFO [http-nio-8080-exec-1] org.springframework.integration.config.DefaultConfiguringBeanFactoryPostProcessor.registerErrorChannel No bean named 'errorChannel' has been explicitly defined. Therefore, a default PublishSubscribeChannel will be created.
05-Apr-2019 17:46:42.301 INFO [http-nio-8080-exec-1] org.springframework.integration.config.DefaultConfiguringBeanFactoryPostProcessor.registerTaskScheduler No bean named 'taskScheduler' has been explicitly defined. Therefore, a default ThreadPoolTaskScheduler will be created.
05-Apr-2019 17:46:42.313 INFO [http-nio-8080-exec-1] org.springframework.integration.config.DefaultConfiguringBeanFactoryPostProcessor.registerHeaderChannelRegistry No bean named 'integrationHeaderChannelRegistry' has been explicitly defined. Therefore, a default DefaultHeaderChannelRegistry will be created.
05-Apr-2019 17:46:42.901 INFO [http-nio-8080-exec-1] org.springframework.scheduling.concurrent.ExecutorConfigurationSupport.initialize Initializing ExecutorService 'taskScheduler'
05-Apr-2019 17:46:42.939 INFO [http-nio-8080-exec-1] org.springframework.integration.endpoint.EventDrivenConsumer.logComponentSubscriptionEvent Adding {service-activator} as a subscriber to the 'filesIn' channel
05-Apr-2019 17:46:42.942 INFO [http-nio-8080-exec-1] org.springframework.integration.channel.AbstractSubscribableChannel.adjustCounterIfNecessary Channel 'org.springframework.context.support.ClassPathXmlApplicationContext@33199c8a.filesIn' has 1 subscriber(s).
05-Apr-2019 17:46:42.943 INFO [http-nio-8080-exec-1] org.springframework.integration.endpoint.AbstractEndpoint.start started org.springframework.integration.config.ConsumerEndpointFactoryBean#0
05-Apr-2019 17:46:42.944 INFO [http-nio-8080-exec-1] org.springframework.integration.endpoint.EventDrivenConsumer.logComponentSubscriptionEvent Adding {message-handler:filesOut.adapter} as a subscriber to the 'filesOut' channel
05-Apr-2019 17:46:42.945 INFO [http-nio-8080-exec-1] org.springframework.integration.channel.AbstractSubscribableChannel.adjustCounterIfNecessary Channel 'org.springframework.context.support.ClassPathXmlApplicationContext@33199c8a.filesOut' has 1 subscriber(s).
05-Apr-2019 17:46:42.946 INFO [http-nio-8080-exec-1] org.springframework.integration.endpoint.AbstractEndpoint.start started filesOut.adapter
05-Apr-2019 17:46:42.946 INFO [http-nio-8080-exec-1] org.springframework.integration.endpoint.EventDrivenConsumer.logComponentSubscriptionEvent Adding {logging-channel-adapter:_org.springframework.integration.errorLogger} as a subscriber to the 'errorChannel' channel
05-Apr-2019 17:46:42.947 INFO [http-nio-8080-exec-1] org.springframework.integration.channel.AbstractSubscribableChannel.adjustCounterIfNecessary Channel 'org.springframework.context.support.ClassPathXmlApplicationContext@33199c8a.errorChannel' has 1 subscriber(s).
05-Apr-2019 17:46:42.948 INFO [http-nio-8080-exec-1] org.springframework.integration.endpoint.AbstractEndpoint.start started _org.springframework.integration.errorLogger
05-Apr-2019 17:46:42.958 INFO [http-nio-8080-exec-1] org.springframework.integration.endpoint.AbstractEndpoint.start started filesIn.adapter
05-Apr-2019 17:50:07.182 INFO [Thread-5] org.apache.coyote.AbstractProtocol.pause Pausing ProtocolHandler ["http-nio-8080"]
05-Apr-2019 17:50:07.233 INFO [Thread-5] org.apache.coyote.AbstractProtocol.pause Pausing ProtocolHandler ["ajp-nio-8009"]
05-Apr-2019 17:50:07.264 INFO [Thread-5] org.apache.catalina.core.StandardService.stopInternal Stopping service [Catalina]
05-Apr-2019 17:50:07.264 SEVERE [Thread-5] com.sun.faces.config.ConfigureListener.contextDestroyed Unexpected state during contextDestroyed: no ConfigManager instance in current ServletContext but one is expected to exist.
05-Apr-2019 17:50:07.280 WARNING [Thread-5] org.apache.catalina.loader.WebappClassLoaderBase.clearReferencesThreads The web application [ROOT] appears to have started a thread named [task-scheduler-1] but has failed to stop it. This is very likely to create a memory leak. Stack trace of thread:
 sun.misc.Unsafe.park(Native Method)
 java.util.concurrent.locks.LockSupport.park(LockSupport.java:175)
 java.util.concurrent.locks.AbstractQueuedSynchronizer$ConditionObject.await(AbstractQueuedSynchronizer.java:2039)
 java.util.concurrent.ScheduledThreadPoolExecutor$DelayedWorkQueue.take(ScheduledThreadPoolExecutor.java:1088)
 java.util.concurrent.ScheduledThreadPoolExecutor$DelayedWorkQueue.take(ScheduledThreadPoolExecutor.java:809)
 java.util.concurrent.ThreadPoolExecutor.getTask(ThreadPoolExecutor.java:1074)
 java.util.concurrent.ThreadPoolExecutor.runWorker(ThreadPoolExecutor.java:1134)
 java.util.concurrent.ThreadPoolExecutor$Worker.run(ThreadPoolExecutor.java:624)
 java.lang.Thread.run(Thread.java:748)
05-Apr-2019 17:50:07.280 WARNING [Thread-5] org.apache.catalina.loader.WebappClassLoaderBase.clearReferencesThreads The web application [ROOT] appears to have started a thread named [task-scheduler-2] but has failed to stop it. This is very likely to create a memory leak. Stack trace of thread:
 sun.misc.Unsafe.park(Native Method)
 java.util.concurrent.locks.LockSupport.park(LockSupport.java:175)
 java.util.concurrent.locks.AbstractQueuedSynchronizer$ConditionObject.await(AbstractQueuedSynchronizer.java:2039)
 java.util.concurrent.ScheduledThreadPoolExecutor$DelayedWorkQueue.take(ScheduledThreadPoolExecutor.java:1088)
 java.util.concurrent.ScheduledThreadPoolExecutor$DelayedWorkQueue.take(ScheduledThreadPoolExecutor.java:809)
 java.util.concurrent.ThreadPoolExecutor.getTask(ThreadPoolExecutor.java:1074)
 java.util.concurrent.ThreadPoolExecutor.runWorker(ThreadPoolExecutor.java:1134)
 java.util.concurrent.ThreadPoolExecutor$Worker.run(ThreadPoolExecutor.java:624)
 java.lang.Thread.run(Thread.java:748)
05-Apr-2019 17:50:07.280 WARNING [Thread-5] org.apache.catalina.loader.WebappClassLoaderBase.clearReferencesThreads The web application [ROOT] appears to have started a thread named [Java Sound Event Dispatcher] but has failed to stop it. This is very likely to create a memory leak. Stack trace of thread:
 java.lang.Object.wait(Native Method)
 java.lang.Object.wait(Object.java:502)
 com.sun.media.sound.EventDispatcher.dispatchEvents(EventDispatcher.java:182)
 com.sun.media.sound.EventDispatcher.run(EventDispatcher.java:222)
 java.lang.Thread.run(Thread.java:748)
05-Apr-2019 17:50:07.280 WARNING [Thread-5] org.apache.catalina.loader.WebappClassLoaderBase.clearReferencesThreads The web application [ROOT] appears to have started a thread named [task-scheduler-3] but has failed to stop it. This is very likely to create a memory leak. Stack trace of thread:
 sun.misc.Unsafe.park(Native Method)
 java.util.concurrent.locks.LockSupport.parkNanos(LockSupport.java:215)
 java.util.concurrent.locks.AbstractQueuedSynchronizer$ConditionObject.awaitNanos(AbstractQueuedSynchronizer.java:2078)
 java.util.concurrent.ScheduledThreadPoolExecutor$DelayedWorkQueue.take(ScheduledThreadPoolExecutor.java:1093)
 java.util.concurrent.ScheduledThreadPoolExecutor$DelayedWorkQueue.take(ScheduledThreadPoolExecutor.java:809)
 java.util.concurrent.ThreadPoolExecutor.getTask(ThreadPoolExecutor.java:1074)
 java.util.concurrent.ThreadPoolExecutor.runWorker(ThreadPoolExecutor.java:1134)
 java.util.concurrent.ThreadPoolExecutor$Worker.run(ThreadPoolExecutor.java:624)
 java.lang.Thread.run(Thread.java:748)
05-Apr-2019 17:50:07.280 WARNING [Thread-5] org.apache.catalina.loader.WebappClassLoaderBase.clearReferencesThreads The web application [ROOT] appears to have started a thread named [task-scheduler-4] but has failed to stop it. This is very likely to create a memory leak. Stack trace of thread:
 sun.misc.Unsafe.park(Native Method)
 java.util.concurrent.locks.LockSupport.park(LockSupport.java:175)
 java.util.concurrent.locks.AbstractQueuedSynchronizer$ConditionObject.await(AbstractQueuedSynchronizer.java:2039)
 java.util.concurrent.ScheduledThreadPoolExecutor$DelayedWorkQueue.take(ScheduledThreadPoolExecutor.java:1088)
 java.util.concurrent.ScheduledThreadPoolExecutor$DelayedWorkQueue.take(ScheduledThreadPoolExecutor.java:809)
 java.util.concurrent.ThreadPoolExecutor.getTask(ThreadPoolExecutor.java:1074)
 java.util.concurrent.ThreadPoolExecutor.runWorker(ThreadPoolExecutor.java:1134)
 java.util.concurrent.ThreadPoolExecutor$Worker.run(ThreadPoolExecutor.java:624)
 java.lang.Thread.run(Thread.java:748)
05-Apr-2019 17:50:07.280 WARNING [Thread-5] org.apache.catalina.loader.WebappClassLoaderBase.clearReferencesThreads The web application [ROOT] appears to have started a thread named [task-scheduler-5] but has failed to stop it. This is very likely to create a memory leak. Stack trace of thread:
 sun.misc.Unsafe.park(Native Method)
 java.util.concurrent.locks.LockSupport.park(LockSupport.java:175)
 java.util.concurrent.locks.AbstractQueuedSynchronizer$ConditionObject.await(AbstractQueuedSynchronizer.java:2039)
 java.util.concurrent.ScheduledThreadPoolExecutor$DelayedWorkQueue.take(ScheduledThreadPoolExecutor.java:1088)
 java.util.concurrent.ScheduledThreadPoolExecutor$DelayedWorkQueue.take(ScheduledThreadPoolExecutor.java:809)
 java.util.concurrent.ThreadPoolExecutor.getTask(ThreadPoolExecutor.java:1074)
 java.util.concurrent.ThreadPoolExecutor.runWorker(ThreadPoolExecutor.java:1134)
 java.util.concurrent.ThreadPoolExecutor$Worker.run(ThreadPoolExecutor.java:624)
 java.lang.Thread.run(Thread.java:748)
05-Apr-2019 17:50:07.295 SEVERE [Thread-5] com.sun.faces.config.ConfigureListener.contextDestroyed Unexpected state during contextDestroyed: no ConfigManager instance in current ServletContext but one is expected to exist.
05-Apr-2019 17:50:07.295 SEVERE [Thread-5] com.sun.faces.config.ConfigureListener.contextDestroyed Unexpected state during contextDestroyed: no ConfigManager instance in current ServletContext but one is expected to exist.
05-Apr-2019 17:50:07.303 SEVERE [Thread-5] com.sun.faces.config.ConfigureListener.contextDestroyed Unexpected state during contextDestroyed: no ConfigManager instance in current ServletContext but one is expected to exist.
05-Apr-2019 17:50:07.303 SEVERE [Thread-5] com.sun.faces.config.ConfigureListener.contextDestroyed Unexpected state during contextDestroyed: no ConfigManager instance in current ServletContext but one is expected to exist.
05-Apr-2019 17:50:07.303 INFO [Thread-5] org.apache.coyote.AbstractProtocol.stop Stopping ProtocolHandler ["http-nio-8080"]
05-Apr-2019 17:50:07.303 INFO [Thread-5] org.apache.coyote.AbstractProtocol.stop Stopping ProtocolHandler ["ajp-nio-8009"]
05-Apr-2019 17:50:07.303 INFO [Thread-5] org.apache.coyote.AbstractProtocol.destroy Destroying ProtocolHandler ["http-nio-8080"]
05-Apr-2019 17:50:07.303 INFO [Thread-5] org.apache.coyote.AbstractProtocol.destroy Destroying ProtocolHandler ["ajp-nio-8009"]
