04-Mar-2019 16:29:40.239 INFO [main] org.apache.catalina.startup.VersionLoggerListener.log Server version name:   Apache Tomcat/9.0.16
04-Mar-2019 16:29:40.240 INFO [main] org.apache.catalina.startup.VersionLoggerListener.log Server built:          Feb 4 2019 16:30:29 UTC
04-Mar-2019 16:29:40.243 INFO [main] org.apache.catalina.startup.VersionLoggerListener.log Server version number: 9.0.16.0
04-Mar-2019 16:29:40.243 INFO [main] org.apache.catalina.startup.VersionLoggerListener.log OS Name:               Windows 10
04-Mar-2019 16:29:40.243 INFO [main] org.apache.catalina.startup.VersionLoggerListener.log OS Version:            10.0
04-Mar-2019 16:29:40.243 INFO [main] org.apache.catalina.startup.VersionLoggerListener.log Architecture:          amd64
04-Mar-2019 16:29:40.243 INFO [main] org.apache.catalina.startup.VersionLoggerListener.log Java Home:             C:\Program Files\Java\jdk1.8.0_201\jre
04-Mar-2019 16:29:40.243 INFO [main] org.apache.catalina.startup.VersionLoggerListener.log JVM Version:           1.8.0_201-b09
04-Mar-2019 16:29:40.244 INFO [main] org.apache.catalina.startup.VersionLoggerListener.log JVM Vendor:            Oracle Corporation
04-Mar-2019 16:29:40.244 INFO [main] org.apache.catalina.startup.VersionLoggerListener.log CATALINA_BASE:         C:\My\item_analyzer_web_app\apache-tomcat-9.0.16[configured for deployment]
04-Mar-2019 16:29:40.244 INFO [main] org.apache.catalina.startup.VersionLoggerListener.log CATALINA_HOME:         C:\My\item_analyzer_web_app\apache-tomcat-9.0.16[configured for deployment]
04-Mar-2019 16:29:40.244 INFO [main] org.apache.catalina.startup.VersionLoggerListener.log Command line argument: -Djava.util.logging.config.file=C:\My\item_analyzer_web_app\apache-tomcat-9.0.16[configured for deployment]\conf\logging.properties
04-Mar-2019 16:29:40.244 INFO [main] org.apache.catalina.startup.VersionLoggerListener.log Command line argument: -Djava.util.logging.manager=org.apache.juli.ClassLoaderLogManager
04-Mar-2019 16:29:40.245 INFO [main] org.apache.catalina.startup.VersionLoggerListener.log Command line argument: -Djdk.tls.ephemeralDHKeySize=2048
04-Mar-2019 16:29:40.245 INFO [main] org.apache.catalina.startup.VersionLoggerListener.log Command line argument: -Djava.protocol.handler.pkgs=org.apache.catalina.webresources
04-Mar-2019 16:29:40.245 INFO [main] org.apache.catalina.startup.VersionLoggerListener.log Command line argument: -Dignore.endorsed.dirs=
04-Mar-2019 16:29:40.245 INFO [main] org.apache.catalina.startup.VersionLoggerListener.log Command line argument: -Dcatalina.base=C:\My\item_analyzer_web_app\apache-tomcat-9.0.16[configured for deployment]
04-Mar-2019 16:29:40.245 INFO [main] org.apache.catalina.startup.VersionLoggerListener.log Command line argument: -Dcatalina.home=C:\My\item_analyzer_web_app\apache-tomcat-9.0.16[configured for deployment]
04-Mar-2019 16:29:40.246 INFO [main] org.apache.catalina.startup.VersionLoggerListener.log Command line argument: -Djava.io.tmpdir=C:\My\item_analyzer_web_app\apache-tomcat-9.0.16[configured for deployment]\temp
04-Mar-2019 16:29:40.246 INFO [main] org.apache.catalina.core.AprLifecycleListener.lifecycleEvent Loaded APR based Apache Tomcat Native library [1.2.21] using APR version [1.6.5].
04-Mar-2019 16:29:40.246 INFO [main] org.apache.catalina.core.AprLifecycleListener.lifecycleEvent APR capabilities: IPv6 [true], sendfile [true], accept filters [false], random [true].
04-Mar-2019 16:29:40.246 INFO [main] org.apache.catalina.core.AprLifecycleListener.lifecycleEvent APR/OpenSSL configuration: useAprConnector [false], useOpenSSL [true]
04-Mar-2019 16:29:40.259 INFO [main] org.apache.catalina.core.AprLifecycleListener.initializeSSL OpenSSL successfully initialized [OpenSSL 1.1.1a  20 Nov 2018]
04-Mar-2019 16:29:40.346 INFO [main] org.apache.coyote.AbstractProtocol.init Initializing ProtocolHandler ["http-nio-8080"]
04-Mar-2019 16:29:40.406 INFO [main] org.apache.coyote.AbstractProtocol.init Initializing ProtocolHandler ["ajp-nio-8009"]
04-Mar-2019 16:29:40.408 SEVERE [main] org.apache.catalina.util.LifecycleBase.handleSubClassException Failed to initialize component [Connector[AJP/1.3-8009]]
 org.apache.catalina.LifecycleException: Protocol handler initialization failed
	at org.apache.catalina.connector.Connector.initInternal(Connector.java:983)
	at org.apache.catalina.util.LifecycleBase.init(LifecycleBase.java:136)
	at org.apache.catalina.core.StandardService.initInternal(StandardService.java:535)
	at org.apache.catalina.util.LifecycleBase.init(LifecycleBase.java:136)
	at org.apache.catalina.core.StandardServer.initInternal(StandardServer.java:1055)
	at org.apache.catalina.util.LifecycleBase.init(LifecycleBase.java:136)
	at org.apache.catalina.startup.Catalina.load(Catalina.java:589)
	at org.apache.catalina.startup.Catalina.load(Catalina.java:612)
	at sun.reflect.NativeMethodAccessorImpl.invoke0(Native Method)
	at sun.reflect.NativeMethodAccessorImpl.invoke(NativeMethodAccessorImpl.java:62)
	at sun.reflect.DelegatingMethodAccessorImpl.invoke(DelegatingMethodAccessorImpl.java:43)
	at java.lang.reflect.Method.invoke(Method.java:498)
	at org.apache.catalina.startup.Bootstrap.load(Bootstrap.java:306)
	at org.apache.catalina.startup.Bootstrap.main(Bootstrap.java:491)
Caused by: java.net.BindException: Address already in use: bind
	at sun.nio.ch.Net.bind0(Native Method)
	at sun.nio.ch.Net.bind(Net.java:433)
	at sun.nio.ch.Net.bind(Net.java:425)
	at sun.nio.ch.ServerSocketChannelImpl.bind(ServerSocketChannelImpl.java:223)
	at sun.nio.ch.ServerSocketAdaptor.bind(ServerSocketAdaptor.java:74)
	at org.apache.tomcat.util.net.NioEndpoint.initServerSocket(NioEndpoint.java:236)
	at org.apache.tomcat.util.net.NioEndpoint.bind(NioEndpoint.java:210)
	at org.apache.tomcat.util.net.AbstractEndpoint.bindWithCleanup(AbstractEndpoint.java:1085)
	at org.apache.tomcat.util.net.AbstractEndpoint.init(AbstractEndpoint.java:1098)
	at org.apache.coyote.AbstractProtocol.init(AbstractProtocol.java:557)
	at org.apache.catalina.connector.Connector.initInternal(Connector.java:980)
	... 13 more

04-Mar-2019 16:29:40.410 INFO [main] org.apache.catalina.startup.Catalina.load Server initialization in [415] milliseconds
04-Mar-2019 16:29:40.428 INFO [main] org.apache.catalina.core.StandardService.startInternal Starting service [Catalina]
04-Mar-2019 16:29:40.428 INFO [main] org.apache.catalina.core.StandardEngine.startInternal Starting Servlet engine: [Apache Tomcat/9.0.16]
04-Mar-2019 16:29:40.439 INFO [main] org.apache.catalina.startup.HostConfig.deployDirectory Deploying web application directory [C:\My\item_analyzer_web_app\apache-tomcat-9.0.16[configured for deployment]\webapps\docs]
04-Mar-2019 16:29:40.617 INFO [main] org.apache.catalina.startup.HostConfig.deployDirectory Deployment of web application directory [C:\My\item_analyzer_web_app\apache-tomcat-9.0.16[configured for deployment]\webapps\docs] has finished in [178] ms
04-Mar-2019 16:29:40.618 INFO [main] org.apache.catalina.startup.HostConfig.deployDirectory Deploying web application directory [C:\My\item_analyzer_web_app\apache-tomcat-9.0.16[configured for deployment]\webapps\examples]
04-Mar-2019 16:29:40.903 INFO [main] org.apache.catalina.startup.HostConfig.deployDirectory Deployment of web application directory [C:\My\item_analyzer_web_app\apache-tomcat-9.0.16[configured for deployment]\webapps\examples] has finished in [285] ms
04-Mar-2019 16:29:40.903 INFO [main] org.apache.catalina.startup.HostConfig.deployDirectory Deploying web application directory [C:\My\item_analyzer_web_app\apache-tomcat-9.0.16[configured for deployment]\webapps\host-manager]
04-Mar-2019 16:29:40.928 INFO [main] org.apache.catalina.startup.HostConfig.deployDirectory Deployment of web application directory [C:\My\item_analyzer_web_app\apache-tomcat-9.0.16[configured for deployment]\webapps\host-manager] has finished in [25] ms
04-Mar-2019 16:29:40.928 INFO [main] org.apache.catalina.startup.HostConfig.deployDirectory Deploying web application directory [C:\My\item_analyzer_web_app\apache-tomcat-9.0.16[configured for deployment]\webapps\manager]
04-Mar-2019 16:29:40.953 INFO [main] org.apache.catalina.startup.HostConfig.deployDirectory Deployment of web application directory [C:\My\item_analyzer_web_app\apache-tomcat-9.0.16[configured for deployment]\webapps\manager] has finished in [25] ms
04-Mar-2019 16:29:40.953 INFO [main] org.apache.catalina.startup.HostConfig.deployDirectory Deploying web application directory [C:\My\item_analyzer_web_app\apache-tomcat-9.0.16[configured for deployment]\webapps\ROOT]
04-Mar-2019 16:29:41.077 INFO [main] org.apache.catalina.startup.HostConfig.deployDirectory Deployment of web application directory [C:\My\item_analyzer_web_app\apache-tomcat-9.0.16[configured for deployment]\webapps\ROOT] has finished in [124] ms
04-Mar-2019 16:29:41.080 INFO [main] org.apache.coyote.AbstractProtocol.start Starting ProtocolHandler ["http-nio-8080"]
04-Mar-2019 16:29:41.086 INFO [main] org.apache.catalina.startup.Catalina.start Server startup in [676] milliseconds
