22-Mar-2019 00:15:04.024 INFO [Thread-5] org.apache.coyote.AbstractProtocol.pause Pausing ProtocolHandler ["http-nio-8080"]
22-Mar-2019 00:15:04.349 INFO [Thread-5] org.apache.coyote.AbstractProtocol.pause Pausing ProtocolHandler ["ajp-nio-8009"]
22-Mar-2019 00:15:04.667 INFO [Thread-5] org.apache.catalina.core.StandardService.stopInternal Stopping service [Catalina]
22-Mar-2019 00:15:04.869 INFO [Thread-5] org.apache.coyote.AbstractProtocol.stop Stopping ProtocolHandler ["http-nio-8080"]
22-Mar-2019 00:15:04.885 INFO [Thread-5] org.apache.coyote.AbstractProtocol.stop Stopping ProtocolHandler ["ajp-nio-8009"]
22-Mar-2019 00:15:04.885 INFO [Thread-5] org.apache.coyote.AbstractProtocol.destroy Destroying ProtocolHandler ["http-nio-8080"]
22-Mar-2019 00:15:04.901 INFO [Thread-5] org.apache.coyote.AbstractProtocol.destroy Destroying ProtocolHandler ["ajp-nio-8009"]
22-Mar-2019 21:49:07.104 INFO [main] org.apache.catalina.startup.VersionLoggerListener.log Server version name:   Apache Tomcat/9.0.16
22-Mar-2019 21:49:07.245 INFO [main] org.apache.catalina.startup.VersionLoggerListener.log Server built:          Feb 4 2019 16:30:29 UTC
22-Mar-2019 21:49:07.260 INFO [main] org.apache.catalina.startup.VersionLoggerListener.log Server version number: 9.0.16.0
22-Mar-2019 21:49:07.260 INFO [main] org.apache.catalina.startup.VersionLoggerListener.log OS Name:               Windows 10
22-Mar-2019 21:49:07.260 INFO [main] org.apache.catalina.startup.VersionLoggerListener.log OS Version:            10.0
22-Mar-2019 21:49:07.260 INFO [main] org.apache.catalina.startup.VersionLoggerListener.log Architecture:          amd64
22-Mar-2019 21:49:07.260 INFO [main] org.apache.catalina.startup.VersionLoggerListener.log Java Home:             C:\Program Files\Java\jdk1.8.0_191\jre
22-Mar-2019 21:49:07.260 INFO [main] org.apache.catalina.startup.VersionLoggerListener.log JVM Version:           1.8.0_191-b12
22-Mar-2019 21:49:07.260 INFO [main] org.apache.catalina.startup.VersionLoggerListener.log JVM Vendor:            Oracle Corporation
22-Mar-2019 21:49:07.260 INFO [main] org.apache.catalina.startup.VersionLoggerListener.log CATALINA_BASE:         D:\GIT\task05_Lambdas_Streams\apache-tomcat-9.0.16[configured for deployment]
22-Mar-2019 21:49:07.260 INFO [main] org.apache.catalina.startup.VersionLoggerListener.log CATALINA_HOME:         D:\GIT\task05_Lambdas_Streams\apache-tomcat-9.0.16[configured for deployment]
22-Mar-2019 21:49:07.260 INFO [main] org.apache.catalina.startup.VersionLoggerListener.log Command line argument: -Djava.util.logging.config.file=D:\GIT\task05_Lambdas_Streams\apache-tomcat-9.0.16[configured for deployment]\conf\logging.properties
22-Mar-2019 21:49:07.260 INFO [main] org.apache.catalina.startup.VersionLoggerListener.log Command line argument: -Djava.util.logging.manager=org.apache.juli.ClassLoaderLogManager
22-Mar-2019 21:49:07.260 INFO [main] org.apache.catalina.startup.VersionLoggerListener.log Command line argument: -Djdk.tls.ephemeralDHKeySize=2048
22-Mar-2019 21:49:07.260 INFO [main] org.apache.catalina.startup.VersionLoggerListener.log Command line argument: -Djava.protocol.handler.pkgs=org.apache.catalina.webresources
22-Mar-2019 21:49:07.260 INFO [main] org.apache.catalina.startup.VersionLoggerListener.log Command line argument: -Dignore.endorsed.dirs=
22-Mar-2019 21:49:07.260 INFO [main] org.apache.catalina.startup.VersionLoggerListener.log Command line argument: -Dcatalina.base=D:\GIT\task05_Lambdas_Streams\apache-tomcat-9.0.16[configured for deployment]
22-Mar-2019 21:49:07.260 INFO [main] org.apache.catalina.startup.VersionLoggerListener.log Command line argument: -Dcatalina.home=D:\GIT\task05_Lambdas_Streams\apache-tomcat-9.0.16[configured for deployment]
22-Mar-2019 21:49:07.260 INFO [main] org.apache.catalina.startup.VersionLoggerListener.log Command line argument: -Djava.io.tmpdir=D:\GIT\task05_Lambdas_Streams\apache-tomcat-9.0.16[configured for deployment]\temp
22-Mar-2019 21:49:07.292 INFO [main] org.apache.catalina.core.AprLifecycleListener.lifecycleEvent Loaded APR based Apache Tomcat Native library [1.2.21] using APR version [1.6.5].
22-Mar-2019 21:49:07.292 INFO [main] org.apache.catalina.core.AprLifecycleListener.lifecycleEvent APR capabilities: IPv6 [true], sendfile [true], accept filters [false], random [true].
22-Mar-2019 21:49:07.292 INFO [main] org.apache.catalina.core.AprLifecycleListener.lifecycleEvent APR/OpenSSL configuration: useAprConnector [false], useOpenSSL [true]
22-Mar-2019 21:49:07.354 INFO [main] org.apache.catalina.core.AprLifecycleListener.initializeSSL OpenSSL successfully initialized [OpenSSL 1.1.1a  20 Nov 2018]
22-Mar-2019 21:49:16.115 INFO [main] org.apache.coyote.AbstractProtocol.init Initializing ProtocolHandler ["http-nio-8080"]
22-Mar-2019 21:49:16.981 INFO [main] org.apache.coyote.AbstractProtocol.init Initializing ProtocolHandler ["ajp-nio-8009"]
22-Mar-2019 21:49:16.997 INFO [main] org.apache.catalina.startup.Catalina.load Server initialization in [13,282] milliseconds
22-Mar-2019 21:49:17.200 INFO [main] org.apache.catalina.core.StandardService.startInternal Starting service [Catalina]
22-Mar-2019 21:49:17.216 INFO [main] org.apache.catalina.core.StandardEngine.startInternal Starting Servlet engine: [Apache Tomcat/9.0.16]
22-Mar-2019 21:49:17.262 INFO [main] org.apache.catalina.startup.HostConfig.deployDirectory Deploying web application directory [D:\GIT\task05_Lambdas_Streams\apache-tomcat-9.0.16[configured for deployment]\webapps\docs]
22-Mar-2019 21:49:19.440 INFO [main] org.apache.catalina.startup.HostConfig.deployDirectory Deployment of web application directory [D:\GIT\task05_Lambdas_Streams\apache-tomcat-9.0.16[configured for deployment]\webapps\docs] has finished in [2,178] ms
22-Mar-2019 21:49:19.455 INFO [main] org.apache.catalina.startup.HostConfig.deployDirectory Deploying web application directory [D:\GIT\task05_Lambdas_Streams\apache-tomcat-9.0.16[configured for deployment]\webapps\examples]
22-Mar-2019 21:49:25.476 INFO [main] org.apache.catalina.startup.HostConfig.deployDirectory Deployment of web application directory [D:\GIT\task05_Lambdas_Streams\apache-tomcat-9.0.16[configured for deployment]\webapps\examples] has finished in [6,021] ms
22-Mar-2019 21:49:25.542 INFO [main] org.apache.catalina.startup.HostConfig.deployDirectory Deploying web application directory [D:\GIT\task05_Lambdas_Streams\apache-tomcat-9.0.16[configured for deployment]\webapps\host-manager]
22-Mar-2019 21:49:25.990 INFO [main] org.apache.catalina.startup.HostConfig.deployDirectory Deployment of web application directory [D:\GIT\task05_Lambdas_Streams\apache-tomcat-9.0.16[configured for deployment]\webapps\host-manager] has finished in [444] ms
22-Mar-2019 21:49:26.002 INFO [main] org.apache.catalina.startup.HostConfig.deployDirectory Deploying web application directory [D:\GIT\task05_Lambdas_Streams\apache-tomcat-9.0.16[configured for deployment]\webapps\manager]
22-Mar-2019 21:49:26.198 INFO [main] org.apache.catalina.startup.HostConfig.deployDirectory Deployment of web application directory [D:\GIT\task05_Lambdas_Streams\apache-tomcat-9.0.16[configured for deployment]\webapps\manager] has finished in [192] ms
22-Mar-2019 21:49:26.198 INFO [main] org.apache.catalina.startup.HostConfig.deployDirectory Deploying web application directory [D:\GIT\task05_Lambdas_Streams\apache-tomcat-9.0.16[configured for deployment]\webapps\ROOT]
22-Mar-2019 21:49:27.182 INFO [main] org.apache.catalina.startup.HostConfig.deployDirectory Deployment of web application directory [D:\GIT\task05_Lambdas_Streams\apache-tomcat-9.0.16[configured for deployment]\webapps\ROOT] has finished in [980] ms
22-Mar-2019 21:49:27.202 INFO [main] org.apache.coyote.AbstractProtocol.start Starting ProtocolHandler ["http-nio-8080"]
22-Mar-2019 21:49:27.250 INFO [main] org.apache.coyote.AbstractProtocol.start Starting ProtocolHandler ["ajp-nio-8009"]
22-Mar-2019 21:49:27.270 INFO [main] org.apache.catalina.startup.Catalina.start Server startup in [10,224] milliseconds
22-Mar-2019 23:57:58.945 INFO [Thread-5] org.apache.coyote.AbstractProtocol.pause Pausing ProtocolHandler ["http-nio-8080"]
22-Mar-2019 23:57:59.372 INFO [Thread-5] org.apache.coyote.AbstractProtocol.pause Pausing ProtocolHandler ["ajp-nio-8009"]
22-Mar-2019 23:57:59.639 INFO [Thread-5] org.apache.catalina.core.StandardService.stopInternal Stopping service [Catalina]
22-Mar-2019 23:57:59.813 INFO [Thread-5] org.apache.coyote.AbstractProtocol.stop Stopping ProtocolHandler ["http-nio-8080"]
22-Mar-2019 23:57:59.829 INFO [Thread-5] org.apache.coyote.AbstractProtocol.stop Stopping ProtocolHandler ["ajp-nio-8009"]
22-Mar-2019 23:57:59.844 INFO [Thread-5] org.apache.coyote.AbstractProtocol.destroy Destroying ProtocolHandler ["http-nio-8080"]
22-Mar-2019 23:57:59.844 INFO [Thread-5] org.apache.coyote.AbstractProtocol.destroy Destroying ProtocolHandler ["ajp-nio-8009"]
