03-Apr-2019 10:33:08.810 INFO [main] org.apache.catalina.startup.VersionLoggerListener.log Server version name:   Apache Tomcat/9.0.16
03-Apr-2019 10:33:08.810 INFO [main] org.apache.catalina.startup.VersionLoggerListener.log Server built:          Feb 4 2019 16:30:29 UTC
03-Apr-2019 10:33:08.810 INFO [main] org.apache.catalina.startup.VersionLoggerListener.log Server version number: 9.0.16.0
03-Apr-2019 10:33:08.810 INFO [main] org.apache.catalina.startup.VersionLoggerListener.log OS Name:               Windows 10
03-Apr-2019 10:33:08.810 INFO [main] org.apache.catalina.startup.VersionLoggerListener.log OS Version:            10.0
03-Apr-2019 10:33:08.810 INFO [main] org.apache.catalina.startup.VersionLoggerListener.log Architecture:          amd64
03-Apr-2019 10:33:08.810 INFO [main] org.apache.catalina.startup.VersionLoggerListener.log Java Home:             C:\Program Files\Java\jdk1.8.0_201\jre
03-Apr-2019 10:33:08.810 INFO [main] org.apache.catalina.startup.VersionLoggerListener.log JVM Version:           1.8.0_201-b09
03-Apr-2019 10:33:08.810 INFO [main] org.apache.catalina.startup.VersionLoggerListener.log JVM Vendor:            Oracle Corporation
03-Apr-2019 10:33:08.810 INFO [main] org.apache.catalina.startup.VersionLoggerListener.log CATALINA_BASE:         C:\My\item_analyzer_web_app\apache-tomcat-9.0.16[configured for deployment]
03-Apr-2019 10:33:08.810 INFO [main] org.apache.catalina.startup.VersionLoggerListener.log CATALINA_HOME:         C:\My\item_analyzer_web_app\apache-tomcat-9.0.16[configured for deployment]
03-Apr-2019 10:33:08.810 INFO [main] org.apache.catalina.startup.VersionLoggerListener.log Command line argument: -Djava.util.logging.config.file=C:\My\item_analyzer_web_app\apache-tomcat-9.0.16[configured for deployment]\conf\logging.properties
03-Apr-2019 10:33:08.810 INFO [main] org.apache.catalina.startup.VersionLoggerListener.log Command line argument: -Djava.util.logging.manager=org.apache.juli.ClassLoaderLogManager
03-Apr-2019 10:33:08.810 INFO [main] org.apache.catalina.startup.VersionLoggerListener.log Command line argument: -Djdk.tls.ephemeralDHKeySize=2048
03-Apr-2019 10:33:08.810 INFO [main] org.apache.catalina.startup.VersionLoggerListener.log Command line argument: -Djava.protocol.handler.pkgs=org.apache.catalina.webresources
03-Apr-2019 10:33:08.810 INFO [main] org.apache.catalina.startup.VersionLoggerListener.log Command line argument: -Dignore.endorsed.dirs=
03-Apr-2019 10:33:08.810 INFO [main] org.apache.catalina.startup.VersionLoggerListener.log Command line argument: -Dcatalina.base=C:\My\item_analyzer_web_app\apache-tomcat-9.0.16[configured for deployment]
03-Apr-2019 10:33:08.810 INFO [main] org.apache.catalina.startup.VersionLoggerListener.log Command line argument: -Dcatalina.home=C:\My\item_analyzer_web_app\apache-tomcat-9.0.16[configured for deployment]
03-Apr-2019 10:33:08.826 INFO [main] org.apache.catalina.startup.VersionLoggerListener.log Command line argument: -Djava.io.tmpdir=C:\My\item_analyzer_web_app\apache-tomcat-9.0.16[configured for deployment]\temp
03-Apr-2019 10:33:08.826 INFO [main] org.apache.catalina.core.AprLifecycleListener.lifecycleEvent Loaded APR based Apache Tomcat Native library [1.2.21] using APR version [1.6.5].
03-Apr-2019 10:33:08.826 INFO [main] org.apache.catalina.core.AprLifecycleListener.lifecycleEvent APR capabilities: IPv6 [true], sendfile [true], accept filters [false], random [true].
03-Apr-2019 10:33:08.826 INFO [main] org.apache.catalina.core.AprLifecycleListener.lifecycleEvent APR/OpenSSL configuration: useAprConnector [false], useOpenSSL [true]
03-Apr-2019 10:33:08.842 INFO [main] org.apache.catalina.core.AprLifecycleListener.initializeSSL OpenSSL successfully initialized [OpenSSL 1.1.1a  20 Nov 2018]
03-Apr-2019 10:33:08.957 INFO [main] org.apache.coyote.AbstractProtocol.init Initializing ProtocolHandler ["http-nio-8080"]
03-Apr-2019 10:33:09.026 INFO [main] org.apache.coyote.AbstractProtocol.init Initializing ProtocolHandler ["ajp-nio-8009"]
03-Apr-2019 10:33:09.026 INFO [main] org.apache.catalina.startup.Catalina.load Server initialization in [482] milliseconds
03-Apr-2019 10:33:09.042 INFO [main] org.apache.catalina.core.StandardService.startInternal Starting service [Catalina]
03-Apr-2019 10:33:09.042 INFO [main] org.apache.catalina.core.StandardEngine.startInternal Starting Servlet engine: [Apache Tomcat/9.0.16]
03-Apr-2019 10:33:09.058 INFO [main] org.apache.catalina.startup.HostConfig.deployDirectory Deploying web application directory [C:\My\item_analyzer_web_app\apache-tomcat-9.0.16[configured for deployment]\webapps\docs]
03-Apr-2019 10:33:10.705 INFO [main] org.apache.jasper.servlet.TldScanner.scanJars At least one JAR was scanned for TLDs yet contained no TLDs. Enable debug logging for this logger for a complete list of JARs that were scanned but no TLDs were found in them. Skipping unneeded JARs during scanning can improve startup time and JSP compilation time.
03-Apr-2019 10:33:10.765 INFO [main] com.sun.faces.config.ConfigureListener.contextInitialized Initializing Mojarra 2.2.10 ( 20150205-0906 https://svn.java.net/svn/mojarra~svn/tags/2.2.10@14334) for context '/docs'
03-Apr-2019 10:33:10.866 INFO [main] com.sun.faces.spi.InjectionProviderFactory.createInstance JSF1048: PostConstruct/PreDestroy annotations present.  ManagedBeans methods marked with these annotations will have said annotations processed.
03-Apr-2019 10:33:11.218 INFO [main] org.apache.catalina.startup.HostConfig.deployDirectory Deployment of web application directory [C:\My\item_analyzer_web_app\apache-tomcat-9.0.16[configured for deployment]\webapps\docs] has finished in [2,160] ms
03-Apr-2019 10:33:11.218 INFO [main] org.apache.catalina.startup.HostConfig.deployDirectory Deploying web application directory [C:\My\item_analyzer_web_app\apache-tomcat-9.0.16[configured for deployment]\webapps\examples]
03-Apr-2019 10:33:12.725 INFO [main] org.apache.jasper.servlet.TldScanner.scanJars At least one JAR was scanned for TLDs yet contained no TLDs. Enable debug logging for this logger for a complete list of JARs that were scanned but no TLDs were found in them. Skipping unneeded JARs during scanning can improve startup time and JSP compilation time.
03-Apr-2019 10:33:12.756 INFO [main] com.sun.faces.config.ConfigureListener.contextInitialized Initializing Mojarra 2.2.10 ( 20150205-0906 https://svn.java.net/svn/mojarra~svn/tags/2.2.10@14334) for context '/examples'
03-Apr-2019 10:33:12.816 INFO [main] com.sun.faces.spi.InjectionProviderFactory.createInstance JSF1048: PostConstruct/PreDestroy annotations present.  ManagedBeans methods marked with these annotations will have said annotations processed.
03-Apr-2019 10:33:12.947 INFO [main] org.apache.catalina.startup.HostConfig.deployDirectory Deployment of web application directory [C:\My\item_analyzer_web_app\apache-tomcat-9.0.16[configured for deployment]\webapps\examples] has finished in [1,729] ms
03-Apr-2019 10:33:12.955 INFO [main] org.apache.catalina.startup.HostConfig.deployDirectory Deploying web application directory [C:\My\item_analyzer_web_app\apache-tomcat-9.0.16[configured for deployment]\webapps\host-manager]
03-Apr-2019 10:33:14.032 INFO [main] org.apache.jasper.servlet.TldScanner.scanJars At least one JAR was scanned for TLDs yet contained no TLDs. Enable debug logging for this logger for a complete list of JARs that were scanned but no TLDs were found in them. Skipping unneeded JARs during scanning can improve startup time and JSP compilation time.
03-Apr-2019 10:33:14.042 INFO [main] com.sun.faces.config.ConfigureListener.contextInitialized Initializing Mojarra 2.2.10 ( 20150205-0906 https://svn.java.net/svn/mojarra~svn/tags/2.2.10@14334) for context '/host-manager'
03-Apr-2019 10:33:14.093 INFO [main] com.sun.faces.spi.InjectionProviderFactory.createInstance JSF1048: PostConstruct/PreDestroy annotations present.  ManagedBeans methods marked with these annotations will have said annotations processed.
03-Apr-2019 10:33:14.174 INFO [main] org.apache.catalina.startup.HostConfig.deployDirectory Deployment of web application directory [C:\My\item_analyzer_web_app\apache-tomcat-9.0.16[configured for deployment]\webapps\host-manager] has finished in [1,219] ms
03-Apr-2019 10:33:14.174 INFO [main] org.apache.catalina.startup.HostConfig.deployDirectory Deploying web application directory [C:\My\item_analyzer_web_app\apache-tomcat-9.0.16[configured for deployment]\webapps\manager]
03-Apr-2019 10:33:15.252 INFO [main] org.apache.jasper.servlet.TldScanner.scanJars At least one JAR was scanned for TLDs yet contained no TLDs. Enable debug logging for this logger for a complete list of JARs that were scanned but no TLDs were found in them. Skipping unneeded JARs during scanning can improve startup time and JSP compilation time.
03-Apr-2019 10:33:15.254 INFO [main] com.sun.faces.config.ConfigureListener.contextInitialized Initializing Mojarra 2.2.10 ( 20150205-0906 https://svn.java.net/svn/mojarra~svn/tags/2.2.10@14334) for context '/manager'
03-Apr-2019 10:33:15.295 INFO [main] com.sun.faces.spi.InjectionProviderFactory.createInstance JSF1048: PostConstruct/PreDestroy annotations present.  ManagedBeans methods marked with these annotations will have said annotations processed.
03-Apr-2019 10:33:15.373 INFO [main] org.apache.catalina.startup.HostConfig.deployDirectory Deployment of web application directory [C:\My\item_analyzer_web_app\apache-tomcat-9.0.16[configured for deployment]\webapps\manager] has finished in [1,199] ms
03-Apr-2019 10:33:15.373 INFO [main] org.apache.catalina.startup.HostConfig.deployDirectory Deploying web application directory [C:\My\item_analyzer_web_app\apache-tomcat-9.0.16[configured for deployment]\webapps\ROOT]
03-Apr-2019 10:33:16.537 INFO [main] org.apache.jasper.servlet.TldScanner.scanJars At least one JAR was scanned for TLDs yet contained no TLDs. Enable debug logging for this logger for a complete list of JARs that were scanned but no TLDs were found in them. Skipping unneeded JARs during scanning can improve startup time and JSP compilation time.
03-Apr-2019 10:33:16.537 INFO [main] com.sun.faces.config.ConfigureListener.contextInitialized Initializing Mojarra 2.2.10 ( 20150205-0906 https://svn.java.net/svn/mojarra~svn/tags/2.2.10@14334) for context ''
03-Apr-2019 10:33:16.586 INFO [main] com.sun.faces.spi.InjectionProviderFactory.createInstance JSF1048: PostConstruct/PreDestroy annotations present.  ManagedBeans methods marked with these annotations will have said annotations processed.
03-Apr-2019 10:33:16.602 SEVERE [main] com.sun.faces.config.JavaClassScanningAnnotationScanner$ConstantPoolInfo.containsAnnotation Unknow type constant pool 18 at position 7
03-Apr-2019 10:33:16.602 SEVERE [main] com.sun.faces.config.JavaClassScanningAnnotationScanner$ConstantPoolInfo.containsAnnotation Unknow type constant pool 0 at position 8
03-Apr-2019 10:33:16.602 SEVERE [main] com.sun.faces.config.JavaClassScanningAnnotationScanner$ConstantPoolInfo.containsAnnotation Unknow type constant pool 0 at position 9
03-Apr-2019 10:33:16.602 SEVERE [main] com.sun.faces.config.JavaClassScanningAnnotationScanner$ConstantPoolInfo.containsAnnotation Unknow type constant pool 0 at position 10
03-Apr-2019 10:33:16.602 SEVERE [main] com.sun.faces.config.JavaClassScanningAnnotationScanner$ConstantPoolInfo.containsAnnotation Unknow type constant pool 69 at position 11
03-Apr-2019 10:33:16.602 SEVERE [main] com.sun.faces.config.JavaClassScanningAnnotationScanner$ConstantPoolInfo.containsAnnotation Unknow type constant pool 15 at position 69
03-Apr-2019 10:33:16.602 SEVERE [main] com.sun.faces.config.JavaClassScanningAnnotationScanner$ConstantPoolInfo.containsAnnotation Unknow type constant pool 95 at position 72
03-Apr-2019 10:33:16.602 SEVERE [main] com.sun.faces.config.JavaClassScanningAnnotationScanner$ConstantPoolInfo.containsAnnotation Unknow type constant pool 16 at position 73
03-Apr-2019 10:33:16.602 SEVERE [main] com.sun.faces.config.JavaClassScanningAnnotationScanner$ConstantPoolInfo.containsAnnotation Unknow type constant pool 0 at position 74
03-Apr-2019 10:33:16.602 SEVERE [main] com.sun.faces.config.JavaClassScanningAnnotationScanner$ConstantPoolInfo.containsAnnotation Unknow type constant pool 45 at position 75
03-Apr-2019 10:33:16.602 SEVERE [main] com.sun.faces.config.JavaClassScanningAnnotationScanner$ConstantPoolInfo.containsAnnotation Unknow type constant pool 18 at position 8
03-Apr-2019 10:33:16.602 SEVERE [main] com.sun.faces.config.JavaClassScanningAnnotationScanner$ConstantPoolInfo.containsAnnotation Unknow type constant pool 0 at position 9
03-Apr-2019 10:33:16.602 SEVERE [main] com.sun.faces.config.JavaClassScanningAnnotationScanner$ConstantPoolInfo.containsAnnotation Unknow type constant pool 0 at position 10
03-Apr-2019 10:33:16.602 SEVERE [main] com.sun.faces.config.JavaClassScanningAnnotationScanner$ConstantPoolInfo.containsAnnotation Unknow type constant pool 0 at position 11
03-Apr-2019 10:33:16.602 SEVERE [main] com.sun.faces.config.JavaClassScanningAnnotationScanner$ConstantPoolInfo.containsAnnotation Unknow type constant pool 82 at position 12
03-Apr-2019 10:33:16.602 SEVERE [main] com.sun.faces.config.JavaClassScanningAnnotationScanner$ConstantPoolInfo.containsAnnotation Unknow type constant pool 15 at position 82
03-Apr-2019 10:33:16.602 SEVERE [main] com.sun.faces.config.JavaClassScanningAnnotationScanner$ConstantPoolInfo.containsAnnotation Unknow type constant pool 119 at position 85
03-Apr-2019 10:33:16.602 SEVERE [main] com.sun.faces.config.JavaClassScanningAnnotationScanner$ConstantPoolInfo.containsAnnotation Unknow type constant pool 16 at position 86
03-Apr-2019 10:33:16.602 SEVERE [main] com.sun.faces.config.JavaClassScanningAnnotationScanner$ConstantPoolInfo.containsAnnotation Unknow type constant pool 0 at position 87
03-Apr-2019 10:33:16.602 SEVERE [main] com.sun.faces.config.JavaClassScanningAnnotationScanner$ConstantPoolInfo.containsAnnotation Unknow type constant pool 58 at position 88
03-Apr-2019 10:33:16.602 SEVERE [main] com.sun.faces.config.JavaClassScanningAnnotationScanner$ConstantPoolInfo.containsAnnotation Unknow type constant pool 18 at position 8
03-Apr-2019 10:33:16.602 SEVERE [main] com.sun.faces.config.JavaClassScanningAnnotationScanner$ConstantPoolInfo.containsAnnotation Unknow type constant pool 0 at position 9
03-Apr-2019 10:33:16.602 SEVERE [main] com.sun.faces.config.JavaClassScanningAnnotationScanner$ConstantPoolInfo.containsAnnotation Unknow type constant pool 0 at position 10
03-Apr-2019 10:33:16.602 SEVERE [main] com.sun.faces.config.JavaClassScanningAnnotationScanner$ConstantPoolInfo.containsAnnotation Unknow type constant pool 0 at position 11
03-Apr-2019 10:33:16.602 SEVERE [main] com.sun.faces.config.JavaClassScanningAnnotationScanner$ConstantPoolInfo.containsAnnotation Unknow type constant pool 87 at position 12
03-Apr-2019 10:33:16.602 SEVERE [main] com.sun.faces.config.JavaClassScanningAnnotationScanner$ConstantPoolInfo.containsAnnotation Unknow type constant pool 15 at position 87
03-Apr-2019 10:33:16.602 SEVERE [main] com.sun.faces.config.JavaClassScanningAnnotationScanner$ConstantPoolInfo.containsAnnotation Unknow type constant pool 120 at position 90
03-Apr-2019 10:33:16.602 SEVERE [main] com.sun.faces.config.JavaClassScanningAnnotationScanner$ConstantPoolInfo.containsAnnotation Unknow type constant pool 16 at position 91
03-Apr-2019 10:33:16.602 SEVERE [main] com.sun.faces.config.JavaClassScanningAnnotationScanner$ConstantPoolInfo.containsAnnotation Unknow type constant pool 0 at position 92
03-Apr-2019 10:33:16.602 SEVERE [main] com.sun.faces.config.JavaClassScanningAnnotationScanner$ConstantPoolInfo.containsAnnotation Unknow type constant pool 62 at position 93
03-Apr-2019 10:33:16.618 SEVERE [main] com.sun.faces.config.JavaClassScanningAnnotationScanner$ConstantPoolInfo.containsAnnotation Unknow type constant pool 18 at position 3
03-Apr-2019 10:33:16.618 SEVERE [main] com.sun.faces.config.JavaClassScanningAnnotationScanner$ConstantPoolInfo.containsAnnotation Unknow type constant pool 0 at position 4
03-Apr-2019 10:33:16.618 SEVERE [main] com.sun.faces.config.JavaClassScanningAnnotationScanner$ConstantPoolInfo.containsAnnotation Unknow type constant pool 0 at position 5
03-Apr-2019 10:33:16.618 SEVERE [main] com.sun.faces.config.JavaClassScanningAnnotationScanner$ConstantPoolInfo.containsAnnotation Unknow type constant pool 0 at position 6
03-Apr-2019 10:33:16.618 SEVERE [main] com.sun.faces.config.JavaClassScanningAnnotationScanner$ConstantPoolInfo.containsAnnotation Unknow type constant pool 48 at position 7
03-Apr-2019 10:33:16.618 SEVERE [main] com.sun.faces.config.JavaClassScanningAnnotationScanner$ConstantPoolInfo.containsAnnotation Unknow type constant pool 15 at position 48
03-Apr-2019 10:33:16.618 SEVERE [main] com.sun.faces.config.JavaClassScanningAnnotationScanner$ConstantPoolInfo.containsAnnotation Unknow type constant pool 67 at position 51
03-Apr-2019 10:33:16.618 SEVERE [main] com.sun.faces.config.JavaClassScanningAnnotationScanner$ConstantPoolInfo.containsAnnotation Unknow type constant pool 16 at position 52
03-Apr-2019 10:33:16.618 SEVERE [main] com.sun.faces.config.JavaClassScanningAnnotationScanner$ConstantPoolInfo.containsAnnotation Unknow type constant pool 0 at position 53
03-Apr-2019 10:33:16.618 SEVERE [main] com.sun.faces.config.JavaClassScanningAnnotationScanner$ConstantPoolInfo.containsAnnotation Unknow type constant pool 35 at position 54
03-Apr-2019 10:33:16.618 SEVERE [main] com.sun.faces.config.JavaClassScanningAnnotationScanner$ConstantPoolInfo.containsAnnotation Unknow type constant pool 18 at position 25
03-Apr-2019 10:33:16.618 SEVERE [main] com.sun.faces.config.JavaClassScanningAnnotationScanner$ConstantPoolInfo.containsAnnotation Unknow type constant pool 0 at position 26
03-Apr-2019 10:33:16.618 SEVERE [main] com.sun.faces.config.JavaClassScanningAnnotationScanner$ConstantPoolInfo.containsAnnotation Unknow type constant pool 0 at position 27
03-Apr-2019 10:33:16.618 SEVERE [main] com.sun.faces.config.JavaClassScanningAnnotationScanner$ConstantPoolInfo.containsAnnotation Unknow type constant pool 0 at position 28
03-Apr-2019 10:33:16.618 SEVERE [main] com.sun.faces.config.JavaClassScanningAnnotationScanner$ConstantPoolInfo.containsAnnotation Unknow type constant pool -101 at position 29
03-Apr-2019 10:33:16.618 SEVERE [main] com.sun.faces.config.JavaClassScanningAnnotationScanner$ConstantPoolInfo.containsAnnotation Unknow type constant pool 18 at position 36
03-Apr-2019 10:33:16.618 SEVERE [main] com.sun.faces.config.JavaClassScanningAnnotationScanner$ConstantPoolInfo.containsAnnotation Unknow type constant pool 0 at position 37
03-Apr-2019 10:33:16.618 SEVERE [main] com.sun.faces.config.JavaClassScanningAnnotationScanner$ConstantPoolInfo.containsAnnotation Unknow type constant pool 0 at position 39
03-Apr-2019 10:33:16.618 SEVERE [main] com.sun.faces.config.JavaClassScanningAnnotationScanner$ConstantPoolInfo.containsAnnotation Unknow type constant pool 15 at position 128
03-Apr-2019 10:33:16.618 SEVERE [main] com.sun.faces.config.JavaClassScanningAnnotationScanner$ConstantPoolInfo.containsAnnotation Unknow type constant pool -34 at position 131
03-Apr-2019 10:33:16.618 SEVERE [main] com.sun.faces.config.JavaClassScanningAnnotationScanner$ConstantPoolInfo.containsAnnotation Unknow type constant pool 16 at position 132
03-Apr-2019 10:33:16.618 SEVERE [main] com.sun.faces.config.JavaClassScanningAnnotationScanner$ConstantPoolInfo.containsAnnotation Unknow type constant pool 0 at position 133
03-Apr-2019 10:33:16.618 SEVERE [main] com.sun.faces.config.JavaClassScanningAnnotationScanner$ConstantPoolInfo.containsAnnotation Unknow type constant pool -33 at position 134
03-Apr-2019 10:33:16.618 SEVERE [main] com.sun.faces.config.JavaClassScanningAnnotationScanner$ConstantPoolInfo.containsAnnotation Unknow type constant pool 16 at position 143
03-Apr-2019 10:33:16.618 SEVERE [main] com.sun.faces.config.JavaClassScanningAnnotationScanner$ConstantPoolInfo.containsAnnotation Unknow type constant pool 0 at position 144
03-Apr-2019 10:33:16.618 SEVERE [main] com.sun.faces.config.JavaClassScanningAnnotationScanner$ConstantPoolInfo.containsAnnotation Unknow type constant pool -22 at position 145
03-Apr-2019 10:33:16.618 SEVERE [main] com.sun.faces.config.JavaClassScanningAnnotationScanner$ConstantPoolInfo.containsAnnotation Unknow type constant pool 15 at position 146
03-Apr-2019 10:33:16.618 SEVERE [main] com.sun.faces.config.JavaClassScanningAnnotationScanner$ConstantPoolInfo.containsAnnotation Unknow type constant pool 0 at position 149
03-Apr-2019 10:33:16.618 SEVERE [main] com.sun.faces.config.JavaClassScanningAnnotationScanner$ConstantPoolInfo.containsAnnotation Unknow type constant pool -18 at position 150
03-Apr-2019 10:33:16.618 SEVERE [main] com.sun.faces.config.JavaClassScanningAnnotationScanner$ConstantPoolInfo.containsAnnotation Unknow type constant pool 16 at position 152
03-Apr-2019 10:33:16.618 SEVERE [main] com.sun.faces.config.JavaClassScanningAnnotationScanner$ConstantPoolInfo.containsAnnotation Unknow type constant pool 0 at position 153
03-Apr-2019 10:33:16.618 SEVERE [main] com.sun.faces.config.JavaClassScanningAnnotationScanner$ConstantPoolInfo.containsAnnotation Unknow type constant pool -15 at position 154
03-Apr-2019 10:33:16.633 SEVERE [main] com.sun.faces.config.JavaClassScanningAnnotationScanner$ConstantPoolInfo.containsAnnotation Unknow type constant pool 15 at position 155
03-Apr-2019 10:33:16.633 SEVERE [main] com.sun.faces.config.JavaClassScanningAnnotationScanner$ConstantPoolInfo.containsAnnotation Unknow type constant pool 0 at position 158
03-Apr-2019 10:33:16.633 SEVERE [main] com.sun.faces.config.JavaClassScanningAnnotationScanner$ConstantPoolInfo.containsAnnotation Unknow type constant pool -12 at position 159
03-Apr-2019 10:33:16.633 SEVERE [main] com.sun.faces.config.JavaClassScanningAnnotationScanner$ConstantPoolInfo.containsAnnotation Unknow type constant pool 16 at position 165
03-Apr-2019 10:33:16.633 SEVERE [main] com.sun.faces.config.JavaClassScanningAnnotationScanner$ConstantPoolInfo.containsAnnotation Unknow type constant pool 0 at position 166
03-Apr-2019 10:33:16.633 SEVERE [main] com.sun.faces.config.JavaClassScanningAnnotationScanner$ConstantPoolInfo.containsAnnotation Unknow type constant pool -5 at position 167
03-Apr-2019 10:33:16.633 SEVERE [main] com.sun.faces.config.JavaClassScanningAnnotationScanner$ConstantPoolInfo.containsAnnotation Unknow type constant pool 15 at position 168
03-Apr-2019 10:33:16.633 SEVERE [main] com.sun.faces.config.JavaClassScanningAnnotationScanner$ConstantPoolInfo.containsAnnotation Unknow type constant pool 0 at position 171
03-Apr-2019 10:33:16.633 SEVERE [main] com.sun.faces.config.JavaClassScanningAnnotationScanner$ConstantPoolInfo.containsAnnotation Unknow type constant pool -2 at position 172
03-Apr-2019 10:33:16.633 SEVERE [main] com.sun.faces.config.JavaClassScanningAnnotationScanner$ConstantPoolInfo.containsAnnotation Unknow type constant pool 15 at position 182
03-Apr-2019 10:33:16.633 SEVERE [main] com.sun.faces.config.JavaClassScanningAnnotationScanner$ConstantPoolInfo.containsAnnotation Unknow type constant pool 0 at position 185
03-Apr-2019 10:33:16.633 SEVERE [main] com.sun.faces.config.JavaClassScanningAnnotationScanner$ConstantPoolInfo.containsAnnotation Unknow type constant pool 20 at position 186
03-Apr-2019 10:33:16.633 SEVERE [main] com.sun.faces.config.JavaClassScanningAnnotationScanner$ConstantPoolInfo.containsAnnotation Unknow type constant pool 106 at position 187
03-Apr-2019 10:33:16.633 SEVERE [main] com.sun.faces.config.JavaClassScanningAnnotationScanner$ConstantPoolInfo.containsAnnotation Unknow type constant pool 97 at position 188
03-Apr-2019 10:33:16.633 SEVERE [main] com.sun.faces.config.JavaClassScanningAnnotationScanner$ConstantPoolInfo.containsAnnotation Unknow type constant pool 118 at position 189
03-Apr-2019 10:33:16.633 SEVERE [main] com.sun.faces.config.JavaClassScanningAnnotationScanner$ConstantPoolInfo.containsAnnotation Unknow type constant pool 97 at position 190
03-Apr-2019 10:33:16.633 SEVERE [main] com.sun.faces.config.JavaClassScanningAnnotationScanner$ConstantPoolInfo.containsAnnotation Unknow type constant pool 47 at position 191
03-Apr-2019 10:33:16.633 SEVERE [main] com.sun.faces.config.JavaClassScanningAnnotationScanner$ConstantPoolInfo.containsAnnotation Unknow type constant pool 109 at position 192
03-Apr-2019 10:33:16.633 SEVERE [main] com.sun.faces.config.JavaClassScanningAnnotationScanner$ConstantPoolInfo.containsAnnotation Unknow type constant pool 97 at position 193
03-Apr-2019 10:33:16.633 SEVERE [main] com.sun.faces.config.JavaClassScanningAnnotationScanner$ConstantPoolInfo.containsAnnotation Unknow type constant pool 116 at position 194
03-Apr-2019 10:33:16.633 SEVERE [main] com.sun.faces.config.JavaClassScanningAnnotationScanner$ConstantPoolInfo.containsAnnotation Unknow type constant pool 104 at position 195
03-Apr-2019 10:33:16.633 SEVERE [main] com.sun.faces.config.JavaClassScanningAnnotationScanner$ConstantPoolInfo.containsAnnotation Unknow type constant pool 47 at position 196
03-Apr-2019 10:33:16.633 SEVERE [main] com.sun.faces.config.JavaClassScanningAnnotationScanner$ConstantPoolInfo.containsAnnotation Unknow type constant pool 66 at position 197
03-Apr-2019 10:33:16.633 SEVERE [main] com.sun.faces.config.JavaClassScanningAnnotationScanner$ConstantPoolInfo.containsAnnotation Unknow type constant pool 105 at position 198
03-Apr-2019 10:33:16.633 SEVERE [main] com.sun.faces.config.JavaClassScanningAnnotationScanner$ConstantPoolInfo.containsAnnotation Unknow type constant pool 103 at position 199
03-Apr-2019 10:33:16.633 SEVERE [main] com.sun.faces.config.JavaClassScanningAnnotationScanner$ConstantPoolInfo.containsAnnotation Unknow type constant pool 68 at position 200
03-Apr-2019 10:33:16.633 SEVERE [main] com.sun.faces.config.JavaClassScanningAnnotationScanner$ConstantPoolInfo.containsAnnotation Unknow type constant pool 101 at position 201
03-Apr-2019 10:33:16.633 SEVERE [main] com.sun.faces.config.JavaClassScanningAnnotationScanner$ConstantPoolInfo.containsAnnotation Unknow type constant pool 99 at position 202
03-Apr-2019 10:33:16.633 SEVERE [main] com.sun.faces.config.JavaClassScanningAnnotationScanner$ConstantPoolInfo.containsAnnotation Unknow type constant pool 105 at position 203
03-Apr-2019 10:33:16.633 SEVERE [main] com.sun.faces.config.JavaClassScanningAnnotationScanner$ConstantPoolInfo.containsAnnotation Unknow type constant pool 109 at position 204
03-Apr-2019 10:33:16.633 SEVERE [main] com.sun.faces.config.JavaClassScanningAnnotationScanner$ConstantPoolInfo.containsAnnotation Unknow type constant pool 97 at position 205
03-Apr-2019 10:33:16.633 SEVERE [main] com.sun.faces.config.JavaClassScanningAnnotationScanner$ConstantPoolInfo.containsAnnotation Unknow type constant pool 108 at position 206
03-Apr-2019 10:33:16.633 SEVERE [main] com.sun.faces.config.JavaClassScanningAnnotationScanner$ConstantPoolInfo.containsAnnotation Unknow type constant pool 18 at position 39
03-Apr-2019 10:33:16.633 SEVERE [main] com.sun.faces.config.JavaClassScanningAnnotationScanner$ConstantPoolInfo.containsAnnotation Unknow type constant pool 0 at position 40
03-Apr-2019 10:33:16.633 SEVERE [main] com.sun.faces.config.JavaClassScanningAnnotationScanner$ConstantPoolInfo.containsAnnotation Unknow type constant pool 0 at position 41
03-Apr-2019 10:33:16.633 SEVERE [main] com.sun.faces.config.JavaClassScanningAnnotationScanner$ConstantPoolInfo.containsAnnotation Unknow type constant pool 0 at position 42
03-Apr-2019 10:33:16.649 SEVERE [main] com.sun.faces.config.JavaClassScanningAnnotationScanner$ConstantPoolInfo.containsAnnotation Unknow type constant pool -17 at position 43
03-Apr-2019 10:33:16.649 SEVERE [main] com.sun.faces.config.JavaClassScanningAnnotationScanner$ConstantPoolInfo.containsAnnotation Unknow type constant pool 18 at position 45
03-Apr-2019 10:33:16.649 SEVERE [main] com.sun.faces.config.JavaClassScanningAnnotationScanner$ConstantPoolInfo.containsAnnotation Unknow type constant pool 0 at position 46
03-Apr-2019 10:33:16.649 SEVERE [main] com.sun.faces.config.JavaClassScanningAnnotationScanner$ConstantPoolInfo.containsAnnotation Unknow type constant pool 46 at position 48
03-Apr-2019 10:33:16.649 SEVERE [main] com.sun.faces.config.JavaClassScanningAnnotationScanner$ConstantPoolInfo.containsAnnotation Unknow type constant pool 15 at position 184
03-Apr-2019 10:33:16.649 SEVERE [main] com.sun.faces.config.JavaClassScanningAnnotationScanner$ConstantPoolInfo.containsAnnotation Unknow type constant pool 98 at position 187
03-Apr-2019 10:33:16.649 SEVERE [main] com.sun.faces.config.JavaClassScanningAnnotationScanner$ConstantPoolInfo.containsAnnotation Unknow type constant pool 16 at position 188
03-Apr-2019 10:33:16.649 SEVERE [main] com.sun.faces.config.JavaClassScanningAnnotationScanner$ConstantPoolInfo.containsAnnotation Unknow type constant pool 0 at position 189
03-Apr-2019 10:33:16.649 SEVERE [main] com.sun.faces.config.JavaClassScanningAnnotationScanner$ConstantPoolInfo.containsAnnotation Unknow type constant pool -62 at position 190
03-Apr-2019 10:33:16.649 SEVERE [main] com.sun.faces.config.JavaClassScanningAnnotationScanner$ConstantPoolInfo.containsAnnotation Unknow type constant pool 16 at position 193
03-Apr-2019 10:33:16.655 SEVERE [main] com.sun.faces.config.JavaClassScanningAnnotationScanner$ConstantPoolInfo.containsAnnotation Unknow type constant pool 0 at position 194
03-Apr-2019 10:33:16.655 SEVERE [main] com.sun.faces.config.JavaClassScanningAnnotationScanner$ConstantPoolInfo.containsAnnotation Unknow type constant pool -67 at position 195
03-Apr-2019 10:33:16.655 SEVERE [main] com.sun.faces.config.JavaClassScanningAnnotationScanner$ConstantPoolInfo.containsAnnotation Unknow type constant pool 15 at position 196
03-Apr-2019 10:33:16.733 INFO [main] org.apache.catalina.startup.HostConfig.deployDirectory Deployment of web application directory [C:\My\item_analyzer_web_app\apache-tomcat-9.0.16[configured for deployment]\webapps\ROOT] has finished in [1,360] ms
03-Apr-2019 10:33:16.749 INFO [main] org.apache.coyote.AbstractProtocol.start Starting ProtocolHandler ["http-nio-8080"]
03-Apr-2019 10:33:16.749 INFO [main] org.apache.coyote.AbstractProtocol.start Starting ProtocolHandler ["ajp-nio-8009"]
03-Apr-2019 10:33:16.755 INFO [main] org.apache.catalina.startup.Catalina.start Server startup in [7,723] milliseconds
03-Apr-2019 10:34:03.503 INFO [http-nio-8080-exec-1] org.apache.tomcat.util.http.parser.Cookie.logInvalidHeader A cookie header was received [necessaryCookies":["cookie-notification"],"optionalCookies":{},"initialState":{"type":"closed"},"statement":{},"consentDate":1552665427362,"consentExpiry":30,"interactedWith":true,"user":"63B6324F-36A9-4482-BE7C-6CAEFE09EFF7"}] that contained an invalid cookie. That cookie will be ignored.
 Note: further occurrences of this error will be logged at DEBUG level.
03-Apr-2019 10:34:03.772 INFO [http-nio-8080-exec-1] org.springframework.integration.config.DefaultConfiguringBeanFactoryPostProcessor.registerErrorChannel No bean named 'errorChannel' has been explicitly defined. Therefore, a default PublishSubscribeChannel will be created.
03-Apr-2019 10:34:03.776 INFO [http-nio-8080-exec-1] org.springframework.integration.config.DefaultConfiguringBeanFactoryPostProcessor.registerTaskScheduler No bean named 'taskScheduler' has been explicitly defined. Therefore, a default ThreadPoolTaskScheduler will be created.
03-Apr-2019 10:34:03.783 INFO [http-nio-8080-exec-1] org.springframework.integration.config.DefaultConfiguringBeanFactoryPostProcessor.registerHeaderChannelRegistry No bean named 'integrationHeaderChannelRegistry' has been explicitly defined. Therefore, a default DefaultHeaderChannelRegistry will be created.
03-Apr-2019 10:34:04.032 INFO [http-nio-8080-exec-1] org.springframework.scheduling.concurrent.ExecutorConfigurationSupport.initialize Initializing ExecutorService 'taskScheduler'
03-Apr-2019 10:34:04.048 INFO [http-nio-8080-exec-1] org.springframework.integration.endpoint.EventDrivenConsumer.logComponentSubscriptionEvent Adding {service-activator} as a subscriber to the 'filesIn' channel
03-Apr-2019 10:34:04.049 INFO [http-nio-8080-exec-1] org.springframework.integration.channel.AbstractSubscribableChannel.adjustCounterIfNecessary Channel 'org.springframework.context.support.ClassPathXmlApplicationContext@598f6acc.filesIn' has 1 subscriber(s).
03-Apr-2019 10:34:04.049 INFO [http-nio-8080-exec-1] org.springframework.integration.endpoint.AbstractEndpoint.start started org.springframework.integration.config.ConsumerEndpointFactoryBean#0
03-Apr-2019 10:34:04.049 INFO [http-nio-8080-exec-1] org.springframework.integration.endpoint.EventDrivenConsumer.logComponentSubscriptionEvent Adding {message-handler:filesOut.adapter} as a subscriber to the 'filesOut' channel
03-Apr-2019 10:34:04.050 INFO [http-nio-8080-exec-1] org.springframework.integration.channel.AbstractSubscribableChannel.adjustCounterIfNecessary Channel 'org.springframework.context.support.ClassPathXmlApplicationContext@598f6acc.filesOut' has 1 subscriber(s).
03-Apr-2019 10:34:04.050 INFO [http-nio-8080-exec-1] org.springframework.integration.endpoint.AbstractEndpoint.start started filesOut.adapter
03-Apr-2019 10:34:04.052 INFO [http-nio-8080-exec-1] org.springframework.integration.endpoint.EventDrivenConsumer.logComponentSubscriptionEvent Adding {logging-channel-adapter:_org.springframework.integration.errorLogger} as a subscriber to the 'errorChannel' channel
03-Apr-2019 10:34:04.052 INFO [http-nio-8080-exec-1] org.springframework.integration.channel.AbstractSubscribableChannel.adjustCounterIfNecessary Channel 'org.springframework.context.support.ClassPathXmlApplicationContext@598f6acc.errorChannel' has 1 subscriber(s).
03-Apr-2019 10:34:04.053 INFO [http-nio-8080-exec-1] org.springframework.integration.endpoint.AbstractEndpoint.start started _org.springframework.integration.errorLogger
03-Apr-2019 10:34:04.057 INFO [http-nio-8080-exec-1] org.springframework.integration.endpoint.AbstractEndpoint.start started filesIn.adapter
03-Apr-2019 10:35:21.519 INFO [Thread-5] org.apache.coyote.AbstractProtocol.pause Pausing ProtocolHandler ["http-nio-8080"]
03-Apr-2019 10:35:21.567 INFO [Thread-5] org.apache.coyote.AbstractProtocol.pause Pausing ProtocolHandler ["ajp-nio-8009"]
03-Apr-2019 10:35:21.599 INFO [Thread-5] org.apache.catalina.core.StandardService.stopInternal Stopping service [Catalina]
03-Apr-2019 10:35:21.599 SEVERE [Thread-5] com.sun.faces.config.ConfigureListener.contextDestroyed Unexpected state during contextDestroyed: no ConfigManager instance in current ServletContext but one is expected to exist.
03-Apr-2019 10:35:21.614 WARNING [Thread-5] org.apache.catalina.loader.WebappClassLoaderBase.clearReferencesThreads The web application [ROOT] appears to have started a thread named [task-scheduler-1] but has failed to stop it. This is very likely to create a memory leak. Stack trace of thread:
 sun.misc.Unsafe.park(Native Method)
 java.util.concurrent.locks.LockSupport.park(LockSupport.java:175)
 java.util.concurrent.locks.AbstractQueuedSynchronizer$ConditionObject.await(AbstractQueuedSynchronizer.java:2039)
 java.util.concurrent.ScheduledThreadPoolExecutor$DelayedWorkQueue.take(ScheduledThreadPoolExecutor.java:1088)
 java.util.concurrent.ScheduledThreadPoolExecutor$DelayedWorkQueue.take(ScheduledThreadPoolExecutor.java:809)
 java.util.concurrent.ThreadPoolExecutor.getTask(ThreadPoolExecutor.java:1074)
 java.util.concurrent.ThreadPoolExecutor.runWorker(ThreadPoolExecutor.java:1134)
 java.util.concurrent.ThreadPoolExecutor$Worker.run(ThreadPoolExecutor.java:624)
 java.lang.Thread.run(Thread.java:748)
03-Apr-2019 10:35:21.614 WARNING [Thread-5] org.apache.catalina.loader.WebappClassLoaderBase.clearReferencesThreads The web application [ROOT] appears to have started a thread named [task-scheduler-2] but has failed to stop it. This is very likely to create a memory leak. Stack trace of thread:
 sun.misc.Unsafe.park(Native Method)
 java.util.concurrent.locks.LockSupport.parkNanos(LockSupport.java:215)
 java.util.concurrent.locks.AbstractQueuedSynchronizer$ConditionObject.awaitNanos(AbstractQueuedSynchronizer.java:2078)
 java.util.concurrent.ScheduledThreadPoolExecutor$DelayedWorkQueue.take(ScheduledThreadPoolExecutor.java:1093)
 java.util.concurrent.ScheduledThreadPoolExecutor$DelayedWorkQueue.take(ScheduledThreadPoolExecutor.java:809)
 java.util.concurrent.ThreadPoolExecutor.getTask(ThreadPoolExecutor.java:1074)
 java.util.concurrent.ThreadPoolExecutor.runWorker(ThreadPoolExecutor.java:1134)
 java.util.concurrent.ThreadPoolExecutor$Worker.run(ThreadPoolExecutor.java:624)
 java.lang.Thread.run(Thread.java:748)
03-Apr-2019 10:35:21.614 WARNING [Thread-5] org.apache.catalina.loader.WebappClassLoaderBase.clearReferencesThreads The web application [ROOT] appears to have started a thread named [Java Sound Event Dispatcher] but has failed to stop it. This is very likely to create a memory leak. Stack trace of thread:
 java.lang.Object.wait(Native Method)
 java.lang.Object.wait(Object.java:502)
 com.sun.media.sound.EventDispatcher.dispatchEvents(EventDispatcher.java:182)
 com.sun.media.sound.EventDispatcher.run(EventDispatcher.java:222)
 java.lang.Thread.run(Thread.java:748)
03-Apr-2019 10:35:21.614 WARNING [Thread-5] org.apache.catalina.loader.WebappClassLoaderBase.clearReferencesThreads The web application [ROOT] appears to have started a thread named [task-scheduler-3] but has failed to stop it. This is very likely to create a memory leak. Stack trace of thread:
 sun.misc.Unsafe.park(Native Method)
 java.util.concurrent.locks.LockSupport.park(LockSupport.java:175)
 java.util.concurrent.locks.AbstractQueuedSynchronizer$ConditionObject.await(AbstractQueuedSynchronizer.java:2039)
 java.util.concurrent.ScheduledThreadPoolExecutor$DelayedWorkQueue.take(ScheduledThreadPoolExecutor.java:1088)
 java.util.concurrent.ScheduledThreadPoolExecutor$DelayedWorkQueue.take(ScheduledThreadPoolExecutor.java:809)
 java.util.concurrent.ThreadPoolExecutor.getTask(ThreadPoolExecutor.java:1074)
 java.util.concurrent.ThreadPoolExecutor.runWorker(ThreadPoolExecutor.java:1134)
 java.util.concurrent.ThreadPoolExecutor$Worker.run(ThreadPoolExecutor.java:624)
 java.lang.Thread.run(Thread.java:748)
03-Apr-2019 10:35:21.626 SEVERE [Thread-5] com.sun.faces.config.ConfigureListener.contextDestroyed Unexpected state during contextDestroyed: no ConfigManager instance in current ServletContext but one is expected to exist.
03-Apr-2019 10:35:21.626 SEVERE [Thread-5] com.sun.faces.config.ConfigureListener.contextDestroyed Unexpected state during contextDestroyed: no ConfigManager instance in current ServletContext but one is expected to exist.
03-Apr-2019 10:35:21.626 SEVERE [Thread-5] com.sun.faces.config.ConfigureListener.contextDestroyed Unexpected state during contextDestroyed: no ConfigManager instance in current ServletContext but one is expected to exist.
03-Apr-2019 10:35:21.626 SEVERE [Thread-5] com.sun.faces.config.ConfigureListener.contextDestroyed Unexpected state during contextDestroyed: no ConfigManager instance in current ServletContext but one is expected to exist.
03-Apr-2019 10:35:21.642 INFO [Thread-5] org.apache.coyote.AbstractProtocol.stop Stopping ProtocolHandler ["http-nio-8080"]
03-Apr-2019 10:35:21.642 INFO [Thread-5] org.apache.coyote.AbstractProtocol.stop Stopping ProtocolHandler ["ajp-nio-8009"]
03-Apr-2019 10:35:21.642 INFO [Thread-5] org.apache.coyote.AbstractProtocol.destroy Destroying ProtocolHandler ["http-nio-8080"]
03-Apr-2019 10:35:21.642 INFO [Thread-5] org.apache.coyote.AbstractProtocol.destroy Destroying ProtocolHandler ["ajp-nio-8009"]
