29-Mar-2019 00:32:25.702 INFO [Thread-5] org.apache.catalina.core.ApplicationContext.log SessionListener: contextDestroyed()
29-Mar-2019 00:32:25.702 INFO [Thread-5] org.apache.catalina.core.ApplicationContext.log ContextListener: contextDestroyed()
29-Mar-2019 00:34:46.689 INFO [main] org.apache.catalina.core.ApplicationContext.log ContextListener: contextInitialized()
29-Mar-2019 00:34:46.689 INFO [main] org.apache.catalina.core.ApplicationContext.log SessionListener: contextInitialized()
29-Mar-2019 00:34:46.689 INFO [main] org.apache.catalina.core.ApplicationContext.log ContextListener: attributeAdded('StockTicker', 'async.Stockticker@7c6908d7')
29-Mar-2019 00:37:04.002 INFO [Thread-5] org.apache.catalina.core.ApplicationContext.log SessionListener: contextDestroyed()
29-Mar-2019 00:37:04.002 INFO [Thread-5] org.apache.catalina.core.ApplicationContext.log ContextListener: contextDestroyed()
29-Mar-2019 00:38:25.465 INFO [main] org.apache.catalina.core.ApplicationContext.log ContextListener: contextInitialized()
29-Mar-2019 00:38:25.465 INFO [main] org.apache.catalina.core.ApplicationContext.log SessionListener: contextInitialized()
29-Mar-2019 00:38:25.481 INFO [main] org.apache.catalina.core.ApplicationContext.log ContextListener: attributeAdded('StockTicker', 'async.Stockticker@198b6731')
29-Mar-2019 00:39:51.095 INFO [Thread-5] org.apache.catalina.core.ApplicationContext.log SessionListener: contextDestroyed()
29-Mar-2019 00:39:51.095 INFO [Thread-5] org.apache.catalina.core.ApplicationContext.log ContextListener: contextDestroyed()
29-Mar-2019 20:21:30.627 INFO [main] org.apache.catalina.core.ApplicationContext.log ContextListener: contextInitialized()
29-Mar-2019 20:21:30.627 INFO [main] org.apache.catalina.core.ApplicationContext.log SessionListener: contextInitialized()
29-Mar-2019 20:21:30.674 INFO [main] org.apache.catalina.core.ApplicationContext.log ContextListener: attributeAdded('StockTicker', 'async.Stockticker@198b6731')
29-Mar-2019 20:21:39.697 SEVERE [http-nio-8080-exec-1] org.apache.catalina.core.ApplicationContext.log Servlet.init() for servlet [word] threw exception
 java.lang.NoClassDefFoundError: org/apache/commons/logging/LogFactory
	at servlets.WordForm.init(WordForm.java:53)
	at javax.servlet.GenericServlet.init(GenericServlet.java:158)
	at org.apache.catalina.core.StandardWrapper.initServlet(StandardWrapper.java:1123)
	at org.apache.catalina.core.StandardWrapper.loadServlet(StandardWrapper.java:1078)
	at org.apache.catalina.core.StandardWrapper.allocate(StandardWrapper.java:761)
	at org.apache.catalina.core.StandardWrapperValve.invoke(StandardWrapperValve.java:134)
	at org.apache.catalina.core.StandardContextValve.invoke(StandardContextValve.java:96)
	at org.apache.catalina.authenticator.AuthenticatorBase.invoke(AuthenticatorBase.java:490)
	at org.apache.catalina.core.StandardHostValve.invoke(StandardHostValve.java:139)
	at org.apache.catalina.valves.ErrorReportValve.invoke(ErrorReportValve.java:92)
	at org.apache.catalina.valves.AbstractAccessLogValve.invoke(AbstractAccessLogValve.java:668)
	at org.apache.catalina.core.StandardEngineValve.invoke(StandardEngineValve.java:74)
	at org.apache.catalina.connector.CoyoteAdapter.service(CoyoteAdapter.java:343)
	at org.apache.coyote.http11.Http11Processor.service(Http11Processor.java:408)
	at org.apache.coyote.AbstractProcessorLight.process(AbstractProcessorLight.java:66)
	at org.apache.coyote.AbstractProtocol$ConnectionHandler.process(AbstractProtocol.java:834)
	at org.apache.tomcat.util.net.NioEndpoint$SocketProcessor.doRun(NioEndpoint.java:1415)
	at org.apache.tomcat.util.net.SocketProcessorBase.run(SocketProcessorBase.java:49)
	at java.util.concurrent.ThreadPoolExecutor.runWorker(ThreadPoolExecutor.java:1149)
	at java.util.concurrent.ThreadPoolExecutor$Worker.run(ThreadPoolExecutor.java:624)
	at org.apache.tomcat.util.threads.TaskThread$WrappingRunnable.run(TaskThread.java:61)
	at java.lang.Thread.run(Thread.java:748)
Caused by: java.lang.ClassNotFoundException: org.apache.commons.logging.LogFactory
	at org.apache.catalina.loader.WebappClassLoaderBase.loadClass(WebappClassLoaderBase.java:1363)
	at org.apache.catalina.loader.WebappClassLoaderBase.loadClass(WebappClassLoaderBase.java:1186)
	... 22 more

29-Mar-2019 20:21:39.701 SEVERE [http-nio-8080-exec-1] org.apache.catalina.core.StandardWrapperValve.invoke Allocate exception for servlet [word]
 java.lang.ClassNotFoundException: org.apache.commons.logging.LogFactory
	at org.apache.catalina.loader.WebappClassLoaderBase.loadClass(WebappClassLoaderBase.java:1363)
	at org.apache.catalina.loader.WebappClassLoaderBase.loadClass(WebappClassLoaderBase.java:1186)
	at servlets.WordForm.init(WordForm.java:53)
	at javax.servlet.GenericServlet.init(GenericServlet.java:158)
	at org.apache.catalina.core.StandardWrapper.initServlet(StandardWrapper.java:1123)
	at org.apache.catalina.core.StandardWrapper.loadServlet(StandardWrapper.java:1078)
	at org.apache.catalina.core.StandardWrapper.allocate(StandardWrapper.java:761)
	at org.apache.catalina.core.StandardWrapperValve.invoke(StandardWrapperValve.java:134)
	at org.apache.catalina.core.StandardContextValve.invoke(StandardContextValve.java:96)
	at org.apache.catalina.authenticator.AuthenticatorBase.invoke(AuthenticatorBase.java:490)
	at org.apache.catalina.core.StandardHostValve.invoke(StandardHostValve.java:139)
	at org.apache.catalina.valves.ErrorReportValve.invoke(ErrorReportValve.java:92)
	at org.apache.catalina.valves.AbstractAccessLogValve.invoke(AbstractAccessLogValve.java:668)
	at org.apache.catalina.core.StandardEngineValve.invoke(StandardEngineValve.java:74)
	at org.apache.catalina.connector.CoyoteAdapter.service(CoyoteAdapter.java:343)
	at org.apache.coyote.http11.Http11Processor.service(Http11Processor.java:408)
	at org.apache.coyote.AbstractProcessorLight.process(AbstractProcessorLight.java:66)
	at org.apache.coyote.AbstractProtocol$ConnectionHandler.process(AbstractProtocol.java:834)
	at org.apache.tomcat.util.net.NioEndpoint$SocketProcessor.doRun(NioEndpoint.java:1415)
	at org.apache.tomcat.util.net.SocketProcessorBase.run(SocketProcessorBase.java:49)
	at java.util.concurrent.ThreadPoolExecutor.runWorker(ThreadPoolExecutor.java:1149)
	at java.util.concurrent.ThreadPoolExecutor$Worker.run(ThreadPoolExecutor.java:624)
	at org.apache.tomcat.util.threads.TaskThread$WrappingRunnable.run(TaskThread.java:61)
	at java.lang.Thread.run(Thread.java:748)

29-Mar-2019 20:22:21.672 INFO [Thread-5] org.apache.catalina.core.ApplicationContext.log SessionListener: contextDestroyed()
29-Mar-2019 20:22:21.672 INFO [Thread-5] org.apache.catalina.core.ApplicationContext.log ContextListener: contextDestroyed()
29-Mar-2019 20:23:12.587 INFO [main] org.apache.catalina.core.ApplicationContext.log No Spring WebApplicationInitializer types detected on classpath
29-Mar-2019 20:23:26.890 INFO [main] org.apache.catalina.core.ApplicationContext.log No Spring WebApplicationInitializer types detected on classpath
29-Mar-2019 20:23:27.203 INFO [main] org.apache.catalina.core.ApplicationContext.log ContextListener: contextInitialized()
29-Mar-2019 20:23:27.203 INFO [main] org.apache.catalina.core.ApplicationContext.log SessionListener: contextInitialized()
29-Mar-2019 20:23:27.207 INFO [main] org.apache.catalina.core.ApplicationContext.log ContextListener: attributeAdded('StockTicker', 'async.Stockticker@2810d9')
29-Mar-2019 20:23:27.239 INFO [main] org.apache.catalina.core.ApplicationContext.log ContextListener: attributeAdded('com.sun.faces.CONFIG_MANAGER_KEY', 'com.sun.faces.config.ConfigManager@2a64cb1f')
29-Mar-2019 20:23:27.239 INFO [main] org.apache.catalina.core.ApplicationContext.log ContextListener: attributeReplaced('com.sun.faces.InitFacesContext', 'com.sun.faces.config.InitFacesContext@34b56a5a')
29-Mar-2019 20:23:27.251 INFO [main] org.apache.catalina.core.ApplicationContext.log ContextListener: attributeAdded('com.sun.faces.patternCache', '{}')
29-Mar-2019 20:23:27.251 INFO [main] org.apache.catalina.core.ApplicationContext.log ContextListener: attributeAdded('com.sun.faces.config.WebConfiguration', 'com.sun.faces.config.WebConfiguration@76aab1e3')
29-Mar-2019 20:23:27.251 INFO [main] org.apache.catalina.core.ApplicationContext.log ContextListener: attributeRemoved('com.sun.faces.facesInitializerMappingsAdded', 'true')
29-Mar-2019 20:23:27.283 INFO [main] org.apache.catalina.core.ApplicationContext.log ContextListener: attributeAdded('com.sun.faces.enableDistributable', 'true')
29-Mar-2019 20:23:27.311 INFO [main] org.apache.catalina.core.ApplicationContext.log ContextListener: attributeAdded('com.sun.faces.config.processor.FactoryConfigProcessor.METADATA', 'com.sun.faces.application.ApplicationInstanceFactoryMetadataMap@33ef701e')
29-Mar-2019 20:23:27.311 INFO [main] org.apache.catalina.core.ApplicationContext.log ContextListener: attributeAdded('com.sun.faces.config.processor.LifecycleConfigProcessor.METADATA', 'com.sun.faces.application.ApplicationInstanceFactoryMetadataMap@1fd1deed')
29-Mar-2019 20:23:27.311 INFO [main] org.apache.catalina.core.ApplicationContext.log ContextListener: attributeAdded('com.sun.faces.config.processor.ApplicationConfigProcessor.METADATA', 'com.sun.faces.application.ApplicationInstanceFactoryMetadataMap@814b60b')
29-Mar-2019 20:23:27.311 INFO [main] org.apache.catalina.core.ApplicationContext.log ContextListener: attributeAdded('com.sun.faces.config.processor.ComponentConfigProcessor.METADATA', 'com.sun.faces.application.ApplicationInstanceFactoryMetadataMap@515a897c')
29-Mar-2019 20:23:27.311 INFO [main] org.apache.catalina.core.ApplicationContext.log ContextListener: attributeAdded('com.sun.faces.config.processor.ConverterConfigProcessor.METADATA', 'com.sun.faces.application.ApplicationInstanceFactoryMetadataMap@197d6cc9')
29-Mar-2019 20:23:27.311 INFO [main] org.apache.catalina.core.ApplicationContext.log ContextListener: attributeAdded('com.sun.faces.config.processor.ValidatorConfigProcessor.METADATA', 'com.sun.faces.application.ApplicationInstanceFactoryMetadataMap@8caffbd')
29-Mar-2019 20:23:27.311 INFO [main] org.apache.catalina.core.ApplicationContext.log ContextListener: attributeAdded('com.sun.faces.config.processor.ManagedBeanConfigProcessor.METADATA', 'com.sun.faces.application.ApplicationInstanceFactoryMetadataMap@25c3a441')
29-Mar-2019 20:23:27.331 INFO [main] org.apache.catalina.core.ApplicationContext.log ContextListener: attributeAdded('com.sun.faces.config.processor.RenderKitConfigProcessor.METADATA', 'com.sun.faces.application.ApplicationInstanceFactoryMetadataMap@2057d8ec')
29-Mar-2019 20:23:27.335 INFO [main] org.apache.catalina.core.ApplicationContext.log ContextListener: attributeAdded('com.sun.faces.config.processor.NavigationConfigProcessor.METADATA', 'com.sun.faces.application.ApplicationInstanceFactoryMetadataMap@52bef30b')
29-Mar-2019 20:23:27.335 INFO [main] org.apache.catalina.core.ApplicationContext.log ContextListener: attributeAdded('com.sun.faces.config.processor.BehaviorConfigProcessor.METADATA', 'com.sun.faces.application.ApplicationInstanceFactoryMetadataMap@d56d9f6')
29-Mar-2019 20:23:27.335 INFO [main] org.apache.catalina.core.ApplicationContext.log ContextListener: attributeAdded('com.sun.faces.config.processor.FacesConfigExtensionProcessor.METADATA', 'com.sun.faces.application.ApplicationInstanceFactoryMetadataMap@358f85b1')
29-Mar-2019 20:23:27.339 INFO [main] org.apache.catalina.core.ApplicationContext.log ContextListener: attributeAdded('com.sun.faces.config.processor.ProtectedViewsConfigProcessor.METADATA', 'com.sun.faces.application.ApplicationInstanceFactoryMetadataMap@2b01bb54')
29-Mar-2019 20:23:27.339 INFO [main] org.apache.catalina.core.ApplicationContext.log ContextListener: attributeAdded('com.sun.faces.config.processor.FacesFlowDefinitionConfigProcessor.METADATA', 'com.sun.faces.application.ApplicationInstanceFactoryMetadataMap@e822394')
29-Mar-2019 20:23:27.339 INFO [main] org.apache.catalina.core.ApplicationContext.log ContextListener: attributeAdded('com.sun.faces.config.processor.ResourceLibraryContractsConfigProcessor.METADATA', 'com.sun.faces.application.ApplicationInstanceFactoryMetadataMap@3520d2db')
29-Mar-2019 20:23:27.891 INFO [main] org.apache.catalina.core.ApplicationContext.log ContextListener: attributeAdded('com.sun.faces.webresources', '[]')
29-Mar-2019 20:23:28.855 INFO [main] org.apache.catalina.core.ApplicationContext.log ContextListener: attributeAdded('com.sun.faces.config.ConfigManager_ANNOTATION_SCAN_TASK', 'java.util.concurrent.FutureTask@46244e65')
29-Mar-2019 20:23:28.915 INFO [main] org.apache.catalina.core.ApplicationContext.log ContextListener: attributeAdded('javax.faces.FactoryFinder.FactoryManagerCacheKey', '1553883808899')
29-Mar-2019 20:23:28.915 INFO [main] org.apache.catalina.core.ApplicationContext.log ContextListener: attributeAdded('javax.faces.FactoryFinder.FactoryManagerCacheKey.InitTimeCLKey', '1856963340')
29-Mar-2019 20:23:28.931 INFO [main] org.apache.catalina.core.ApplicationContext.log ContextListener: attributeAdded('com.sun.faces.ApplicationAssociate', 'com.sun.faces.application.ApplicationAssociate@20c1cb0c')
29-Mar-2019 20:23:28.931 INFO [main] org.apache.catalina.core.ApplicationContext.log ContextListener: attributeAdded('com.sun.faces.application.InjectionApplicationFactory', 'com.sun.faces.application.ApplicationImpl@76e56b17')
29-Mar-2019 20:23:29.059 INFO [main] org.apache.catalina.core.ApplicationContext.log ContextListener: attributeAdded('com.sun.faces.config.processor.AbstractConfigProcessor.PROJECTSTAGE', 'Production')
29-Mar-2019 20:23:29.151 INFO [main] org.apache.catalina.core.ApplicationContext.log ContextListener: attributeAdded('javax.faces.BEANS_VALIDATION_AVAILABLE', 'false')
29-Mar-2019 20:23:29.931 INFO [main] org.apache.catalina.core.ApplicationContext.log ContextListener: attributeAdded('com.sun.faces.compnent.COMPONENT_DESCRIPTORS_MAP', '{}')
29-Mar-2019 20:23:29.935 INFO [main] org.apache.catalina.core.ApplicationContext.log ContextListener: attributeRemoved('com.sun.faces.config.ConfigManager_ANNOTATION_SCAN_TASK', 'java.util.concurrent.FutureTask@46244e65')
29-Mar-2019 20:23:29.939 INFO [main] org.apache.catalina.core.ApplicationContext.log ContextListener: attributeAdded('org.apache.jasper.runtime.JspApplicationContextImpl', 'org.apache.jasper.runtime.JspApplicationContextImpl@26415b5e')
29-Mar-2019 20:23:29.939 INFO [main] org.apache.catalina.core.ApplicationContext.log ContextListener: attributeAdded('com.sun.faces.errorPagePresent', 'false')
29-Mar-2019 20:23:48.769 INFO [main] org.apache.catalina.core.ApplicationContext.log No Spring WebApplicationInitializer types detected on classpath
29-Mar-2019 20:25:13.001 INFO [Thread-5] org.apache.catalina.core.ApplicationContext.log ContextListener: attributeRemoved('com.sun.faces.ApplicationAssociate', 'com.sun.faces.application.ApplicationAssociate@20c1cb0c')
29-Mar-2019 20:25:13.001 INFO [Thread-5] org.apache.catalina.core.ApplicationContext.log ContextListener: attributeRemoved('com.sun.faces.CONFIG_MANAGER_KEY', 'com.sun.faces.config.ConfigManager@2a64cb1f')
29-Mar-2019 20:25:13.001 INFO [Thread-5] org.apache.catalina.core.ApplicationContext.log ContextListener: attributeRemoved('com.sun.faces.config.WebConfiguration', 'com.sun.faces.config.WebConfiguration@76aab1e3')
29-Mar-2019 20:25:13.001 INFO [Thread-5] org.apache.catalina.core.ApplicationContext.log SessionListener: contextDestroyed()
29-Mar-2019 20:25:13.001 INFO [Thread-5] org.apache.catalina.core.ApplicationContext.log ContextListener: contextDestroyed()
