12-Mar-2019 10:31:12.377 INFO [main] org.apache.catalina.core.ApplicationContext.log ContextListener: contextInitialized()
12-Mar-2019 10:31:12.377 INFO [main] org.apache.catalina.core.ApplicationContext.log SessionListener: contextInitialized()
12-Mar-2019 10:31:12.377 INFO [main] org.apache.catalina.core.ApplicationContext.log ContextListener: attributeAdded('StockTicker', 'async.Stockticker@198b6731')
12-Mar-2019 11:08:47.111 INFO [Thread-5] org.apache.catalina.core.ApplicationContext.log SessionListener: contextDestroyed()
12-Mar-2019 11:08:47.111 INFO [Thread-5] org.apache.catalina.core.ApplicationContext.log ContextListener: contextDestroyed()
12-Mar-2019 11:24:13.396 INFO [main] org.apache.catalina.core.ApplicationContext.log ContextListener: contextInitialized()
12-Mar-2019 11:24:13.396 INFO [main] org.apache.catalina.core.ApplicationContext.log SessionListener: contextInitialized()
12-Mar-2019 11:24:13.397 INFO [main] org.apache.catalina.core.ApplicationContext.log ContextListener: attributeAdded('StockTicker', 'async.Stockticker@7c6908d7')
12-Mar-2019 11:24:37.848 INFO [Thread-5] org.apache.catalina.core.ApplicationContext.log SessionListener: contextDestroyed()
12-Mar-2019 11:24:37.848 INFO [Thread-5] org.apache.catalina.core.ApplicationContext.log ContextListener: contextDestroyed()
12-Mar-2019 11:28:18.953 INFO [main] org.apache.catalina.core.ApplicationContext.log ContextListener: contextInitialized()
12-Mar-2019 11:28:18.953 INFO [main] org.apache.catalina.core.ApplicationContext.log SessionListener: contextInitialized()
12-Mar-2019 11:28:18.953 INFO [main] org.apache.catalina.core.ApplicationContext.log ContextListener: attributeAdded('StockTicker', 'async.Stockticker@7c6908d7')
12-Mar-2019 11:31:16.163 INFO [Thread-5] org.apache.catalina.core.ApplicationContext.log SessionListener: contextDestroyed()
12-Mar-2019 11:31:16.163 INFO [Thread-5] org.apache.catalina.core.ApplicationContext.log ContextListener: contextDestroyed()
12-Mar-2019 11:34:39.378 INFO [main] org.apache.catalina.core.ApplicationContext.log ContextListener: contextInitialized()
12-Mar-2019 11:34:39.378 INFO [main] org.apache.catalina.core.ApplicationContext.log SessionListener: contextInitialized()
12-Mar-2019 11:34:39.379 INFO [main] org.apache.catalina.core.ApplicationContext.log ContextListener: attributeAdded('StockTicker', 'async.Stockticker@7c6908d7')
12-Mar-2019 11:38:12.687 INFO [Thread-5] org.apache.catalina.core.ApplicationContext.log SessionListener: contextDestroyed()
12-Mar-2019 11:38:12.687 INFO [Thread-5] org.apache.catalina.core.ApplicationContext.log ContextListener: contextDestroyed()
12-Mar-2019 11:38:49.586 INFO [main] org.apache.catalina.core.ApplicationContext.log ContextListener: contextInitialized()
12-Mar-2019 11:38:49.586 INFO [main] org.apache.catalina.core.ApplicationContext.log SessionListener: contextInitialized()
12-Mar-2019 11:38:49.586 INFO [main] org.apache.catalina.core.ApplicationContext.log ContextListener: attributeAdded('StockTicker', 'async.Stockticker@7c6908d7')
12-Mar-2019 11:47:49.580 INFO [Thread-5] org.apache.catalina.core.ApplicationContext.log SessionListener: contextDestroyed()
12-Mar-2019 11:47:49.580 INFO [Thread-5] org.apache.catalina.core.ApplicationContext.log ContextListener: contextDestroyed()
12-Mar-2019 11:51:22.883 INFO [main] org.apache.catalina.core.ApplicationContext.log ContextListener: contextInitialized()
12-Mar-2019 11:51:22.883 INFO [main] org.apache.catalina.core.ApplicationContext.log SessionListener: contextInitialized()
12-Mar-2019 11:51:22.884 INFO [main] org.apache.catalina.core.ApplicationContext.log ContextListener: attributeAdded('StockTicker', 'async.Stockticker@7c6908d7')
12-Mar-2019 12:05:05.856 INFO [Thread-5] org.apache.catalina.core.ApplicationContext.log SessionListener: contextDestroyed()
12-Mar-2019 12:05:05.856 INFO [Thread-5] org.apache.catalina.core.ApplicationContext.log ContextListener: contextDestroyed()
12-Mar-2019 12:05:56.739 INFO [main] org.apache.catalina.core.ApplicationContext.log ContextListener: contextInitialized()
12-Mar-2019 12:05:56.739 INFO [main] org.apache.catalina.core.ApplicationContext.log SessionListener: contextInitialized()
12-Mar-2019 12:05:56.739 INFO [main] org.apache.catalina.core.ApplicationContext.log ContextListener: attributeAdded('StockTicker', 'async.Stockticker@7c6908d7')
12-Mar-2019 12:07:24.385 INFO [Thread-5] org.apache.catalina.core.ApplicationContext.log SessionListener: contextDestroyed()
12-Mar-2019 12:07:24.385 INFO [Thread-5] org.apache.catalina.core.ApplicationContext.log ContextListener: contextDestroyed()
12-Mar-2019 12:09:03.440 INFO [main] org.apache.catalina.core.ApplicationContext.log ContextListener: contextInitialized()
12-Mar-2019 12:09:03.440 INFO [main] org.apache.catalina.core.ApplicationContext.log SessionListener: contextInitialized()
12-Mar-2019 12:09:03.441 INFO [main] org.apache.catalina.core.ApplicationContext.log ContextListener: attributeAdded('StockTicker', 'async.Stockticker@7c6908d7')
12-Mar-2019 12:35:51.501 INFO [Thread-5] org.apache.catalina.core.ApplicationContext.log SessionListener: contextDestroyed()
12-Mar-2019 12:35:51.501 INFO [Thread-5] org.apache.catalina.core.ApplicationContext.log ContextListener: contextDestroyed()
12-Mar-2019 12:36:23.259 INFO [main] org.apache.catalina.core.ApplicationContext.log ContextListener: contextInitialized()
12-Mar-2019 12:36:23.259 INFO [main] org.apache.catalina.core.ApplicationContext.log SessionListener: contextInitialized()
12-Mar-2019 12:36:23.259 INFO [main] org.apache.catalina.core.ApplicationContext.log ContextListener: attributeAdded('StockTicker', 'async.Stockticker@7c6908d7')
12-Mar-2019 12:37:37.561 INFO [Thread-5] org.apache.catalina.core.ApplicationContext.log SessionListener: contextDestroyed()
12-Mar-2019 12:37:37.561 INFO [Thread-5] org.apache.catalina.core.ApplicationContext.log ContextListener: contextDestroyed()
12-Mar-2019 12:38:06.647 INFO [main] org.apache.catalina.core.ApplicationContext.log ContextListener: contextInitialized()
12-Mar-2019 12:38:06.647 INFO [main] org.apache.catalina.core.ApplicationContext.log SessionListener: contextInitialized()
12-Mar-2019 12:38:06.647 INFO [main] org.apache.catalina.core.ApplicationContext.log ContextListener: attributeAdded('StockTicker', 'async.Stockticker@7c6908d7')
12-Mar-2019 13:32:33.922 INFO [Thread-5] org.apache.catalina.core.ApplicationContext.log SessionListener: contextDestroyed()
12-Mar-2019 13:32:33.922 INFO [Thread-5] org.apache.catalina.core.ApplicationContext.log ContextListener: contextDestroyed()
12-Mar-2019 13:45:51.847 INFO [main] org.apache.catalina.core.ApplicationContext.log ContextListener: contextInitialized()
12-Mar-2019 13:45:51.847 INFO [main] org.apache.catalina.core.ApplicationContext.log SessionListener: contextInitialized()
12-Mar-2019 13:45:51.847 INFO [main] org.apache.catalina.core.ApplicationContext.log ContextListener: attributeAdded('StockTicker', 'async.Stockticker@7c6908d7')
12-Mar-2019 13:52:26.997 INFO [Thread-5] org.apache.catalina.core.ApplicationContext.log SessionListener: contextDestroyed()
12-Mar-2019 13:52:26.997 INFO [Thread-5] org.apache.catalina.core.ApplicationContext.log ContextListener: contextDestroyed()
12-Mar-2019 17:16:47.911 INFO [main] org.apache.catalina.core.ApplicationContext.log ContextListener: contextInitialized()
12-Mar-2019 17:16:47.911 INFO [main] org.apache.catalina.core.ApplicationContext.log SessionListener: contextInitialized()
12-Mar-2019 17:16:47.912 INFO [main] org.apache.catalina.core.ApplicationContext.log ContextListener: attributeAdded('StockTicker', 'async.Stockticker@7c6908d7')
12-Mar-2019 17:33:18.296 INFO [Thread-5] org.apache.catalina.core.ApplicationContext.log SessionListener: contextDestroyed()
12-Mar-2019 17:33:18.296 INFO [Thread-5] org.apache.catalina.core.ApplicationContext.log ContextListener: contextDestroyed()
12-Mar-2019 17:34:03.342 INFO [main] org.apache.catalina.core.ApplicationContext.log ContextListener: contextInitialized()
12-Mar-2019 17:34:03.342 INFO [main] org.apache.catalina.core.ApplicationContext.log SessionListener: contextInitialized()
12-Mar-2019 17:34:03.342 INFO [main] org.apache.catalina.core.ApplicationContext.log ContextListener: attributeAdded('StockTicker', 'async.Stockticker@7c6908d7')
12-Mar-2019 17:48:27.000 INFO [Thread-5] org.apache.catalina.core.ApplicationContext.log SessionListener: contextDestroyed()
12-Mar-2019 17:48:27.000 INFO [Thread-5] org.apache.catalina.core.ApplicationContext.log ContextListener: contextDestroyed()
