03-Apr-2019 10:33:12.754 INFO [main] org.apache.catalina.core.ApplicationContext.log ContextListener: contextInitialized()
03-Apr-2019 10:33:12.754 INFO [main] org.apache.catalina.core.ApplicationContext.log SessionListener: contextInitialized()
03-Apr-2019 10:33:12.754 INFO [main] org.apache.catalina.core.ApplicationContext.log ContextListener: attributeAdded('StockTicker', 'async.Stockticker@727210eb')
03-Apr-2019 10:33:12.756 INFO [main] org.apache.catalina.core.ApplicationContext.log ContextListener: attributeAdded('com.sun.faces.CONFIG_MANAGER_KEY', 'com.sun.faces.config.ConfigManager@f5b079f')
03-Apr-2019 10:33:12.756 INFO [main] org.apache.catalina.core.ApplicationContext.log ContextListener: attributeReplaced('com.sun.faces.InitFacesContext', 'com.sun.faces.config.InitFacesContext@3672ba7d')
03-Apr-2019 10:33:12.756 INFO [main] org.apache.catalina.core.ApplicationContext.log ContextListener: attributeAdded('com.sun.faces.patternCache', '{}')
03-Apr-2019 10:33:12.756 INFO [main] org.apache.catalina.core.ApplicationContext.log ContextListener: attributeAdded('com.sun.faces.config.WebConfiguration', 'com.sun.faces.config.WebConfiguration@6eea6df8')
03-Apr-2019 10:33:12.756 INFO [main] org.apache.catalina.core.ApplicationContext.log ContextListener: attributeRemoved('com.sun.faces.facesInitializerMappingsAdded', 'true')
03-Apr-2019 10:33:12.756 INFO [main] org.apache.catalina.core.ApplicationContext.log ContextListener: attributeAdded('com.sun.faces.enableDistributable', 'true')
03-Apr-2019 10:33:12.756 INFO [main] org.apache.catalina.core.ApplicationContext.log ContextListener: attributeAdded('com.sun.faces.config.processor.FactoryConfigProcessor.METADATA', 'com.sun.faces.application.ApplicationInstanceFactoryMetadataMap@1c825108')
03-Apr-2019 10:33:12.756 INFO [main] org.apache.catalina.core.ApplicationContext.log ContextListener: attributeAdded('com.sun.faces.config.processor.LifecycleConfigProcessor.METADATA', 'com.sun.faces.application.ApplicationInstanceFactoryMetadataMap@2c956132')
03-Apr-2019 10:33:12.756 INFO [main] org.apache.catalina.core.ApplicationContext.log ContextListener: attributeAdded('com.sun.faces.config.processor.ApplicationConfigProcessor.METADATA', 'com.sun.faces.application.ApplicationInstanceFactoryMetadataMap@5ed0d352')
03-Apr-2019 10:33:12.756 INFO [main] org.apache.catalina.core.ApplicationContext.log ContextListener: attributeAdded('com.sun.faces.config.processor.ComponentConfigProcessor.METADATA', 'com.sun.faces.application.ApplicationInstanceFactoryMetadataMap@66dd3ed1')
03-Apr-2019 10:33:12.756 INFO [main] org.apache.catalina.core.ApplicationContext.log ContextListener: attributeAdded('com.sun.faces.config.processor.ConverterConfigProcessor.METADATA', 'com.sun.faces.application.ApplicationInstanceFactoryMetadataMap@68d93913')
03-Apr-2019 10:33:12.756 INFO [main] org.apache.catalina.core.ApplicationContext.log ContextListener: attributeAdded('com.sun.faces.config.processor.ValidatorConfigProcessor.METADATA', 'com.sun.faces.application.ApplicationInstanceFactoryMetadataMap@6f4249cb')
03-Apr-2019 10:33:12.756 INFO [main] org.apache.catalina.core.ApplicationContext.log ContextListener: attributeAdded('com.sun.faces.config.processor.ManagedBeanConfigProcessor.METADATA', 'com.sun.faces.application.ApplicationInstanceFactoryMetadataMap@37d05d32')
03-Apr-2019 10:33:12.756 INFO [main] org.apache.catalina.core.ApplicationContext.log ContextListener: attributeAdded('com.sun.faces.config.processor.RenderKitConfigProcessor.METADATA', 'com.sun.faces.application.ApplicationInstanceFactoryMetadataMap@38f4c6af')
03-Apr-2019 10:33:12.756 INFO [main] org.apache.catalina.core.ApplicationContext.log ContextListener: attributeAdded('com.sun.faces.config.processor.NavigationConfigProcessor.METADATA', 'com.sun.faces.application.ApplicationInstanceFactoryMetadataMap@19c47103')
03-Apr-2019 10:33:12.756 INFO [main] org.apache.catalina.core.ApplicationContext.log ContextListener: attributeAdded('com.sun.faces.config.processor.BehaviorConfigProcessor.METADATA', 'com.sun.faces.application.ApplicationInstanceFactoryMetadataMap@64356fe1')
03-Apr-2019 10:33:12.756 INFO [main] org.apache.catalina.core.ApplicationContext.log ContextListener: attributeAdded('com.sun.faces.config.processor.FacesConfigExtensionProcessor.METADATA', 'com.sun.faces.application.ApplicationInstanceFactoryMetadataMap@51b98798')
03-Apr-2019 10:33:12.756 INFO [main] org.apache.catalina.core.ApplicationContext.log ContextListener: attributeAdded('com.sun.faces.config.processor.ProtectedViewsConfigProcessor.METADATA', 'com.sun.faces.application.ApplicationInstanceFactoryMetadataMap@4fe6f2be')
03-Apr-2019 10:33:12.756 INFO [main] org.apache.catalina.core.ApplicationContext.log ContextListener: attributeAdded('com.sun.faces.config.processor.FacesFlowDefinitionConfigProcessor.METADATA', 'com.sun.faces.application.ApplicationInstanceFactoryMetadataMap@7590ce28')
03-Apr-2019 10:33:12.756 INFO [main] org.apache.catalina.core.ApplicationContext.log ContextListener: attributeAdded('com.sun.faces.config.processor.ResourceLibraryContractsConfigProcessor.METADATA', 'com.sun.faces.application.ApplicationInstanceFactoryMetadataMap@3a95fd1c')
03-Apr-2019 10:33:12.796 INFO [main] org.apache.catalina.core.ApplicationContext.log ContextListener: attributeAdded('com.sun.faces.webresources', '[]')
03-Apr-2019 10:33:12.867 INFO [main] org.apache.catalina.core.ApplicationContext.log ContextListener: attributeAdded('com.sun.faces.config.ConfigManager_ANNOTATION_SCAN_TASK', 'java.util.concurrent.FutureTask@17ab4ba5')
03-Apr-2019 10:33:12.875 INFO [main] org.apache.catalina.core.ApplicationContext.log ContextListener: attributeAdded('javax.faces.FactoryFinder.FactoryManagerCacheKey', '1554276792875')
03-Apr-2019 10:33:12.875 INFO [main] org.apache.catalina.core.ApplicationContext.log ContextListener: attributeAdded('javax.faces.FactoryFinder.FactoryManagerCacheKey.InitTimeCLKey', '667428844')
03-Apr-2019 10:33:12.875 INFO [main] org.apache.catalina.core.ApplicationContext.log ContextListener: attributeAdded('com.sun.faces.ApplicationAssociate', 'com.sun.faces.application.ApplicationAssociate@4cec414d')
03-Apr-2019 10:33:12.875 INFO [main] org.apache.catalina.core.ApplicationContext.log ContextListener: attributeAdded('com.sun.faces.application.InjectionApplicationFactory', 'com.sun.faces.application.ApplicationImpl@62a939cd')
03-Apr-2019 10:33:12.887 INFO [main] org.apache.catalina.core.ApplicationContext.log ContextListener: attributeAdded('com.sun.faces.config.processor.AbstractConfigProcessor.PROJECTSTAGE', 'Production')
03-Apr-2019 10:33:12.895 INFO [main] org.apache.catalina.core.ApplicationContext.log ContextListener: attributeAdded('javax.faces.BEANS_VALIDATION_AVAILABLE', 'false')
03-Apr-2019 10:33:12.947 INFO [main] org.apache.catalina.core.ApplicationContext.log ContextListener: attributeAdded('com.sun.faces.compnent.COMPONENT_DESCRIPTORS_MAP', '{}')
03-Apr-2019 10:33:12.947 INFO [main] org.apache.catalina.core.ApplicationContext.log ContextListener: attributeRemoved('com.sun.faces.config.ConfigManager_ANNOTATION_SCAN_TASK', 'java.util.concurrent.FutureTask@17ab4ba5')
03-Apr-2019 10:33:12.947 INFO [main] org.apache.catalina.core.ApplicationContext.log ContextListener: attributeAdded('org.apache.jasper.runtime.JspApplicationContextImpl', 'org.apache.jasper.runtime.JspApplicationContextImpl@58649b7e')
03-Apr-2019 10:33:12.947 INFO [main] org.apache.catalina.core.ApplicationContext.log ContextListener: attributeAdded('com.sun.faces.errorPagePresent', 'false')
03-Apr-2019 10:35:21.626 INFO [Thread-5] org.apache.catalina.core.ApplicationContext.log ContextListener: attributeRemoved('com.sun.faces.ApplicationAssociate', 'com.sun.faces.application.ApplicationAssociate@4cec414d')
03-Apr-2019 10:35:21.626 INFO [Thread-5] org.apache.catalina.core.ApplicationContext.log ContextListener: attributeRemoved('com.sun.faces.CONFIG_MANAGER_KEY', 'com.sun.faces.config.ConfigManager@f5b079f')
03-Apr-2019 10:35:21.626 INFO [Thread-5] org.apache.catalina.core.ApplicationContext.log ContextListener: attributeRemoved('com.sun.faces.config.WebConfiguration', 'com.sun.faces.config.WebConfiguration@6eea6df8')
03-Apr-2019 10:35:21.626 INFO [Thread-5] org.apache.catalina.core.ApplicationContext.log SessionListener: contextDestroyed()
03-Apr-2019 10:35:21.626 INFO [Thread-5] org.apache.catalina.core.ApplicationContext.log ContextListener: contextDestroyed()
