25-Feb-2019 12:50:22.765 INFO [main] org.apache.catalina.core.ApplicationContext.log ContextListener: contextInitialized()
25-Feb-2019 12:50:22.765 INFO [main] org.apache.catalina.core.ApplicationContext.log SessionListener: contextInitialized()
25-Feb-2019 12:50:22.765 INFO [main] org.apache.catalina.core.ApplicationContext.log ContextListener: attributeAdded('StockTicker', 'async.Stockticker@198b6731')
25-Feb-2019 13:07:43.711 INFO [Thread-5] org.apache.catalina.core.ApplicationContext.log SessionListener: contextDestroyed()
25-Feb-2019 13:07:43.711 INFO [Thread-5] org.apache.catalina.core.ApplicationContext.log ContextListener: contextDestroyed()
25-Feb-2019 13:07:49.986 INFO [main] org.apache.catalina.core.ApplicationContext.log ContextListener: contextInitialized()
25-Feb-2019 13:07:49.986 INFO [main] org.apache.catalina.core.ApplicationContext.log SessionListener: contextInitialized()
25-Feb-2019 13:07:49.986 INFO [main] org.apache.catalina.core.ApplicationContext.log ContextListener: attributeAdded('StockTicker', 'async.Stockticker@7c6908d7')
25-Feb-2019 13:09:35.197 INFO [Thread-5] org.apache.catalina.core.ApplicationContext.log SessionListener: contextDestroyed()
25-Feb-2019 13:09:35.197 INFO [Thread-5] org.apache.catalina.core.ApplicationContext.log ContextListener: contextDestroyed()
25-Feb-2019 13:10:06.027 INFO [main] org.apache.catalina.core.ApplicationContext.log ContextListener: contextInitialized()
25-Feb-2019 13:10:06.027 INFO [main] org.apache.catalina.core.ApplicationContext.log SessionListener: contextInitialized()
25-Feb-2019 13:10:06.027 INFO [main] org.apache.catalina.core.ApplicationContext.log ContextListener: attributeAdded('StockTicker', 'async.Stockticker@7c6908d7')
25-Feb-2019 13:11:15.940 INFO [main] org.apache.catalina.core.ApplicationContext.log ContextListener: contextInitialized()
25-Feb-2019 13:11:15.940 INFO [main] org.apache.catalina.core.ApplicationContext.log SessionListener: contextInitialized()
25-Feb-2019 13:11:15.941 INFO [main] org.apache.catalina.core.ApplicationContext.log ContextListener: attributeAdded('StockTicker', 'async.Stockticker@7c6908d7')
25-Feb-2019 13:13:00.589 INFO [Thread-5] org.apache.catalina.core.ApplicationContext.log SessionListener: contextDestroyed()
25-Feb-2019 13:13:00.589 INFO [Thread-5] org.apache.catalina.core.ApplicationContext.log ContextListener: contextDestroyed()
25-Feb-2019 13:13:14.827 INFO [main] org.apache.catalina.core.ApplicationContext.log ContextListener: contextInitialized()
25-Feb-2019 13:13:14.827 INFO [main] org.apache.catalina.core.ApplicationContext.log SessionListener: contextInitialized()
25-Feb-2019 13:13:14.827 INFO [main] org.apache.catalina.core.ApplicationContext.log ContextListener: attributeAdded('StockTicker', 'async.Stockticker@7c6908d7')
25-Feb-2019 13:14:07.998 INFO [Thread-5] org.apache.catalina.core.ApplicationContext.log SessionListener: contextDestroyed()
25-Feb-2019 13:14:07.998 INFO [Thread-5] org.apache.catalina.core.ApplicationContext.log ContextListener: contextDestroyed()
25-Feb-2019 13:14:13.668 INFO [main] org.apache.catalina.core.ApplicationContext.log ContextListener: contextInitialized()
25-Feb-2019 13:14:13.668 INFO [main] org.apache.catalina.core.ApplicationContext.log SessionListener: contextInitialized()
25-Feb-2019 13:14:13.668 INFO [main] org.apache.catalina.core.ApplicationContext.log ContextListener: attributeAdded('StockTicker', 'async.Stockticker@7c6908d7')
25-Feb-2019 13:19:57.033 INFO [main] org.apache.catalina.core.ApplicationContext.log ContextListener: contextInitialized()
25-Feb-2019 13:19:57.033 INFO [main] org.apache.catalina.core.ApplicationContext.log SessionListener: contextInitialized()
25-Feb-2019 13:19:57.033 INFO [main] org.apache.catalina.core.ApplicationContext.log ContextListener: attributeAdded('StockTicker', 'async.Stockticker@74e52ef6')
25-Feb-2019 13:19:57.112 INFO [main] org.apache.catalina.core.ApplicationContext.log SessionListener: contextDestroyed()
25-Feb-2019 13:19:57.112 INFO [main] org.apache.catalina.core.ApplicationContext.log ContextListener: contextDestroyed()
25-Feb-2019 13:20:05.592 INFO [main] org.apache.catalina.core.ApplicationContext.log ContextListener: contextInitialized()
25-Feb-2019 13:20:05.592 INFO [main] org.apache.catalina.core.ApplicationContext.log SessionListener: contextInitialized()
25-Feb-2019 13:20:05.592 INFO [main] org.apache.catalina.core.ApplicationContext.log ContextListener: attributeAdded('StockTicker', 'async.Stockticker@7c6908d7')
25-Feb-2019 13:21:51.795 INFO [Thread-5] org.apache.catalina.core.ApplicationContext.log SessionListener: contextDestroyed()
25-Feb-2019 13:21:51.795 INFO [Thread-5] org.apache.catalina.core.ApplicationContext.log ContextListener: contextDestroyed()
25-Feb-2019 13:21:55.165 INFO [main] org.apache.catalina.core.ApplicationContext.log ContextListener: contextInitialized()
25-Feb-2019 13:21:55.165 INFO [main] org.apache.catalina.core.ApplicationContext.log SessionListener: contextInitialized()
25-Feb-2019 13:21:55.165 INFO [main] org.apache.catalina.core.ApplicationContext.log ContextListener: attributeAdded('StockTicker', 'async.Stockticker@7c6908d7')
25-Feb-2019 13:36:14.323 INFO [Thread-5] org.apache.catalina.core.ApplicationContext.log SessionListener: contextDestroyed()
25-Feb-2019 13:36:14.323 INFO [Thread-5] org.apache.catalina.core.ApplicationContext.log ContextListener: contextDestroyed()
25-Feb-2019 13:36:26.826 INFO [main] org.apache.catalina.core.ApplicationContext.log ContextListener: contextInitialized()
25-Feb-2019 13:36:26.826 INFO [main] org.apache.catalina.core.ApplicationContext.log SessionListener: contextInitialized()
25-Feb-2019 13:36:26.827 INFO [main] org.apache.catalina.core.ApplicationContext.log ContextListener: attributeAdded('StockTicker', 'async.Stockticker@7c6908d7')
25-Feb-2019 13:37:42.051 INFO [Thread-5] org.apache.catalina.core.ApplicationContext.log SessionListener: contextDestroyed()
25-Feb-2019 13:37:42.051 INFO [Thread-5] org.apache.catalina.core.ApplicationContext.log ContextListener: contextDestroyed()
25-Feb-2019 13:38:34.718 INFO [main] org.apache.catalina.core.ApplicationContext.log ContextListener: contextInitialized()
25-Feb-2019 13:38:34.718 INFO [main] org.apache.catalina.core.ApplicationContext.log SessionListener: contextInitialized()
25-Feb-2019 13:38:34.719 INFO [main] org.apache.catalina.core.ApplicationContext.log ContextListener: attributeAdded('StockTicker', 'async.Stockticker@7c6908d7')
25-Feb-2019 13:42:21.010 INFO [Thread-5] org.apache.catalina.core.ApplicationContext.log SessionListener: contextDestroyed()
25-Feb-2019 13:42:21.010 INFO [Thread-5] org.apache.catalina.core.ApplicationContext.log ContextListener: contextDestroyed()
25-Feb-2019 13:42:37.536 INFO [main] org.apache.catalina.core.ApplicationContext.log ContextListener: contextInitialized()
25-Feb-2019 13:42:37.536 INFO [main] org.apache.catalina.core.ApplicationContext.log SessionListener: contextInitialized()
25-Feb-2019 13:42:37.537 INFO [main] org.apache.catalina.core.ApplicationContext.log ContextListener: attributeAdded('StockTicker', 'async.Stockticker@7c6908d7')
25-Feb-2019 13:43:52.050 SEVERE [http-nio-8080-exec-8] org.apache.catalina.core.ApplicationDispatcher.invoke Servlet.service() for servlet [jsp] threw exception
 java.lang.NoClassDefFoundError: org/apache/jsp/hello_jsp (wrong name: org/apache/jsp/Hello_jsp)
	at java.lang.ClassLoader.defineClass1(Native Method)
	at java.lang.ClassLoader.defineClass(ClassLoader.java:763)
	at java.security.SecureClassLoader.defineClass(SecureClassLoader.java:142)
	at java.net.URLClassLoader.defineClass(URLClassLoader.java:468)
	at java.net.URLClassLoader.access$100(URLClassLoader.java:74)
	at java.net.URLClassLoader$1.run(URLClassLoader.java:369)
	at java.net.URLClassLoader$1.run(URLClassLoader.java:363)
	at java.security.AccessController.doPrivileged(Native Method)
	at java.net.URLClassLoader.findClass(URLClassLoader.java:362)
	at org.apache.jasper.servlet.JasperLoader.loadClass(JasperLoader.java:128)
	at org.apache.jasper.servlet.JasperLoader.loadClass(JasperLoader.java:59)
	at org.apache.catalina.core.DefaultInstanceManager.newInstance(DefaultInstanceManager.java:159)
	at org.apache.jasper.servlet.JspServletWrapper.getServlet(JspServletWrapper.java:193)
	at org.apache.jasper.servlet.JspServletWrapper.service(JspServletWrapper.java:413)
	at org.apache.jasper.servlet.JspServlet.serviceJspFile(JspServlet.java:385)
	at org.apache.jasper.servlet.JspServlet.service(JspServlet.java:329)
	at javax.servlet.http.HttpServlet.service(HttpServlet.java:741)
	at org.apache.catalina.core.ApplicationFilterChain.internalDoFilter(ApplicationFilterChain.java:231)
	at org.apache.catalina.core.ApplicationFilterChain.doFilter(ApplicationFilterChain.java:166)
	at org.apache.tomcat.websocket.server.WsFilter.doFilter(WsFilter.java:53)
	at org.apache.catalina.core.ApplicationFilterChain.internalDoFilter(ApplicationFilterChain.java:193)
	at org.apache.catalina.core.ApplicationFilterChain.doFilter(ApplicationFilterChain.java:166)
	at org.apache.catalina.core.ApplicationDispatcher.invoke(ApplicationDispatcher.java:712)
	at org.apache.catalina.core.ApplicationDispatcher.processRequest(ApplicationDispatcher.java:459)
	at org.apache.catalina.core.ApplicationDispatcher.doForward(ApplicationDispatcher.java:384)
	at org.apache.catalina.core.ApplicationDispatcher.forward(ApplicationDispatcher.java:312)
	at initial_example.HelloForm.doGet(HelloForm.java:25)
	at javax.servlet.http.HttpServlet.service(HttpServlet.java:634)
	at javax.servlet.http.HttpServlet.service(HttpServlet.java:741)
	at org.apache.catalina.core.ApplicationFilterChain.internalDoFilter(ApplicationFilterChain.java:231)
	at org.apache.catalina.core.ApplicationFilterChain.doFilter(ApplicationFilterChain.java:166)
	at org.apache.tomcat.websocket.server.WsFilter.doFilter(WsFilter.java:53)
	at org.apache.catalina.core.ApplicationFilterChain.internalDoFilter(ApplicationFilterChain.java:193)
	at org.apache.catalina.core.ApplicationFilterChain.doFilter(ApplicationFilterChain.java:166)
	at org.apache.catalina.core.StandardWrapperValve.invoke(StandardWrapperValve.java:200)
	at org.apache.catalina.core.StandardContextValve.invoke(StandardContextValve.java:96)
	at org.apache.catalina.authenticator.AuthenticatorBase.invoke(AuthenticatorBase.java:490)
	at org.apache.catalina.core.StandardHostValve.invoke(StandardHostValve.java:139)
	at org.apache.catalina.valves.ErrorReportValve.invoke(ErrorReportValve.java:92)
	at org.apache.catalina.valves.AbstractAccessLogValve.invoke(AbstractAccessLogValve.java:668)
	at org.apache.catalina.core.StandardEngineValve.invoke(StandardEngineValve.java:74)
	at org.apache.catalina.connector.CoyoteAdapter.service(CoyoteAdapter.java:343)
	at org.apache.coyote.http11.Http11Processor.service(Http11Processor.java:408)
	at org.apache.coyote.AbstractProcessorLight.process(AbstractProcessorLight.java:66)
	at org.apache.coyote.AbstractProtocol$ConnectionHandler.process(AbstractProtocol.java:834)
	at org.apache.tomcat.util.net.NioEndpoint$SocketProcessor.doRun(NioEndpoint.java:1415)
	at org.apache.tomcat.util.net.SocketProcessorBase.run(SocketProcessorBase.java:49)
	at java.util.concurrent.ThreadPoolExecutor.runWorker(ThreadPoolExecutor.java:1149)
	at java.util.concurrent.ThreadPoolExecutor$Worker.run(ThreadPoolExecutor.java:624)
	at org.apache.tomcat.util.threads.TaskThread$WrappingRunnable.run(TaskThread.java:61)
	at java.lang.Thread.run(Thread.java:748)

25-Feb-2019 13:43:52.050 SEVERE [http-nio-8080-exec-8] org.apache.catalina.core.StandardWrapperValve.invoke Servlet.service() for servlet [main] in context with path [] threw exception [java.lang.NoClassDefFoundError: org/apache/jsp/hello_jsp (wrong name: org/apache/jsp/Hello_jsp)] with root cause
 java.lang.NoClassDefFoundError: org/apache/jsp/hello_jsp (wrong name: org/apache/jsp/Hello_jsp)
	at java.lang.ClassLoader.defineClass1(Native Method)
	at java.lang.ClassLoader.defineClass(ClassLoader.java:763)
	at java.security.SecureClassLoader.defineClass(SecureClassLoader.java:142)
	at java.net.URLClassLoader.defineClass(URLClassLoader.java:468)
	at java.net.URLClassLoader.access$100(URLClassLoader.java:74)
	at java.net.URLClassLoader$1.run(URLClassLoader.java:369)
	at java.net.URLClassLoader$1.run(URLClassLoader.java:363)
	at java.security.AccessController.doPrivileged(Native Method)
	at java.net.URLClassLoader.findClass(URLClassLoader.java:362)
	at org.apache.jasper.servlet.JasperLoader.loadClass(JasperLoader.java:128)
	at org.apache.jasper.servlet.JasperLoader.loadClass(JasperLoader.java:59)
	at org.apache.catalina.core.DefaultInstanceManager.newInstance(DefaultInstanceManager.java:159)
	at org.apache.jasper.servlet.JspServletWrapper.getServlet(JspServletWrapper.java:193)
	at org.apache.jasper.servlet.JspServletWrapper.service(JspServletWrapper.java:413)
	at org.apache.jasper.servlet.JspServlet.serviceJspFile(JspServlet.java:385)
	at org.apache.jasper.servlet.JspServlet.service(JspServlet.java:329)
	at javax.servlet.http.HttpServlet.service(HttpServlet.java:741)
	at org.apache.catalina.core.ApplicationFilterChain.internalDoFilter(ApplicationFilterChain.java:231)
	at org.apache.catalina.core.ApplicationFilterChain.doFilter(ApplicationFilterChain.java:166)
	at org.apache.tomcat.websocket.server.WsFilter.doFilter(WsFilter.java:53)
	at org.apache.catalina.core.ApplicationFilterChain.internalDoFilter(ApplicationFilterChain.java:193)
	at org.apache.catalina.core.ApplicationFilterChain.doFilter(ApplicationFilterChain.java:166)
	at org.apache.catalina.core.ApplicationDispatcher.invoke(ApplicationDispatcher.java:712)
	at org.apache.catalina.core.ApplicationDispatcher.processRequest(ApplicationDispatcher.java:459)
	at org.apache.catalina.core.ApplicationDispatcher.doForward(ApplicationDispatcher.java:384)
	at org.apache.catalina.core.ApplicationDispatcher.forward(ApplicationDispatcher.java:312)
	at initial_example.HelloForm.doGet(HelloForm.java:25)
	at javax.servlet.http.HttpServlet.service(HttpServlet.java:634)
	at javax.servlet.http.HttpServlet.service(HttpServlet.java:741)
	at org.apache.catalina.core.ApplicationFilterChain.internalDoFilter(ApplicationFilterChain.java:231)
	at org.apache.catalina.core.ApplicationFilterChain.doFilter(ApplicationFilterChain.java:166)
	at org.apache.tomcat.websocket.server.WsFilter.doFilter(WsFilter.java:53)
	at org.apache.catalina.core.ApplicationFilterChain.internalDoFilter(ApplicationFilterChain.java:193)
	at org.apache.catalina.core.ApplicationFilterChain.doFilter(ApplicationFilterChain.java:166)
	at org.apache.catalina.core.StandardWrapperValve.invoke(StandardWrapperValve.java:200)
	at org.apache.catalina.core.StandardContextValve.invoke(StandardContextValve.java:96)
	at org.apache.catalina.authenticator.AuthenticatorBase.invoke(AuthenticatorBase.java:490)
	at org.apache.catalina.core.StandardHostValve.invoke(StandardHostValve.java:139)
	at org.apache.catalina.valves.ErrorReportValve.invoke(ErrorReportValve.java:92)
	at org.apache.catalina.valves.AbstractAccessLogValve.invoke(AbstractAccessLogValve.java:668)
	at org.apache.catalina.core.StandardEngineValve.invoke(StandardEngineValve.java:74)
	at org.apache.catalina.connector.CoyoteAdapter.service(CoyoteAdapter.java:343)
	at org.apache.coyote.http11.Http11Processor.service(Http11Processor.java:408)
	at org.apache.coyote.AbstractProcessorLight.process(AbstractProcessorLight.java:66)
	at org.apache.coyote.AbstractProtocol$ConnectionHandler.process(AbstractProtocol.java:834)
	at org.apache.tomcat.util.net.NioEndpoint$SocketProcessor.doRun(NioEndpoint.java:1415)
	at org.apache.tomcat.util.net.SocketProcessorBase.run(SocketProcessorBase.java:49)
	at java.util.concurrent.ThreadPoolExecutor.runWorker(ThreadPoolExecutor.java:1149)
	at java.util.concurrent.ThreadPoolExecutor$Worker.run(ThreadPoolExecutor.java:624)
	at org.apache.tomcat.util.threads.TaskThread$WrappingRunnable.run(TaskThread.java:61)
	at java.lang.Thread.run(Thread.java:748)

25-Feb-2019 13:54:18.205 INFO [Thread-5] org.apache.catalina.core.ApplicationContext.log SessionListener: contextDestroyed()
25-Feb-2019 13:54:18.205 INFO [Thread-5] org.apache.catalina.core.ApplicationContext.log ContextListener: contextDestroyed()
25-Feb-2019 13:54:36.123 INFO [main] org.apache.catalina.core.ApplicationContext.log ContextListener: contextInitialized()
25-Feb-2019 13:54:36.124 INFO [main] org.apache.catalina.core.ApplicationContext.log SessionListener: contextInitialized()
25-Feb-2019 13:54:36.125 INFO [main] org.apache.catalina.core.ApplicationContext.log ContextListener: attributeAdded('StockTicker', 'async.Stockticker@7c6908d7')
25-Feb-2019 13:58:08.428 INFO [Thread-5] org.apache.catalina.core.ApplicationContext.log SessionListener: contextDestroyed()
25-Feb-2019 13:58:08.428 INFO [Thread-5] org.apache.catalina.core.ApplicationContext.log ContextListener: contextDestroyed()
25-Feb-2019 13:58:49.813 INFO [main] org.apache.catalina.core.ApplicationContext.log ContextListener: contextInitialized()
25-Feb-2019 13:58:49.813 INFO [main] org.apache.catalina.core.ApplicationContext.log SessionListener: contextInitialized()
25-Feb-2019 13:58:49.814 INFO [main] org.apache.catalina.core.ApplicationContext.log ContextListener: attributeAdded('StockTicker', 'async.Stockticker@7c6908d7')
25-Feb-2019 15:04:04.952 INFO [Thread-5] org.apache.catalina.core.ApplicationContext.log SessionListener: contextDestroyed()
25-Feb-2019 15:04:04.952 INFO [Thread-5] org.apache.catalina.core.ApplicationContext.log ContextListener: contextDestroyed()
