02-Apr-2019 20:03:11.946 INFO [main] org.apache.catalina.core.ApplicationContext.log No Spring WebApplicationInitializer types detected on classpath
02-Apr-2019 20:03:34.671 INFO [main] org.apache.catalina.core.ApplicationContext.log No Spring WebApplicationInitializer types detected on classpath
02-Apr-2019 20:03:34.780 INFO [main] org.apache.catalina.core.ApplicationContext.log ContextListener: contextInitialized()
02-Apr-2019 20:03:34.780 INFO [main] org.apache.catalina.core.ApplicationContext.log SessionListener: contextInitialized()
02-Apr-2019 20:03:34.796 INFO [main] org.apache.catalina.core.ApplicationContext.log ContextListener: attributeAdded('StockTicker', 'async.Stockticker@2810d9')
02-Apr-2019 20:03:34.796 INFO [main] org.apache.catalina.core.ApplicationContext.log ContextListener: attributeAdded('com.sun.faces.CONFIG_MANAGER_KEY', 'com.sun.faces.config.ConfigManager@2a64cb1f')
02-Apr-2019 20:03:34.796 INFO [main] org.apache.catalina.core.ApplicationContext.log ContextListener: attributeReplaced('com.sun.faces.InitFacesContext', 'com.sun.faces.config.InitFacesContext@34b56a5a')
02-Apr-2019 20:03:34.796 INFO [main] org.apache.catalina.core.ApplicationContext.log ContextListener: attributeAdded('com.sun.faces.patternCache', '{}')
02-Apr-2019 20:03:34.796 INFO [main] org.apache.catalina.core.ApplicationContext.log ContextListener: attributeAdded('com.sun.faces.config.WebConfiguration', 'com.sun.faces.config.WebConfiguration@76aab1e3')
02-Apr-2019 20:03:34.796 INFO [main] org.apache.catalina.core.ApplicationContext.log ContextListener: attributeRemoved('com.sun.faces.facesInitializerMappingsAdded', 'true')
02-Apr-2019 20:03:34.827 INFO [main] org.apache.catalina.core.ApplicationContext.log ContextListener: attributeAdded('com.sun.faces.enableDistributable', 'true')
02-Apr-2019 20:03:34.827 INFO [main] org.apache.catalina.core.ApplicationContext.log ContextListener: attributeAdded('com.sun.faces.config.processor.FactoryConfigProcessor.METADATA', 'com.sun.faces.application.ApplicationInstanceFactoryMetadataMap@33ef701e')
02-Apr-2019 20:03:34.827 INFO [main] org.apache.catalina.core.ApplicationContext.log ContextListener: attributeAdded('com.sun.faces.config.processor.LifecycleConfigProcessor.METADATA', 'com.sun.faces.application.ApplicationInstanceFactoryMetadataMap@1fd1deed')
02-Apr-2019 20:03:34.827 INFO [main] org.apache.catalina.core.ApplicationContext.log ContextListener: attributeAdded('com.sun.faces.config.processor.ApplicationConfigProcessor.METADATA', 'com.sun.faces.application.ApplicationInstanceFactoryMetadataMap@814b60b')
02-Apr-2019 20:03:34.843 INFO [main] org.apache.catalina.core.ApplicationContext.log ContextListener: attributeAdded('com.sun.faces.config.processor.ComponentConfigProcessor.METADATA', 'com.sun.faces.application.ApplicationInstanceFactoryMetadataMap@515a897c')
02-Apr-2019 20:03:34.843 INFO [main] org.apache.catalina.core.ApplicationContext.log ContextListener: attributeAdded('com.sun.faces.config.processor.ConverterConfigProcessor.METADATA', 'com.sun.faces.application.ApplicationInstanceFactoryMetadataMap@197d6cc9')
02-Apr-2019 20:03:34.843 INFO [main] org.apache.catalina.core.ApplicationContext.log ContextListener: attributeAdded('com.sun.faces.config.processor.ValidatorConfigProcessor.METADATA', 'com.sun.faces.application.ApplicationInstanceFactoryMetadataMap@8caffbd')
02-Apr-2019 20:03:34.843 INFO [main] org.apache.catalina.core.ApplicationContext.log ContextListener: attributeAdded('com.sun.faces.config.processor.ManagedBeanConfigProcessor.METADATA', 'com.sun.faces.application.ApplicationInstanceFactoryMetadataMap@25c3a441')
02-Apr-2019 20:03:34.843 INFO [main] org.apache.catalina.core.ApplicationContext.log ContextListener: attributeAdded('com.sun.faces.config.processor.RenderKitConfigProcessor.METADATA', 'com.sun.faces.application.ApplicationInstanceFactoryMetadataMap@2057d8ec')
02-Apr-2019 20:03:34.843 INFO [main] org.apache.catalina.core.ApplicationContext.log ContextListener: attributeAdded('com.sun.faces.config.processor.NavigationConfigProcessor.METADATA', 'com.sun.faces.application.ApplicationInstanceFactoryMetadataMap@52bef30b')
02-Apr-2019 20:03:34.843 INFO [main] org.apache.catalina.core.ApplicationContext.log ContextListener: attributeAdded('com.sun.faces.config.processor.BehaviorConfigProcessor.METADATA', 'com.sun.faces.application.ApplicationInstanceFactoryMetadataMap@d56d9f6')
02-Apr-2019 20:03:34.843 INFO [main] org.apache.catalina.core.ApplicationContext.log ContextListener: attributeAdded('com.sun.faces.config.processor.FacesConfigExtensionProcessor.METADATA', 'com.sun.faces.application.ApplicationInstanceFactoryMetadataMap@358f85b1')
02-Apr-2019 20:03:34.843 INFO [main] org.apache.catalina.core.ApplicationContext.log ContextListener: attributeAdded('com.sun.faces.config.processor.ProtectedViewsConfigProcessor.METADATA', 'com.sun.faces.application.ApplicationInstanceFactoryMetadataMap@2b01bb54')
02-Apr-2019 20:03:34.843 INFO [main] org.apache.catalina.core.ApplicationContext.log ContextListener: attributeAdded('com.sun.faces.config.processor.FacesFlowDefinitionConfigProcessor.METADATA', 'com.sun.faces.application.ApplicationInstanceFactoryMetadataMap@e822394')
02-Apr-2019 20:03:34.843 INFO [main] org.apache.catalina.core.ApplicationContext.log ContextListener: attributeAdded('com.sun.faces.config.processor.ResourceLibraryContractsConfigProcessor.METADATA', 'com.sun.faces.application.ApplicationInstanceFactoryMetadataMap@3520d2db')
02-Apr-2019 20:03:35.139 INFO [main] org.apache.catalina.core.ApplicationContext.log ContextListener: attributeAdded('com.sun.faces.webresources', '[]')
02-Apr-2019 20:03:35.811 INFO [main] org.apache.catalina.core.ApplicationContext.log ContextListener: attributeAdded('com.sun.faces.config.ConfigManager_ANNOTATION_SCAN_TASK', 'java.util.concurrent.FutureTask@46244e65')
02-Apr-2019 20:03:35.858 INFO [main] org.apache.catalina.core.ApplicationContext.log ContextListener: attributeAdded('javax.faces.FactoryFinder.FactoryManagerCacheKey', '1554224615858')
02-Apr-2019 20:03:35.858 INFO [main] org.apache.catalina.core.ApplicationContext.log ContextListener: attributeAdded('javax.faces.FactoryFinder.FactoryManagerCacheKey.InitTimeCLKey', '1856963340')
02-Apr-2019 20:03:35.874 INFO [main] org.apache.catalina.core.ApplicationContext.log ContextListener: attributeAdded('com.sun.faces.ApplicationAssociate', 'com.sun.faces.application.ApplicationAssociate@20c1cb0c')
02-Apr-2019 20:03:35.874 INFO [main] org.apache.catalina.core.ApplicationContext.log ContextListener: attributeAdded('com.sun.faces.application.InjectionApplicationFactory', 'com.sun.faces.application.ApplicationImpl@76e56b17')
02-Apr-2019 20:03:35.952 INFO [main] org.apache.catalina.core.ApplicationContext.log ContextListener: attributeAdded('com.sun.faces.config.processor.AbstractConfigProcessor.PROJECTSTAGE', 'Production')
02-Apr-2019 20:03:36.014 INFO [main] org.apache.catalina.core.ApplicationContext.log ContextListener: attributeAdded('javax.faces.BEANS_VALIDATION_AVAILABLE', 'false')
02-Apr-2019 20:03:36.579 INFO [main] org.apache.catalina.core.ApplicationContext.log ContextListener: attributeAdded('com.sun.faces.compnent.COMPONENT_DESCRIPTORS_MAP', '{}')
02-Apr-2019 20:03:36.583 INFO [main] org.apache.catalina.core.ApplicationContext.log ContextListener: attributeRemoved('com.sun.faces.config.ConfigManager_ANNOTATION_SCAN_TASK', 'java.util.concurrent.FutureTask@46244e65')
02-Apr-2019 20:03:36.587 INFO [main] org.apache.catalina.core.ApplicationContext.log ContextListener: attributeAdded('org.apache.jasper.runtime.JspApplicationContextImpl', 'org.apache.jasper.runtime.JspApplicationContextImpl@26415b5e')
02-Apr-2019 20:03:36.588 INFO [main] org.apache.catalina.core.ApplicationContext.log ContextListener: attributeAdded('com.sun.faces.errorPagePresent', 'false')
02-Apr-2019 20:03:56.522 INFO [main] org.apache.catalina.core.ApplicationContext.log No Spring WebApplicationInitializer types detected on classpath
02-Apr-2019 20:16:25.875 SEVERE [http-nio-8080-exec-1] org.apache.catalina.core.ApplicationContext.log Servlet.init() for servlet [word] threw exception
 org.springframework.beans.factory.xml.XmlBeanDefinitionStoreException: Line 20 in XML document from class path resource [dic_mover-spring.xml] is invalid; nested exception is org.xml.sax.SAXParseException; lineNumber: 20; columnNumber: 57; cvc-complex-type.3.2.2: Attribute 'fixed-delay' is not allowed to appear in element 'integration:poller'.
	at org.springframework.beans.factory.xml.XmlBeanDefinitionReader.doLoadBeanDefinitions(XmlBeanDefinitionReader.java:399)
	at org.springframework.beans.factory.xml.XmlBeanDefinitionReader.loadBeanDefinitions(XmlBeanDefinitionReader.java:336)
	at org.springframework.beans.factory.xml.XmlBeanDefinitionReader.loadBeanDefinitions(XmlBeanDefinitionReader.java:304)
	at org.springframework.beans.factory.support.AbstractBeanDefinitionReader.loadBeanDefinitions(AbstractBeanDefinitionReader.java:181)
	at org.springframework.beans.factory.support.AbstractBeanDefinitionReader.loadBeanDefinitions(AbstractBeanDefinitionReader.java:217)
	at org.springframework.beans.factory.support.AbstractBeanDefinitionReader.loadBeanDefinitions(AbstractBeanDefinitionReader.java:188)
	at org.springframework.beans.factory.support.AbstractBeanDefinitionReader.loadBeanDefinitions(AbstractBeanDefinitionReader.java:252)
	at org.springframework.context.support.AbstractXmlApplicationContext.loadBeanDefinitions(AbstractXmlApplicationContext.java:127)
	at org.springframework.context.support.AbstractXmlApplicationContext.loadBeanDefinitions(AbstractXmlApplicationContext.java:93)
	at org.springframework.context.support.AbstractRefreshableApplicationContext.refreshBeanFactory(AbstractRefreshableApplicationContext.java:129)
	at org.springframework.context.support.AbstractApplicationContext.obtainFreshBeanFactory(AbstractApplicationContext.java:537)
	at org.springframework.context.support.AbstractApplicationContext.refresh(AbstractApplicationContext.java:452)
	at org.springframework.context.support.ClassPathXmlApplicationContext.<init>(ClassPathXmlApplicationContext.java:139)
	at org.springframework.context.support.ClassPathXmlApplicationContext.<init>(ClassPathXmlApplicationContext.java:83)
	at servlets.WordForm.lambda$init$0(WordForm.java:57)
	at java.lang.Thread.run(Thread.java:748)
	at servlets.WordForm.init(WordForm.java:58)
	at javax.servlet.GenericServlet.init(GenericServlet.java:244)
	at org.apache.catalina.core.StandardWrapper.initServlet(StandardWrapper.java:1123)
	at org.apache.catalina.core.StandardWrapper.loadServlet(StandardWrapper.java:1078)
	at org.apache.catalina.core.StandardWrapper.allocate(StandardWrapper.java:761)
	at org.apache.catalina.core.StandardWrapperValve.invoke(StandardWrapperValve.java:134)
	at org.apache.catalina.core.StandardContextValve.invoke(StandardContextValve.java:96)
	at org.apache.catalina.authenticator.AuthenticatorBase.invoke(AuthenticatorBase.java:490)
	at org.apache.catalina.core.StandardHostValve.invoke(StandardHostValve.java:139)
	at org.apache.catalina.valves.ErrorReportValve.invoke(ErrorReportValve.java:92)
	at org.apache.catalina.valves.AbstractAccessLogValve.invoke(AbstractAccessLogValve.java:668)
	at org.apache.catalina.core.StandardEngineValve.invoke(StandardEngineValve.java:74)
	at org.apache.catalina.connector.CoyoteAdapter.service(CoyoteAdapter.java:343)
	at org.apache.coyote.http11.Http11Processor.service(Http11Processor.java:408)
	at org.apache.coyote.AbstractProcessorLight.process(AbstractProcessorLight.java:66)
	at org.apache.coyote.AbstractProtocol$ConnectionHandler.process(AbstractProtocol.java:834)
	at org.apache.tomcat.util.net.NioEndpoint$SocketProcessor.doRun(NioEndpoint.java:1415)
	at org.apache.tomcat.util.net.SocketProcessorBase.run(SocketProcessorBase.java:49)
	at java.util.concurrent.ThreadPoolExecutor.runWorker(ThreadPoolExecutor.java:1149)
	at java.util.concurrent.ThreadPoolExecutor$Worker.run(ThreadPoolExecutor.java:624)
	at org.apache.tomcat.util.threads.TaskThread$WrappingRunnable.run(TaskThread.java:61)
	at java.lang.Thread.run(Thread.java:748)
Caused by: org.xml.sax.SAXParseException; lineNumber: 20; columnNumber: 57; cvc-complex-type.3.2.2: Attribute 'fixed-delay' is not allowed to appear in element 'integration:poller'.
	at com.sun.org.apache.xerces.internal.util.ErrorHandlerWrapper.createSAXParseException(ErrorHandlerWrapper.java:203)
	at com.sun.org.apache.xerces.internal.util.ErrorHandlerWrapper.error(ErrorHandlerWrapper.java:134)
	at com.sun.org.apache.xerces.internal.impl.XMLErrorReporter.reportError(XMLErrorReporter.java:396)
	at com.sun.org.apache.xerces.internal.impl.XMLErrorReporter.reportError(XMLErrorReporter.java:327)
	at com.sun.org.apache.xerces.internal.impl.XMLErrorReporter.reportError(XMLErrorReporter.java:284)
	at com.sun.org.apache.xerces.internal.impl.xs.XMLSchemaValidator$XSIErrorReporter.reportError(XMLSchemaValidator.java:453)
	at com.sun.org.apache.xerces.internal.impl.xs.XMLSchemaValidator.reportSchemaError(XMLSchemaValidator.java:3231)
	at com.sun.org.apache.xerces.internal.impl.xs.XMLSchemaValidator.processAttributes(XMLSchemaValidator.java:2708)
	at com.sun.org.apache.xerces.internal.impl.xs.XMLSchemaValidator.handleStartElement(XMLSchemaValidator.java:2051)
	at com.sun.org.apache.xerces.internal.impl.xs.XMLSchemaValidator.emptyElement(XMLSchemaValidator.java:761)
	at com.sun.org.apache.xerces.internal.impl.XMLNSDocumentScannerImpl.scanStartElement(XMLNSDocumentScannerImpl.java:351)
	at com.sun.org.apache.xerces.internal.impl.XMLDocumentFragmentScannerImpl$FragmentContentDriver.next(XMLDocumentFragmentScannerImpl.java:2784)
	at com.sun.org.apache.xerces.internal.impl.XMLDocumentScannerImpl.next(XMLDocumentScannerImpl.java:602)
	at com.sun.org.apache.xerces.internal.impl.XMLNSDocumentScannerImpl.next(XMLNSDocumentScannerImpl.java:112)
	at com.sun.org.apache.xerces.internal.impl.XMLDocumentFragmentScannerImpl.scanDocument(XMLDocumentFragmentScannerImpl.java:505)
	at com.sun.org.apache.xerces.internal.parsers.XML11Configuration.parse(XML11Configuration.java:842)
	at com.sun.org.apache.xerces.internal.parsers.XML11Configuration.parse(XML11Configuration.java:771)
	at com.sun.org.apache.xerces.internal.parsers.XMLParser.parse(XMLParser.java:141)
	at com.sun.org.apache.xerces.internal.parsers.DOMParser.parse(DOMParser.java:243)
	at com.sun.org.apache.xerces.internal.jaxp.DocumentBuilderImpl.parse(DocumentBuilderImpl.java:339)
	at org.springframework.beans.factory.xml.DefaultDocumentLoader.loadDocument(DefaultDocumentLoader.java:76)
	at org.springframework.beans.factory.xml.XmlBeanDefinitionReader.doLoadDocument(XmlBeanDefinitionReader.java:429)
	at org.springframework.beans.factory.xml.XmlBeanDefinitionReader.doLoadBeanDefinitions(XmlBeanDefinitionReader.java:391)
	... 37 more

02-Apr-2019 20:16:25.876 SEVERE [http-nio-8080-exec-1] org.apache.catalina.core.StandardWrapperValve.invoke Allocate exception for servlet [word]
 org.xml.sax.SAXParseException; lineNumber: 20; columnNumber: 57; cvc-complex-type.3.2.2: Attribute 'fixed-delay' is not allowed to appear in element 'integration:poller'.
	at com.sun.org.apache.xerces.internal.util.ErrorHandlerWrapper.createSAXParseException(ErrorHandlerWrapper.java:203)
	at com.sun.org.apache.xerces.internal.util.ErrorHandlerWrapper.error(ErrorHandlerWrapper.java:134)
	at com.sun.org.apache.xerces.internal.impl.XMLErrorReporter.reportError(XMLErrorReporter.java:396)
	at com.sun.org.apache.xerces.internal.impl.XMLErrorReporter.reportError(XMLErrorReporter.java:327)
	at com.sun.org.apache.xerces.internal.impl.XMLErrorReporter.reportError(XMLErrorReporter.java:284)
	at com.sun.org.apache.xerces.internal.impl.xs.XMLSchemaValidator$XSIErrorReporter.reportError(XMLSchemaValidator.java:453)
	at com.sun.org.apache.xerces.internal.impl.xs.XMLSchemaValidator.reportSchemaError(XMLSchemaValidator.java:3231)
	at com.sun.org.apache.xerces.internal.impl.xs.XMLSchemaValidator.processAttributes(XMLSchemaValidator.java:2708)
	at com.sun.org.apache.xerces.internal.impl.xs.XMLSchemaValidator.handleStartElement(XMLSchemaValidator.java:2051)
	at com.sun.org.apache.xerces.internal.impl.xs.XMLSchemaValidator.emptyElement(XMLSchemaValidator.java:761)
	at com.sun.org.apache.xerces.internal.impl.XMLNSDocumentScannerImpl.scanStartElement(XMLNSDocumentScannerImpl.java:351)
	at com.sun.org.apache.xerces.internal.impl.XMLDocumentFragmentScannerImpl$FragmentContentDriver.next(XMLDocumentFragmentScannerImpl.java:2784)
	at com.sun.org.apache.xerces.internal.impl.XMLDocumentScannerImpl.next(XMLDocumentScannerImpl.java:602)
	at com.sun.org.apache.xerces.internal.impl.XMLNSDocumentScannerImpl.next(XMLNSDocumentScannerImpl.java:112)
	at com.sun.org.apache.xerces.internal.impl.XMLDocumentFragmentScannerImpl.scanDocument(XMLDocumentFragmentScannerImpl.java:505)
	at com.sun.org.apache.xerces.internal.parsers.XML11Configuration.parse(XML11Configuration.java:842)
	at com.sun.org.apache.xerces.internal.parsers.XML11Configuration.parse(XML11Configuration.java:771)
	at com.sun.org.apache.xerces.internal.parsers.XMLParser.parse(XMLParser.java:141)
	at com.sun.org.apache.xerces.internal.parsers.DOMParser.parse(DOMParser.java:243)
	at com.sun.org.apache.xerces.internal.jaxp.DocumentBuilderImpl.parse(DocumentBuilderImpl.java:339)
	at org.springframework.beans.factory.xml.DefaultDocumentLoader.loadDocument(DefaultDocumentLoader.java:76)
	at org.springframework.beans.factory.xml.XmlBeanDefinitionReader.doLoadDocument(XmlBeanDefinitionReader.java:429)
	at org.springframework.beans.factory.xml.XmlBeanDefinitionReader.doLoadBeanDefinitions(XmlBeanDefinitionReader.java:391)
	at org.springframework.beans.factory.xml.XmlBeanDefinitionReader.loadBeanDefinitions(XmlBeanDefinitionReader.java:336)
	at org.springframework.beans.factory.xml.XmlBeanDefinitionReader.loadBeanDefinitions(XmlBeanDefinitionReader.java:304)
	at org.springframework.beans.factory.support.AbstractBeanDefinitionReader.loadBeanDefinitions(AbstractBeanDefinitionReader.java:181)
	at org.springframework.beans.factory.support.AbstractBeanDefinitionReader.loadBeanDefinitions(AbstractBeanDefinitionReader.java:217)
	at org.springframework.beans.factory.support.AbstractBeanDefinitionReader.loadBeanDefinitions(AbstractBeanDefinitionReader.java:188)
	at org.springframework.beans.factory.support.AbstractBeanDefinitionReader.loadBeanDefinitions(AbstractBeanDefinitionReader.java:252)
	at org.springframework.context.support.AbstractXmlApplicationContext.loadBeanDefinitions(AbstractXmlApplicationContext.java:127)
	at org.springframework.context.support.AbstractXmlApplicationContext.loadBeanDefinitions(AbstractXmlApplicationContext.java:93)
	at org.springframework.context.support.AbstractRefreshableApplicationContext.refreshBeanFactory(AbstractRefreshableApplicationContext.java:129)
	at org.springframework.context.support.AbstractApplicationContext.obtainFreshBeanFactory(AbstractApplicationContext.java:537)
	at org.springframework.context.support.AbstractApplicationContext.refresh(AbstractApplicationContext.java:452)
	at org.springframework.context.support.ClassPathXmlApplicationContext.<init>(ClassPathXmlApplicationContext.java:139)
	at org.springframework.context.support.ClassPathXmlApplicationContext.<init>(ClassPathXmlApplicationContext.java:83)
	at servlets.WordForm.lambda$init$0(WordForm.java:57)
	at java.lang.Thread.run(Thread.java:748)
	at servlets.WordForm.init(WordForm.java:58)
	at javax.servlet.GenericServlet.init(GenericServlet.java:244)
	at org.apache.catalina.core.StandardWrapper.initServlet(StandardWrapper.java:1123)
	at org.apache.catalina.core.StandardWrapper.loadServlet(StandardWrapper.java:1078)
	at org.apache.catalina.core.StandardWrapper.allocate(StandardWrapper.java:761)
	at org.apache.catalina.core.StandardWrapperValve.invoke(StandardWrapperValve.java:134)
	at org.apache.catalina.core.StandardContextValve.invoke(StandardContextValve.java:96)
	at org.apache.catalina.authenticator.AuthenticatorBase.invoke(AuthenticatorBase.java:490)
	at org.apache.catalina.core.StandardHostValve.invoke(StandardHostValve.java:139)
	at org.apache.catalina.valves.ErrorReportValve.invoke(ErrorReportValve.java:92)
	at org.apache.catalina.valves.AbstractAccessLogValve.invoke(AbstractAccessLogValve.java:668)
	at org.apache.catalina.core.StandardEngineValve.invoke(StandardEngineValve.java:74)
	at org.apache.catalina.connector.CoyoteAdapter.service(CoyoteAdapter.java:343)
	at org.apache.coyote.http11.Http11Processor.service(Http11Processor.java:408)
	at org.apache.coyote.AbstractProcessorLight.process(AbstractProcessorLight.java:66)
	at org.apache.coyote.AbstractProtocol$ConnectionHandler.process(AbstractProtocol.java:834)
	at org.apache.tomcat.util.net.NioEndpoint$SocketProcessor.doRun(NioEndpoint.java:1415)
	at org.apache.tomcat.util.net.SocketProcessorBase.run(SocketProcessorBase.java:49)
	at java.util.concurrent.ThreadPoolExecutor.runWorker(ThreadPoolExecutor.java:1149)
	at java.util.concurrent.ThreadPoolExecutor$Worker.run(ThreadPoolExecutor.java:624)
	at org.apache.tomcat.util.threads.TaskThread$WrappingRunnable.run(TaskThread.java:61)
	at java.lang.Thread.run(Thread.java:748)

02-Apr-2019 20:16:56.694 INFO [Thread-5] org.apache.catalina.core.ApplicationContext.log ContextListener: attributeRemoved('com.sun.faces.ApplicationAssociate', 'com.sun.faces.application.ApplicationAssociate@20c1cb0c')
02-Apr-2019 20:16:56.695 INFO [Thread-5] org.apache.catalina.core.ApplicationContext.log ContextListener: attributeRemoved('com.sun.faces.CONFIG_MANAGER_KEY', 'com.sun.faces.config.ConfigManager@2a64cb1f')
02-Apr-2019 20:16:56.696 INFO [Thread-5] org.apache.catalina.core.ApplicationContext.log ContextListener: attributeRemoved('com.sun.faces.config.WebConfiguration', 'com.sun.faces.config.WebConfiguration@76aab1e3')
02-Apr-2019 20:16:56.718 INFO [Thread-5] org.apache.catalina.core.ApplicationContext.log SessionListener: contextDestroyed()
02-Apr-2019 20:16:56.719 INFO [Thread-5] org.apache.catalina.core.ApplicationContext.log ContextListener: contextDestroyed()
02-Apr-2019 20:19:12.604 INFO [main] org.apache.catalina.core.ApplicationContext.log ContextListener: contextInitialized()
02-Apr-2019 20:19:12.604 INFO [main] org.apache.catalina.core.ApplicationContext.log SessionListener: contextInitialized()
02-Apr-2019 20:19:12.624 INFO [main] org.apache.catalina.core.ApplicationContext.log ContextListener: attributeAdded('StockTicker', 'async.Stockticker@38f20b58')
02-Apr-2019 20:19:12.624 INFO [main] org.apache.catalina.core.ApplicationContext.log ContextListener: attributeAdded('com.sun.faces.CONFIG_MANAGER_KEY', 'com.sun.faces.config.ConfigManager@6d5fc2ca')
02-Apr-2019 20:19:12.624 INFO [main] org.apache.catalina.core.ApplicationContext.log ContextListener: attributeReplaced('com.sun.faces.InitFacesContext', 'com.sun.faces.config.InitFacesContext@26a8eaaa')
02-Apr-2019 20:19:12.632 INFO [main] org.apache.catalina.core.ApplicationContext.log ContextListener: attributeAdded('com.sun.faces.patternCache', '{}')
02-Apr-2019 20:19:12.632 INFO [main] org.apache.catalina.core.ApplicationContext.log ContextListener: attributeAdded('com.sun.faces.config.WebConfiguration', 'com.sun.faces.config.WebConfiguration@6c00f72a')
02-Apr-2019 20:19:12.634 INFO [main] org.apache.catalina.core.ApplicationContext.log ContextListener: attributeRemoved('com.sun.faces.facesInitializerMappingsAdded', 'true')
02-Apr-2019 20:19:12.653 INFO [main] org.apache.catalina.core.ApplicationContext.log ContextListener: attributeAdded('com.sun.faces.enableDistributable', 'true')
02-Apr-2019 20:19:12.673 INFO [main] org.apache.catalina.core.ApplicationContext.log ContextListener: attributeAdded('com.sun.faces.config.processor.FactoryConfigProcessor.METADATA', 'com.sun.faces.application.ApplicationInstanceFactoryMetadataMap@345236c6')
02-Apr-2019 20:19:12.673 INFO [main] org.apache.catalina.core.ApplicationContext.log ContextListener: attributeAdded('com.sun.faces.config.processor.LifecycleConfigProcessor.METADATA', 'com.sun.faces.application.ApplicationInstanceFactoryMetadataMap@77eab063')
02-Apr-2019 20:19:12.675 INFO [main] org.apache.catalina.core.ApplicationContext.log ContextListener: attributeAdded('com.sun.faces.config.processor.ApplicationConfigProcessor.METADATA', 'com.sun.faces.application.ApplicationInstanceFactoryMetadataMap@347042e7')
02-Apr-2019 20:19:12.675 INFO [main] org.apache.catalina.core.ApplicationContext.log ContextListener: attributeAdded('com.sun.faces.config.processor.ComponentConfigProcessor.METADATA', 'com.sun.faces.application.ApplicationInstanceFactoryMetadataMap@11c929a2')
02-Apr-2019 20:19:12.675 INFO [main] org.apache.catalina.core.ApplicationContext.log ContextListener: attributeAdded('com.sun.faces.config.processor.ConverterConfigProcessor.METADATA', 'com.sun.faces.application.ApplicationInstanceFactoryMetadataMap@3408c95b')
02-Apr-2019 20:19:12.675 INFO [main] org.apache.catalina.core.ApplicationContext.log ContextListener: attributeAdded('com.sun.faces.config.processor.ValidatorConfigProcessor.METADATA', 'com.sun.faces.application.ApplicationInstanceFactoryMetadataMap@16c30e11')
02-Apr-2019 20:19:12.675 INFO [main] org.apache.catalina.core.ApplicationContext.log ContextListener: attributeAdded('com.sun.faces.config.processor.ManagedBeanConfigProcessor.METADATA', 'com.sun.faces.application.ApplicationInstanceFactoryMetadataMap@20120154')
02-Apr-2019 20:19:12.675 INFO [main] org.apache.catalina.core.ApplicationContext.log ContextListener: attributeAdded('com.sun.faces.config.processor.RenderKitConfigProcessor.METADATA', 'com.sun.faces.application.ApplicationInstanceFactoryMetadataMap@78ceb8cd')
02-Apr-2019 20:19:12.675 INFO [main] org.apache.catalina.core.ApplicationContext.log ContextListener: attributeAdded('com.sun.faces.config.processor.NavigationConfigProcessor.METADATA', 'com.sun.faces.application.ApplicationInstanceFactoryMetadataMap@afee49e')
02-Apr-2019 20:19:12.675 INFO [main] org.apache.catalina.core.ApplicationContext.log ContextListener: attributeAdded('com.sun.faces.config.processor.BehaviorConfigProcessor.METADATA', 'com.sun.faces.application.ApplicationInstanceFactoryMetadataMap@4c3d056')
02-Apr-2019 20:19:12.675 INFO [main] org.apache.catalina.core.ApplicationContext.log ContextListener: attributeAdded('com.sun.faces.config.processor.FacesConfigExtensionProcessor.METADATA', 'com.sun.faces.application.ApplicationInstanceFactoryMetadataMap@346b793b')
02-Apr-2019 20:19:12.675 INFO [main] org.apache.catalina.core.ApplicationContext.log ContextListener: attributeAdded('com.sun.faces.config.processor.ProtectedViewsConfigProcessor.METADATA', 'com.sun.faces.application.ApplicationInstanceFactoryMetadataMap@396ea7ab')
02-Apr-2019 20:19:12.675 INFO [main] org.apache.catalina.core.ApplicationContext.log ContextListener: attributeAdded('com.sun.faces.config.processor.FacesFlowDefinitionConfigProcessor.METADATA', 'com.sun.faces.application.ApplicationInstanceFactoryMetadataMap@44496e0c')
02-Apr-2019 20:19:12.675 INFO [main] org.apache.catalina.core.ApplicationContext.log ContextListener: attributeAdded('com.sun.faces.config.processor.ResourceLibraryContractsConfigProcessor.METADATA', 'com.sun.faces.application.ApplicationInstanceFactoryMetadataMap@5e9257b3')
02-Apr-2019 20:19:12.976 INFO [main] org.apache.catalina.core.ApplicationContext.log ContextListener: attributeAdded('com.sun.faces.webresources', '[]')
02-Apr-2019 20:19:13.464 INFO [main] org.apache.catalina.core.ApplicationContext.log ContextListener: attributeAdded('com.sun.faces.config.ConfigManager_ANNOTATION_SCAN_TASK', 'java.util.concurrent.FutureTask@4b330722')
02-Apr-2019 20:19:13.495 INFO [main] org.apache.catalina.core.ApplicationContext.log ContextListener: attributeAdded('javax.faces.FactoryFinder.FactoryManagerCacheKey', '1554225553495')
02-Apr-2019 20:19:13.495 INFO [main] org.apache.catalina.core.ApplicationContext.log ContextListener: attributeAdded('javax.faces.FactoryFinder.FactoryManagerCacheKey.InitTimeCLKey', '9451853')
02-Apr-2019 20:19:13.503 INFO [main] org.apache.catalina.core.ApplicationContext.log ContextListener: attributeAdded('com.sun.faces.ApplicationAssociate', 'com.sun.faces.application.ApplicationAssociate@5c29c01b')
02-Apr-2019 20:19:13.505 INFO [main] org.apache.catalina.core.ApplicationContext.log ContextListener: attributeAdded('com.sun.faces.application.InjectionApplicationFactory', 'com.sun.faces.application.ApplicationImpl@59cfabaf')
02-Apr-2019 20:19:13.565 INFO [main] org.apache.catalina.core.ApplicationContext.log ContextListener: attributeAdded('com.sun.faces.config.processor.AbstractConfigProcessor.PROJECTSTAGE', 'Production')
02-Apr-2019 20:19:13.604 INFO [main] org.apache.catalina.core.ApplicationContext.log ContextListener: attributeAdded('javax.faces.BEANS_VALIDATION_AVAILABLE', 'false')
02-Apr-2019 20:19:13.990 INFO [main] org.apache.catalina.core.ApplicationContext.log ContextListener: attributeAdded('com.sun.faces.compnent.COMPONENT_DESCRIPTORS_MAP', '{}')
02-Apr-2019 20:19:13.990 INFO [main] org.apache.catalina.core.ApplicationContext.log ContextListener: attributeRemoved('com.sun.faces.config.ConfigManager_ANNOTATION_SCAN_TASK', 'java.util.concurrent.FutureTask@4b330722')
02-Apr-2019 20:19:13.998 INFO [main] org.apache.catalina.core.ApplicationContext.log ContextListener: attributeAdded('org.apache.jasper.runtime.JspApplicationContextImpl', 'org.apache.jasper.runtime.JspApplicationContextImpl@276d3d00')
02-Apr-2019 20:19:14.000 INFO [main] org.apache.catalina.core.ApplicationContext.log ContextListener: attributeAdded('com.sun.faces.errorPagePresent', 'false')
02-Apr-2019 20:19:50.293 SEVERE [http-nio-8080-exec-1] org.apache.catalina.core.ApplicationContext.log Servlet.init() for servlet [word] threw exception
 org.springframework.beans.factory.CannotLoadBeanClassException: Cannot find class [spring_utils.Handler] for bean with name 'handler' defined in class path resource [dic_mover-spring.xml]; nested exception is java.lang.ClassNotFoundException: spring_utils.Handler
	at org.springframework.beans.factory.support.AbstractBeanFactory.resolveBeanClass(AbstractBeanFactory.java:1392)
	at org.springframework.beans.factory.support.AbstractAutowireCapableBeanFactory.determineTargetType(AbstractAutowireCapableBeanFactory.java:680)
	at org.springframework.beans.factory.support.AbstractAutowireCapableBeanFactory.predictBeanType(AbstractAutowireCapableBeanFactory.java:647)
	at org.springframework.beans.factory.support.AbstractBeanFactory.isFactoryBean(AbstractBeanFactory.java:1518)
	at org.springframework.beans.factory.support.AbstractBeanFactory.isFactoryBean(AbstractBeanFactory.java:1023)
	at org.springframework.beans.factory.support.DefaultListableBeanFactory.preInstantiateSingletons(DefaultListableBeanFactory.java:829)
	at org.springframework.context.support.AbstractApplicationContext.finishBeanFactoryInitialization(AbstractApplicationContext.java:877)
	at org.springframework.context.support.AbstractApplicationContext.refresh(AbstractApplicationContext.java:549)
	at org.springframework.context.support.ClassPathXmlApplicationContext.<init>(ClassPathXmlApplicationContext.java:144)
	at org.springframework.context.support.ClassPathXmlApplicationContext.<init>(ClassPathXmlApplicationContext.java:85)
	at servlets.WordForm.lambda$init$0(WordForm.java:57)
	at java.lang.Thread.run(Thread.java:748)
	at servlets.WordForm.init(WordForm.java:58)
	at javax.servlet.GenericServlet.init(GenericServlet.java:244)
	at org.apache.catalina.core.StandardWrapper.initServlet(StandardWrapper.java:1123)
	at org.apache.catalina.core.StandardWrapper.loadServlet(StandardWrapper.java:1078)
	at org.apache.catalina.core.StandardWrapper.allocate(StandardWrapper.java:761)
	at org.apache.catalina.core.StandardWrapperValve.invoke(StandardWrapperValve.java:134)
	at org.apache.catalina.core.StandardContextValve.invoke(StandardContextValve.java:96)
	at org.apache.catalina.authenticator.AuthenticatorBase.invoke(AuthenticatorBase.java:490)
	at org.apache.catalina.core.StandardHostValve.invoke(StandardHostValve.java:139)
	at org.apache.catalina.valves.ErrorReportValve.invoke(ErrorReportValve.java:92)
	at org.apache.catalina.valves.AbstractAccessLogValve.invoke(AbstractAccessLogValve.java:668)
	at org.apache.catalina.core.StandardEngineValve.invoke(StandardEngineValve.java:74)
	at org.apache.catalina.connector.CoyoteAdapter.service(CoyoteAdapter.java:343)
	at org.apache.coyote.http11.Http11Processor.service(Http11Processor.java:408)
	at org.apache.coyote.AbstractProcessorLight.process(AbstractProcessorLight.java:66)
	at org.apache.coyote.AbstractProtocol$ConnectionHandler.process(AbstractProtocol.java:834)
	at org.apache.tomcat.util.net.NioEndpoint$SocketProcessor.doRun(NioEndpoint.java:1415)
	at org.apache.tomcat.util.net.SocketProcessorBase.run(SocketProcessorBase.java:49)
	at java.util.concurrent.ThreadPoolExecutor.runWorker(ThreadPoolExecutor.java:1149)
	at java.util.concurrent.ThreadPoolExecutor$Worker.run(ThreadPoolExecutor.java:624)
	at org.apache.tomcat.util.threads.TaskThread$WrappingRunnable.run(TaskThread.java:61)
	at java.lang.Thread.run(Thread.java:748)
Caused by: java.lang.ClassNotFoundException: spring_utils.Handler
	at org.apache.catalina.loader.WebappClassLoaderBase.loadClass(WebappClassLoaderBase.java:1363)
	at org.apache.catalina.loader.WebappClassLoaderBase.loadClass(WebappClassLoaderBase.java:1186)
	at java.lang.Class.forName0(Native Method)
	at java.lang.Class.forName(Class.java:348)
	at org.springframework.util.ClassUtils.forName(ClassUtils.java:275)
	at org.springframework.beans.factory.support.AbstractBeanDefinition.resolveBeanClass(AbstractBeanDefinition.java:437)
	at org.springframework.beans.factory.support.AbstractBeanFactory.doResolveBeanClass(AbstractBeanFactory.java:1457)
	at org.springframework.beans.factory.support.AbstractBeanFactory.resolveBeanClass(AbstractBeanFactory.java:1384)
	... 33 more

02-Apr-2019 20:19:50.294 SEVERE [http-nio-8080-exec-1] org.apache.catalina.core.StandardWrapperValve.invoke Allocate exception for servlet [word]
 java.lang.ClassNotFoundException: spring_utils.Handler
	at org.apache.catalina.loader.WebappClassLoaderBase.loadClass(WebappClassLoaderBase.java:1363)
	at org.apache.catalina.loader.WebappClassLoaderBase.loadClass(WebappClassLoaderBase.java:1186)
	at java.lang.Class.forName0(Native Method)
	at java.lang.Class.forName(Class.java:348)
	at org.springframework.util.ClassUtils.forName(ClassUtils.java:275)
	at org.springframework.beans.factory.support.AbstractBeanDefinition.resolveBeanClass(AbstractBeanDefinition.java:437)
	at org.springframework.beans.factory.support.AbstractBeanFactory.doResolveBeanClass(AbstractBeanFactory.java:1457)
	at org.springframework.beans.factory.support.AbstractBeanFactory.resolveBeanClass(AbstractBeanFactory.java:1384)
	at org.springframework.beans.factory.support.AbstractAutowireCapableBeanFactory.determineTargetType(AbstractAutowireCapableBeanFactory.java:680)
	at org.springframework.beans.factory.support.AbstractAutowireCapableBeanFactory.predictBeanType(AbstractAutowireCapableBeanFactory.java:647)
	at org.springframework.beans.factory.support.AbstractBeanFactory.isFactoryBean(AbstractBeanFactory.java:1518)
	at org.springframework.beans.factory.support.AbstractBeanFactory.isFactoryBean(AbstractBeanFactory.java:1023)
	at org.springframework.beans.factory.support.DefaultListableBeanFactory.preInstantiateSingletons(DefaultListableBeanFactory.java:829)
	at org.springframework.context.support.AbstractApplicationContext.finishBeanFactoryInitialization(AbstractApplicationContext.java:877)
	at org.springframework.context.support.AbstractApplicationContext.refresh(AbstractApplicationContext.java:549)
	at org.springframework.context.support.ClassPathXmlApplicationContext.<init>(ClassPathXmlApplicationContext.java:144)
	at org.springframework.context.support.ClassPathXmlApplicationContext.<init>(ClassPathXmlApplicationContext.java:85)
	at servlets.WordForm.lambda$init$0(WordForm.java:57)
	at java.lang.Thread.run(Thread.java:748)
	at servlets.WordForm.init(WordForm.java:58)
	at javax.servlet.GenericServlet.init(GenericServlet.java:244)
	at org.apache.catalina.core.StandardWrapper.initServlet(StandardWrapper.java:1123)
	at org.apache.catalina.core.StandardWrapper.loadServlet(StandardWrapper.java:1078)
	at org.apache.catalina.core.StandardWrapper.allocate(StandardWrapper.java:761)
	at org.apache.catalina.core.StandardWrapperValve.invoke(StandardWrapperValve.java:134)
	at org.apache.catalina.core.StandardContextValve.invoke(StandardContextValve.java:96)
	at org.apache.catalina.authenticator.AuthenticatorBase.invoke(AuthenticatorBase.java:490)
	at org.apache.catalina.core.StandardHostValve.invoke(StandardHostValve.java:139)
	at org.apache.catalina.valves.ErrorReportValve.invoke(ErrorReportValve.java:92)
	at org.apache.catalina.valves.AbstractAccessLogValve.invoke(AbstractAccessLogValve.java:668)
	at org.apache.catalina.core.StandardEngineValve.invoke(StandardEngineValve.java:74)
	at org.apache.catalina.connector.CoyoteAdapter.service(CoyoteAdapter.java:343)
	at org.apache.coyote.http11.Http11Processor.service(Http11Processor.java:408)
	at org.apache.coyote.AbstractProcessorLight.process(AbstractProcessorLight.java:66)
	at org.apache.coyote.AbstractProtocol$ConnectionHandler.process(AbstractProtocol.java:834)
	at org.apache.tomcat.util.net.NioEndpoint$SocketProcessor.doRun(NioEndpoint.java:1415)
	at org.apache.tomcat.util.net.SocketProcessorBase.run(SocketProcessorBase.java:49)
	at java.util.concurrent.ThreadPoolExecutor.runWorker(ThreadPoolExecutor.java:1149)
	at java.util.concurrent.ThreadPoolExecutor$Worker.run(ThreadPoolExecutor.java:624)
	at org.apache.tomcat.util.threads.TaskThread$WrappingRunnable.run(TaskThread.java:61)
	at java.lang.Thread.run(Thread.java:748)

02-Apr-2019 20:23:24.622 INFO [Thread-5] org.apache.catalina.core.ApplicationContext.log ContextListener: attributeRemoved('com.sun.faces.ApplicationAssociate', 'com.sun.faces.application.ApplicationAssociate@5c29c01b')
02-Apr-2019 20:23:24.622 INFO [Thread-5] org.apache.catalina.core.ApplicationContext.log ContextListener: attributeRemoved('com.sun.faces.CONFIG_MANAGER_KEY', 'com.sun.faces.config.ConfigManager@6d5fc2ca')
02-Apr-2019 20:23:24.622 INFO [Thread-5] org.apache.catalina.core.ApplicationContext.log ContextListener: attributeRemoved('com.sun.faces.config.WebConfiguration', 'com.sun.faces.config.WebConfiguration@6c00f72a')
02-Apr-2019 20:23:24.638 INFO [Thread-5] org.apache.catalina.core.ApplicationContext.log SessionListener: contextDestroyed()
02-Apr-2019 20:23:24.638 INFO [Thread-5] org.apache.catalina.core.ApplicationContext.log ContextListener: contextDestroyed()
02-Apr-2019 20:25:16.271 INFO [main] org.apache.catalina.core.ApplicationContext.log ContextListener: contextInitialized()
02-Apr-2019 20:25:16.271 INFO [main] org.apache.catalina.core.ApplicationContext.log SessionListener: contextInitialized()
02-Apr-2019 20:25:16.271 INFO [main] org.apache.catalina.core.ApplicationContext.log ContextListener: attributeAdded('StockTicker', 'async.Stockticker@38f20b58')
02-Apr-2019 20:25:16.271 INFO [main] org.apache.catalina.core.ApplicationContext.log ContextListener: attributeAdded('com.sun.faces.CONFIG_MANAGER_KEY', 'com.sun.faces.config.ConfigManager@6d5fc2ca')
02-Apr-2019 20:25:16.271 INFO [main] org.apache.catalina.core.ApplicationContext.log ContextListener: attributeReplaced('com.sun.faces.InitFacesContext', 'com.sun.faces.config.InitFacesContext@26a8eaaa')
02-Apr-2019 20:25:16.286 INFO [main] org.apache.catalina.core.ApplicationContext.log ContextListener: attributeAdded('com.sun.faces.patternCache', '{}')
02-Apr-2019 20:25:16.286 INFO [main] org.apache.catalina.core.ApplicationContext.log ContextListener: attributeAdded('com.sun.faces.config.WebConfiguration', 'com.sun.faces.config.WebConfiguration@6c00f72a')
02-Apr-2019 20:25:16.286 INFO [main] org.apache.catalina.core.ApplicationContext.log ContextListener: attributeRemoved('com.sun.faces.facesInitializerMappingsAdded', 'true')
02-Apr-2019 20:25:16.302 INFO [main] org.apache.catalina.core.ApplicationContext.log ContextListener: attributeAdded('com.sun.faces.enableDistributable', 'true')
02-Apr-2019 20:25:16.302 INFO [main] org.apache.catalina.core.ApplicationContext.log ContextListener: attributeAdded('com.sun.faces.config.processor.FactoryConfigProcessor.METADATA', 'com.sun.faces.application.ApplicationInstanceFactoryMetadataMap@345236c6')
02-Apr-2019 20:25:16.317 INFO [main] org.apache.catalina.core.ApplicationContext.log ContextListener: attributeAdded('com.sun.faces.config.processor.LifecycleConfigProcessor.METADATA', 'com.sun.faces.application.ApplicationInstanceFactoryMetadataMap@77eab063')
02-Apr-2019 20:25:16.317 INFO [main] org.apache.catalina.core.ApplicationContext.log ContextListener: attributeAdded('com.sun.faces.config.processor.ApplicationConfigProcessor.METADATA', 'com.sun.faces.application.ApplicationInstanceFactoryMetadataMap@347042e7')
02-Apr-2019 20:25:16.317 INFO [main] org.apache.catalina.core.ApplicationContext.log ContextListener: attributeAdded('com.sun.faces.config.processor.ComponentConfigProcessor.METADATA', 'com.sun.faces.application.ApplicationInstanceFactoryMetadataMap@11c929a2')
02-Apr-2019 20:25:16.317 INFO [main] org.apache.catalina.core.ApplicationContext.log ContextListener: attributeAdded('com.sun.faces.config.processor.ConverterConfigProcessor.METADATA', 'com.sun.faces.application.ApplicationInstanceFactoryMetadataMap@3408c95b')
02-Apr-2019 20:25:16.317 INFO [main] org.apache.catalina.core.ApplicationContext.log ContextListener: attributeAdded('com.sun.faces.config.processor.ValidatorConfigProcessor.METADATA', 'com.sun.faces.application.ApplicationInstanceFactoryMetadataMap@16c30e11')
02-Apr-2019 20:25:16.317 INFO [main] org.apache.catalina.core.ApplicationContext.log ContextListener: attributeAdded('com.sun.faces.config.processor.ManagedBeanConfigProcessor.METADATA', 'com.sun.faces.application.ApplicationInstanceFactoryMetadataMap@20120154')
02-Apr-2019 20:25:16.317 INFO [main] org.apache.catalina.core.ApplicationContext.log ContextListener: attributeAdded('com.sun.faces.config.processor.RenderKitConfigProcessor.METADATA', 'com.sun.faces.application.ApplicationInstanceFactoryMetadataMap@78ceb8cd')
02-Apr-2019 20:25:16.317 INFO [main] org.apache.catalina.core.ApplicationContext.log ContextListener: attributeAdded('com.sun.faces.config.processor.NavigationConfigProcessor.METADATA', 'com.sun.faces.application.ApplicationInstanceFactoryMetadataMap@afee49e')
02-Apr-2019 20:25:16.317 INFO [main] org.apache.catalina.core.ApplicationContext.log ContextListener: attributeAdded('com.sun.faces.config.processor.BehaviorConfigProcessor.METADATA', 'com.sun.faces.application.ApplicationInstanceFactoryMetadataMap@4c3d056')
02-Apr-2019 20:25:16.333 INFO [main] org.apache.catalina.core.ApplicationContext.log ContextListener: attributeAdded('com.sun.faces.config.processor.FacesConfigExtensionProcessor.METADATA', 'com.sun.faces.application.ApplicationInstanceFactoryMetadataMap@346b793b')
02-Apr-2019 20:25:16.333 INFO [main] org.apache.catalina.core.ApplicationContext.log ContextListener: attributeAdded('com.sun.faces.config.processor.ProtectedViewsConfigProcessor.METADATA', 'com.sun.faces.application.ApplicationInstanceFactoryMetadataMap@396ea7ab')
02-Apr-2019 20:25:16.333 INFO [main] org.apache.catalina.core.ApplicationContext.log ContextListener: attributeAdded('com.sun.faces.config.processor.FacesFlowDefinitionConfigProcessor.METADATA', 'com.sun.faces.application.ApplicationInstanceFactoryMetadataMap@44496e0c')
02-Apr-2019 20:25:16.333 INFO [main] org.apache.catalina.core.ApplicationContext.log ContextListener: attributeAdded('com.sun.faces.config.processor.ResourceLibraryContractsConfigProcessor.METADATA', 'com.sun.faces.application.ApplicationInstanceFactoryMetadataMap@5e9257b3')
02-Apr-2019 20:25:16.599 INFO [main] org.apache.catalina.core.ApplicationContext.log ContextListener: attributeAdded('com.sun.faces.webresources', '[]')
02-Apr-2019 20:25:17.021 INFO [main] org.apache.catalina.core.ApplicationContext.log ContextListener: attributeAdded('com.sun.faces.config.ConfigManager_ANNOTATION_SCAN_TASK', 'java.util.concurrent.FutureTask@4b330722')
02-Apr-2019 20:25:17.083 INFO [main] org.apache.catalina.core.ApplicationContext.log ContextListener: attributeAdded('javax.faces.FactoryFinder.FactoryManagerCacheKey', '1554225917083')
02-Apr-2019 20:25:17.083 INFO [main] org.apache.catalina.core.ApplicationContext.log ContextListener: attributeAdded('javax.faces.FactoryFinder.FactoryManagerCacheKey.InitTimeCLKey', '9451853')
02-Apr-2019 20:25:17.099 INFO [main] org.apache.catalina.core.ApplicationContext.log ContextListener: attributeAdded('com.sun.faces.ApplicationAssociate', 'com.sun.faces.application.ApplicationAssociate@5c29c01b')
02-Apr-2019 20:25:17.099 INFO [main] org.apache.catalina.core.ApplicationContext.log ContextListener: attributeAdded('com.sun.faces.application.InjectionApplicationFactory', 'com.sun.faces.application.ApplicationImpl@59cfabaf')
02-Apr-2019 20:25:17.146 INFO [main] org.apache.catalina.core.ApplicationContext.log ContextListener: attributeAdded('com.sun.faces.config.processor.AbstractConfigProcessor.PROJECTSTAGE', 'Production')
02-Apr-2019 20:25:17.177 INFO [main] org.apache.catalina.core.ApplicationContext.log ContextListener: attributeAdded('javax.faces.BEANS_VALIDATION_AVAILABLE', 'false')
02-Apr-2019 20:25:17.521 INFO [main] org.apache.catalina.core.ApplicationContext.log ContextListener: attributeAdded('com.sun.faces.compnent.COMPONENT_DESCRIPTORS_MAP', '{}')
02-Apr-2019 20:25:17.521 INFO [main] org.apache.catalina.core.ApplicationContext.log ContextListener: attributeRemoved('com.sun.faces.config.ConfigManager_ANNOTATION_SCAN_TASK', 'java.util.concurrent.FutureTask@4b330722')
02-Apr-2019 20:25:17.536 INFO [main] org.apache.catalina.core.ApplicationContext.log ContextListener: attributeAdded('org.apache.jasper.runtime.JspApplicationContextImpl', 'org.apache.jasper.runtime.JspApplicationContextImpl@276d3d00')
02-Apr-2019 20:25:17.536 INFO [main] org.apache.catalina.core.ApplicationContext.log ContextListener: attributeAdded('com.sun.faces.errorPagePresent', 'false')
02-Apr-2019 21:08:20.517 INFO [Thread-5] org.apache.catalina.core.ApplicationContext.log ContextListener: attributeRemoved('com.sun.faces.ApplicationAssociate', 'com.sun.faces.application.ApplicationAssociate@5c29c01b')
02-Apr-2019 21:08:20.517 INFO [Thread-5] org.apache.catalina.core.ApplicationContext.log ContextListener: attributeRemoved('com.sun.faces.CONFIG_MANAGER_KEY', 'com.sun.faces.config.ConfigManager@6d5fc2ca')
02-Apr-2019 21:08:20.517 INFO [Thread-5] org.apache.catalina.core.ApplicationContext.log ContextListener: attributeRemoved('com.sun.faces.config.WebConfiguration', 'com.sun.faces.config.WebConfiguration@6c00f72a')
02-Apr-2019 21:08:20.517 INFO [Thread-5] org.apache.catalina.core.ApplicationContext.log SessionListener: contextDestroyed()
02-Apr-2019 21:08:20.517 INFO [Thread-5] org.apache.catalina.core.ApplicationContext.log ContextListener: contextDestroyed()
02-Apr-2019 21:12:28.670 INFO [main] org.apache.catalina.core.ApplicationContext.log ContextListener: contextInitialized()
02-Apr-2019 21:12:28.671 INFO [main] org.apache.catalina.core.ApplicationContext.log SessionListener: contextInitialized()
02-Apr-2019 21:12:28.675 INFO [main] org.apache.catalina.core.ApplicationContext.log ContextListener: attributeAdded('StockTicker', 'async.Stockticker@38f20b58')
02-Apr-2019 21:12:28.676 INFO [main] org.apache.catalina.core.ApplicationContext.log ContextListener: attributeAdded('com.sun.faces.CONFIG_MANAGER_KEY', 'com.sun.faces.config.ConfigManager@6d5fc2ca')
02-Apr-2019 21:12:28.677 INFO [main] org.apache.catalina.core.ApplicationContext.log ContextListener: attributeReplaced('com.sun.faces.InitFacesContext', 'com.sun.faces.config.InitFacesContext@26a8eaaa')
02-Apr-2019 21:12:28.683 INFO [main] org.apache.catalina.core.ApplicationContext.log ContextListener: attributeAdded('com.sun.faces.patternCache', '{}')
02-Apr-2019 21:12:28.684 INFO [main] org.apache.catalina.core.ApplicationContext.log ContextListener: attributeAdded('com.sun.faces.config.WebConfiguration', 'com.sun.faces.config.WebConfiguration@6c00f72a')
02-Apr-2019 21:12:28.685 INFO [main] org.apache.catalina.core.ApplicationContext.log ContextListener: attributeRemoved('com.sun.faces.facesInitializerMappingsAdded', 'true')
02-Apr-2019 21:12:28.707 INFO [main] org.apache.catalina.core.ApplicationContext.log ContextListener: attributeAdded('com.sun.faces.enableDistributable', 'true')
02-Apr-2019 21:12:28.713 INFO [main] org.apache.catalina.core.ApplicationContext.log ContextListener: attributeAdded('com.sun.faces.config.processor.FactoryConfigProcessor.METADATA', 'com.sun.faces.application.ApplicationInstanceFactoryMetadataMap@345236c6')
02-Apr-2019 21:12:28.717 INFO [main] org.apache.catalina.core.ApplicationContext.log ContextListener: attributeAdded('com.sun.faces.config.processor.LifecycleConfigProcessor.METADATA', 'com.sun.faces.application.ApplicationInstanceFactoryMetadataMap@77eab063')
02-Apr-2019 21:12:28.718 INFO [main] org.apache.catalina.core.ApplicationContext.log ContextListener: attributeAdded('com.sun.faces.config.processor.ApplicationConfigProcessor.METADATA', 'com.sun.faces.application.ApplicationInstanceFactoryMetadataMap@347042e7')
02-Apr-2019 21:12:28.718 INFO [main] org.apache.catalina.core.ApplicationContext.log ContextListener: attributeAdded('com.sun.faces.config.processor.ComponentConfigProcessor.METADATA', 'com.sun.faces.application.ApplicationInstanceFactoryMetadataMap@11c929a2')
02-Apr-2019 21:12:28.719 INFO [main] org.apache.catalina.core.ApplicationContext.log ContextListener: attributeAdded('com.sun.faces.config.processor.ConverterConfigProcessor.METADATA', 'com.sun.faces.application.ApplicationInstanceFactoryMetadataMap@3408c95b')
02-Apr-2019 21:12:28.720 INFO [main] org.apache.catalina.core.ApplicationContext.log ContextListener: attributeAdded('com.sun.faces.config.processor.ValidatorConfigProcessor.METADATA', 'com.sun.faces.application.ApplicationInstanceFactoryMetadataMap@16c30e11')
02-Apr-2019 21:12:28.721 INFO [main] org.apache.catalina.core.ApplicationContext.log ContextListener: attributeAdded('com.sun.faces.config.processor.ManagedBeanConfigProcessor.METADATA', 'com.sun.faces.application.ApplicationInstanceFactoryMetadataMap@20120154')
02-Apr-2019 21:12:28.722 INFO [main] org.apache.catalina.core.ApplicationContext.log ContextListener: attributeAdded('com.sun.faces.config.processor.RenderKitConfigProcessor.METADATA', 'com.sun.faces.application.ApplicationInstanceFactoryMetadataMap@78ceb8cd')
02-Apr-2019 21:12:28.723 INFO [main] org.apache.catalina.core.ApplicationContext.log ContextListener: attributeAdded('com.sun.faces.config.processor.NavigationConfigProcessor.METADATA', 'com.sun.faces.application.ApplicationInstanceFactoryMetadataMap@afee49e')
02-Apr-2019 21:12:28.723 INFO [main] org.apache.catalina.core.ApplicationContext.log ContextListener: attributeAdded('com.sun.faces.config.processor.BehaviorConfigProcessor.METADATA', 'com.sun.faces.application.ApplicationInstanceFactoryMetadataMap@4c3d056')
02-Apr-2019 21:12:28.724 INFO [main] org.apache.catalina.core.ApplicationContext.log ContextListener: attributeAdded('com.sun.faces.config.processor.FacesConfigExtensionProcessor.METADATA', 'com.sun.faces.application.ApplicationInstanceFactoryMetadataMap@346b793b')
02-Apr-2019 21:12:28.725 INFO [main] org.apache.catalina.core.ApplicationContext.log ContextListener: attributeAdded('com.sun.faces.config.processor.ProtectedViewsConfigProcessor.METADATA', 'com.sun.faces.application.ApplicationInstanceFactoryMetadataMap@396ea7ab')
02-Apr-2019 21:12:28.726 INFO [main] org.apache.catalina.core.ApplicationContext.log ContextListener: attributeAdded('com.sun.faces.config.processor.FacesFlowDefinitionConfigProcessor.METADATA', 'com.sun.faces.application.ApplicationInstanceFactoryMetadataMap@44496e0c')
02-Apr-2019 21:12:28.730 INFO [main] org.apache.catalina.core.ApplicationContext.log ContextListener: attributeAdded('com.sun.faces.config.processor.ResourceLibraryContractsConfigProcessor.METADATA', 'com.sun.faces.application.ApplicationInstanceFactoryMetadataMap@5e9257b3')
02-Apr-2019 21:12:28.990 INFO [main] org.apache.catalina.core.ApplicationContext.log ContextListener: attributeAdded('com.sun.faces.webresources', '[]')
02-Apr-2019 21:12:29.478 INFO [main] org.apache.catalina.core.ApplicationContext.log ContextListener: attributeAdded('com.sun.faces.config.ConfigManager_ANNOTATION_SCAN_TASK', 'java.util.concurrent.FutureTask@4b330722')
02-Apr-2019 21:12:29.522 INFO [main] org.apache.catalina.core.ApplicationContext.log ContextListener: attributeAdded('javax.faces.FactoryFinder.FactoryManagerCacheKey', '1554228749521')
02-Apr-2019 21:12:29.525 INFO [main] org.apache.catalina.core.ApplicationContext.log ContextListener: attributeAdded('javax.faces.FactoryFinder.FactoryManagerCacheKey.InitTimeCLKey', '9451853')
02-Apr-2019 21:12:29.536 INFO [main] org.apache.catalina.core.ApplicationContext.log ContextListener: attributeAdded('com.sun.faces.ApplicationAssociate', 'com.sun.faces.application.ApplicationAssociate@5c29c01b')
02-Apr-2019 21:12:29.537 INFO [main] org.apache.catalina.core.ApplicationContext.log ContextListener: attributeAdded('com.sun.faces.application.InjectionApplicationFactory', 'com.sun.faces.application.ApplicationImpl@59cfabaf')
02-Apr-2019 21:12:29.601 INFO [main] org.apache.catalina.core.ApplicationContext.log ContextListener: attributeAdded('com.sun.faces.config.processor.AbstractConfigProcessor.PROJECTSTAGE', 'Production')
02-Apr-2019 21:12:29.646 INFO [main] org.apache.catalina.core.ApplicationContext.log ContextListener: attributeAdded('javax.faces.BEANS_VALIDATION_AVAILABLE', 'false')
02-Apr-2019 21:12:30.188 INFO [main] org.apache.catalina.core.ApplicationContext.log ContextListener: attributeAdded('com.sun.faces.compnent.COMPONENT_DESCRIPTORS_MAP', '{}')
02-Apr-2019 21:12:30.193 INFO [main] org.apache.catalina.core.ApplicationContext.log ContextListener: attributeRemoved('com.sun.faces.config.ConfigManager_ANNOTATION_SCAN_TASK', 'java.util.concurrent.FutureTask@4b330722')
02-Apr-2019 21:12:30.196 INFO [main] org.apache.catalina.core.ApplicationContext.log ContextListener: attributeAdded('org.apache.jasper.runtime.JspApplicationContextImpl', 'org.apache.jasper.runtime.JspApplicationContextImpl@276d3d00')
02-Apr-2019 21:12:30.198 INFO [main] org.apache.catalina.core.ApplicationContext.log ContextListener: attributeAdded('com.sun.faces.errorPagePresent', 'false')
02-Apr-2019 21:14:10.294 INFO [Thread-5] org.apache.catalina.core.ApplicationContext.log ContextListener: attributeRemoved('com.sun.faces.ApplicationAssociate', 'com.sun.faces.application.ApplicationAssociate@5c29c01b')
02-Apr-2019 21:14:10.294 INFO [Thread-5] org.apache.catalina.core.ApplicationContext.log ContextListener: attributeRemoved('com.sun.faces.CONFIG_MANAGER_KEY', 'com.sun.faces.config.ConfigManager@6d5fc2ca')
02-Apr-2019 21:14:10.294 INFO [Thread-5] org.apache.catalina.core.ApplicationContext.log ContextListener: attributeRemoved('com.sun.faces.config.WebConfiguration', 'com.sun.faces.config.WebConfiguration@6c00f72a')
02-Apr-2019 21:14:10.309 INFO [Thread-5] org.apache.catalina.core.ApplicationContext.log SessionListener: contextDestroyed()
02-Apr-2019 21:14:10.309 INFO [Thread-5] org.apache.catalina.core.ApplicationContext.log ContextListener: contextDestroyed()
02-Apr-2019 21:19:15.398 INFO [main] org.apache.catalina.core.ApplicationContext.log ContextListener: contextInitialized()
02-Apr-2019 21:19:15.398 INFO [main] org.apache.catalina.core.ApplicationContext.log SessionListener: contextInitialized()
02-Apr-2019 21:19:15.414 INFO [main] org.apache.catalina.core.ApplicationContext.log ContextListener: attributeAdded('StockTicker', 'async.Stockticker@38f20b58')
02-Apr-2019 21:19:15.414 INFO [main] org.apache.catalina.core.ApplicationContext.log ContextListener: attributeAdded('com.sun.faces.CONFIG_MANAGER_KEY', 'com.sun.faces.config.ConfigManager@6d5fc2ca')
02-Apr-2019 21:19:15.414 INFO [main] org.apache.catalina.core.ApplicationContext.log ContextListener: attributeReplaced('com.sun.faces.InitFacesContext', 'com.sun.faces.config.InitFacesContext@26a8eaaa')
02-Apr-2019 21:19:15.414 INFO [main] org.apache.catalina.core.ApplicationContext.log ContextListener: attributeAdded('com.sun.faces.patternCache', '{}')
02-Apr-2019 21:19:15.414 INFO [main] org.apache.catalina.core.ApplicationContext.log ContextListener: attributeAdded('com.sun.faces.config.WebConfiguration', 'com.sun.faces.config.WebConfiguration@6c00f72a')
02-Apr-2019 21:19:15.414 INFO [main] org.apache.catalina.core.ApplicationContext.log ContextListener: attributeRemoved('com.sun.faces.facesInitializerMappingsAdded', 'true')
02-Apr-2019 21:19:15.430 INFO [main] org.apache.catalina.core.ApplicationContext.log ContextListener: attributeAdded('com.sun.faces.enableDistributable', 'true')
02-Apr-2019 21:19:15.430 INFO [main] org.apache.catalina.core.ApplicationContext.log ContextListener: attributeAdded('com.sun.faces.config.processor.FactoryConfigProcessor.METADATA', 'com.sun.faces.application.ApplicationInstanceFactoryMetadataMap@345236c6')
02-Apr-2019 21:19:15.445 INFO [main] org.apache.catalina.core.ApplicationContext.log ContextListener: attributeAdded('com.sun.faces.config.processor.LifecycleConfigProcessor.METADATA', 'com.sun.faces.application.ApplicationInstanceFactoryMetadataMap@77eab063')
02-Apr-2019 21:19:15.445 INFO [main] org.apache.catalina.core.ApplicationContext.log ContextListener: attributeAdded('com.sun.faces.config.processor.ApplicationConfigProcessor.METADATA', 'com.sun.faces.application.ApplicationInstanceFactoryMetadataMap@347042e7')
02-Apr-2019 21:19:15.445 INFO [main] org.apache.catalina.core.ApplicationContext.log ContextListener: attributeAdded('com.sun.faces.config.processor.ComponentConfigProcessor.METADATA', 'com.sun.faces.application.ApplicationInstanceFactoryMetadataMap@11c929a2')
02-Apr-2019 21:19:15.445 INFO [main] org.apache.catalina.core.ApplicationContext.log ContextListener: attributeAdded('com.sun.faces.config.processor.ConverterConfigProcessor.METADATA', 'com.sun.faces.application.ApplicationInstanceFactoryMetadataMap@3408c95b')
02-Apr-2019 21:19:15.445 INFO [main] org.apache.catalina.core.ApplicationContext.log ContextListener: attributeAdded('com.sun.faces.config.processor.ValidatorConfigProcessor.METADATA', 'com.sun.faces.application.ApplicationInstanceFactoryMetadataMap@16c30e11')
02-Apr-2019 21:19:15.445 INFO [main] org.apache.catalina.core.ApplicationContext.log ContextListener: attributeAdded('com.sun.faces.config.processor.ManagedBeanConfigProcessor.METADATA', 'com.sun.faces.application.ApplicationInstanceFactoryMetadataMap@20120154')
02-Apr-2019 21:19:15.445 INFO [main] org.apache.catalina.core.ApplicationContext.log ContextListener: attributeAdded('com.sun.faces.config.processor.RenderKitConfigProcessor.METADATA', 'com.sun.faces.application.ApplicationInstanceFactoryMetadataMap@78ceb8cd')
02-Apr-2019 21:19:15.445 INFO [main] org.apache.catalina.core.ApplicationContext.log ContextListener: attributeAdded('com.sun.faces.config.processor.NavigationConfigProcessor.METADATA', 'com.sun.faces.application.ApplicationInstanceFactoryMetadataMap@afee49e')
02-Apr-2019 21:19:15.445 INFO [main] org.apache.catalina.core.ApplicationContext.log ContextListener: attributeAdded('com.sun.faces.config.processor.BehaviorConfigProcessor.METADATA', 'com.sun.faces.application.ApplicationInstanceFactoryMetadataMap@4c3d056')
02-Apr-2019 21:19:15.445 INFO [main] org.apache.catalina.core.ApplicationContext.log ContextListener: attributeAdded('com.sun.faces.config.processor.FacesConfigExtensionProcessor.METADATA', 'com.sun.faces.application.ApplicationInstanceFactoryMetadataMap@346b793b')
02-Apr-2019 21:19:15.445 INFO [main] org.apache.catalina.core.ApplicationContext.log ContextListener: attributeAdded('com.sun.faces.config.processor.ProtectedViewsConfigProcessor.METADATA', 'com.sun.faces.application.ApplicationInstanceFactoryMetadataMap@396ea7ab')
02-Apr-2019 21:19:15.445 INFO [main] org.apache.catalina.core.ApplicationContext.log ContextListener: attributeAdded('com.sun.faces.config.processor.FacesFlowDefinitionConfigProcessor.METADATA', 'com.sun.faces.application.ApplicationInstanceFactoryMetadataMap@44496e0c')
02-Apr-2019 21:19:15.461 INFO [main] org.apache.catalina.core.ApplicationContext.log ContextListener: attributeAdded('com.sun.faces.config.processor.ResourceLibraryContractsConfigProcessor.METADATA', 'com.sun.faces.application.ApplicationInstanceFactoryMetadataMap@5e9257b3')
02-Apr-2019 21:19:15.711 INFO [main] org.apache.catalina.core.ApplicationContext.log ContextListener: attributeAdded('com.sun.faces.webresources', '[]')
02-Apr-2019 21:19:16.195 INFO [main] org.apache.catalina.core.ApplicationContext.log ContextListener: attributeAdded('com.sun.faces.config.ConfigManager_ANNOTATION_SCAN_TASK', 'java.util.concurrent.FutureTask@4b330722')
02-Apr-2019 21:19:16.226 INFO [main] org.apache.catalina.core.ApplicationContext.log ContextListener: attributeAdded('javax.faces.FactoryFinder.FactoryManagerCacheKey', '1554229156226')
02-Apr-2019 21:19:16.226 INFO [main] org.apache.catalina.core.ApplicationContext.log ContextListener: attributeAdded('javax.faces.FactoryFinder.FactoryManagerCacheKey.InitTimeCLKey', '9451853')
02-Apr-2019 21:19:16.242 INFO [main] org.apache.catalina.core.ApplicationContext.log ContextListener: attributeAdded('com.sun.faces.ApplicationAssociate', 'com.sun.faces.application.ApplicationAssociate@5c29c01b')
02-Apr-2019 21:19:16.242 INFO [main] org.apache.catalina.core.ApplicationContext.log ContextListener: attributeAdded('com.sun.faces.application.InjectionApplicationFactory', 'com.sun.faces.application.ApplicationImpl@59cfabaf')
02-Apr-2019 21:19:16.305 INFO [main] org.apache.catalina.core.ApplicationContext.log ContextListener: attributeAdded('com.sun.faces.config.processor.AbstractConfigProcessor.PROJECTSTAGE', 'Production')
02-Apr-2019 21:19:16.351 INFO [main] org.apache.catalina.core.ApplicationContext.log ContextListener: attributeAdded('javax.faces.BEANS_VALIDATION_AVAILABLE', 'false')
02-Apr-2019 21:19:16.805 INFO [main] org.apache.catalina.core.ApplicationContext.log ContextListener: attributeAdded('com.sun.faces.compnent.COMPONENT_DESCRIPTORS_MAP', '{}')
02-Apr-2019 21:19:16.805 INFO [main] org.apache.catalina.core.ApplicationContext.log ContextListener: attributeRemoved('com.sun.faces.config.ConfigManager_ANNOTATION_SCAN_TASK', 'java.util.concurrent.FutureTask@4b330722')
02-Apr-2019 21:19:16.820 INFO [main] org.apache.catalina.core.ApplicationContext.log ContextListener: attributeAdded('org.apache.jasper.runtime.JspApplicationContextImpl', 'org.apache.jasper.runtime.JspApplicationContextImpl@276d3d00')
02-Apr-2019 21:19:16.820 INFO [main] org.apache.catalina.core.ApplicationContext.log ContextListener: attributeAdded('com.sun.faces.errorPagePresent', 'false')
02-Apr-2019 21:25:04.911 INFO [Thread-5] org.apache.catalina.core.ApplicationContext.log ContextListener: attributeRemoved('com.sun.faces.ApplicationAssociate', 'com.sun.faces.application.ApplicationAssociate@5c29c01b')
02-Apr-2019 21:25:04.911 INFO [Thread-5] org.apache.catalina.core.ApplicationContext.log ContextListener: attributeRemoved('com.sun.faces.CONFIG_MANAGER_KEY', 'com.sun.faces.config.ConfigManager@6d5fc2ca')
02-Apr-2019 21:25:04.911 INFO [Thread-5] org.apache.catalina.core.ApplicationContext.log ContextListener: attributeRemoved('com.sun.faces.config.WebConfiguration', 'com.sun.faces.config.WebConfiguration@6c00f72a')
02-Apr-2019 21:25:04.911 INFO [Thread-5] org.apache.catalina.core.ApplicationContext.log SessionListener: contextDestroyed()
02-Apr-2019 21:25:04.911 INFO [Thread-5] org.apache.catalina.core.ApplicationContext.log ContextListener: contextDestroyed()
02-Apr-2019 23:21:04.857 INFO [main] org.apache.catalina.core.ApplicationContext.log ContextListener: contextInitialized()
02-Apr-2019 23:21:04.857 INFO [main] org.apache.catalina.core.ApplicationContext.log SessionListener: contextInitialized()
02-Apr-2019 23:21:04.872 INFO [main] org.apache.catalina.core.ApplicationContext.log ContextListener: attributeAdded('StockTicker', 'async.Stockticker@38f20b58')
02-Apr-2019 23:21:04.872 INFO [main] org.apache.catalina.core.ApplicationContext.log ContextListener: attributeAdded('com.sun.faces.CONFIG_MANAGER_KEY', 'com.sun.faces.config.ConfigManager@6d5fc2ca')
02-Apr-2019 23:21:04.872 INFO [main] org.apache.catalina.core.ApplicationContext.log ContextListener: attributeReplaced('com.sun.faces.InitFacesContext', 'com.sun.faces.config.InitFacesContext@26a8eaaa')
02-Apr-2019 23:21:04.872 INFO [main] org.apache.catalina.core.ApplicationContext.log ContextListener: attributeAdded('com.sun.faces.patternCache', '{}')
02-Apr-2019 23:21:04.872 INFO [main] org.apache.catalina.core.ApplicationContext.log ContextListener: attributeAdded('com.sun.faces.config.WebConfiguration', 'com.sun.faces.config.WebConfiguration@6c00f72a')
02-Apr-2019 23:21:04.872 INFO [main] org.apache.catalina.core.ApplicationContext.log ContextListener: attributeRemoved('com.sun.faces.facesInitializerMappingsAdded', 'true')
02-Apr-2019 23:21:04.950 INFO [main] org.apache.catalina.core.ApplicationContext.log ContextListener: attributeAdded('com.sun.faces.enableDistributable', 'true')
02-Apr-2019 23:21:04.982 INFO [main] org.apache.catalina.core.ApplicationContext.log ContextListener: attributeAdded('com.sun.faces.config.processor.FactoryConfigProcessor.METADATA', 'com.sun.faces.application.ApplicationInstanceFactoryMetadataMap@345236c6')
02-Apr-2019 23:21:04.982 INFO [main] org.apache.catalina.core.ApplicationContext.log ContextListener: attributeAdded('com.sun.faces.config.processor.LifecycleConfigProcessor.METADATA', 'com.sun.faces.application.ApplicationInstanceFactoryMetadataMap@77eab063')
02-Apr-2019 23:21:04.982 INFO [main] org.apache.catalina.core.ApplicationContext.log ContextListener: attributeAdded('com.sun.faces.config.processor.ApplicationConfigProcessor.METADATA', 'com.sun.faces.application.ApplicationInstanceFactoryMetadataMap@347042e7')
02-Apr-2019 23:21:04.997 INFO [main] org.apache.catalina.core.ApplicationContext.log ContextListener: attributeAdded('com.sun.faces.config.processor.ComponentConfigProcessor.METADATA', 'com.sun.faces.application.ApplicationInstanceFactoryMetadataMap@11c929a2')
02-Apr-2019 23:21:04.997 INFO [main] org.apache.catalina.core.ApplicationContext.log ContextListener: attributeAdded('com.sun.faces.config.processor.ConverterConfigProcessor.METADATA', 'com.sun.faces.application.ApplicationInstanceFactoryMetadataMap@3408c95b')
02-Apr-2019 23:21:04.997 INFO [main] org.apache.catalina.core.ApplicationContext.log ContextListener: attributeAdded('com.sun.faces.config.processor.ValidatorConfigProcessor.METADATA', 'com.sun.faces.application.ApplicationInstanceFactoryMetadataMap@16c30e11')
02-Apr-2019 23:21:04.997 INFO [main] org.apache.catalina.core.ApplicationContext.log ContextListener: attributeAdded('com.sun.faces.config.processor.ManagedBeanConfigProcessor.METADATA', 'com.sun.faces.application.ApplicationInstanceFactoryMetadataMap@20120154')
02-Apr-2019 23:21:04.997 INFO [main] org.apache.catalina.core.ApplicationContext.log ContextListener: attributeAdded('com.sun.faces.config.processor.RenderKitConfigProcessor.METADATA', 'com.sun.faces.application.ApplicationInstanceFactoryMetadataMap@78ceb8cd')
02-Apr-2019 23:21:04.997 INFO [main] org.apache.catalina.core.ApplicationContext.log ContextListener: attributeAdded('com.sun.faces.config.processor.NavigationConfigProcessor.METADATA', 'com.sun.faces.application.ApplicationInstanceFactoryMetadataMap@afee49e')
02-Apr-2019 23:21:04.997 INFO [main] org.apache.catalina.core.ApplicationContext.log ContextListener: attributeAdded('com.sun.faces.config.processor.BehaviorConfigProcessor.METADATA', 'com.sun.faces.application.ApplicationInstanceFactoryMetadataMap@4c3d056')
02-Apr-2019 23:21:04.997 INFO [main] org.apache.catalina.core.ApplicationContext.log ContextListener: attributeAdded('com.sun.faces.config.processor.FacesConfigExtensionProcessor.METADATA', 'com.sun.faces.application.ApplicationInstanceFactoryMetadataMap@346b793b')
02-Apr-2019 23:21:04.997 INFO [main] org.apache.catalina.core.ApplicationContext.log ContextListener: attributeAdded('com.sun.faces.config.processor.ProtectedViewsConfigProcessor.METADATA', 'com.sun.faces.application.ApplicationInstanceFactoryMetadataMap@396ea7ab')
02-Apr-2019 23:21:05.013 INFO [main] org.apache.catalina.core.ApplicationContext.log ContextListener: attributeAdded('com.sun.faces.config.processor.FacesFlowDefinitionConfigProcessor.METADATA', 'com.sun.faces.application.ApplicationInstanceFactoryMetadataMap@44496e0c')
02-Apr-2019 23:21:05.013 INFO [main] org.apache.catalina.core.ApplicationContext.log ContextListener: attributeAdded('com.sun.faces.config.processor.ResourceLibraryContractsConfigProcessor.METADATA', 'com.sun.faces.application.ApplicationInstanceFactoryMetadataMap@5e9257b3')
02-Apr-2019 23:21:05.591 INFO [main] org.apache.catalina.core.ApplicationContext.log ContextListener: attributeAdded('com.sun.faces.webresources', '[]')
02-Apr-2019 23:21:06.513 INFO [main] org.apache.catalina.core.ApplicationContext.log ContextListener: attributeAdded('com.sun.faces.config.ConfigManager_ANNOTATION_SCAN_TASK', 'java.util.concurrent.FutureTask@4b330722')
02-Apr-2019 23:21:06.575 INFO [main] org.apache.catalina.core.ApplicationContext.log ContextListener: attributeAdded('javax.faces.FactoryFinder.FactoryManagerCacheKey', '1554236466575')
02-Apr-2019 23:21:06.575 INFO [main] org.apache.catalina.core.ApplicationContext.log ContextListener: attributeAdded('javax.faces.FactoryFinder.FactoryManagerCacheKey.InitTimeCLKey', '9451853')
02-Apr-2019 23:21:06.575 INFO [main] org.apache.catalina.core.ApplicationContext.log ContextListener: attributeAdded('com.sun.faces.ApplicationAssociate', 'com.sun.faces.application.ApplicationAssociate@5c29c01b')
02-Apr-2019 23:21:06.575 INFO [main] org.apache.catalina.core.ApplicationContext.log ContextListener: attributeAdded('com.sun.faces.application.InjectionApplicationFactory', 'com.sun.faces.application.ApplicationImpl@59cfabaf')
02-Apr-2019 23:21:06.669 INFO [main] org.apache.catalina.core.ApplicationContext.log ContextListener: attributeAdded('com.sun.faces.config.processor.AbstractConfigProcessor.PROJECTSTAGE', 'Production')
02-Apr-2019 23:21:06.716 INFO [main] org.apache.catalina.core.ApplicationContext.log ContextListener: attributeAdded('javax.faces.BEANS_VALIDATION_AVAILABLE', 'false')
02-Apr-2019 23:21:07.242 INFO [main] org.apache.catalina.core.ApplicationContext.log ContextListener: attributeAdded('com.sun.faces.compnent.COMPONENT_DESCRIPTORS_MAP', '{}')
02-Apr-2019 23:21:07.242 INFO [main] org.apache.catalina.core.ApplicationContext.log ContextListener: attributeRemoved('com.sun.faces.config.ConfigManager_ANNOTATION_SCAN_TASK', 'java.util.concurrent.FutureTask@4b330722')
02-Apr-2019 23:21:07.252 INFO [main] org.apache.catalina.core.ApplicationContext.log ContextListener: attributeAdded('org.apache.jasper.runtime.JspApplicationContextImpl', 'org.apache.jasper.runtime.JspApplicationContextImpl@276d3d00')
02-Apr-2019 23:21:07.252 INFO [main] org.apache.catalina.core.ApplicationContext.log ContextListener: attributeAdded('com.sun.faces.errorPagePresent', 'false')
02-Apr-2019 23:21:54.796 SEVERE [http-nio-8080-exec-1] org.apache.catalina.core.ApplicationContext.log Servlet.init() for servlet [word] threw exception
 java.lang.NullPointerException
	at servlets.WordForm.nextWord(WordForm.java:82)
	at servlets.WordForm.init(WordForm.java:62)
	at javax.servlet.GenericServlet.init(GenericServlet.java:244)
	at org.apache.catalina.core.StandardWrapper.initServlet(StandardWrapper.java:1123)
	at org.apache.catalina.core.StandardWrapper.loadServlet(StandardWrapper.java:1078)
	at org.apache.catalina.core.StandardWrapper.allocate(StandardWrapper.java:761)
	at org.apache.catalina.core.StandardWrapperValve.invoke(StandardWrapperValve.java:134)
	at org.apache.catalina.core.StandardContextValve.invoke(StandardContextValve.java:96)
	at org.apache.catalina.authenticator.AuthenticatorBase.invoke(AuthenticatorBase.java:490)
	at org.apache.catalina.core.StandardHostValve.invoke(StandardHostValve.java:139)
	at org.apache.catalina.valves.ErrorReportValve.invoke(ErrorReportValve.java:92)
	at org.apache.catalina.valves.AbstractAccessLogValve.invoke(AbstractAccessLogValve.java:668)
	at org.apache.catalina.core.StandardEngineValve.invoke(StandardEngineValve.java:74)
	at org.apache.catalina.connector.CoyoteAdapter.service(CoyoteAdapter.java:343)
	at org.apache.coyote.http11.Http11Processor.service(Http11Processor.java:408)
	at org.apache.coyote.AbstractProcessorLight.process(AbstractProcessorLight.java:66)
	at org.apache.coyote.AbstractProtocol$ConnectionHandler.process(AbstractProtocol.java:834)
	at org.apache.tomcat.util.net.NioEndpoint$SocketProcessor.doRun(NioEndpoint.java:1415)
	at org.apache.tomcat.util.net.SocketProcessorBase.run(SocketProcessorBase.java:49)
	at java.util.concurrent.ThreadPoolExecutor.runWorker(ThreadPoolExecutor.java:1149)
	at java.util.concurrent.ThreadPoolExecutor$Worker.run(ThreadPoolExecutor.java:624)
	at org.apache.tomcat.util.threads.TaskThread$WrappingRunnable.run(TaskThread.java:61)
	at java.lang.Thread.run(Thread.java:748)

02-Apr-2019 23:21:54.798 SEVERE [http-nio-8080-exec-1] org.apache.catalina.core.StandardWrapperValve.invoke Allocate exception for servlet [word]
 java.lang.NullPointerException
	at servlets.WordForm.nextWord(WordForm.java:82)
	at servlets.WordForm.init(WordForm.java:62)
	at javax.servlet.GenericServlet.init(GenericServlet.java:244)
	at org.apache.catalina.core.StandardWrapper.initServlet(StandardWrapper.java:1123)
	at org.apache.catalina.core.StandardWrapper.loadServlet(StandardWrapper.java:1078)
	at org.apache.catalina.core.StandardWrapper.allocate(StandardWrapper.java:761)
	at org.apache.catalina.core.StandardWrapperValve.invoke(StandardWrapperValve.java:134)
	at org.apache.catalina.core.StandardContextValve.invoke(StandardContextValve.java:96)
	at org.apache.catalina.authenticator.AuthenticatorBase.invoke(AuthenticatorBase.java:490)
	at org.apache.catalina.core.StandardHostValve.invoke(StandardHostValve.java:139)
	at org.apache.catalina.valves.ErrorReportValve.invoke(ErrorReportValve.java:92)
	at org.apache.catalina.valves.AbstractAccessLogValve.invoke(AbstractAccessLogValve.java:668)
	at org.apache.catalina.core.StandardEngineValve.invoke(StandardEngineValve.java:74)
	at org.apache.catalina.connector.CoyoteAdapter.service(CoyoteAdapter.java:343)
	at org.apache.coyote.http11.Http11Processor.service(Http11Processor.java:408)
	at org.apache.coyote.AbstractProcessorLight.process(AbstractProcessorLight.java:66)
	at org.apache.coyote.AbstractProtocol$ConnectionHandler.process(AbstractProtocol.java:834)
	at org.apache.tomcat.util.net.NioEndpoint$SocketProcessor.doRun(NioEndpoint.java:1415)
	at org.apache.tomcat.util.net.SocketProcessorBase.run(SocketProcessorBase.java:49)
	at java.util.concurrent.ThreadPoolExecutor.runWorker(ThreadPoolExecutor.java:1149)
	at java.util.concurrent.ThreadPoolExecutor$Worker.run(ThreadPoolExecutor.java:624)
	at org.apache.tomcat.util.threads.TaskThread$WrappingRunnable.run(TaskThread.java:61)
	at java.lang.Thread.run(Thread.java:748)

02-Apr-2019 23:21:56.288 SEVERE [http-nio-8080-exec-2] org.apache.catalina.core.ApplicationContext.log Servlet.init() for servlet [word] threw exception
 java.lang.NullPointerException
	at servlets.WordForm.nextWord(WordForm.java:82)
	at servlets.WordForm.init(WordForm.java:62)
	at javax.servlet.GenericServlet.init(GenericServlet.java:244)
	at org.apache.catalina.core.StandardWrapper.initServlet(StandardWrapper.java:1123)
	at org.apache.catalina.core.StandardWrapper.loadServlet(StandardWrapper.java:1078)
	at org.apache.catalina.core.StandardWrapper.allocate(StandardWrapper.java:761)
	at org.apache.catalina.core.StandardWrapperValve.invoke(StandardWrapperValve.java:134)
	at org.apache.catalina.core.StandardContextValve.invoke(StandardContextValve.java:96)
	at org.apache.catalina.authenticator.AuthenticatorBase.invoke(AuthenticatorBase.java:490)
	at org.apache.catalina.core.StandardHostValve.invoke(StandardHostValve.java:139)
	at org.apache.catalina.valves.ErrorReportValve.invoke(ErrorReportValve.java:92)
	at org.apache.catalina.valves.AbstractAccessLogValve.invoke(AbstractAccessLogValve.java:668)
	at org.apache.catalina.core.StandardEngineValve.invoke(StandardEngineValve.java:74)
	at org.apache.catalina.connector.CoyoteAdapter.service(CoyoteAdapter.java:343)
	at org.apache.coyote.http11.Http11Processor.service(Http11Processor.java:408)
	at org.apache.coyote.AbstractProcessorLight.process(AbstractProcessorLight.java:66)
	at org.apache.coyote.AbstractProtocol$ConnectionHandler.process(AbstractProtocol.java:834)
	at org.apache.tomcat.util.net.NioEndpoint$SocketProcessor.doRun(NioEndpoint.java:1415)
	at org.apache.tomcat.util.net.SocketProcessorBase.run(SocketProcessorBase.java:49)
	at java.util.concurrent.ThreadPoolExecutor.runWorker(ThreadPoolExecutor.java:1149)
	at java.util.concurrent.ThreadPoolExecutor$Worker.run(ThreadPoolExecutor.java:624)
	at org.apache.tomcat.util.threads.TaskThread$WrappingRunnable.run(TaskThread.java:61)
	at java.lang.Thread.run(Thread.java:748)

02-Apr-2019 23:21:56.300 SEVERE [http-nio-8080-exec-2] org.apache.catalina.core.StandardWrapperValve.invoke Allocate exception for servlet [word]
 java.lang.NullPointerException
	at servlets.WordForm.nextWord(WordForm.java:82)
	at servlets.WordForm.init(WordForm.java:62)
	at javax.servlet.GenericServlet.init(GenericServlet.java:244)
	at org.apache.catalina.core.StandardWrapper.initServlet(StandardWrapper.java:1123)
	at org.apache.catalina.core.StandardWrapper.loadServlet(StandardWrapper.java:1078)
	at org.apache.catalina.core.StandardWrapper.allocate(StandardWrapper.java:761)
	at org.apache.catalina.core.StandardWrapperValve.invoke(StandardWrapperValve.java:134)
	at org.apache.catalina.core.StandardContextValve.invoke(StandardContextValve.java:96)
	at org.apache.catalina.authenticator.AuthenticatorBase.invoke(AuthenticatorBase.java:490)
	at org.apache.catalina.core.StandardHostValve.invoke(StandardHostValve.java:139)
	at org.apache.catalina.valves.ErrorReportValve.invoke(ErrorReportValve.java:92)
	at org.apache.catalina.valves.AbstractAccessLogValve.invoke(AbstractAccessLogValve.java:668)
	at org.apache.catalina.core.StandardEngineValve.invoke(StandardEngineValve.java:74)
	at org.apache.catalina.connector.CoyoteAdapter.service(CoyoteAdapter.java:343)
	at org.apache.coyote.http11.Http11Processor.service(Http11Processor.java:408)
	at org.apache.coyote.AbstractProcessorLight.process(AbstractProcessorLight.java:66)
	at org.apache.coyote.AbstractProtocol$ConnectionHandler.process(AbstractProtocol.java:834)
	at org.apache.tomcat.util.net.NioEndpoint$SocketProcessor.doRun(NioEndpoint.java:1415)
	at org.apache.tomcat.util.net.SocketProcessorBase.run(SocketProcessorBase.java:49)
	at java.util.concurrent.ThreadPoolExecutor.runWorker(ThreadPoolExecutor.java:1149)
	at java.util.concurrent.ThreadPoolExecutor$Worker.run(ThreadPoolExecutor.java:624)
	at org.apache.tomcat.util.threads.TaskThread$WrappingRunnable.run(TaskThread.java:61)
	at java.lang.Thread.run(Thread.java:748)

02-Apr-2019 23:24:08.021 INFO [Thread-5] org.apache.catalina.core.ApplicationContext.log ContextListener: attributeRemoved('com.sun.faces.ApplicationAssociate', 'com.sun.faces.application.ApplicationAssociate@5c29c01b')
02-Apr-2019 23:24:08.021 INFO [Thread-5] org.apache.catalina.core.ApplicationContext.log ContextListener: attributeRemoved('com.sun.faces.CONFIG_MANAGER_KEY', 'com.sun.faces.config.ConfigManager@6d5fc2ca')
02-Apr-2019 23:24:08.021 INFO [Thread-5] org.apache.catalina.core.ApplicationContext.log ContextListener: attributeRemoved('com.sun.faces.config.WebConfiguration', 'com.sun.faces.config.WebConfiguration@6c00f72a')
02-Apr-2019 23:24:08.021 INFO [Thread-5] org.apache.catalina.core.ApplicationContext.log SessionListener: contextDestroyed()
02-Apr-2019 23:24:08.021 INFO [Thread-5] org.apache.catalina.core.ApplicationContext.log ContextListener: contextDestroyed()
02-Apr-2019 23:25:51.847 INFO [main] org.apache.catalina.core.ApplicationContext.log ContextListener: contextInitialized()
02-Apr-2019 23:25:51.847 INFO [main] org.apache.catalina.core.ApplicationContext.log SessionListener: contextInitialized()
02-Apr-2019 23:25:51.847 INFO [main] org.apache.catalina.core.ApplicationContext.log ContextListener: attributeAdded('StockTicker', 'async.Stockticker@38f20b58')
02-Apr-2019 23:25:51.847 INFO [main] org.apache.catalina.core.ApplicationContext.log ContextListener: attributeAdded('com.sun.faces.CONFIG_MANAGER_KEY', 'com.sun.faces.config.ConfigManager@6d5fc2ca')
02-Apr-2019 23:25:51.847 INFO [main] org.apache.catalina.core.ApplicationContext.log ContextListener: attributeReplaced('com.sun.faces.InitFacesContext', 'com.sun.faces.config.InitFacesContext@26a8eaaa')
02-Apr-2019 23:25:51.862 INFO [main] org.apache.catalina.core.ApplicationContext.log ContextListener: attributeAdded('com.sun.faces.patternCache', '{}')
02-Apr-2019 23:25:51.862 INFO [main] org.apache.catalina.core.ApplicationContext.log ContextListener: attributeAdded('com.sun.faces.config.WebConfiguration', 'com.sun.faces.config.WebConfiguration@6c00f72a')
02-Apr-2019 23:25:51.862 INFO [main] org.apache.catalina.core.ApplicationContext.log ContextListener: attributeRemoved('com.sun.faces.facesInitializerMappingsAdded', 'true')
02-Apr-2019 23:25:51.878 INFO [main] org.apache.catalina.core.ApplicationContext.log ContextListener: attributeAdded('com.sun.faces.enableDistributable', 'true')
02-Apr-2019 23:25:51.878 INFO [main] org.apache.catalina.core.ApplicationContext.log ContextListener: attributeAdded('com.sun.faces.config.processor.FactoryConfigProcessor.METADATA', 'com.sun.faces.application.ApplicationInstanceFactoryMetadataMap@345236c6')
02-Apr-2019 23:25:51.878 INFO [main] org.apache.catalina.core.ApplicationContext.log ContextListener: attributeAdded('com.sun.faces.config.processor.LifecycleConfigProcessor.METADATA', 'com.sun.faces.application.ApplicationInstanceFactoryMetadataMap@77eab063')
02-Apr-2019 23:25:51.878 INFO [main] org.apache.catalina.core.ApplicationContext.log ContextListener: attributeAdded('com.sun.faces.config.processor.ApplicationConfigProcessor.METADATA', 'com.sun.faces.application.ApplicationInstanceFactoryMetadataMap@347042e7')
02-Apr-2019 23:25:51.878 INFO [main] org.apache.catalina.core.ApplicationContext.log ContextListener: attributeAdded('com.sun.faces.config.processor.ComponentConfigProcessor.METADATA', 'com.sun.faces.application.ApplicationInstanceFactoryMetadataMap@11c929a2')
02-Apr-2019 23:25:51.878 INFO [main] org.apache.catalina.core.ApplicationContext.log ContextListener: attributeAdded('com.sun.faces.config.processor.ConverterConfigProcessor.METADATA', 'com.sun.faces.application.ApplicationInstanceFactoryMetadataMap@3408c95b')
02-Apr-2019 23:25:51.878 INFO [main] org.apache.catalina.core.ApplicationContext.log ContextListener: attributeAdded('com.sun.faces.config.processor.ValidatorConfigProcessor.METADATA', 'com.sun.faces.application.ApplicationInstanceFactoryMetadataMap@16c30e11')
02-Apr-2019 23:25:51.878 INFO [main] org.apache.catalina.core.ApplicationContext.log ContextListener: attributeAdded('com.sun.faces.config.processor.ManagedBeanConfigProcessor.METADATA', 'com.sun.faces.application.ApplicationInstanceFactoryMetadataMap@20120154')
02-Apr-2019 23:25:51.878 INFO [main] org.apache.catalina.core.ApplicationContext.log ContextListener: attributeAdded('com.sun.faces.config.processor.RenderKitConfigProcessor.METADATA', 'com.sun.faces.application.ApplicationInstanceFactoryMetadataMap@78ceb8cd')
02-Apr-2019 23:25:51.878 INFO [main] org.apache.catalina.core.ApplicationContext.log ContextListener: attributeAdded('com.sun.faces.config.processor.NavigationConfigProcessor.METADATA', 'com.sun.faces.application.ApplicationInstanceFactoryMetadataMap@afee49e')
02-Apr-2019 23:25:51.878 INFO [main] org.apache.catalina.core.ApplicationContext.log ContextListener: attributeAdded('com.sun.faces.config.processor.BehaviorConfigProcessor.METADATA', 'com.sun.faces.application.ApplicationInstanceFactoryMetadataMap@4c3d056')
02-Apr-2019 23:25:51.878 INFO [main] org.apache.catalina.core.ApplicationContext.log ContextListener: attributeAdded('com.sun.faces.config.processor.FacesConfigExtensionProcessor.METADATA', 'com.sun.faces.application.ApplicationInstanceFactoryMetadataMap@346b793b')
02-Apr-2019 23:25:51.878 INFO [main] org.apache.catalina.core.ApplicationContext.log ContextListener: attributeAdded('com.sun.faces.config.processor.ProtectedViewsConfigProcessor.METADATA', 'com.sun.faces.application.ApplicationInstanceFactoryMetadataMap@396ea7ab')
02-Apr-2019 23:25:51.894 INFO [main] org.apache.catalina.core.ApplicationContext.log ContextListener: attributeAdded('com.sun.faces.config.processor.FacesFlowDefinitionConfigProcessor.METADATA', 'com.sun.faces.application.ApplicationInstanceFactoryMetadataMap@44496e0c')
02-Apr-2019 23:25:51.894 INFO [main] org.apache.catalina.core.ApplicationContext.log ContextListener: attributeAdded('com.sun.faces.config.processor.ResourceLibraryContractsConfigProcessor.METADATA', 'com.sun.faces.application.ApplicationInstanceFactoryMetadataMap@5e9257b3')
02-Apr-2019 23:25:52.181 INFO [main] org.apache.catalina.core.ApplicationContext.log ContextListener: attributeAdded('com.sun.faces.webresources', '[]')
02-Apr-2019 23:25:53.209 INFO [main] org.apache.catalina.core.ApplicationContext.log ContextListener: attributeAdded('com.sun.faces.config.ConfigManager_ANNOTATION_SCAN_TASK', 'java.util.concurrent.FutureTask@4b330722')
02-Apr-2019 23:25:53.329 INFO [main] org.apache.catalina.core.ApplicationContext.log ContextListener: attributeAdded('javax.faces.FactoryFinder.FactoryManagerCacheKey', '1554236753328')
02-Apr-2019 23:25:53.330 INFO [main] org.apache.catalina.core.ApplicationContext.log ContextListener: attributeAdded('javax.faces.FactoryFinder.FactoryManagerCacheKey.InitTimeCLKey', '9451853')
02-Apr-2019 23:25:53.411 INFO [main] org.apache.catalina.core.ApplicationContext.log ContextListener: attributeAdded('com.sun.faces.ApplicationAssociate', 'com.sun.faces.application.ApplicationAssociate@5c29c01b')
02-Apr-2019 23:25:53.413 INFO [main] org.apache.catalina.core.ApplicationContext.log ContextListener: attributeAdded('com.sun.faces.application.InjectionApplicationFactory', 'com.sun.faces.application.ApplicationImpl@59cfabaf')
02-Apr-2019 23:25:53.523 INFO [main] org.apache.catalina.core.ApplicationContext.log ContextListener: attributeAdded('com.sun.faces.config.processor.AbstractConfigProcessor.PROJECTSTAGE', 'Production')
02-Apr-2019 23:25:53.566 INFO [main] org.apache.catalina.core.ApplicationContext.log ContextListener: attributeAdded('javax.faces.BEANS_VALIDATION_AVAILABLE', 'false')
02-Apr-2019 23:25:54.118 INFO [main] org.apache.catalina.core.ApplicationContext.log ContextListener: attributeAdded('com.sun.faces.compnent.COMPONENT_DESCRIPTORS_MAP', '{}')
02-Apr-2019 23:25:54.134 INFO [main] org.apache.catalina.core.ApplicationContext.log ContextListener: attributeRemoved('com.sun.faces.config.ConfigManager_ANNOTATION_SCAN_TASK', 'java.util.concurrent.FutureTask@4b330722')
02-Apr-2019 23:25:54.134 INFO [main] org.apache.catalina.core.ApplicationContext.log ContextListener: attributeAdded('org.apache.jasper.runtime.JspApplicationContextImpl', 'org.apache.jasper.runtime.JspApplicationContextImpl@276d3d00')
02-Apr-2019 23:25:54.134 INFO [main] org.apache.catalina.core.ApplicationContext.log ContextListener: attributeAdded('com.sun.faces.errorPagePresent', 'false')
02-Apr-2019 23:28:58.106 INFO [Thread-5] org.apache.catalina.core.ApplicationContext.log ContextListener: attributeRemoved('com.sun.faces.ApplicationAssociate', 'com.sun.faces.application.ApplicationAssociate@5c29c01b')
02-Apr-2019 23:28:58.106 INFO [Thread-5] org.apache.catalina.core.ApplicationContext.log ContextListener: attributeRemoved('com.sun.faces.CONFIG_MANAGER_KEY', 'com.sun.faces.config.ConfigManager@6d5fc2ca')
02-Apr-2019 23:28:58.106 INFO [Thread-5] org.apache.catalina.core.ApplicationContext.log ContextListener: attributeRemoved('com.sun.faces.config.WebConfiguration', 'com.sun.faces.config.WebConfiguration@6c00f72a')
02-Apr-2019 23:28:58.106 INFO [Thread-5] org.apache.catalina.core.ApplicationContext.log SessionListener: contextDestroyed()
02-Apr-2019 23:28:58.106 INFO [Thread-5] org.apache.catalina.core.ApplicationContext.log ContextListener: contextDestroyed()
02-Apr-2019 23:45:03.164 INFO [main] org.apache.catalina.core.ApplicationContext.log ContextListener: contextInitialized()
02-Apr-2019 23:45:03.164 INFO [main] org.apache.catalina.core.ApplicationContext.log SessionListener: contextInitialized()
02-Apr-2019 23:45:03.164 INFO [main] org.apache.catalina.core.ApplicationContext.log ContextListener: attributeAdded('StockTicker', 'async.Stockticker@38f20b58')
02-Apr-2019 23:45:03.164 INFO [main] org.apache.catalina.core.ApplicationContext.log ContextListener: attributeAdded('com.sun.faces.CONFIG_MANAGER_KEY', 'com.sun.faces.config.ConfigManager@6d5fc2ca')
02-Apr-2019 23:45:03.164 INFO [main] org.apache.catalina.core.ApplicationContext.log ContextListener: attributeReplaced('com.sun.faces.InitFacesContext', 'com.sun.faces.config.InitFacesContext@26a8eaaa')
02-Apr-2019 23:45:03.180 INFO [main] org.apache.catalina.core.ApplicationContext.log ContextListener: attributeAdded('com.sun.faces.patternCache', '{}')
02-Apr-2019 23:45:03.180 INFO [main] org.apache.catalina.core.ApplicationContext.log ContextListener: attributeAdded('com.sun.faces.config.WebConfiguration', 'com.sun.faces.config.WebConfiguration@6c00f72a')
02-Apr-2019 23:45:03.180 INFO [main] org.apache.catalina.core.ApplicationContext.log ContextListener: attributeRemoved('com.sun.faces.facesInitializerMappingsAdded', 'true')
02-Apr-2019 23:45:03.211 INFO [main] org.apache.catalina.core.ApplicationContext.log ContextListener: attributeAdded('com.sun.faces.enableDistributable', 'true')
02-Apr-2019 23:45:03.273 INFO [main] org.apache.catalina.core.ApplicationContext.log ContextListener: attributeAdded('com.sun.faces.config.processor.FactoryConfigProcessor.METADATA', 'com.sun.faces.application.ApplicationInstanceFactoryMetadataMap@345236c6')
02-Apr-2019 23:45:03.273 INFO [main] org.apache.catalina.core.ApplicationContext.log ContextListener: attributeAdded('com.sun.faces.config.processor.LifecycleConfigProcessor.METADATA', 'com.sun.faces.application.ApplicationInstanceFactoryMetadataMap@77eab063')
02-Apr-2019 23:45:03.273 INFO [main] org.apache.catalina.core.ApplicationContext.log ContextListener: attributeAdded('com.sun.faces.config.processor.ApplicationConfigProcessor.METADATA', 'com.sun.faces.application.ApplicationInstanceFactoryMetadataMap@347042e7')
02-Apr-2019 23:45:03.273 INFO [main] org.apache.catalina.core.ApplicationContext.log ContextListener: attributeAdded('com.sun.faces.config.processor.ComponentConfigProcessor.METADATA', 'com.sun.faces.application.ApplicationInstanceFactoryMetadataMap@11c929a2')
02-Apr-2019 23:45:03.273 INFO [main] org.apache.catalina.core.ApplicationContext.log ContextListener: attributeAdded('com.sun.faces.config.processor.ConverterConfigProcessor.METADATA', 'com.sun.faces.application.ApplicationInstanceFactoryMetadataMap@3408c95b')
02-Apr-2019 23:45:03.273 INFO [main] org.apache.catalina.core.ApplicationContext.log ContextListener: attributeAdded('com.sun.faces.config.processor.ValidatorConfigProcessor.METADATA', 'com.sun.faces.application.ApplicationInstanceFactoryMetadataMap@16c30e11')
02-Apr-2019 23:45:03.273 INFO [main] org.apache.catalina.core.ApplicationContext.log ContextListener: attributeAdded('com.sun.faces.config.processor.ManagedBeanConfigProcessor.METADATA', 'com.sun.faces.application.ApplicationInstanceFactoryMetadataMap@20120154')
02-Apr-2019 23:45:03.273 INFO [main] org.apache.catalina.core.ApplicationContext.log ContextListener: attributeAdded('com.sun.faces.config.processor.RenderKitConfigProcessor.METADATA', 'com.sun.faces.application.ApplicationInstanceFactoryMetadataMap@78ceb8cd')
02-Apr-2019 23:45:03.273 INFO [main] org.apache.catalina.core.ApplicationContext.log ContextListener: attributeAdded('com.sun.faces.config.processor.NavigationConfigProcessor.METADATA', 'com.sun.faces.application.ApplicationInstanceFactoryMetadataMap@afee49e')
02-Apr-2019 23:45:03.273 INFO [main] org.apache.catalina.core.ApplicationContext.log ContextListener: attributeAdded('com.sun.faces.config.processor.BehaviorConfigProcessor.METADATA', 'com.sun.faces.application.ApplicationInstanceFactoryMetadataMap@4c3d056')
02-Apr-2019 23:45:03.289 INFO [main] org.apache.catalina.core.ApplicationContext.log ContextListener: attributeAdded('com.sun.faces.config.processor.FacesConfigExtensionProcessor.METADATA', 'com.sun.faces.application.ApplicationInstanceFactoryMetadataMap@346b793b')
02-Apr-2019 23:45:03.289 INFO [main] org.apache.catalina.core.ApplicationContext.log ContextListener: attributeAdded('com.sun.faces.config.processor.ProtectedViewsConfigProcessor.METADATA', 'com.sun.faces.application.ApplicationInstanceFactoryMetadataMap@396ea7ab')
02-Apr-2019 23:45:03.289 INFO [main] org.apache.catalina.core.ApplicationContext.log ContextListener: attributeAdded('com.sun.faces.config.processor.FacesFlowDefinitionConfigProcessor.METADATA', 'com.sun.faces.application.ApplicationInstanceFactoryMetadataMap@44496e0c')
02-Apr-2019 23:45:03.289 INFO [main] org.apache.catalina.core.ApplicationContext.log ContextListener: attributeAdded('com.sun.faces.config.processor.ResourceLibraryContractsConfigProcessor.METADATA', 'com.sun.faces.application.ApplicationInstanceFactoryMetadataMap@5e9257b3')
02-Apr-2019 23:45:03.742 INFO [main] org.apache.catalina.core.ApplicationContext.log ContextListener: attributeAdded('com.sun.faces.webresources', '[]')
02-Apr-2019 23:45:04.430 INFO [main] org.apache.catalina.core.ApplicationContext.log ContextListener: attributeAdded('com.sun.faces.config.ConfigManager_ANNOTATION_SCAN_TASK', 'java.util.concurrent.FutureTask@4b330722')
02-Apr-2019 23:45:04.461 INFO [main] org.apache.catalina.core.ApplicationContext.log ContextListener: attributeAdded('javax.faces.FactoryFinder.FactoryManagerCacheKey', '1554237904461')
02-Apr-2019 23:45:04.461 INFO [main] org.apache.catalina.core.ApplicationContext.log ContextListener: attributeAdded('javax.faces.FactoryFinder.FactoryManagerCacheKey.InitTimeCLKey', '9451853')
02-Apr-2019 23:45:04.492 INFO [main] org.apache.catalina.core.ApplicationContext.log ContextListener: attributeAdded('com.sun.faces.ApplicationAssociate', 'com.sun.faces.application.ApplicationAssociate@5c29c01b')
02-Apr-2019 23:45:04.492 INFO [main] org.apache.catalina.core.ApplicationContext.log ContextListener: attributeAdded('com.sun.faces.application.InjectionApplicationFactory', 'com.sun.faces.application.ApplicationImpl@59cfabaf')
02-Apr-2019 23:45:04.617 INFO [main] org.apache.catalina.core.ApplicationContext.log ContextListener: attributeAdded('com.sun.faces.config.processor.AbstractConfigProcessor.PROJECTSTAGE', 'Production')
02-Apr-2019 23:45:04.664 INFO [main] org.apache.catalina.core.ApplicationContext.log ContextListener: attributeAdded('javax.faces.BEANS_VALIDATION_AVAILABLE', 'false')
02-Apr-2019 23:45:05.367 INFO [main] org.apache.catalina.core.ApplicationContext.log ContextListener: attributeAdded('com.sun.faces.compnent.COMPONENT_DESCRIPTORS_MAP', '{}')
02-Apr-2019 23:45:05.367 INFO [main] org.apache.catalina.core.ApplicationContext.log ContextListener: attributeRemoved('com.sun.faces.config.ConfigManager_ANNOTATION_SCAN_TASK', 'java.util.concurrent.FutureTask@4b330722')
02-Apr-2019 23:45:05.367 INFO [main] org.apache.catalina.core.ApplicationContext.log ContextListener: attributeAdded('org.apache.jasper.runtime.JspApplicationContextImpl', 'org.apache.jasper.runtime.JspApplicationContextImpl@276d3d00')
02-Apr-2019 23:45:05.367 INFO [main] org.apache.catalina.core.ApplicationContext.log ContextListener: attributeAdded('com.sun.faces.errorPagePresent', 'false')
02-Apr-2019 23:51:56.475 INFO [Thread-5] org.apache.catalina.core.ApplicationContext.log ContextListener: attributeRemoved('com.sun.faces.ApplicationAssociate', 'com.sun.faces.application.ApplicationAssociate@5c29c01b')
02-Apr-2019 23:51:56.475 INFO [Thread-5] org.apache.catalina.core.ApplicationContext.log ContextListener: attributeRemoved('com.sun.faces.CONFIG_MANAGER_KEY', 'com.sun.faces.config.ConfigManager@6d5fc2ca')
02-Apr-2019 23:51:56.475 INFO [Thread-5] org.apache.catalina.core.ApplicationContext.log ContextListener: attributeRemoved('com.sun.faces.config.WebConfiguration', 'com.sun.faces.config.WebConfiguration@6c00f72a')
02-Apr-2019 23:51:56.475 INFO [Thread-5] org.apache.catalina.core.ApplicationContext.log SessionListener: contextDestroyed()
02-Apr-2019 23:51:56.475 INFO [Thread-5] org.apache.catalina.core.ApplicationContext.log ContextListener: contextDestroyed()
