07-Mar-2019 11:19:57.299 INFO [main] org.apache.catalina.core.ApplicationContext.log ContextListener: contextInitialized()
07-Mar-2019 11:19:57.299 INFO [main] org.apache.catalina.core.ApplicationContext.log SessionListener: contextInitialized()
07-Mar-2019 11:19:57.300 INFO [main] org.apache.catalina.core.ApplicationContext.log ContextListener: attributeAdded('StockTicker', 'async.Stockticker@7c6908d7')
07-Mar-2019 11:26:39.597 INFO [Thread-5] org.apache.catalina.core.ApplicationContext.log SessionListener: contextDestroyed()
07-Mar-2019 11:26:39.597 INFO [Thread-5] org.apache.catalina.core.ApplicationContext.log ContextListener: contextDestroyed()
07-Mar-2019 11:35:16.417 INFO [main] org.apache.catalina.core.ApplicationContext.log ContextListener: contextInitialized()
07-Mar-2019 11:35:16.417 INFO [main] org.apache.catalina.core.ApplicationContext.log SessionListener: contextInitialized()
07-Mar-2019 11:35:16.418 INFO [main] org.apache.catalina.core.ApplicationContext.log ContextListener: attributeAdded('StockTicker', 'async.Stockticker@7c6908d7')
07-Mar-2019 11:48:48.101 INFO [Thread-5] org.apache.catalina.core.ApplicationContext.log SessionListener: contextDestroyed()
07-Mar-2019 11:48:48.101 INFO [Thread-5] org.apache.catalina.core.ApplicationContext.log ContextListener: contextDestroyed()
07-Mar-2019 12:01:15.955 INFO [main] org.apache.catalina.core.ApplicationContext.log ContextListener: contextInitialized()
07-Mar-2019 12:01:15.955 INFO [main] org.apache.catalina.core.ApplicationContext.log SessionListener: contextInitialized()
07-Mar-2019 12:01:15.956 INFO [main] org.apache.catalina.core.ApplicationContext.log ContextListener: attributeAdded('StockTicker', 'async.Stockticker@7c6908d7')
07-Mar-2019 13:17:02.810 INFO [Thread-5] org.apache.catalina.core.ApplicationContext.log SessionListener: contextDestroyed()
07-Mar-2019 13:17:02.810 INFO [Thread-5] org.apache.catalina.core.ApplicationContext.log ContextListener: contextDestroyed()
07-Mar-2019 13:18:00.032 INFO [main] org.apache.catalina.core.ApplicationContext.log ContextListener: contextInitialized()
07-Mar-2019 13:18:00.032 INFO [main] org.apache.catalina.core.ApplicationContext.log SessionListener: contextInitialized()
07-Mar-2019 13:18:00.033 INFO [main] org.apache.catalina.core.ApplicationContext.log ContextListener: attributeAdded('StockTicker', 'async.Stockticker@7c6908d7')
07-Mar-2019 13:22:17.540 INFO [Thread-5] org.apache.catalina.core.ApplicationContext.log SessionListener: contextDestroyed()
07-Mar-2019 13:22:17.540 INFO [Thread-5] org.apache.catalina.core.ApplicationContext.log ContextListener: contextDestroyed()
07-Mar-2019 13:22:27.164 INFO [main] org.apache.catalina.core.ApplicationContext.log ContextListener: contextInitialized()
07-Mar-2019 13:22:27.164 INFO [main] org.apache.catalina.core.ApplicationContext.log SessionListener: contextInitialized()
07-Mar-2019 13:22:27.165 INFO [main] org.apache.catalina.core.ApplicationContext.log ContextListener: attributeAdded('StockTicker', 'async.Stockticker@7c6908d7')
07-Mar-2019 14:06:59.596 INFO [Thread-5] org.apache.catalina.core.ApplicationContext.log SessionListener: contextDestroyed()
07-Mar-2019 14:06:59.596 INFO [Thread-5] org.apache.catalina.core.ApplicationContext.log ContextListener: contextDestroyed()
07-Mar-2019 14:07:15.949 INFO [main] org.apache.catalina.core.ApplicationContext.log ContextListener: contextInitialized()
07-Mar-2019 14:07:15.949 INFO [main] org.apache.catalina.core.ApplicationContext.log SessionListener: contextInitialized()
07-Mar-2019 14:07:15.949 INFO [main] org.apache.catalina.core.ApplicationContext.log ContextListener: attributeAdded('StockTicker', 'async.Stockticker@7c6908d7')
07-Mar-2019 14:32:10.597 INFO [Thread-5] org.apache.catalina.core.ApplicationContext.log SessionListener: contextDestroyed()
07-Mar-2019 14:32:10.597 INFO [Thread-5] org.apache.catalina.core.ApplicationContext.log ContextListener: contextDestroyed()
