04-Apr-2019 12:35:54.969 INFO [main] org.apache.catalina.core.ApplicationContext.log ContextListener: contextInitialized()
04-Apr-2019 12:35:54.969 INFO [main] org.apache.catalina.core.ApplicationContext.log SessionListener: contextInitialized()
04-Apr-2019 12:35:54.970 INFO [main] org.apache.catalina.core.ApplicationContext.log ContextListener: attributeAdded('StockTicker', 'async.Stockticker@727210eb')
04-Apr-2019 12:35:54.970 INFO [main] org.apache.catalina.core.ApplicationContext.log ContextListener: attributeAdded('com.sun.faces.CONFIG_MANAGER_KEY', 'com.sun.faces.config.ConfigManager@f5b079f')
04-Apr-2019 12:35:54.970 INFO [main] org.apache.catalina.core.ApplicationContext.log ContextListener: attributeReplaced('com.sun.faces.InitFacesContext', 'com.sun.faces.config.InitFacesContext@3672ba7d')
04-Apr-2019 12:35:54.971 INFO [main] org.apache.catalina.core.ApplicationContext.log ContextListener: attributeAdded('com.sun.faces.patternCache', '{}')
04-Apr-2019 12:35:54.971 INFO [main] org.apache.catalina.core.ApplicationContext.log ContextListener: attributeAdded('com.sun.faces.config.WebConfiguration', 'com.sun.faces.config.WebConfiguration@6eea6df8')
04-Apr-2019 12:35:54.971 INFO [main] org.apache.catalina.core.ApplicationContext.log ContextListener: attributeRemoved('com.sun.faces.facesInitializerMappingsAdded', 'true')
04-Apr-2019 12:35:54.975 INFO [main] org.apache.catalina.core.ApplicationContext.log ContextListener: attributeAdded('com.sun.faces.enableDistributable', 'true')
04-Apr-2019 12:35:54.976 INFO [main] org.apache.catalina.core.ApplicationContext.log ContextListener: attributeAdded('com.sun.faces.config.processor.FactoryConfigProcessor.METADATA', 'com.sun.faces.application.ApplicationInstanceFactoryMetadataMap@1c825108')
04-Apr-2019 12:35:54.976 INFO [main] org.apache.catalina.core.ApplicationContext.log ContextListener: attributeAdded('com.sun.faces.config.processor.LifecycleConfigProcessor.METADATA', 'com.sun.faces.application.ApplicationInstanceFactoryMetadataMap@2c956132')
04-Apr-2019 12:35:54.976 INFO [main] org.apache.catalina.core.ApplicationContext.log ContextListener: attributeAdded('com.sun.faces.config.processor.ApplicationConfigProcessor.METADATA', 'com.sun.faces.application.ApplicationInstanceFactoryMetadataMap@5ed0d352')
04-Apr-2019 12:35:54.976 INFO [main] org.apache.catalina.core.ApplicationContext.log ContextListener: attributeAdded('com.sun.faces.config.processor.ComponentConfigProcessor.METADATA', 'com.sun.faces.application.ApplicationInstanceFactoryMetadataMap@66dd3ed1')
04-Apr-2019 12:35:54.976 INFO [main] org.apache.catalina.core.ApplicationContext.log ContextListener: attributeAdded('com.sun.faces.config.processor.ConverterConfigProcessor.METADATA', 'com.sun.faces.application.ApplicationInstanceFactoryMetadataMap@68d93913')
04-Apr-2019 12:35:54.976 INFO [main] org.apache.catalina.core.ApplicationContext.log ContextListener: attributeAdded('com.sun.faces.config.processor.ValidatorConfigProcessor.METADATA', 'com.sun.faces.application.ApplicationInstanceFactoryMetadataMap@6f4249cb')
04-Apr-2019 12:35:54.976 INFO [main] org.apache.catalina.core.ApplicationContext.log ContextListener: attributeAdded('com.sun.faces.config.processor.ManagedBeanConfigProcessor.METADATA', 'com.sun.faces.application.ApplicationInstanceFactoryMetadataMap@37d05d32')
04-Apr-2019 12:35:54.976 INFO [main] org.apache.catalina.core.ApplicationContext.log ContextListener: attributeAdded('com.sun.faces.config.processor.RenderKitConfigProcessor.METADATA', 'com.sun.faces.application.ApplicationInstanceFactoryMetadataMap@38f4c6af')
04-Apr-2019 12:35:54.976 INFO [main] org.apache.catalina.core.ApplicationContext.log ContextListener: attributeAdded('com.sun.faces.config.processor.NavigationConfigProcessor.METADATA', 'com.sun.faces.application.ApplicationInstanceFactoryMetadataMap@19c47103')
04-Apr-2019 12:35:54.976 INFO [main] org.apache.catalina.core.ApplicationContext.log ContextListener: attributeAdded('com.sun.faces.config.processor.BehaviorConfigProcessor.METADATA', 'com.sun.faces.application.ApplicationInstanceFactoryMetadataMap@64356fe1')
04-Apr-2019 12:35:54.976 INFO [main] org.apache.catalina.core.ApplicationContext.log ContextListener: attributeAdded('com.sun.faces.config.processor.FacesConfigExtensionProcessor.METADATA', 'com.sun.faces.application.ApplicationInstanceFactoryMetadataMap@51b98798')
04-Apr-2019 12:35:54.976 INFO [main] org.apache.catalina.core.ApplicationContext.log ContextListener: attributeAdded('com.sun.faces.config.processor.ProtectedViewsConfigProcessor.METADATA', 'com.sun.faces.application.ApplicationInstanceFactoryMetadataMap@4fe6f2be')
04-Apr-2019 12:35:54.977 INFO [main] org.apache.catalina.core.ApplicationContext.log ContextListener: attributeAdded('com.sun.faces.config.processor.FacesFlowDefinitionConfigProcessor.METADATA', 'com.sun.faces.application.ApplicationInstanceFactoryMetadataMap@7590ce28')
04-Apr-2019 12:35:54.977 INFO [main] org.apache.catalina.core.ApplicationContext.log ContextListener: attributeAdded('com.sun.faces.config.processor.ResourceLibraryContractsConfigProcessor.METADATA', 'com.sun.faces.application.ApplicationInstanceFactoryMetadataMap@3a95fd1c')
04-Apr-2019 12:35:55.015 INFO [main] org.apache.catalina.core.ApplicationContext.log ContextListener: attributeAdded('com.sun.faces.webresources', '[]')
04-Apr-2019 12:35:55.088 INFO [main] org.apache.catalina.core.ApplicationContext.log ContextListener: attributeAdded('com.sun.faces.config.ConfigManager_ANNOTATION_SCAN_TASK', 'java.util.concurrent.FutureTask@17ab4ba5')
04-Apr-2019 12:35:55.096 INFO [main] org.apache.catalina.core.ApplicationContext.log ContextListener: attributeAdded('javax.faces.FactoryFinder.FactoryManagerCacheKey', '1554370555095')
04-Apr-2019 12:35:55.096 INFO [main] org.apache.catalina.core.ApplicationContext.log ContextListener: attributeAdded('javax.faces.FactoryFinder.FactoryManagerCacheKey.InitTimeCLKey', '667428844')
04-Apr-2019 12:35:55.097 INFO [main] org.apache.catalina.core.ApplicationContext.log ContextListener: attributeAdded('com.sun.faces.ApplicationAssociate', 'com.sun.faces.application.ApplicationAssociate@4cec414d')
04-Apr-2019 12:35:55.097 INFO [main] org.apache.catalina.core.ApplicationContext.log ContextListener: attributeAdded('com.sun.faces.application.InjectionApplicationFactory', 'com.sun.faces.application.ApplicationImpl@62a939cd')
04-Apr-2019 12:35:55.108 INFO [main] org.apache.catalina.core.ApplicationContext.log ContextListener: attributeAdded('com.sun.faces.config.processor.AbstractConfigProcessor.PROJECTSTAGE', 'Production')
04-Apr-2019 12:35:55.113 INFO [main] org.apache.catalina.core.ApplicationContext.log ContextListener: attributeAdded('javax.faces.BEANS_VALIDATION_AVAILABLE', 'false')
04-Apr-2019 12:35:55.166 INFO [main] org.apache.catalina.core.ApplicationContext.log ContextListener: attributeAdded('com.sun.faces.compnent.COMPONENT_DESCRIPTORS_MAP', '{}')
04-Apr-2019 12:35:55.167 INFO [main] org.apache.catalina.core.ApplicationContext.log ContextListener: attributeRemoved('com.sun.faces.config.ConfigManager_ANNOTATION_SCAN_TASK', 'java.util.concurrent.FutureTask@17ab4ba5')
04-Apr-2019 12:35:55.167 INFO [main] org.apache.catalina.core.ApplicationContext.log ContextListener: attributeAdded('org.apache.jasper.runtime.JspApplicationContextImpl', 'org.apache.jasper.runtime.JspApplicationContextImpl@58649b7e')
04-Apr-2019 12:35:55.167 INFO [main] org.apache.catalina.core.ApplicationContext.log ContextListener: attributeAdded('com.sun.faces.errorPagePresent', 'false')
04-Apr-2019 12:44:50.744 INFO [Thread-5] org.apache.catalina.core.ApplicationContext.log ContextListener: attributeRemoved('com.sun.faces.ApplicationAssociate', 'com.sun.faces.application.ApplicationAssociate@4cec414d')
04-Apr-2019 12:44:50.744 INFO [Thread-5] org.apache.catalina.core.ApplicationContext.log ContextListener: attributeRemoved('com.sun.faces.CONFIG_MANAGER_KEY', 'com.sun.faces.config.ConfigManager@f5b079f')
04-Apr-2019 12:44:50.744 INFO [Thread-5] org.apache.catalina.core.ApplicationContext.log ContextListener: attributeRemoved('com.sun.faces.config.WebConfiguration', 'com.sun.faces.config.WebConfiguration@6eea6df8')
04-Apr-2019 12:44:50.744 INFO [Thread-5] org.apache.catalina.core.ApplicationContext.log SessionListener: contextDestroyed()
04-Apr-2019 12:44:50.744 INFO [Thread-5] org.apache.catalina.core.ApplicationContext.log ContextListener: contextDestroyed()
